2025/09/03 17:21:26 : 

** GPU Info **
2025/09/03 17:21:26 : ====================================================================================================
2025/09/03 17:21:26 : My GPU is NVIDIA L40
2025/09/03 17:21:26 : ====================================================================================================
2025/09/03 17:21:46 : 

** Load Data **
2025/09/03 17:21:46 : ====================================================================================================
2025/09/03 17:21:46 : Response Type: Displacement
2025/09/03 17:21:46 : Train dataset: ['./Data/Nonlinear_Analysis/train/ChiChi_DBE', './Data/Nonlinear_Analysis/train/NGAWest2_DBE', './Data/Nonlinear_Analysis/train/ChiChi_MCE', './Data/Nonlinear_Analysis/train/NGAWest2_MCE']
2025/09/03 17:21:46 : Eval dataset: ['./Data/Nonlinear_Analysis/eval/ChiChi_DBE', './Data/Nonlinear_Analysis/eval/NGAWest2_DBE', './Data/Nonlinear_Analysis/eval/ChiChi_MCE', './Data/Nonlinear_Analysis/eval/NGAWest2_MCE']
2025/09/03 17:21:46 : # of effective train data: 20
2025/09/03 17:21:46 : # of effective eval data: 20
2025/09/03 17:21:46 : ====================================================================================================
2025/09/03 17:21:46 : 

** Get Normalization Dictionary **
2025/09/03 17:21:46 : ====================================================================================================
2025/09/03 17:21:46 : 
normalization dictionary: 
{'x': {'XYZ_gridline_num': tensor(8.), 'XYZ_grid_index': tensor(7.), 'period': tensor(1.3262), 'DOF': tensor(1.), 'mass': tensor(0.0255), 'XYZ_inertia': tensor(255288.), 'XYZ_mode_shape': tensor(1.8960)}, 'ground_motion': tensor(10479.9434), 'y': tensor(241.7000), 'edge_attr': {'S_y': tensor(3687090.), 'S_z': tensor(3687090.), 'area': tensor(30774.), 'element_length': tensor(8000.)}, 'response_type': 'Displacement'}
2025/09/03 17:21:46 : ====================================================================================================
2025/09/03 17:21:46 : 

** Model Info **
2025/09/03 17:21:46 : ====================================================================================================
2025/09/03 17:21:46 : GCN_LSTM(
  (GCN_Encoder): GCN_Encoder(
    (relu): ReLU()
    (dropout): Dropout(p=0.2, inplace=False)
    (conv1): GCNConv(15, 128)
    (conv2): GCNConv(128, 256)
    (conv3): GCNConv(256, 128)
  )
  (LSTM): LSTM(
    (lstm): LSTM(168, 128, num_layers=2, batch_first=True, dropout=0.2)
    (fc_out): Sequential(
      (0): Linear(in_features=128, out_features=128, bias=True)
      (1): ReLU()
      (2): Linear(in_features=128, out_features=32, bias=True)
    )
  )
)
2025/09/03 17:21:46 : ====================================================================================================
2025/09/03 17:21:46 : 

** Train **
2025/09/03 17:21:46 : ====================================================================================================
2025/09/03 17:21:46 :   Packed Mode = True
2025/09/03 17:21:46 :   Compression Rate of Ground Motion = 40
2025/09/03 17:21:46 :   Compression Rate of Response Sequence  = 4
2025/09/03 17:21:46 :   Compressed Seqence Length  = 500
2025/09/03 17:21:46 :   Num Epochs = 1000
2025/09/03 17:21:46 :   Num Train Examples = 20
2025/09/03 17:21:46 :   Num Eval Examples = 20
2025/09/03 17:21:46 :   Batch Size = 5
2025/09/03 17:21:46 :   Evaluation Interval = 5
2025/09/03 17:21:46 :   Plot Interval = 1000
2025/09/03 17:21:46 : ====================================================================================================
2025/09/03 17:21:47 : Epoch: 000, Train_Loss: 0.01138385
2025/09/03 17:21:47 : Epoch: 001, Train_Loss: 0.01027325
2025/09/03 17:21:47 : Epoch: 002, Train_Loss: 0.01011609
2025/09/03 17:21:47 : Epoch: 003, Train_Loss: 0.00997795
2025/09/03 17:21:47 : Epoch: 004, Train_Loss: 0.00997801
2025/09/03 17:21:47 : Epoch: 004, Eval_Loss: 0.00650894
2025/09/03 17:21:47 : Epoch: 004, Save the best checkpoint
2025/09/03 17:21:47 : Epoch: 005, Train_Loss: 0.01000277
2025/09/03 17:21:48 : Epoch: 006, Train_Loss: 0.00994978
2025/09/03 17:21:48 : Epoch: 007, Train_Loss: 0.00996641
2025/09/03 17:21:48 : Epoch: 008, Train_Loss: 0.00992050
2025/09/03 17:21:48 : Epoch: 009, Train_Loss: 0.00989781
2025/09/03 17:21:48 : Epoch: 009, Eval_Loss: 0.00645123
2025/09/03 17:21:48 : Epoch: 009, Save the best checkpoint
2025/09/03 17:21:48 : Epoch: 010, Train_Loss: 0.00988292
2025/09/03 17:21:48 : Epoch: 011, Train_Loss: 0.00985929
2025/09/03 17:21:48 : Epoch: 012, Train_Loss: 0.00984208
2025/09/03 17:21:48 : Epoch: 013, Train_Loss: 0.00999937
2025/09/03 17:21:48 : Epoch: 014, Train_Loss: 0.00983877
2025/09/03 17:21:49 : Epoch: 014, Eval_Loss: 0.00634442
2025/09/03 17:21:49 : Epoch: 014, Save the best checkpoint
2025/09/03 17:21:49 : Epoch: 015, Train_Loss: 0.00978390
2025/09/03 17:21:49 : Epoch: 016, Train_Loss: 0.00960962
2025/09/03 17:21:49 : Epoch: 017, Train_Loss: 0.00949957
2025/09/03 17:21:49 : Epoch: 018, Train_Loss: 0.00944053
2025/09/03 17:21:49 : Epoch: 019, Train_Loss: 0.00925184
2025/09/03 17:21:49 : Epoch: 019, Eval_Loss: 0.00601468
2025/09/03 17:21:49 : Epoch: 019, Save the best checkpoint
2025/09/03 17:21:49 : Epoch: 020, Train_Loss: 0.00930772
2025/09/03 17:21:49 : Epoch: 021, Train_Loss: 0.00927972
2025/09/03 17:21:49 : Epoch: 022, Train_Loss: 0.00903025
2025/09/03 17:21:50 : Epoch: 023, Train_Loss: 0.00903891
2025/09/03 17:21:50 : Epoch: 024, Train_Loss: 0.00902954
2025/09/03 17:21:50 : Epoch: 024, Eval_Loss: 0.00585552
2025/09/03 17:21:50 : Epoch: 024, Save the best checkpoint
2025/09/03 17:21:50 : Epoch: 025, Train_Loss: 0.00894659
2025/09/03 17:21:50 : Epoch: 026, Train_Loss: 0.00876273
2025/09/03 17:21:50 : Epoch: 027, Train_Loss: 0.00861851
2025/09/03 17:21:50 : Epoch: 028, Train_Loss: 0.00852330
2025/09/03 17:21:50 : Epoch: 029, Train_Loss: 0.00919494
2025/09/03 17:21:50 : Epoch: 029, Eval_Loss: 0.00589126
2025/09/03 17:21:50 : Epoch: 030, Train_Loss: 0.00889356
2025/09/03 17:21:51 : Epoch: 031, Train_Loss: 0.00866902
2025/09/03 17:21:51 : Epoch: 032, Train_Loss: 0.00854365
2025/09/03 17:21:51 : Epoch: 033, Train_Loss: 0.00837690
2025/09/03 17:21:51 : Epoch: 034, Train_Loss: 0.00803207
2025/09/03 17:21:51 : Epoch: 034, Eval_Loss: 0.00570247
2025/09/03 17:21:51 : Epoch: 034, Save the best checkpoint
2025/09/03 17:21:51 : Epoch: 035, Train_Loss: 0.00841684
2025/09/03 17:21:51 : Epoch: 036, Train_Loss: 0.00782732
2025/09/03 17:21:51 : Epoch: 037, Train_Loss: 0.00765898
2025/09/03 17:21:51 : Epoch: 038, Train_Loss: 0.00739853
2025/09/03 17:21:52 : Epoch: 039, Train_Loss: 0.00782058
2025/09/03 17:21:52 : Epoch: 039, Eval_Loss: 0.00553640
2025/09/03 17:21:52 : Epoch: 039, Save the best checkpoint
2025/09/03 17:21:52 : Epoch: 040, Train_Loss: 0.00830306
2025/09/03 17:21:52 : Epoch: 041, Train_Loss: 0.00761996
2025/09/03 17:21:52 : Epoch: 042, Train_Loss: 0.00758288
2025/09/03 17:21:52 : Epoch: 043, Train_Loss: 0.00732524
2025/09/03 17:21:52 : Epoch: 044, Train_Loss: 0.00688567
2025/09/03 17:21:52 : Epoch: 044, Eval_Loss: 0.00492028
2025/09/03 17:21:52 : Epoch: 044, Save the best checkpoint
2025/09/03 17:21:52 : Epoch: 045, Train_Loss: 0.00687404
2025/09/03 17:21:52 : Epoch: 046, Train_Loss: 0.00714924
2025/09/03 17:21:53 : Epoch: 047, Train_Loss: 0.00688378
2025/09/03 17:21:53 : Epoch: 048, Train_Loss: 0.00742457
2025/09/03 17:21:53 : Epoch: 049, Train_Loss: 0.00716078
2025/09/03 17:21:53 : Epoch: 049, Eval_Loss: 0.00588970
2025/09/03 17:21:53 : Epoch: 050, Train_Loss: 0.00742289
2025/09/03 17:21:53 : Epoch: 051, Train_Loss: 0.00722399
2025/09/03 17:21:53 : Epoch: 052, Train_Loss: 0.00722564
2025/09/03 17:21:53 : Epoch: 053, Train_Loss: 0.00647921
2025/09/03 17:21:53 : Epoch: 054, Train_Loss: 0.00614520
2025/09/03 17:21:53 : Epoch: 054, Eval_Loss: 0.00544490
2025/09/03 17:21:54 : Epoch: 055, Train_Loss: 0.01596813
2025/09/03 17:21:54 : Epoch: 056, Train_Loss: 0.00595399
2025/09/03 17:21:54 : Epoch: 057, Train_Loss: 0.00777075
2025/09/03 17:21:54 : Epoch: 058, Train_Loss: 0.00712772
2025/09/03 17:21:54 : Epoch: 059, Train_Loss: 0.00695874
2025/09/03 17:21:54 : Epoch: 059, Eval_Loss: 0.00523491
2025/09/03 17:21:54 : Epoch: 060, Train_Loss: 0.00619665
2025/09/03 17:21:54 : Epoch: 061, Train_Loss: 0.00671659
2025/09/03 17:21:54 : Epoch: 062, Train_Loss: 0.00656005
2025/09/03 17:21:55 : Epoch: 063, Train_Loss: 0.00639783
2025/09/03 17:21:55 : Epoch: 064, Train_Loss: 0.00638942
2025/09/03 17:21:55 : Epoch: 064, Eval_Loss: 0.00572177
2025/09/03 17:21:55 : Epoch: 065, Train_Loss: 0.00635925
2025/09/03 17:21:55 : Epoch: 066, Train_Loss: 0.00600761
2025/09/03 17:21:55 : Epoch: 067, Train_Loss: 0.00623610
2025/09/03 17:21:55 : Epoch: 068, Train_Loss: 0.00632005
2025/09/03 17:21:55 : Epoch: 069, Train_Loss: 0.00713381
2025/09/03 17:21:55 : Epoch: 069, Eval_Loss: 0.00566275
2025/09/03 17:21:55 : Epoch: 070, Train_Loss: 0.00657067
2025/09/03 17:21:56 : Epoch: 071, Train_Loss: 0.00594450
2025/09/03 17:21:56 : Epoch: 072, Train_Loss: 0.00671409
2025/09/03 17:21:56 : Epoch: 073, Train_Loss: 0.00647747
2025/09/03 17:21:56 : Epoch: 074, Train_Loss: 0.00603998
2025/09/03 17:21:56 : Epoch: 074, Eval_Loss: 0.00568172
2025/09/03 17:21:56 : Epoch: 075, Train_Loss: 0.00532317
2025/09/03 17:21:56 : Epoch: 076, Train_Loss: 0.00545305
2025/09/03 17:21:56 : Epoch: 077, Train_Loss: 0.00548807
2025/09/03 17:21:56 : Epoch: 078, Train_Loss: 0.00528574
2025/09/03 17:21:57 : Epoch: 079, Train_Loss: 0.00548876
2025/09/03 17:21:57 : Epoch: 079, Eval_Loss: 0.00692650
2025/09/03 17:21:57 : Epoch: 080, Train_Loss: 0.00538883
2025/09/03 17:21:57 : Epoch: 081, Train_Loss: 0.00513833
2025/09/03 17:21:57 : Epoch: 082, Train_Loss: 0.00507388
2025/09/03 17:21:57 : Epoch: 083, Train_Loss: 0.00495831
2025/09/03 17:21:57 : Epoch: 084, Train_Loss: 0.00497783
2025/09/03 17:21:57 : Epoch: 084, Eval_Loss: 0.00650723
2025/09/03 17:21:57 : Epoch: 085, Train_Loss: 0.00525939
2025/09/03 17:21:57 : Epoch: 086, Train_Loss: 0.00607480
2025/09/03 17:21:58 : Epoch: 087, Train_Loss: 0.00559232
2025/09/03 17:21:58 : Epoch: 088, Train_Loss: 0.00514501
2025/09/03 17:21:58 : Epoch: 089, Train_Loss: 0.00478849
2025/09/03 17:21:58 : Epoch: 089, Eval_Loss: 0.00541531
2025/09/03 17:21:58 : Epoch: 090, Train_Loss: 0.00553552
2025/09/03 17:21:58 : Epoch: 091, Train_Loss: 0.00611822
2025/09/03 17:21:58 : Epoch: 092, Train_Loss: 0.00599627
2025/09/03 17:21:58 : Epoch: 093, Train_Loss: 0.00508710
2025/09/03 17:21:58 : Epoch: 094, Train_Loss: 0.00494255
2025/09/03 17:21:58 : Epoch: 094, Eval_Loss: 0.00580504
2025/09/03 17:21:59 : Epoch: 095, Train_Loss: 0.00649285
2025/09/03 17:21:59 : Epoch: 096, Train_Loss: 0.00610458
2025/09/03 17:21:59 : Epoch: 097, Train_Loss: 0.00567079
2025/09/03 17:21:59 : Epoch: 098, Train_Loss: 0.00513645
2025/09/03 17:21:59 : Epoch: 099, Train_Loss: 0.00552799
2025/09/03 17:21:59 : Epoch: 099, Eval_Loss: 0.00451128
2025/09/03 17:21:59 : Epoch: 099, Save the best checkpoint
2025/09/03 17:21:59 : Epoch: 100, Train_Loss: 0.00519005
2025/09/03 17:21:59 : Epoch: 101, Train_Loss: 0.00510519
2025/09/03 17:21:59 : Epoch: 102, Train_Loss: 0.00529603
2025/09/03 17:21:59 : Epoch: 103, Train_Loss: 0.00616928
2025/09/03 17:22:00 : Epoch: 104, Train_Loss: 0.00690382
2025/09/03 17:22:00 : Epoch: 104, Eval_Loss: 0.00558788
2025/09/03 17:22:00 : Epoch: 105, Train_Loss: 0.00558389
2025/09/03 17:22:00 : Epoch: 106, Train_Loss: 0.00518251
2025/09/03 17:22:00 : Epoch: 107, Train_Loss: 0.00502314
2025/09/03 17:22:00 : Epoch: 108, Train_Loss: 0.00469327
2025/09/03 17:22:00 : Epoch: 109, Train_Loss: 0.00446672
2025/09/03 17:22:00 : Epoch: 109, Eval_Loss: 0.00706095
2025/09/03 17:22:00 : Epoch: 110, Train_Loss: 0.00505962
2025/09/03 17:22:00 : Epoch: 111, Train_Loss: 0.00450468
2025/09/03 17:22:01 : Epoch: 112, Train_Loss: 0.00462382
2025/09/03 17:22:01 : Epoch: 113, Train_Loss: 0.00501618
2025/09/03 17:22:01 : Epoch: 114, Train_Loss: 0.00436275
2025/09/03 17:22:01 : Epoch: 114, Eval_Loss: 0.00559808
2025/09/03 17:22:01 : Epoch: 115, Train_Loss: 0.00427825
2025/09/03 17:22:01 : Epoch: 116, Train_Loss: 0.00922839
2025/09/03 17:22:01 : Epoch: 117, Train_Loss: 0.00946302
2025/09/03 17:22:01 : Epoch: 118, Train_Loss: 0.00877436
2025/09/03 17:22:01 : Epoch: 119, Train_Loss: 0.00890787
2025/09/03 17:22:01 : Epoch: 119, Eval_Loss: 0.00633234
2025/09/03 17:22:02 : Epoch: 120, Train_Loss: 0.00917017
2025/09/03 17:22:02 : Epoch: 121, Train_Loss: 0.00835886
2025/09/03 17:22:02 : Epoch: 122, Train_Loss: 0.00769131
2025/09/03 17:22:02 : Epoch: 123, Train_Loss: 0.00772646
2025/09/03 17:22:02 : Epoch: 124, Train_Loss: 0.00734548
2025/09/03 17:22:02 : Epoch: 124, Eval_Loss: 0.00523748
2025/09/03 17:22:02 : Epoch: 125, Train_Loss: 0.00676115
2025/09/03 17:22:02 : Epoch: 126, Train_Loss: 0.00639275
2025/09/03 17:22:02 : Epoch: 127, Train_Loss: 0.00609019
2025/09/03 17:22:03 : Epoch: 128, Train_Loss: 0.00576481
2025/09/03 17:22:03 : Epoch: 129, Train_Loss: 0.00563503
2025/09/03 17:22:03 : Epoch: 129, Eval_Loss: 0.00653345
2025/09/03 17:22:03 : Epoch: 130, Train_Loss: 0.00580962
2025/09/03 17:22:03 : Epoch: 131, Train_Loss: 0.00576319
2025/09/03 17:22:03 : Epoch: 132, Train_Loss: 0.00528191
2025/09/03 17:22:03 : Epoch: 133, Train_Loss: 0.00552332
2025/09/03 17:22:03 : Epoch: 134, Train_Loss: 0.00603463
2025/09/03 17:22:03 : Epoch: 134, Eval_Loss: 0.00556316
2025/09/03 17:22:03 : Epoch: 135, Train_Loss: 0.00623304
2025/09/03 17:22:04 : Epoch: 136, Train_Loss: 0.00599724
2025/09/03 17:22:04 : Epoch: 137, Train_Loss: 0.00585569
2025/09/03 17:22:04 : Epoch: 138, Train_Loss: 0.00546899
2025/09/03 17:22:04 : Epoch: 139, Train_Loss: 0.00530360
2025/09/03 17:22:04 : Epoch: 139, Eval_Loss: 0.00549642
2025/09/03 17:22:04 : Epoch: 140, Train_Loss: 0.00492558
2025/09/03 17:22:04 : Epoch: 141, Train_Loss: 0.00480168
2025/09/03 17:22:04 : Epoch: 142, Train_Loss: 0.00499270
2025/09/03 17:22:04 : Epoch: 143, Train_Loss: 0.00495677
2025/09/03 17:22:04 : Epoch: 144, Train_Loss: 0.00469188
2025/09/03 17:22:05 : Epoch: 144, Eval_Loss: 0.00629284
2025/09/03 17:22:05 : Epoch: 145, Train_Loss: 0.00487382
2025/09/03 17:22:05 : Epoch: 146, Train_Loss: 0.00506275
2025/09/03 17:22:05 : Epoch: 147, Train_Loss: 0.00652678
2025/09/03 17:22:05 : Epoch: 148, Train_Loss: 0.00593214
2025/09/03 17:22:05 : Epoch: 149, Train_Loss: 0.00541737
2025/09/03 17:22:05 : Epoch: 149, Eval_Loss: 0.00630178
2025/09/03 17:22:05 : Epoch: 150, Train_Loss: 0.00462803
2025/09/03 17:22:05 : Epoch: 151, Train_Loss: 0.00467281
2025/09/03 17:22:05 : Epoch: 152, Train_Loss: 0.00438130
2025/09/03 17:22:06 : Epoch: 153, Train_Loss: 0.00396678
2025/09/03 17:22:06 : Epoch: 154, Train_Loss: 0.00401236
2025/09/03 17:22:06 : Epoch: 154, Eval_Loss: 0.00551650
2025/09/03 17:22:06 : Epoch: 155, Train_Loss: 0.00377932
2025/09/03 17:22:06 : Epoch: 156, Train_Loss: 0.00387393
2025/09/03 17:22:06 : Epoch: 157, Train_Loss: 0.00443382
2025/09/03 17:22:06 : Epoch: 158, Train_Loss: 0.00422236
2025/09/03 17:22:06 : Epoch: 159, Train_Loss: 0.00465511
2025/09/03 17:22:06 : Epoch: 159, Eval_Loss: 0.00558180
2025/09/03 17:22:06 : Epoch: 160, Train_Loss: 0.00515814
2025/09/03 17:22:07 : Epoch: 161, Train_Loss: 0.00614340
2025/09/03 17:22:07 : Epoch: 162, Train_Loss: 0.00471207
2025/09/03 17:22:07 : Epoch: 163, Train_Loss: 0.00687517
2025/09/03 17:22:07 : Epoch: 164, Train_Loss: 0.00589242
2025/09/03 17:22:07 : Epoch: 164, Eval_Loss: 0.00838270
2025/09/03 17:22:07 : Epoch: 165, Train_Loss: 0.00530413
2025/09/03 17:22:07 : Epoch: 166, Train_Loss: 0.00552378
2025/09/03 17:22:07 : Epoch: 167, Train_Loss: 0.00516352
2025/09/03 17:22:07 : Epoch: 168, Train_Loss: 0.00457130
2025/09/03 17:22:08 : Epoch: 169, Train_Loss: 0.00431934
2025/09/03 17:22:08 : Epoch: 169, Eval_Loss: 0.00625272
2025/09/03 17:22:08 : Epoch: 170, Train_Loss: 0.00403167
2025/09/03 17:22:08 : Epoch: 171, Train_Loss: 0.00393391
2025/09/03 17:22:08 : Epoch: 172, Train_Loss: 0.00360089
2025/09/03 17:22:08 : Epoch: 173, Train_Loss: 0.00441998
2025/09/03 17:22:08 : Epoch: 174, Train_Loss: 0.00436431
2025/09/03 17:22:08 : Epoch: 174, Eval_Loss: 0.00607371
2025/09/03 17:22:08 : Epoch: 175, Train_Loss: 0.00375349
2025/09/03 17:22:08 : Epoch: 176, Train_Loss: 0.00383438
2025/09/03 17:22:09 : Epoch: 177, Train_Loss: 0.00350006
2025/09/03 17:22:09 : Epoch: 178, Train_Loss: 0.00297554
2025/09/03 17:22:09 : Epoch: 179, Train_Loss: 0.00272158
2025/09/03 17:22:09 : Epoch: 179, Eval_Loss: 0.00503492
2025/09/03 17:22:09 : Epoch: 180, Train_Loss: 0.00435124
2025/09/03 17:22:09 : Epoch: 181, Train_Loss: 0.00261099
2025/09/03 17:22:09 : Epoch: 182, Train_Loss: 0.00258063
2025/09/03 17:22:09 : Epoch: 183, Train_Loss: 0.00399632
2025/09/03 17:22:09 : Epoch: 184, Train_Loss: 0.00250523
2025/09/03 17:22:09 : Epoch: 184, Eval_Loss: 0.00775863
2025/09/03 17:22:10 : Epoch: 185, Train_Loss: 0.00483661
2025/09/03 17:22:10 : Epoch: 186, Train_Loss: 0.00424273
2025/09/03 17:22:10 : Epoch: 187, Train_Loss: 0.00350356
2025/09/03 17:22:10 : Epoch: 188, Train_Loss: 0.00314612
2025/09/03 17:22:10 : Epoch: 189, Train_Loss: 0.00406952
2025/09/03 17:22:10 : Epoch: 189, Eval_Loss: 0.00789393
2025/09/03 17:22:10 : Epoch: 190, Train_Loss: 0.00410424
2025/09/03 17:22:10 : Epoch: 191, Train_Loss: 0.00350063
2025/09/03 17:22:10 : Epoch: 192, Train_Loss: 0.00274921
2025/09/03 17:22:11 : Epoch: 193, Train_Loss: 0.00251781
2025/09/03 17:22:11 : Epoch: 194, Train_Loss: 0.00259228
2025/09/03 17:22:11 : Epoch: 194, Eval_Loss: 0.00837077
2025/09/03 17:22:11 : Epoch: 195, Train_Loss: 0.00261403
2025/09/03 17:22:11 : Epoch: 196, Train_Loss: 0.00266575
2025/09/03 17:22:11 : Epoch: 197, Train_Loss: 0.00244070
2025/09/03 17:22:11 : Epoch: 198, Train_Loss: 0.00220302
2025/09/03 17:22:11 : Epoch: 199, Train_Loss: 0.00228371
2025/09/03 17:22:11 : Epoch: 199, Eval_Loss: 0.00724770
2025/09/03 17:22:11 : Epoch: 200, Train_Loss: 0.00261717
2025/09/03 17:22:12 : Epoch: 201, Train_Loss: 0.00260789
2025/09/03 17:22:12 : Epoch: 202, Train_Loss: 0.00245431
2025/09/03 17:22:12 : Epoch: 203, Train_Loss: 0.00362351
2025/09/03 17:22:12 : Epoch: 204, Train_Loss: 0.00358143
2025/09/03 17:22:12 : Epoch: 204, Eval_Loss: 0.00834730
2025/09/03 17:22:12 : Epoch: 205, Train_Loss: 0.00330008
2025/09/03 17:22:12 : Epoch: 206, Train_Loss: 0.00250158
2025/09/03 17:22:12 : Epoch: 207, Train_Loss: 0.00240745
2025/09/03 17:22:12 : Epoch: 208, Train_Loss: 0.00262615
2025/09/03 17:22:12 : Epoch: 209, Train_Loss: 0.00234089
2025/09/03 17:22:13 : Epoch: 209, Eval_Loss: 0.00737044
2025/09/03 17:22:13 : Epoch: 210, Train_Loss: 0.00231739
2025/09/03 17:22:13 : Epoch: 211, Train_Loss: 0.00244454
2025/09/03 17:22:13 : Epoch: 212, Train_Loss: 0.00280268
2025/09/03 17:22:13 : Epoch: 213, Train_Loss: 0.00261915
2025/09/03 17:22:13 : Epoch: 214, Train_Loss: 0.00218140
2025/09/03 17:22:13 : Epoch: 214, Eval_Loss: 0.00842177
2025/09/03 17:22:13 : Epoch: 215, Train_Loss: 0.00209765
2025/09/03 17:22:13 : Epoch: 216, Train_Loss: 0.00190647
2025/09/03 17:22:13 : Epoch: 217, Train_Loss: 0.00191539
2025/09/03 17:22:14 : Epoch: 218, Train_Loss: 0.00196555
2025/09/03 17:22:14 : Epoch: 219, Train_Loss: 0.00201265
2025/09/03 17:22:14 : Epoch: 219, Eval_Loss: 0.00848493
2025/09/03 17:22:14 : Epoch: 220, Train_Loss: 0.00218553
2025/09/03 17:22:14 : Epoch: 221, Train_Loss: 0.00259513
2025/09/03 17:22:14 : Epoch: 222, Train_Loss: 0.00375536
2025/09/03 17:22:14 : Epoch: 223, Train_Loss: 0.00341744
2025/09/03 17:22:14 : Epoch: 224, Train_Loss: 0.00296706
2025/09/03 17:22:14 : Epoch: 224, Eval_Loss: 0.00815104
2025/09/03 17:22:14 : Epoch: 225, Train_Loss: 0.00256138
2025/09/03 17:22:15 : Epoch: 226, Train_Loss: 0.00305492
2025/09/03 17:22:15 : Epoch: 227, Train_Loss: 0.00342463
2025/09/03 17:22:15 : Epoch: 228, Train_Loss: 0.00292236
2025/09/03 17:22:15 : Epoch: 229, Train_Loss: 0.00268095
2025/09/03 17:22:15 : Epoch: 229, Eval_Loss: 0.00684066
2025/09/03 17:22:15 : Epoch: 230, Train_Loss: 0.00283553
2025/09/03 17:22:15 : Epoch: 231, Train_Loss: 0.00419701
2025/09/03 17:22:15 : Epoch: 232, Train_Loss: 0.00407924
2025/09/03 17:22:15 : Epoch: 233, Train_Loss: 0.00404064
2025/09/03 17:22:16 : Epoch: 234, Train_Loss: 0.00364891
2025/09/03 17:22:16 : Epoch: 234, Eval_Loss: 0.00670754
2025/09/03 17:22:16 : Epoch: 235, Train_Loss: 0.00361520
2025/09/03 17:22:16 : Epoch: 236, Train_Loss: 0.00223883
2025/09/03 17:22:16 : Epoch: 237, Train_Loss: 0.00215526
2025/09/03 17:22:16 : Epoch: 238, Train_Loss: 0.00196184
2025/09/03 17:22:16 : Epoch: 239, Train_Loss: 0.00213629
2025/09/03 17:22:16 : Epoch: 239, Eval_Loss: 0.00942331
2025/09/03 17:22:16 : Epoch: 240, Train_Loss: 0.00255057
2025/09/03 17:22:16 : Epoch: 241, Train_Loss: 0.00266573
2025/09/03 17:22:17 : Epoch: 242, Train_Loss: 0.00347993
2025/09/03 17:22:17 : Epoch: 243, Train_Loss: 0.00355833
2025/09/03 17:22:17 : Epoch: 244, Train_Loss: 0.00289870
2025/09/03 17:22:17 : Epoch: 244, Eval_Loss: 0.00947204
2025/09/03 17:22:17 : Epoch: 245, Train_Loss: 0.00267456
2025/09/03 17:22:17 : Epoch: 246, Train_Loss: 0.00279306
2025/09/03 17:22:17 : Epoch: 247, Train_Loss: 0.00269946
2025/09/03 17:22:17 : Epoch: 248, Train_Loss: 0.00229914
2025/09/03 17:22:17 : Epoch: 249, Train_Loss: 0.00221420
2025/09/03 17:22:17 : Epoch: 249, Eval_Loss: 0.01180948
2025/09/03 17:22:18 : Epoch: 250, Train_Loss: 0.00235956
2025/09/03 17:22:18 : Epoch: 251, Train_Loss: 0.00340185
2025/09/03 17:22:18 : Epoch: 252, Train_Loss: 0.00327879
2025/09/03 17:22:18 : Epoch: 253, Train_Loss: 0.00294141
2025/09/03 17:22:18 : Epoch: 254, Train_Loss: 0.00797488
2025/09/03 17:22:18 : Epoch: 254, Eval_Loss: 0.00685105
2025/09/03 17:22:18 : Epoch: 255, Train_Loss: 0.00832438
2025/09/03 17:22:18 : Epoch: 256, Train_Loss: 0.00859600
2025/09/03 17:22:18 : Epoch: 257, Train_Loss: 0.00855260
2025/09/03 17:22:18 : Epoch: 258, Train_Loss: 0.00801523
2025/09/03 17:22:19 : Epoch: 259, Train_Loss: 0.00739049
2025/09/03 17:22:19 : Epoch: 259, Eval_Loss: 0.00663647
2025/09/03 17:22:19 : Epoch: 260, Train_Loss: 0.00671846
2025/09/03 17:22:19 : Epoch: 261, Train_Loss: 0.00635128
2025/09/03 17:22:19 : Epoch: 262, Train_Loss: 0.00587776
2025/09/03 17:22:19 : Epoch: 263, Train_Loss: 0.00584084
2025/09/03 17:22:19 : Epoch: 264, Train_Loss: 0.00549040
2025/09/03 17:22:19 : Epoch: 264, Eval_Loss: 0.00699667
2025/09/03 17:22:19 : Epoch: 265, Train_Loss: 0.00588113
2025/09/03 17:22:19 : Epoch: 266, Train_Loss: 0.00543916
2025/09/03 17:22:20 : Epoch: 267, Train_Loss: 0.00494607
2025/09/03 17:22:20 : Epoch: 268, Train_Loss: 0.00465305
2025/09/03 17:22:20 : Epoch: 269, Train_Loss: 0.00446807
2025/09/03 17:22:20 : Epoch: 269, Eval_Loss: 0.00650465
2025/09/03 17:22:20 : Epoch: 270, Train_Loss: 0.00425591
2025/09/03 17:22:20 : Epoch: 271, Train_Loss: 0.00416362
2025/09/03 17:22:20 : Epoch: 272, Train_Loss: 0.00445537
2025/09/03 17:22:20 : Epoch: 273, Train_Loss: 0.00379498
2025/09/03 17:22:20 : Epoch: 274, Train_Loss: 0.00360617
2025/09/03 17:22:20 : Epoch: 274, Eval_Loss: 0.00645820
2025/09/03 17:22:21 : Epoch: 275, Train_Loss: 0.00342554
2025/09/03 17:22:21 : Epoch: 276, Train_Loss: 0.00329599
2025/09/03 17:22:21 : Epoch: 277, Train_Loss: 0.00366617
2025/09/03 17:22:21 : Epoch: 278, Train_Loss: 0.00395211
2025/09/03 17:22:21 : Epoch: 279, Train_Loss: 0.00312031
2025/09/03 17:22:21 : Epoch: 279, Eval_Loss: 0.01003663
2025/09/03 17:22:21 : Epoch: 280, Train_Loss: 0.00369443
2025/09/03 17:22:21 : Epoch: 281, Train_Loss: 0.00611502
2025/09/03 17:22:21 : Epoch: 282, Train_Loss: 0.00512120
2025/09/03 17:22:22 : Epoch: 283, Train_Loss: 0.00602038
2025/09/03 17:22:22 : Epoch: 284, Train_Loss: 0.00534956
2025/09/03 17:22:22 : Epoch: 284, Eval_Loss: 0.00568614
2025/09/03 17:22:22 : Epoch: 285, Train_Loss: 0.00502897
2025/09/03 17:22:22 : Epoch: 286, Train_Loss: 0.00556865
2025/09/03 17:22:22 : Epoch: 287, Train_Loss: 0.00491198
2025/09/03 17:22:22 : Epoch: 288, Train_Loss: 0.00456146
2025/09/03 17:22:22 : Epoch: 289, Train_Loss: 0.00399360
2025/09/03 17:22:22 : Epoch: 289, Eval_Loss: 0.00767986
2025/09/03 17:22:22 : Epoch: 290, Train_Loss: 0.00324053
2025/09/03 17:22:23 : Epoch: 291, Train_Loss: 0.00299303
2025/09/03 17:22:23 : Epoch: 292, Train_Loss: 0.00360323
2025/09/03 17:22:23 : Epoch: 293, Train_Loss: 0.00297734
2025/09/03 17:22:23 : Epoch: 294, Train_Loss: 0.00267439
2025/09/03 17:22:23 : Epoch: 294, Eval_Loss: 0.00485101
2025/09/03 17:22:23 : Epoch: 295, Train_Loss: 0.00256601
2025/09/03 17:22:23 : Epoch: 296, Train_Loss: 0.00230270
2025/09/03 17:22:23 : Epoch: 297, Train_Loss: 0.00322123
2025/09/03 17:22:23 : Epoch: 298, Train_Loss: 0.00284354
2025/09/03 17:22:24 : Epoch: 299, Train_Loss: 0.00279592
2025/09/03 17:22:24 : Epoch: 299, Eval_Loss: 0.00553738
2025/09/03 17:22:24 : Epoch: 300, Train_Loss: 0.00241874
2025/09/03 17:22:24 : Epoch: 301, Train_Loss: 0.00233062
2025/09/03 17:22:24 : Epoch: 302, Train_Loss: 0.00244414
2025/09/03 17:22:24 : Epoch: 303, Train_Loss: 0.00239734
2025/09/03 17:22:24 : Epoch: 304, Train_Loss: 0.00353871
2025/09/03 17:22:24 : Epoch: 304, Eval_Loss: 0.00774378
2025/09/03 17:22:24 : Epoch: 305, Train_Loss: 0.00227272
2025/09/03 17:22:24 : Epoch: 306, Train_Loss: 0.00204599
2025/09/03 17:22:25 : Epoch: 307, Train_Loss: 0.00224173
2025/09/03 17:22:25 : Epoch: 308, Train_Loss: 0.00192191
2025/09/03 17:22:25 : Epoch: 309, Train_Loss: 0.00173780
2025/09/03 17:22:25 : Epoch: 309, Eval_Loss: 0.00889323
2025/09/03 17:22:25 : Epoch: 310, Train_Loss: 0.00169717
2025/09/03 17:22:25 : Epoch: 311, Train_Loss: 0.00159861
2025/09/03 17:22:25 : Epoch: 312, Train_Loss: 0.00159292
2025/09/03 17:22:25 : Epoch: 313, Train_Loss: 0.00167582
2025/09/03 17:22:25 : Epoch: 314, Train_Loss: 0.00176366
2025/09/03 17:22:25 : Epoch: 314, Eval_Loss: 0.00910317
2025/09/03 17:22:26 : Epoch: 315, Train_Loss: 0.00161509
2025/09/03 17:22:26 : Epoch: 316, Train_Loss: 0.00156620
2025/09/03 17:22:26 : Epoch: 317, Train_Loss: 0.00147654
2025/09/03 17:22:26 : Epoch: 318, Train_Loss: 0.00147503
2025/09/03 17:22:26 : Epoch: 319, Train_Loss: 0.00200414
2025/09/03 17:22:26 : Epoch: 319, Eval_Loss: 0.00847755
2025/09/03 17:22:26 : Epoch: 320, Train_Loss: 0.00162104
2025/09/03 17:22:26 : Epoch: 321, Train_Loss: 0.00157829
2025/09/03 17:22:26 : Epoch: 322, Train_Loss: 0.00158997
2025/09/03 17:22:26 : Epoch: 323, Train_Loss: 0.00180283
2025/09/03 17:22:27 : Epoch: 324, Train_Loss: 0.00186793
2025/09/03 17:22:27 : Epoch: 324, Eval_Loss: 0.00947672
2025/09/03 17:22:27 : Epoch: 325, Train_Loss: 0.00193109
2025/09/03 17:22:27 : Epoch: 326, Train_Loss: 0.00171170
2025/09/03 17:22:27 : Epoch: 327, Train_Loss: 0.00212953
2025/09/03 17:22:27 : Epoch: 328, Train_Loss: 0.00268149
2025/09/03 17:22:27 : Epoch: 329, Train_Loss: 0.00421762
2025/09/03 17:22:27 : Epoch: 329, Eval_Loss: 0.00948322
2025/09/03 17:22:27 : Epoch: 330, Train_Loss: 0.00452872
2025/09/03 17:22:27 : Epoch: 331, Train_Loss: 0.00366006
2025/09/03 17:22:28 : Epoch: 332, Train_Loss: 0.00291870
2025/09/03 17:22:28 : Epoch: 333, Train_Loss: 0.00235226
2025/09/03 17:22:28 : Epoch: 334, Train_Loss: 0.00184990
2025/09/03 17:22:28 : Epoch: 334, Eval_Loss: 0.00938565
2025/09/03 17:22:28 : Epoch: 335, Train_Loss: 0.00276065
2025/09/03 17:22:28 : Epoch: 336, Train_Loss: 0.00211432
2025/09/03 17:22:28 : Epoch: 337, Train_Loss: 0.00240364
2025/09/03 17:22:28 : Epoch: 338, Train_Loss: 0.00200323
2025/09/03 17:22:28 : Epoch: 339, Train_Loss: 0.00184836
2025/09/03 17:22:28 : Epoch: 339, Eval_Loss: 0.00634306
2025/09/03 17:22:29 : Epoch: 340, Train_Loss: 0.00162092
2025/09/03 17:22:29 : Epoch: 341, Train_Loss: 0.00145717
2025/09/03 17:22:29 : Epoch: 342, Train_Loss: 0.00145977
2025/09/03 17:22:29 : Epoch: 343, Train_Loss: 0.00140947
2025/09/03 17:22:29 : Epoch: 344, Train_Loss: 0.00139006
2025/09/03 17:22:29 : Epoch: 344, Eval_Loss: 0.00561471
2025/09/03 17:22:29 : Epoch: 345, Train_Loss: 0.00138440
2025/09/03 17:22:29 : Epoch: 346, Train_Loss: 0.00133664
2025/09/03 17:22:29 : Epoch: 347, Train_Loss: 0.00137988
2025/09/03 17:22:30 : Epoch: 348, Train_Loss: 0.00139823
2025/09/03 17:22:30 : Epoch: 349, Train_Loss: 0.00155698
2025/09/03 17:22:30 : Epoch: 349, Eval_Loss: 0.00655542
2025/09/03 17:22:30 : Epoch: 350, Train_Loss: 0.00164213
2025/09/03 17:22:30 : Epoch: 351, Train_Loss: 0.00145217
2025/09/03 17:22:30 : Epoch: 352, Train_Loss: 0.00143085
2025/09/03 17:22:30 : Epoch: 353, Train_Loss: 0.00147291
2025/09/03 17:22:30 : Epoch: 354, Train_Loss: 0.00147848
2025/09/03 17:22:30 : Epoch: 354, Eval_Loss: 0.00529618
2025/09/03 17:22:30 : Epoch: 355, Train_Loss: 0.00137284
2025/09/03 17:22:31 : Epoch: 356, Train_Loss: 0.00142566
2025/09/03 17:22:31 : Epoch: 357, Train_Loss: 0.00141523
2025/09/03 17:22:31 : Epoch: 358, Train_Loss: 0.00151382
2025/09/03 17:22:31 : Epoch: 359, Train_Loss: 0.00144800
2025/09/03 17:22:31 : Epoch: 359, Eval_Loss: 0.00606458
2025/09/03 17:22:31 : Epoch: 360, Train_Loss: 0.00147435
2025/09/03 17:22:31 : Epoch: 361, Train_Loss: 0.00145773
2025/09/03 17:22:31 : Epoch: 362, Train_Loss: 0.00165057
2025/09/03 17:22:31 : Epoch: 363, Train_Loss: 0.00163407
2025/09/03 17:22:32 : Epoch: 364, Train_Loss: 0.00277194
2025/09/03 17:22:32 : Epoch: 364, Eval_Loss: 0.00651185
2025/09/03 17:22:32 : Epoch: 365, Train_Loss: 0.00164975
2025/09/03 17:22:32 : Epoch: 366, Train_Loss: 0.00223891
2025/09/03 17:22:32 : Epoch: 367, Train_Loss: 0.00212223
2025/09/03 17:22:32 : Epoch: 368, Train_Loss: 0.00189785
2025/09/03 17:22:32 : Epoch: 369, Train_Loss: 0.00173411
2025/09/03 17:22:32 : Epoch: 369, Eval_Loss: 0.00987728
2025/09/03 17:22:32 : Epoch: 370, Train_Loss: 0.00143949
2025/09/03 17:22:32 : Epoch: 371, Train_Loss: 0.00142308
2025/09/03 17:22:33 : Epoch: 372, Train_Loss: 0.00136989
2025/09/03 17:22:33 : Epoch: 373, Train_Loss: 0.00127289
2025/09/03 17:22:33 : Epoch: 374, Train_Loss: 0.00122551
2025/09/03 17:22:33 : Epoch: 374, Eval_Loss: 0.00966672
2025/09/03 17:22:33 : Epoch: 375, Train_Loss: 0.00120411
2025/09/03 17:22:33 : Epoch: 376, Train_Loss: 0.00115281
2025/09/03 17:22:33 : Epoch: 377, Train_Loss: 0.00119908
2025/09/03 17:22:33 : Epoch: 378, Train_Loss: 0.00128993
2025/09/03 17:22:33 : Epoch: 379, Train_Loss: 0.00135527
2025/09/03 17:22:33 : Epoch: 379, Eval_Loss: 0.00837979
2025/09/03 17:22:34 : Epoch: 380, Train_Loss: 0.00180198
2025/09/03 17:22:34 : Epoch: 381, Train_Loss: 0.00149511
2025/09/03 17:22:34 : Epoch: 382, Train_Loss: 0.00139360
2025/09/03 17:22:34 : Epoch: 383, Train_Loss: 0.00168274
2025/09/03 17:22:34 : Epoch: 384, Train_Loss: 0.00188622
2025/09/03 17:22:34 : Epoch: 384, Eval_Loss: 0.00992582
2025/09/03 17:22:34 : Epoch: 385, Train_Loss: 0.00130396
2025/09/03 17:22:34 : Epoch: 386, Train_Loss: 0.00185154
2025/09/03 17:22:34 : Epoch: 387, Train_Loss: 0.00264023
2025/09/03 17:22:34 : Epoch: 388, Train_Loss: 0.00178721
2025/09/03 17:22:35 : Epoch: 389, Train_Loss: 0.00156726
2025/09/03 17:22:35 : Epoch: 389, Eval_Loss: 0.00937970
2025/09/03 17:22:35 : Epoch: 390, Train_Loss: 0.00243441
2025/09/03 17:22:35 : Epoch: 391, Train_Loss: 0.00232152
2025/09/03 17:22:35 : Epoch: 392, Train_Loss: 0.00214067
2025/09/03 17:22:35 : Epoch: 393, Train_Loss: 0.00197593
2025/09/03 17:22:35 : Epoch: 394, Train_Loss: 0.00162299
2025/09/03 17:22:35 : Epoch: 394, Eval_Loss: 0.01023055
2025/09/03 17:22:35 : Epoch: 395, Train_Loss: 0.00144086
2025/09/03 17:22:35 : Epoch: 396, Train_Loss: 0.00134468
2025/09/03 17:22:36 : Epoch: 397, Train_Loss: 0.00155408
2025/09/03 17:22:36 : Epoch: 398, Train_Loss: 0.00125686
2025/09/03 17:22:36 : Epoch: 399, Train_Loss: 0.00122896
2025/09/03 17:22:36 : Epoch: 399, Eval_Loss: 0.00839780
2025/09/03 17:22:36 : Epoch: 400, Train_Loss: 0.00109985
2025/09/03 17:22:36 : Epoch: 401, Train_Loss: 0.00104241
2025/09/03 17:22:36 : Epoch: 402, Train_Loss: 0.00110927
2025/09/03 17:22:36 : Epoch: 403, Train_Loss: 0.00099101
2025/09/03 17:22:36 : Epoch: 404, Train_Loss: 0.00101753
2025/09/03 17:22:36 : Epoch: 404, Eval_Loss: 0.00873778
2025/09/03 17:22:37 : Epoch: 405, Train_Loss: 0.00096026
2025/09/03 17:22:37 : Epoch: 406, Train_Loss: 0.00112517
2025/09/03 17:22:37 : Epoch: 407, Train_Loss: 0.00117637
2025/09/03 17:22:37 : Epoch: 408, Train_Loss: 0.00123590
2025/09/03 17:22:37 : Epoch: 409, Train_Loss: 0.00124564
2025/09/03 17:22:37 : Epoch: 409, Eval_Loss: 0.00993988
2025/09/03 17:22:37 : Epoch: 410, Train_Loss: 0.00125341
2025/09/03 17:22:37 : Epoch: 411, Train_Loss: 0.00111680
2025/09/03 17:22:37 : Epoch: 412, Train_Loss: 0.00157899
2025/09/03 17:22:38 : Epoch: 413, Train_Loss: 0.00127005
2025/09/03 17:22:38 : Epoch: 414, Train_Loss: 0.00126171
2025/09/03 17:22:38 : Epoch: 414, Eval_Loss: 0.00976582
2025/09/03 17:22:38 : Epoch: 415, Train_Loss: 0.00106462
2025/09/03 17:22:38 : Epoch: 416, Train_Loss: 0.00100010
2025/09/03 17:22:38 : Epoch: 417, Train_Loss: 0.00099323
2025/09/03 17:22:38 : Epoch: 418, Train_Loss: 0.00093194
2025/09/03 17:22:38 : Epoch: 419, Train_Loss: 0.00091351
2025/09/03 17:22:38 : Epoch: 419, Eval_Loss: 0.01004141
2025/09/03 17:22:38 : Epoch: 420, Train_Loss: 0.00089388
2025/09/03 17:22:39 : Epoch: 421, Train_Loss: 0.00090504
2025/09/03 17:22:39 : Epoch: 422, Train_Loss: 0.00085569
2025/09/03 17:22:39 : Epoch: 423, Train_Loss: 0.00088317
2025/09/03 17:22:39 : Epoch: 424, Train_Loss: 0.00090830
2025/09/03 17:22:39 : Epoch: 424, Eval_Loss: 0.00977575
2025/09/03 17:22:39 : Epoch: 425, Train_Loss: 0.00094239
2025/09/03 17:22:39 : Epoch: 426, Train_Loss: 0.00105663
2025/09/03 17:22:39 : Epoch: 427, Train_Loss: 0.00095995
2025/09/03 17:22:39 : Epoch: 428, Train_Loss: 0.00095163
2025/09/03 17:22:40 : Epoch: 429, Train_Loss: 0.00089785
2025/09/03 17:22:40 : Epoch: 429, Eval_Loss: 0.01028694
2025/09/03 17:22:40 : Epoch: 430, Train_Loss: 0.00081031
2025/09/03 17:22:40 : Epoch: 431, Train_Loss: 0.00089843
2025/09/03 17:22:40 : Epoch: 432, Train_Loss: 0.00096475
2025/09/03 17:22:40 : Epoch: 433, Train_Loss: 0.00089310
2025/09/03 17:22:40 : Epoch: 434, Train_Loss: 0.00096048
2025/09/03 17:22:40 : Epoch: 434, Eval_Loss: 0.01071356
2025/09/03 17:22:40 : Epoch: 435, Train_Loss: 0.00110673
2025/09/03 17:22:40 : Epoch: 436, Train_Loss: 0.00121788
2025/09/03 17:22:41 : Epoch: 437, Train_Loss: 0.00115818
2025/09/03 17:22:41 : Epoch: 438, Train_Loss: 0.00109517
2025/09/03 17:22:41 : Epoch: 439, Train_Loss: 0.00096688
2025/09/03 17:22:41 : Epoch: 439, Eval_Loss: 0.01069869
2025/09/03 17:22:41 : Epoch: 440, Train_Loss: 0.00085782
2025/09/03 17:22:41 : Epoch: 441, Train_Loss: 0.00085659
2025/09/03 17:22:41 : Epoch: 442, Train_Loss: 0.00082168
2025/09/03 17:22:41 : Epoch: 443, Train_Loss: 0.00080893
2025/09/03 17:22:41 : Epoch: 444, Train_Loss: 0.00088818
2025/09/03 17:22:41 : Epoch: 444, Eval_Loss: 0.00973671
2025/09/03 17:22:42 : Epoch: 445, Train_Loss: 0.00089067
2025/09/03 17:22:42 : Epoch: 446, Train_Loss: 0.00095588
2025/09/03 17:22:42 : Epoch: 447, Train_Loss: 0.00086458
2025/09/03 17:22:42 : Epoch: 448, Train_Loss: 0.00079484
2025/09/03 17:22:42 : Epoch: 449, Train_Loss: 0.00083148
2025/09/03 17:22:42 : Epoch: 449, Eval_Loss: 0.00994832
2025/09/03 17:22:42 : Epoch: 450, Train_Loss: 0.00080002
2025/09/03 17:22:42 : Epoch: 451, Train_Loss: 0.00074864
2025/09/03 17:22:42 : Epoch: 452, Train_Loss: 0.00076750
2025/09/03 17:22:42 : Epoch: 453, Train_Loss: 0.00073147
2025/09/03 17:22:43 : Epoch: 454, Train_Loss: 0.00071334
2025/09/03 17:22:43 : Epoch: 454, Eval_Loss: 0.01023278
2025/09/03 17:22:43 : Epoch: 455, Train_Loss: 0.00072528
2025/09/03 17:22:43 : Epoch: 456, Train_Loss: 0.00074262
2025/09/03 17:22:43 : Epoch: 457, Train_Loss: 0.00074550
2025/09/03 17:22:43 : Epoch: 458, Train_Loss: 0.00074206
2025/09/03 17:22:43 : Epoch: 459, Train_Loss: 0.00076830
2025/09/03 17:22:43 : Epoch: 459, Eval_Loss: 0.01039705
2025/09/03 17:22:43 : Epoch: 460, Train_Loss: 0.00080763
2025/09/03 17:22:43 : Epoch: 461, Train_Loss: 0.00077994
2025/09/03 17:22:44 : Epoch: 462, Train_Loss: 0.00077639
2025/09/03 17:22:44 : Epoch: 463, Train_Loss: 0.00083266
2025/09/03 17:22:44 : Epoch: 464, Train_Loss: 0.00085024
2025/09/03 17:22:44 : Epoch: 464, Eval_Loss: 0.00975885
2025/09/03 17:22:44 : Epoch: 465, Train_Loss: 0.00088502
2025/09/03 17:22:44 : Epoch: 466, Train_Loss: 0.00085209
2025/09/03 17:22:44 : Epoch: 467, Train_Loss: 0.00085485
2025/09/03 17:22:44 : Epoch: 468, Train_Loss: 0.00085624
2025/09/03 17:22:44 : Epoch: 469, Train_Loss: 0.00099747
2025/09/03 17:22:44 : Epoch: 469, Eval_Loss: 0.00928141
2025/09/03 17:22:45 : Epoch: 470, Train_Loss: 0.00101885
2025/09/03 17:22:45 : Epoch: 471, Train_Loss: 0.00130446
2025/09/03 17:22:45 : Epoch: 472, Train_Loss: 0.00098615
2025/09/03 17:22:45 : Epoch: 473, Train_Loss: 0.00115241
2025/09/03 17:22:45 : Epoch: 474, Train_Loss: 0.00106277
2025/09/03 17:22:45 : Epoch: 474, Eval_Loss: 0.01002372
2025/09/03 17:22:45 : Epoch: 475, Train_Loss: 0.00092977
2025/09/03 17:22:45 : Epoch: 476, Train_Loss: 0.00086658
2025/09/03 17:22:45 : Epoch: 477, Train_Loss: 0.00083583
2025/09/03 17:22:46 : Epoch: 478, Train_Loss: 0.00082707
2025/09/03 17:22:46 : Epoch: 479, Train_Loss: 0.00090900
2025/09/03 17:22:46 : Epoch: 479, Eval_Loss: 0.00967401
2025/09/03 17:22:46 : Epoch: 480, Train_Loss: 0.00086612
2025/09/03 17:22:46 : Epoch: 481, Train_Loss: 0.00078728
2025/09/03 17:22:46 : Epoch: 482, Train_Loss: 0.00074997
2025/09/03 17:22:46 : Epoch: 483, Train_Loss: 0.00076586
2025/09/03 17:22:46 : Epoch: 484, Train_Loss: 0.00078801
2025/09/03 17:22:46 : Epoch: 484, Eval_Loss: 0.00890479
2025/09/03 17:22:46 : Epoch: 485, Train_Loss: 0.00073199
2025/09/03 17:22:47 : Epoch: 486, Train_Loss: 0.00077234
2025/09/03 17:22:47 : Epoch: 487, Train_Loss: 0.00074252
2025/09/03 17:22:47 : Epoch: 488, Train_Loss: 0.00074013
2025/09/03 17:22:47 : Epoch: 489, Train_Loss: 0.00070413
2025/09/03 17:22:47 : Epoch: 489, Eval_Loss: 0.00819425
2025/09/03 17:22:47 : Epoch: 490, Train_Loss: 0.00069332
2025/09/03 17:22:47 : Epoch: 491, Train_Loss: 0.00067549
2025/09/03 17:22:47 : Epoch: 492, Train_Loss: 0.00070815
2025/09/03 17:22:47 : Epoch: 493, Train_Loss: 0.00079337
2025/09/03 17:22:48 : Epoch: 494, Train_Loss: 0.00080003
2025/09/03 17:22:48 : Epoch: 494, Eval_Loss: 0.00905201
2025/09/03 17:22:48 : Epoch: 495, Train_Loss: 0.00083983
2025/09/03 17:22:48 : Epoch: 496, Train_Loss: 0.00086200
2025/09/03 17:22:48 : Epoch: 497, Train_Loss: 0.00114821
2025/09/03 17:22:48 : Epoch: 498, Train_Loss: 0.00138117
2025/09/03 17:22:48 : Epoch: 499, Train_Loss: 0.00113137
2025/09/03 17:22:48 : Epoch: 499, Eval_Loss: 0.00845814
2025/09/03 17:22:48 : Epoch: 500, Train_Loss: 0.00163123
2025/09/03 17:22:48 : Epoch: 501, Train_Loss: 0.00159849
2025/09/03 17:22:49 : Epoch: 502, Train_Loss: 0.00159589
2025/09/03 17:22:49 : Epoch: 503, Train_Loss: 0.00120166
2025/09/03 17:22:49 : Epoch: 504, Train_Loss: 0.00108221
2025/09/03 17:22:49 : Epoch: 504, Eval_Loss: 0.00909908
2025/09/03 17:22:49 : Epoch: 505, Train_Loss: 0.00104685
2025/09/03 17:22:49 : Epoch: 506, Train_Loss: 0.00090068
2025/09/03 17:22:49 : Epoch: 507, Train_Loss: 0.00091705
2025/09/03 17:22:49 : Epoch: 508, Train_Loss: 0.00099615
2025/09/03 17:22:49 : Epoch: 509, Train_Loss: 0.00098667
2025/09/03 17:22:49 : Epoch: 509, Eval_Loss: 0.01022787
2025/09/03 17:22:50 : Epoch: 510, Train_Loss: 0.00083518
2025/09/03 17:22:50 : Epoch: 511, Train_Loss: 0.00085519
2025/09/03 17:22:50 : Epoch: 512, Train_Loss: 0.00075218
2025/09/03 17:22:50 : Epoch: 513, Train_Loss: 0.00085894
2025/09/03 17:22:50 : Epoch: 514, Train_Loss: 0.00080480
2025/09/03 17:22:50 : Epoch: 514, Eval_Loss: 0.01030174
2025/09/03 17:22:50 : Epoch: 515, Train_Loss: 0.00072372
2025/09/03 17:22:50 : Epoch: 516, Train_Loss: 0.00070884
2025/09/03 17:22:50 : Epoch: 517, Train_Loss: 0.00069201
2025/09/03 17:22:50 : Epoch: 518, Train_Loss: 0.00069637
2025/09/03 17:22:51 : Epoch: 519, Train_Loss: 0.00068601
2025/09/03 17:22:51 : Epoch: 519, Eval_Loss: 0.01042061
2025/09/03 17:22:51 : Epoch: 520, Train_Loss: 0.00068275
2025/09/03 17:22:51 : Epoch: 521, Train_Loss: 0.00066474
2025/09/03 17:22:51 : Epoch: 522, Train_Loss: 0.00065381
2025/09/03 17:22:51 : Epoch: 523, Train_Loss: 0.00065771
2025/09/03 17:22:51 : Epoch: 524, Train_Loss: 0.00063746
2025/09/03 17:22:51 : Epoch: 524, Eval_Loss: 0.01021145
2025/09/03 17:22:51 : Epoch: 525, Train_Loss: 0.00065155
2025/09/03 17:22:51 : Epoch: 526, Train_Loss: 0.00063415
2025/09/03 17:22:52 : Epoch: 527, Train_Loss: 0.00062653
2025/09/03 17:22:52 : Epoch: 528, Train_Loss: 0.00065519
2025/09/03 17:22:52 : Epoch: 529, Train_Loss: 0.00064308
2025/09/03 17:22:52 : Epoch: 529, Eval_Loss: 0.01017341
2025/09/03 17:22:52 : Epoch: 530, Train_Loss: 0.00063508
2025/09/03 17:22:52 : Epoch: 531, Train_Loss: 0.00064708
2025/09/03 17:22:52 : Epoch: 532, Train_Loss: 0.00062928
2025/09/03 17:22:52 : Epoch: 533, Train_Loss: 0.00065451
2025/09/03 17:22:52 : Epoch: 534, Train_Loss: 0.00067041
2025/09/03 17:22:52 : Epoch: 534, Eval_Loss: 0.01003310
2025/09/03 17:22:53 : Epoch: 535, Train_Loss: 0.00066647
2025/09/03 17:22:53 : Epoch: 536, Train_Loss: 0.00065713
2025/09/03 17:22:53 : Epoch: 537, Train_Loss: 0.00065713
2025/09/03 17:22:53 : Epoch: 538, Train_Loss: 0.00066158
2025/09/03 17:22:53 : Epoch: 539, Train_Loss: 0.00066020
2025/09/03 17:22:53 : Epoch: 539, Eval_Loss: 0.00992961
2025/09/03 17:22:53 : Epoch: 540, Train_Loss: 0.00063040
2025/09/03 17:22:53 : Epoch: 541, Train_Loss: 0.00063851
2025/09/03 17:22:53 : Epoch: 542, Train_Loss: 0.00060474
2025/09/03 17:22:54 : Epoch: 543, Train_Loss: 0.00060538
2025/09/03 17:22:54 : Epoch: 544, Train_Loss: 0.00061716
2025/09/03 17:22:54 : Epoch: 544, Eval_Loss: 0.01014285
2025/09/03 17:22:54 : Epoch: 545, Train_Loss: 0.00060994
2025/09/03 17:22:54 : Epoch: 546, Train_Loss: 0.00062743
2025/09/03 17:22:54 : Epoch: 547, Train_Loss: 0.00062188
2025/09/03 17:22:54 : Epoch: 548, Train_Loss: 0.00060426
2025/09/03 17:22:54 : Epoch: 549, Train_Loss: 0.00059053
2025/09/03 17:22:54 : Epoch: 549, Eval_Loss: 0.01012376
2025/09/03 17:22:54 : Epoch: 550, Train_Loss: 0.00060005
2025/09/03 17:22:55 : Epoch: 551, Train_Loss: 0.00061127
2025/09/03 17:22:55 : Epoch: 552, Train_Loss: 0.00061457
2025/09/03 17:22:55 : Epoch: 553, Train_Loss: 0.00063554
2025/09/03 17:22:55 : Epoch: 554, Train_Loss: 0.00061288
2025/09/03 17:22:55 : Epoch: 554, Eval_Loss: 0.01001968
2025/09/03 17:22:55 : Epoch: 555, Train_Loss: 0.00063648
2025/09/03 17:22:55 : Epoch: 556, Train_Loss: 0.00063743
2025/09/03 17:22:55 : Epoch: 557, Train_Loss: 0.00066637
2025/09/03 17:22:55 : Epoch: 558, Train_Loss: 0.00068842
2025/09/03 17:22:56 : Epoch: 559, Train_Loss: 0.00062845
2025/09/03 17:22:56 : Epoch: 559, Eval_Loss: 0.00989592
2025/09/03 17:22:56 : Epoch: 560, Train_Loss: 0.00064334
2025/09/03 17:22:56 : Epoch: 561, Train_Loss: 0.00061625
2025/09/03 17:22:56 : Epoch: 562, Train_Loss: 0.00066640
2025/09/03 17:22:56 : Epoch: 563, Train_Loss: 0.00065071
2025/09/03 17:22:56 : Epoch: 564, Train_Loss: 0.00068913
2025/09/03 17:22:56 : Epoch: 564, Eval_Loss: 0.01051421
2025/09/03 17:22:56 : Epoch: 565, Train_Loss: 0.00062255
2025/09/03 17:22:56 : Epoch: 566, Train_Loss: 0.00069758
2025/09/03 17:22:57 : Epoch: 567, Train_Loss: 0.00064504
2025/09/03 17:22:57 : Epoch: 568, Train_Loss: 0.00063435
2025/09/03 17:22:57 : Epoch: 569, Train_Loss: 0.00064538
2025/09/03 17:22:57 : Epoch: 569, Eval_Loss: 0.00975968
2025/09/03 17:22:57 : Epoch: 570, Train_Loss: 0.00061236
2025/09/03 17:22:57 : Epoch: 571, Train_Loss: 0.00063006
2025/09/03 17:22:57 : Epoch: 572, Train_Loss: 0.00061847
2025/09/03 17:22:57 : Epoch: 573, Train_Loss: 0.00063823
2025/09/03 17:22:57 : Epoch: 574, Train_Loss: 0.00061158
2025/09/03 17:22:57 : Epoch: 574, Eval_Loss: 0.01027131
2025/09/03 17:22:58 : Epoch: 575, Train_Loss: 0.00065424
2025/09/03 17:22:58 : Epoch: 576, Train_Loss: 0.00062685
2025/09/03 17:22:58 : Epoch: 577, Train_Loss: 0.00062286
2025/09/03 17:22:58 : Epoch: 578, Train_Loss: 0.00060856
2025/09/03 17:22:58 : Epoch: 579, Train_Loss: 0.00060283
2025/09/03 17:22:58 : Epoch: 579, Eval_Loss: 0.01011689
2025/09/03 17:22:58 : Epoch: 580, Train_Loss: 0.00058273
2025/09/03 17:22:58 : Epoch: 581, Train_Loss: 0.00061321
2025/09/03 17:22:58 : Epoch: 582, Train_Loss: 0.00059817
2025/09/03 17:22:58 : Epoch: 583, Train_Loss: 0.00060920
2025/09/03 17:22:59 : Epoch: 584, Train_Loss: 0.00058625
2025/09/03 17:22:59 : Epoch: 584, Eval_Loss: 0.01013723
2025/09/03 17:22:59 : Epoch: 585, Train_Loss: 0.00058508
2025/09/03 17:22:59 : Epoch: 586, Train_Loss: 0.00063305
2025/09/03 17:22:59 : Epoch: 587, Train_Loss: 0.00067864
2025/09/03 17:22:59 : Epoch: 588, Train_Loss: 0.00071182
2025/09/03 17:22:59 : Epoch: 589, Train_Loss: 0.00069559
2025/09/03 17:22:59 : Epoch: 589, Eval_Loss: 0.00976281
2025/09/03 17:22:59 : Epoch: 590, Train_Loss: 0.00066553
2025/09/03 17:22:59 : Epoch: 591, Train_Loss: 0.00062336
2025/09/03 17:23:00 : Epoch: 592, Train_Loss: 0.00062044
2025/09/03 17:23:00 : Epoch: 593, Train_Loss: 0.00060056
2025/09/03 17:23:00 : Epoch: 594, Train_Loss: 0.00062568
2025/09/03 17:23:00 : Epoch: 594, Eval_Loss: 0.00985016
2025/09/03 17:23:00 : Epoch: 595, Train_Loss: 0.00061565
2025/09/03 17:23:00 : Epoch: 596, Train_Loss: 0.00061236
2025/09/03 17:23:00 : Epoch: 597, Train_Loss: 0.00060354
2025/09/03 17:23:00 : Epoch: 598, Train_Loss: 0.00059432
2025/09/03 17:23:00 : Epoch: 599, Train_Loss: 0.00059693
2025/09/03 17:23:00 : Epoch: 599, Eval_Loss: 0.01002170
2025/09/03 17:23:01 : Epoch: 600, Train_Loss: 0.00058037
2025/09/03 17:23:01 : Epoch: 601, Train_Loss: 0.00057111
2025/09/03 17:23:01 : Epoch: 602, Train_Loss: 0.00057249
2025/09/03 17:23:01 : Epoch: 603, Train_Loss: 0.00056916
2025/09/03 17:23:01 : Epoch: 604, Train_Loss: 0.00056903
2025/09/03 17:23:01 : Epoch: 604, Eval_Loss: 0.00997015
2025/09/03 17:23:01 : Epoch: 605, Train_Loss: 0.00056406
2025/09/03 17:23:01 : Epoch: 606, Train_Loss: 0.00057406
2025/09/03 17:23:01 : Epoch: 607, Train_Loss: 0.00056282
2025/09/03 17:23:02 : Epoch: 608, Train_Loss: 0.00057710
2025/09/03 17:23:02 : Epoch: 609, Train_Loss: 0.00057911
2025/09/03 17:23:02 : Epoch: 609, Eval_Loss: 0.01007572
2025/09/03 17:23:02 : Epoch: 610, Train_Loss: 0.00056616
2025/09/03 17:23:02 : Epoch: 611, Train_Loss: 0.00056875
2025/09/03 17:23:02 : Epoch: 612, Train_Loss: 0.00056757
2025/09/03 17:23:02 : Epoch: 613, Train_Loss: 0.00057114
2025/09/03 17:23:02 : Epoch: 614, Train_Loss: 0.00056911
2025/09/03 17:23:02 : Epoch: 614, Eval_Loss: 0.01024733
2025/09/03 17:23:02 : Epoch: 615, Train_Loss: 0.00056416
2025/09/03 17:23:03 : Epoch: 616, Train_Loss: 0.00056924
2025/09/03 17:23:03 : Epoch: 617, Train_Loss: 0.00057154
2025/09/03 17:23:03 : Epoch: 618, Train_Loss: 0.00056881
2025/09/03 17:23:03 : Epoch: 619, Train_Loss: 0.00056807
2025/09/03 17:23:03 : Epoch: 619, Eval_Loss: 0.01010580
2025/09/03 17:23:03 : Epoch: 620, Train_Loss: 0.00056441
2025/09/03 17:23:03 : Epoch: 621, Train_Loss: 0.00058264
2025/09/03 17:23:03 : Epoch: 622, Train_Loss: 0.00060143
2025/09/03 17:23:03 : Epoch: 623, Train_Loss: 0.00057410
2025/09/03 17:23:04 : Epoch: 624, Train_Loss: 0.00060223
2025/09/03 17:23:04 : Epoch: 624, Eval_Loss: 0.01001573
2025/09/03 17:23:04 : Epoch: 625, Train_Loss: 0.00070064
2025/09/03 17:23:04 : Epoch: 626, Train_Loss: 0.00073900
2025/09/03 17:23:04 : Epoch: 627, Train_Loss: 0.00071277
2025/09/03 17:23:04 : Epoch: 628, Train_Loss: 0.00075105
2025/09/03 17:23:04 : Epoch: 629, Train_Loss: 0.00077596
2025/09/03 17:23:04 : Epoch: 629, Eval_Loss: 0.01009588
2025/09/03 17:23:04 : Epoch: 630, Train_Loss: 0.00104629
2025/09/03 17:23:04 : Epoch: 631, Train_Loss: 0.00105502
2025/09/03 17:23:05 : Epoch: 632, Train_Loss: 0.00089002
2025/09/03 17:23:05 : Epoch: 633, Train_Loss: 0.00077969
2025/09/03 17:23:05 : Epoch: 634, Train_Loss: 0.00078700
2025/09/03 17:23:05 : Epoch: 634, Eval_Loss: 0.01043314
2025/09/03 17:23:05 : Epoch: 635, Train_Loss: 0.00088576
2025/09/03 17:23:05 : Epoch: 636, Train_Loss: 0.00094024
2025/09/03 17:23:05 : Epoch: 637, Train_Loss: 0.00102523
2025/09/03 17:23:05 : Epoch: 638, Train_Loss: 0.00173043
2025/09/03 17:23:05 : Epoch: 639, Train_Loss: 0.00157668
2025/09/03 17:23:05 : Epoch: 639, Eval_Loss: 0.00874622
2025/09/03 17:23:06 : Epoch: 640, Train_Loss: 0.00115275
2025/09/03 17:23:06 : Epoch: 641, Train_Loss: 0.00106158
2025/09/03 17:23:06 : Epoch: 642, Train_Loss: 0.00107678
2025/09/03 17:23:06 : Epoch: 643, Train_Loss: 0.00103330
2025/09/03 17:23:06 : Epoch: 644, Train_Loss: 0.00095277
2025/09/03 17:23:06 : Epoch: 644, Eval_Loss: 0.00999946
2025/09/03 17:23:06 : Epoch: 645, Train_Loss: 0.00081383
2025/09/03 17:23:06 : Epoch: 646, Train_Loss: 0.00079971
2025/09/03 17:23:06 : Epoch: 647, Train_Loss: 0.00084328
2025/09/03 17:23:06 : Epoch: 648, Train_Loss: 0.00081363
2025/09/03 17:23:07 : Epoch: 649, Train_Loss: 0.00082942
2025/09/03 17:23:07 : Epoch: 649, Eval_Loss: 0.00928751
2025/09/03 17:23:07 : Epoch: 650, Train_Loss: 0.00087856
2025/09/03 17:23:07 : Epoch: 651, Train_Loss: 0.00091116
2025/09/03 17:23:07 : Epoch: 652, Train_Loss: 0.00094193
2025/09/03 17:23:07 : Epoch: 653, Train_Loss: 0.00090844
2025/09/03 17:23:07 : Epoch: 654, Train_Loss: 0.00094101
2025/09/03 17:23:07 : Epoch: 654, Eval_Loss: 0.00955784
2025/09/03 17:23:07 : Epoch: 655, Train_Loss: 0.00088723
2025/09/03 17:23:07 : Epoch: 656, Train_Loss: 0.00080108
2025/09/03 17:23:08 : Epoch: 657, Train_Loss: 0.00073499
2025/09/03 17:23:08 : Epoch: 658, Train_Loss: 0.00075890
2025/09/03 17:23:08 : Epoch: 659, Train_Loss: 0.00080524
2025/09/03 17:23:08 : Epoch: 659, Eval_Loss: 0.00948145
2025/09/03 17:23:08 : Epoch: 660, Train_Loss: 0.00089049
2025/09/03 17:23:08 : Epoch: 661, Train_Loss: 0.00079949
2025/09/03 17:23:08 : Epoch: 662, Train_Loss: 0.00077607
2025/09/03 17:23:08 : Epoch: 663, Train_Loss: 0.00066151
2025/09/03 17:23:08 : Epoch: 664, Train_Loss: 0.00067742
2025/09/03 17:23:08 : Epoch: 664, Eval_Loss: 0.00955278
2025/09/03 17:23:09 : Epoch: 665, Train_Loss: 0.00064741
2025/09/03 17:23:09 : Epoch: 666, Train_Loss: 0.00066988
2025/09/03 17:23:09 : Epoch: 667, Train_Loss: 0.00066053
2025/09/03 17:23:09 : Epoch: 668, Train_Loss: 0.00063633
2025/09/03 17:23:09 : Epoch: 669, Train_Loss: 0.00069061
2025/09/03 17:23:09 : Epoch: 669, Eval_Loss: 0.00958941
2025/09/03 17:23:09 : Epoch: 670, Train_Loss: 0.00066760
2025/09/03 17:23:09 : Epoch: 671, Train_Loss: 0.00065254
2025/09/03 17:23:09 : Epoch: 672, Train_Loss: 0.00063760
2025/09/03 17:23:10 : Epoch: 673, Train_Loss: 0.00072352
2025/09/03 17:23:10 : Epoch: 674, Train_Loss: 0.00072021
2025/09/03 17:23:10 : Epoch: 674, Eval_Loss: 0.00940193
2025/09/03 17:23:10 : Epoch: 675, Train_Loss: 0.00081317
2025/09/03 17:23:10 : Epoch: 676, Train_Loss: 0.00066960
2025/09/03 17:23:10 : Epoch: 677, Train_Loss: 0.00082639
2025/09/03 17:23:10 : Epoch: 678, Train_Loss: 0.00085010
2025/09/03 17:23:10 : Epoch: 679, Train_Loss: 0.00085076
2025/09/03 17:23:10 : Epoch: 679, Eval_Loss: 0.00965035
2025/09/03 17:23:10 : Epoch: 680, Train_Loss: 0.00090956
2025/09/03 17:23:11 : Epoch: 681, Train_Loss: 0.00089786
2025/09/03 17:23:11 : Epoch: 682, Train_Loss: 0.00098236
2025/09/03 17:23:11 : Epoch: 683, Train_Loss: 0.00081728
2025/09/03 17:23:11 : Epoch: 684, Train_Loss: 0.00092701
2025/09/03 17:23:11 : Epoch: 684, Eval_Loss: 0.01024189
2025/09/03 17:23:11 : Epoch: 685, Train_Loss: 0.00076580
2025/09/03 17:23:11 : Epoch: 686, Train_Loss: 0.00088177
2025/09/03 17:23:11 : Epoch: 687, Train_Loss: 0.00070505
2025/09/03 17:23:11 : Epoch: 688, Train_Loss: 0.00066971
2025/09/03 17:23:11 : Epoch: 689, Train_Loss: 0.00061713
2025/09/03 17:23:12 : Epoch: 689, Eval_Loss: 0.00977528
2025/09/03 17:23:12 : Epoch: 690, Train_Loss: 0.00064458
2025/09/03 17:23:12 : Epoch: 691, Train_Loss: 0.00061300
2025/09/03 17:23:12 : Epoch: 692, Train_Loss: 0.00064506
2025/09/03 17:23:12 : Epoch: 693, Train_Loss: 0.00063848
2025/09/03 17:23:12 : Epoch: 694, Train_Loss: 0.00064413
2025/09/03 17:23:12 : Epoch: 694, Eval_Loss: 0.00922878
2025/09/03 17:23:12 : Epoch: 695, Train_Loss: 0.00061202
2025/09/03 17:23:12 : Epoch: 696, Train_Loss: 0.00058681
2025/09/03 17:23:12 : Epoch: 697, Train_Loss: 0.00057909
2025/09/03 17:23:13 : Epoch: 698, Train_Loss: 0.00058240
2025/09/03 17:23:13 : Epoch: 699, Train_Loss: 0.00057426
2025/09/03 17:23:13 : Epoch: 699, Eval_Loss: 0.01001768
2025/09/03 17:23:13 : Epoch: 700, Train_Loss: 0.00057663
2025/09/03 17:23:13 : Epoch: 701, Train_Loss: 0.00058199
2025/09/03 17:23:13 : Epoch: 702, Train_Loss: 0.00057119
2025/09/03 17:23:13 : Epoch: 703, Train_Loss: 0.00056949
2025/09/03 17:23:13 : Epoch: 704, Train_Loss: 0.00058235
2025/09/03 17:23:13 : Epoch: 704, Eval_Loss: 0.00972928
2025/09/03 17:23:13 : Epoch: 705, Train_Loss: 0.00058464
2025/09/03 17:23:14 : Epoch: 706, Train_Loss: 0.00058669
2025/09/03 17:23:14 : Epoch: 707, Train_Loss: 0.00056980
2025/09/03 17:23:14 : Epoch: 708, Train_Loss: 0.00056965
2025/09/03 17:23:14 : Epoch: 709, Train_Loss: 0.00055705
2025/09/03 17:23:14 : Epoch: 709, Eval_Loss: 0.00934659
2025/09/03 17:23:14 : Epoch: 710, Train_Loss: 0.00055410
2025/09/03 17:23:14 : Epoch: 711, Train_Loss: 0.00055206
2025/09/03 17:23:14 : Epoch: 712, Train_Loss: 0.00055436
2025/09/03 17:23:14 : Epoch: 713, Train_Loss: 0.00057962
2025/09/03 17:23:15 : Epoch: 714, Train_Loss: 0.00056785
2025/09/03 17:23:15 : Epoch: 714, Eval_Loss: 0.00956545
2025/09/03 17:23:15 : Epoch: 715, Train_Loss: 0.00056461
2025/09/03 17:23:15 : Epoch: 716, Train_Loss: 0.00055226
2025/09/03 17:23:15 : Epoch: 717, Train_Loss: 0.00055830
2025/09/03 17:23:15 : Epoch: 718, Train_Loss: 0.00055543
2025/09/03 17:23:15 : Epoch: 719, Train_Loss: 0.00055533
2025/09/03 17:23:15 : Epoch: 719, Eval_Loss: 0.00942279
2025/09/03 17:23:15 : Epoch: 720, Train_Loss: 0.00055252
2025/09/03 17:23:15 : Epoch: 721, Train_Loss: 0.00054840
2025/09/03 17:23:16 : Epoch: 722, Train_Loss: 0.00054305
2025/09/03 17:23:16 : Epoch: 723, Train_Loss: 0.00055904
2025/09/03 17:23:16 : Epoch: 724, Train_Loss: 0.00054070
2025/09/03 17:23:16 : Epoch: 724, Eval_Loss: 0.00955521
2025/09/03 17:23:16 : Epoch: 725, Train_Loss: 0.00055278
2025/09/03 17:23:16 : Epoch: 726, Train_Loss: 0.00054612
2025/09/03 17:23:16 : Epoch: 727, Train_Loss: 0.00054506
2025/09/03 17:23:16 : Epoch: 728, Train_Loss: 0.00054417
2025/09/03 17:23:16 : Epoch: 729, Train_Loss: 0.00055602
2025/09/03 17:23:16 : Epoch: 729, Eval_Loss: 0.00946177
2025/09/03 17:23:17 : Epoch: 730, Train_Loss: 0.00056110
2025/09/03 17:23:17 : Epoch: 731, Train_Loss: 0.00055448
2025/09/03 17:23:17 : Epoch: 732, Train_Loss: 0.00056884
2025/09/03 17:23:17 : Epoch: 733, Train_Loss: 0.00056406
2025/09/03 17:23:17 : Epoch: 734, Train_Loss: 0.00055770
2025/09/03 17:23:17 : Epoch: 734, Eval_Loss: 0.00945356
2025/09/03 17:23:17 : Epoch: 735, Train_Loss: 0.00054744
2025/09/03 17:23:17 : Epoch: 736, Train_Loss: 0.00055299
2025/09/03 17:23:17 : Epoch: 737, Train_Loss: 0.00055359
2025/09/03 17:23:18 : Epoch: 738, Train_Loss: 0.00054541
2025/09/03 17:23:18 : Epoch: 739, Train_Loss: 0.00054232
2025/09/03 17:23:18 : Epoch: 739, Eval_Loss: 0.00943577
2025/09/03 17:23:18 : Epoch: 740, Train_Loss: 0.00056213
2025/09/03 17:23:18 : Epoch: 741, Train_Loss: 0.00056449
2025/09/03 17:23:18 : Epoch: 742, Train_Loss: 0.00060870
2025/09/03 17:23:18 : Epoch: 743, Train_Loss: 0.00058894
2025/09/03 17:23:18 : Epoch: 744, Train_Loss: 0.00061885
2025/09/03 17:23:18 : Epoch: 744, Eval_Loss: 0.00970125
2025/09/03 17:23:18 : Epoch: 745, Train_Loss: 0.00058398
2025/09/03 17:23:18 : Epoch: 746, Train_Loss: 0.00058358
2025/09/03 17:23:19 : Epoch: 747, Train_Loss: 0.00058047
2025/09/03 17:23:19 : Epoch: 748, Train_Loss: 0.00053814
2025/09/03 17:23:19 : Epoch: 749, Train_Loss: 0.00054824
2025/09/03 17:23:19 : Epoch: 749, Eval_Loss: 0.00955384
2025/09/03 17:23:19 : Epoch: 750, Train_Loss: 0.00054121
2025/09/03 17:23:19 : Epoch: 751, Train_Loss: 0.00054397
2025/09/03 17:23:19 : Epoch: 752, Train_Loss: 0.00054385
2025/09/03 17:23:19 : Epoch: 753, Train_Loss: 0.00055253
2025/09/03 17:23:19 : Epoch: 754, Train_Loss: 0.00056085
2025/09/03 17:23:20 : Epoch: 754, Eval_Loss: 0.00929871
2025/09/03 17:23:20 : Epoch: 755, Train_Loss: 0.00056860
2025/09/03 17:23:20 : Epoch: 756, Train_Loss: 0.00055898
2025/09/03 17:23:20 : Epoch: 757, Train_Loss: 0.00055184
2025/09/03 17:23:20 : Epoch: 758, Train_Loss: 0.00054004
2025/09/03 17:23:20 : Epoch: 759, Train_Loss: 0.00053653
2025/09/03 17:23:20 : Epoch: 759, Eval_Loss: 0.00924989
2025/09/03 17:23:20 : Epoch: 760, Train_Loss: 0.00055255
2025/09/03 17:23:20 : Epoch: 761, Train_Loss: 0.00052680
2025/09/03 17:23:20 : Epoch: 762, Train_Loss: 0.00053173
2025/09/03 17:23:21 : Epoch: 763, Train_Loss: 0.00053576
2025/09/03 17:23:21 : Epoch: 764, Train_Loss: 0.00053549
2025/09/03 17:23:21 : Epoch: 764, Eval_Loss: 0.00931503
2025/09/03 17:23:21 : Epoch: 765, Train_Loss: 0.00053200
2025/09/03 17:23:21 : Epoch: 766, Train_Loss: 0.00053833
2025/09/03 17:23:21 : Epoch: 767, Train_Loss: 0.00053756
2025/09/03 17:23:21 : Epoch: 768, Train_Loss: 0.00055377
2025/09/03 17:23:21 : Epoch: 769, Train_Loss: 0.00052856
2025/09/03 17:23:21 : Epoch: 769, Eval_Loss: 0.00929969
2025/09/03 17:23:21 : Epoch: 770, Train_Loss: 0.00056813
2025/09/03 17:23:22 : Epoch: 771, Train_Loss: 0.00054984
2025/09/03 17:23:22 : Epoch: 772, Train_Loss: 0.00053836
2025/09/03 17:23:22 : Epoch: 773, Train_Loss: 0.00055857
2025/09/03 17:23:22 : Epoch: 774, Train_Loss: 0.00056553
2025/09/03 17:23:22 : Epoch: 774, Eval_Loss: 0.00911380
2025/09/03 17:23:22 : Epoch: 775, Train_Loss: 0.00055362
2025/09/03 17:23:22 : Epoch: 776, Train_Loss: 0.00061294
2025/09/03 17:23:22 : Epoch: 777, Train_Loss: 0.00056424
2025/09/03 17:23:22 : Epoch: 778, Train_Loss: 0.00057449
2025/09/03 17:23:23 : Epoch: 779, Train_Loss: 0.00055615
2025/09/03 17:23:23 : Epoch: 779, Eval_Loss: 0.00924506
2025/09/03 17:23:23 : Epoch: 780, Train_Loss: 0.00054669
2025/09/03 17:23:23 : Epoch: 781, Train_Loss: 0.00054052
2025/09/03 17:23:23 : Epoch: 782, Train_Loss: 0.00054375
2025/09/03 17:23:23 : Epoch: 783, Train_Loss: 0.00055079
2025/09/03 17:23:23 : Epoch: 784, Train_Loss: 0.00054711
2025/09/03 17:23:23 : Epoch: 784, Eval_Loss: 0.00954860
2025/09/03 17:23:23 : Epoch: 785, Train_Loss: 0.00056111
2025/09/03 17:23:23 : Epoch: 786, Train_Loss: 0.00055448
2025/09/03 17:23:24 : Epoch: 787, Train_Loss: 0.00054874
2025/09/03 17:23:24 : Epoch: 788, Train_Loss: 0.00056101
2025/09/03 17:23:24 : Epoch: 789, Train_Loss: 0.00056632
2025/09/03 17:23:24 : Epoch: 789, Eval_Loss: 0.00923747
2025/09/03 17:23:24 : Epoch: 790, Train_Loss: 0.00056870
2025/09/03 17:23:24 : Epoch: 791, Train_Loss: 0.00053463
2025/09/03 17:23:24 : Epoch: 792, Train_Loss: 0.00053654
2025/09/03 17:23:24 : Epoch: 793, Train_Loss: 0.00055642
2025/09/03 17:23:24 : Epoch: 794, Train_Loss: 0.00053796
2025/09/03 17:23:24 : Epoch: 794, Eval_Loss: 0.00937373
2025/09/03 17:23:25 : Epoch: 795, Train_Loss: 0.00055657
2025/09/03 17:23:25 : Epoch: 796, Train_Loss: 0.00056095
2025/09/03 17:23:25 : Epoch: 797, Train_Loss: 0.00056411
2025/09/03 17:23:25 : Epoch: 798, Train_Loss: 0.00055431
2025/09/03 17:23:25 : Epoch: 799, Train_Loss: 0.00053665
2025/09/03 17:23:25 : Epoch: 799, Eval_Loss: 0.00943924
2025/09/03 17:23:25 : Epoch: 800, Train_Loss: 0.00051600
2025/09/03 17:23:25 : Epoch: 801, Train_Loss: 0.00052627
2025/09/03 17:23:25 : Epoch: 802, Train_Loss: 0.00052151
2025/09/03 17:23:25 : Epoch: 803, Train_Loss: 0.00053161
2025/09/03 17:23:26 : Epoch: 804, Train_Loss: 0.00052033
2025/09/03 17:23:26 : Epoch: 804, Eval_Loss: 0.00925087
2025/09/03 17:23:26 : Epoch: 805, Train_Loss: 0.00053148
2025/09/03 17:23:26 : Epoch: 806, Train_Loss: 0.00052516
2025/09/03 17:23:26 : Epoch: 807, Train_Loss: 0.00052523
2025/09/03 17:23:26 : Epoch: 808, Train_Loss: 0.00054546
2025/09/03 17:23:26 : Epoch: 809, Train_Loss: 0.00054303
2025/09/03 17:23:26 : Epoch: 809, Eval_Loss: 0.00948882
2025/09/03 17:23:26 : Epoch: 810, Train_Loss: 0.00054539
2025/09/03 17:23:26 : Epoch: 811, Train_Loss: 0.00055085
2025/09/03 17:23:27 : Epoch: 812, Train_Loss: 0.00056063
2025/09/03 17:23:27 : Epoch: 813, Train_Loss: 0.00054739
2025/09/03 17:23:27 : Epoch: 814, Train_Loss: 0.00054527
2025/09/03 17:23:27 : Epoch: 814, Eval_Loss: 0.00921149
2025/09/03 17:23:27 : Epoch: 815, Train_Loss: 0.00054715
2025/09/03 17:23:27 : Epoch: 816, Train_Loss: 0.00057776
2025/09/03 17:23:27 : Epoch: 817, Train_Loss: 0.00055879
2025/09/03 17:23:27 : Epoch: 818, Train_Loss: 0.00060749
2025/09/03 17:23:27 : Epoch: 819, Train_Loss: 0.00057697
2025/09/03 17:23:27 : Epoch: 819, Eval_Loss: 0.00925875
2025/09/03 17:23:28 : Epoch: 820, Train_Loss: 0.00056237
2025/09/03 17:23:28 : Epoch: 821, Train_Loss: 0.00059815
2025/09/03 17:23:28 : Epoch: 822, Train_Loss: 0.00058540
2025/09/03 17:23:28 : Epoch: 823, Train_Loss: 0.00055448
2025/09/03 17:23:28 : Epoch: 824, Train_Loss: 0.00053553
2025/09/03 17:23:28 : Epoch: 824, Eval_Loss: 0.00916869
2025/09/03 17:23:28 : Epoch: 825, Train_Loss: 0.00052192
2025/09/03 17:23:28 : Epoch: 826, Train_Loss: 0.00053362
2025/09/03 17:23:28 : Epoch: 827, Train_Loss: 0.00053608
2025/09/03 17:23:29 : Epoch: 828, Train_Loss: 0.00052299
2025/09/03 17:23:29 : Epoch: 829, Train_Loss: 0.00052321
2025/09/03 17:23:29 : Epoch: 829, Eval_Loss: 0.00934122
2025/09/03 17:23:29 : Epoch: 830, Train_Loss: 0.00053488
2025/09/03 17:23:29 : Epoch: 831, Train_Loss: 0.00052120
2025/09/03 17:23:29 : Epoch: 832, Train_Loss: 0.00051137
2025/09/03 17:23:29 : Epoch: 833, Train_Loss: 0.00050764
2025/09/03 17:23:29 : Epoch: 834, Train_Loss: 0.00051379
2025/09/03 17:23:29 : Epoch: 834, Eval_Loss: 0.00921877
2025/09/03 17:23:29 : Epoch: 835, Train_Loss: 0.00051570
2025/09/03 17:23:30 : Epoch: 836, Train_Loss: 0.00051276
2025/09/03 17:23:30 : Epoch: 837, Train_Loss: 0.00055952
2025/09/03 17:23:30 : Epoch: 838, Train_Loss: 0.00052791
2025/09/03 17:23:30 : Epoch: 839, Train_Loss: 0.00051801
2025/09/03 17:23:30 : Epoch: 839, Eval_Loss: 0.00952459
2025/09/03 17:23:30 : Epoch: 840, Train_Loss: 0.00050325
2025/09/03 17:23:30 : Epoch: 841, Train_Loss: 0.00050207
2025/09/03 17:23:30 : Epoch: 842, Train_Loss: 0.00050404
2025/09/03 17:23:30 : Epoch: 843, Train_Loss: 0.00050580
2025/09/03 17:23:31 : Epoch: 844, Train_Loss: 0.00051395
2025/09/03 17:23:31 : Epoch: 844, Eval_Loss: 0.00910119
2025/09/03 17:23:31 : Epoch: 845, Train_Loss: 0.00051104
2025/09/03 17:23:31 : Epoch: 846, Train_Loss: 0.00051843
2025/09/03 17:23:31 : Epoch: 847, Train_Loss: 0.00057367
2025/09/03 17:23:31 : Epoch: 848, Train_Loss: 0.00054889
2025/09/03 17:23:31 : Epoch: 849, Train_Loss: 0.00057931
2025/09/03 17:23:31 : Epoch: 849, Eval_Loss: 0.00900807
2025/09/03 17:23:31 : Epoch: 850, Train_Loss: 0.00060130
2025/09/03 17:23:31 : Epoch: 851, Train_Loss: 0.00056251
2025/09/03 17:23:32 : Epoch: 852, Train_Loss: 0.00059887
2025/09/03 17:23:32 : Epoch: 853, Train_Loss: 0.00057737
2025/09/03 17:23:32 : Epoch: 854, Train_Loss: 0.00056828
2025/09/03 17:23:32 : Epoch: 854, Eval_Loss: 0.00964600
2025/09/03 17:23:32 : Epoch: 855, Train_Loss: 0.00052285
2025/09/03 17:23:32 : Epoch: 856, Train_Loss: 0.00053016
2025/09/03 17:23:32 : Epoch: 857, Train_Loss: 0.00052358
2025/09/03 17:23:32 : Epoch: 858, Train_Loss: 0.00051462
2025/09/03 17:23:32 : Epoch: 859, Train_Loss: 0.00054239
2025/09/03 17:23:32 : Epoch: 859, Eval_Loss: 0.00917723
2025/09/03 17:23:33 : Epoch: 860, Train_Loss: 0.00052803
2025/09/03 17:23:33 : Epoch: 861, Train_Loss: 0.00051019
2025/09/03 17:23:33 : Epoch: 862, Train_Loss: 0.00049866
2025/09/03 17:23:33 : Epoch: 863, Train_Loss: 0.00048712
2025/09/03 17:23:33 : Epoch: 864, Train_Loss: 0.00048738
2025/09/03 17:23:33 : Epoch: 864, Eval_Loss: 0.00915006
2025/09/03 17:23:33 : Epoch: 865, Train_Loss: 0.00048281
2025/09/03 17:23:33 : Epoch: 866, Train_Loss: 0.00048431
2025/09/03 17:23:33 : Epoch: 867, Train_Loss: 0.00047876
2025/09/03 17:23:33 : Epoch: 868, Train_Loss: 0.00048570
2025/09/03 17:23:34 : Epoch: 869, Train_Loss: 0.00049101
2025/09/03 17:23:34 : Epoch: 869, Eval_Loss: 0.00936101
2025/09/03 17:23:34 : Epoch: 870, Train_Loss: 0.00048968
2025/09/03 17:23:34 : Epoch: 871, Train_Loss: 0.00049134
2025/09/03 17:23:34 : Epoch: 872, Train_Loss: 0.00048357
2025/09/03 17:23:34 : Epoch: 873, Train_Loss: 0.00047265
2025/09/03 17:23:34 : Epoch: 874, Train_Loss: 0.00049387
2025/09/03 17:23:34 : Epoch: 874, Eval_Loss: 0.00928884
2025/09/03 17:23:34 : Epoch: 875, Train_Loss: 0.00051626
2025/09/03 17:23:34 : Epoch: 876, Train_Loss: 0.00050625
2025/09/03 17:23:35 : Epoch: 877, Train_Loss: 0.00055657
2025/09/03 17:23:35 : Epoch: 878, Train_Loss: 0.00053398
2025/09/03 17:23:35 : Epoch: 879, Train_Loss: 0.00053773
2025/09/03 17:23:35 : Epoch: 879, Eval_Loss: 0.00906368
2025/09/03 17:23:35 : Epoch: 880, Train_Loss: 0.00054938
2025/09/03 17:23:35 : Epoch: 881, Train_Loss: 0.00052283
2025/09/03 17:23:35 : Epoch: 882, Train_Loss: 0.00049780
2025/09/03 17:23:35 : Epoch: 883, Train_Loss: 0.00049981
2025/09/03 17:23:35 : Epoch: 884, Train_Loss: 0.00050034
2025/09/03 17:23:35 : Epoch: 884, Eval_Loss: 0.00924107
2025/09/03 17:23:36 : Epoch: 885, Train_Loss: 0.00048622
2025/09/03 17:23:36 : Epoch: 886, Train_Loss: 0.00050082
2025/09/03 17:23:36 : Epoch: 887, Train_Loss: 0.00049817
2025/09/03 17:23:36 : Epoch: 888, Train_Loss: 0.00049575
2025/09/03 17:23:36 : Epoch: 889, Train_Loss: 0.00049999
2025/09/03 17:23:36 : Epoch: 889, Eval_Loss: 0.00912627
2025/09/03 17:23:36 : Epoch: 890, Train_Loss: 0.00050302
2025/09/03 17:23:36 : Epoch: 891, Train_Loss: 0.00050940
2025/09/03 17:23:36 : Epoch: 892, Train_Loss: 0.00053910
2025/09/03 17:23:37 : Epoch: 893, Train_Loss: 0.00056902
2025/09/03 17:23:37 : Epoch: 894, Train_Loss: 0.00064657
2025/09/03 17:23:37 : Epoch: 894, Eval_Loss: 0.00933355
2025/09/03 17:23:37 : Epoch: 895, Train_Loss: 0.00063201
2025/09/03 17:23:37 : Epoch: 896, Train_Loss: 0.00093497
2025/09/03 17:23:37 : Epoch: 897, Train_Loss: 0.00157557
2025/09/03 17:23:37 : Epoch: 898, Train_Loss: 0.00156098
2025/09/03 17:23:37 : Epoch: 899, Train_Loss: 0.00212087
2025/09/03 17:23:37 : Epoch: 899, Eval_Loss: 0.01008120
2025/09/03 17:23:37 : Epoch: 900, Train_Loss: 0.00145520
2025/09/03 17:23:38 : Epoch: 901, Train_Loss: 0.00150054
2025/09/03 17:23:38 : Epoch: 902, Train_Loss: 0.00147632
2025/09/03 17:23:38 : Epoch: 903, Train_Loss: 0.00188344
2025/09/03 17:23:38 : Epoch: 904, Train_Loss: 0.00184593
2025/09/03 17:23:38 : Epoch: 904, Eval_Loss: 0.00671326
2025/09/03 17:23:38 : Epoch: 905, Train_Loss: 0.00191174
2025/09/03 17:23:38 : Epoch: 906, Train_Loss: 0.00181630
2025/09/03 17:23:38 : Epoch: 907, Train_Loss: 0.00132728
2025/09/03 17:23:38 : Epoch: 908, Train_Loss: 0.00090365
2025/09/03 17:23:38 : Epoch: 909, Train_Loss: 0.00089125
2025/09/03 17:23:39 : Epoch: 909, Eval_Loss: 0.00870096
2025/09/03 17:23:39 : Epoch: 910, Train_Loss: 0.00092717
2025/09/03 17:23:39 : Epoch: 911, Train_Loss: 0.00071921
2025/09/03 17:23:39 : Epoch: 912, Train_Loss: 0.00071491
2025/09/03 17:23:39 : Epoch: 913, Train_Loss: 0.00074635
2025/09/03 17:23:39 : Epoch: 914, Train_Loss: 0.00065893
2025/09/03 17:23:39 : Epoch: 914, Eval_Loss: 0.00837854
2025/09/03 17:23:39 : Epoch: 915, Train_Loss: 0.00064498
2025/09/03 17:23:39 : Epoch: 916, Train_Loss: 0.00068523
2025/09/03 17:23:39 : Epoch: 917, Train_Loss: 0.00070747
2025/09/03 17:23:40 : Epoch: 918, Train_Loss: 0.00069770
2025/09/03 17:23:40 : Epoch: 919, Train_Loss: 0.00062995
2025/09/03 17:23:40 : Epoch: 919, Eval_Loss: 0.00750128
2025/09/03 17:23:40 : Epoch: 920, Train_Loss: 0.00066721
2025/09/03 17:23:40 : Epoch: 921, Train_Loss: 0.00064466
2025/09/03 17:23:40 : Epoch: 922, Train_Loss: 0.00059382
2025/09/03 17:23:40 : Epoch: 923, Train_Loss: 0.00060485
2025/09/03 17:23:40 : Epoch: 924, Train_Loss: 0.00057230
2025/09/03 17:23:40 : Epoch: 924, Eval_Loss: 0.00874772
2025/09/03 17:23:41 : Epoch: 925, Train_Loss: 0.00055654
2025/09/03 17:23:41 : Epoch: 926, Train_Loss: 0.00057709
2025/09/03 17:23:41 : Epoch: 927, Train_Loss: 0.00056332
2025/09/03 17:23:41 : Epoch: 928, Train_Loss: 0.00053852
2025/09/03 17:23:41 : Epoch: 929, Train_Loss: 0.00055654
2025/09/03 17:23:41 : Epoch: 929, Eval_Loss: 0.00860398
2025/09/03 17:23:41 : Epoch: 930, Train_Loss: 0.00054581
2025/09/03 17:23:41 : Epoch: 931, Train_Loss: 0.00052906
2025/09/03 17:23:41 : Epoch: 932, Train_Loss: 0.00052778
2025/09/03 17:23:41 : Epoch: 933, Train_Loss: 0.00051985
2025/09/03 17:23:42 : Epoch: 934, Train_Loss: 0.00051941
2025/09/03 17:23:42 : Epoch: 934, Eval_Loss: 0.00860671
2025/09/03 17:23:42 : Epoch: 935, Train_Loss: 0.00052141
2025/09/03 17:23:42 : Epoch: 936, Train_Loss: 0.00051584
2025/09/03 17:23:42 : Epoch: 937, Train_Loss: 0.00051353
2025/09/03 17:23:42 : Epoch: 938, Train_Loss: 0.00051339
2025/09/03 17:23:42 : Epoch: 939, Train_Loss: 0.00051084
2025/09/03 17:23:42 : Epoch: 939, Eval_Loss: 0.00856023
2025/09/03 17:23:42 : Epoch: 940, Train_Loss: 0.00051422
2025/09/03 17:23:42 : Epoch: 941, Train_Loss: 0.00050691
2025/09/03 17:23:43 : Epoch: 942, Train_Loss: 0.00050889
2025/09/03 17:23:43 : Epoch: 943, Train_Loss: 0.00051442
2025/09/03 17:23:43 : Epoch: 944, Train_Loss: 0.00051522
2025/09/03 17:23:43 : Epoch: 944, Eval_Loss: 0.00869316
2025/09/03 17:23:43 : Epoch: 945, Train_Loss: 0.00050880
2025/09/03 17:23:43 : Epoch: 946, Train_Loss: 0.00050905
2025/09/03 17:23:43 : Epoch: 947, Train_Loss: 0.00051318
2025/09/03 17:23:43 : Epoch: 948, Train_Loss: 0.00051287
2025/09/03 17:23:43 : Epoch: 949, Train_Loss: 0.00050943
2025/09/03 17:23:43 : Epoch: 949, Eval_Loss: 0.00871018
2025/09/03 17:23:44 : Epoch: 950, Train_Loss: 0.00051570
2025/09/03 17:23:44 : Epoch: 951, Train_Loss: 0.00051175
2025/09/03 17:23:44 : Epoch: 952, Train_Loss: 0.00050237
2025/09/03 17:23:44 : Epoch: 953, Train_Loss: 0.00051009
2025/09/03 17:23:44 : Epoch: 954, Train_Loss: 0.00051330
2025/09/03 17:23:44 : Epoch: 954, Eval_Loss: 0.00855883
2025/09/03 17:23:44 : Epoch: 955, Train_Loss: 0.00051361
2025/09/03 17:23:44 : Epoch: 956, Train_Loss: 0.00050869
2025/09/03 17:23:44 : Epoch: 957, Train_Loss: 0.00050827
2025/09/03 17:23:45 : Epoch: 958, Train_Loss: 0.00052032
2025/09/03 17:23:45 : Epoch: 959, Train_Loss: 0.00050269
2025/09/03 17:23:45 : Epoch: 959, Eval_Loss: 0.00798148
2025/09/03 17:23:45 : Epoch: 960, Train_Loss: 0.00051205
2025/09/03 17:23:45 : Epoch: 961, Train_Loss: 0.00050320
2025/09/03 17:23:45 : Epoch: 962, Train_Loss: 0.00050451
2025/09/03 17:23:45 : Epoch: 963, Train_Loss: 0.00050366
2025/09/03 17:23:45 : Epoch: 964, Train_Loss: 0.00049948
2025/09/03 17:23:45 : Epoch: 964, Eval_Loss: 0.00792707
2025/09/03 17:23:45 : Epoch: 965, Train_Loss: 0.00049719
2025/09/03 17:23:46 : Epoch: 966, Train_Loss: 0.00049626
2025/09/03 17:23:46 : Epoch: 967, Train_Loss: 0.00050124
2025/09/03 17:23:46 : Epoch: 968, Train_Loss: 0.00050968
2025/09/03 17:23:46 : Epoch: 969, Train_Loss: 0.00052482
2025/09/03 17:23:46 : Epoch: 969, Eval_Loss: 0.00868849
2025/09/03 17:23:46 : Epoch: 970, Train_Loss: 0.00050565
2025/09/03 17:23:46 : Epoch: 971, Train_Loss: 0.00051972
2025/09/03 17:23:46 : Epoch: 972, Train_Loss: 0.00053088
2025/09/03 17:23:46 : Epoch: 973, Train_Loss: 0.00051796
2025/09/03 17:23:46 : Epoch: 974, Train_Loss: 0.00050050
2025/09/03 17:23:47 : Epoch: 974, Eval_Loss: 0.00866576
2025/09/03 17:23:47 : Epoch: 975, Train_Loss: 0.00050641
2025/09/03 17:23:47 : Epoch: 976, Train_Loss: 0.00050416
2025/09/03 17:23:47 : Epoch: 977, Train_Loss: 0.00050327
2025/09/03 17:23:47 : Epoch: 978, Train_Loss: 0.00050042
2025/09/03 17:23:47 : Epoch: 979, Train_Loss: 0.00050517
2025/09/03 17:23:47 : Epoch: 979, Eval_Loss: 0.00799150
2025/09/03 17:23:47 : Epoch: 980, Train_Loss: 0.00049694
2025/09/03 17:23:47 : Epoch: 981, Train_Loss: 0.00048047
2025/09/03 17:23:47 : Epoch: 982, Train_Loss: 0.00047531
2025/09/03 17:23:48 : Epoch: 983, Train_Loss: 0.00047681
2025/09/03 17:23:48 : Epoch: 984, Train_Loss: 0.00047250
2025/09/03 17:23:48 : Epoch: 984, Eval_Loss: 0.00793529
2025/09/03 17:23:48 : Epoch: 985, Train_Loss: 0.00047850
2025/09/03 17:23:48 : Epoch: 986, Train_Loss: 0.00047283
2025/09/03 17:23:48 : Epoch: 987, Train_Loss: 0.00048034
2025/09/03 17:23:48 : Epoch: 988, Train_Loss: 0.00046656
2025/09/03 17:23:48 : Epoch: 989, Train_Loss: 0.00046941
2025/09/03 17:23:48 : Epoch: 989, Eval_Loss: 0.00797180
2025/09/03 17:23:48 : Epoch: 990, Train_Loss: 0.00046790
2025/09/03 17:23:49 : Epoch: 991, Train_Loss: 0.00046880
2025/09/03 17:23:49 : Epoch: 992, Train_Loss: 0.00046558
2025/09/03 17:23:49 : Epoch: 993, Train_Loss: 0.00047152
2025/09/03 17:23:49 : Epoch: 994, Train_Loss: 0.00046207
2025/09/03 17:23:49 : Epoch: 994, Eval_Loss: 0.00793571
2025/09/03 17:23:49 : Epoch: 995, Train_Loss: 0.00046883
2025/09/03 17:23:49 : Epoch: 996, Train_Loss: 0.00046810
2025/09/03 17:23:49 : Epoch: 997, Train_Loss: 0.00046621
2025/09/03 17:23:49 : Epoch: 998, Train_Loss: 0.00046272
2025/09/03 17:23:50 : Epoch: 999, Train_Loss: 0.00046588
2025/09/03 17:23:50 : Epoch: 999, Eval_Loss: 0.00783772
