2025/09/03 17:37:51 : 

** GPU Info **
2025/09/03 17:37:51 : ====================================================================================================
2025/09/03 17:37:51 : My GPU is NVIDIA L40
2025/09/03 17:37:51 : ====================================================================================================
2025/09/03 17:38:12 : 

** Load Data **
2025/09/03 17:38:12 : ====================================================================================================
2025/09/03 17:38:12 : Response Type: Displacement
2025/09/03 17:38:12 : Train dataset: ['./Data/Nonlinear_Analysis/train/ChiChi_DBE', './Data/Nonlinear_Analysis/train/NGAWest2_DBE', './Data/Nonlinear_Analysis/train/ChiChi_MCE', './Data/Nonlinear_Analysis/train/NGAWest2_MCE']
2025/09/03 17:38:12 : Eval dataset: ['./Data/Nonlinear_Analysis/eval/ChiChi_DBE', './Data/Nonlinear_Analysis/eval/NGAWest2_DBE', './Data/Nonlinear_Analysis/eval/ChiChi_MCE', './Data/Nonlinear_Analysis/eval/NGAWest2_MCE']
2025/09/03 17:38:12 : # of effective train data: 20
2025/09/03 17:38:12 : # of effective eval data: 20
2025/09/03 17:38:12 : ====================================================================================================
2025/09/03 17:38:12 : 

** Get Normalization Dictionary **
2025/09/03 17:38:12 : ====================================================================================================
2025/09/03 17:38:12 : 
normalization dictionary: 
{'x': {'XYZ_gridline_num': tensor(8.), 'XYZ_grid_index': tensor(7.), 'period': tensor(1.3262), 'DOF': tensor(1.), 'mass': tensor(0.0255), 'XYZ_inertia': tensor(255288.), 'XYZ_mode_shape': tensor(1.8960)}, 'ground_motion': tensor(10479.9434), 'y': tensor(241.7000), 'edge_attr': {'S_y': tensor(3687090.), 'S_z': tensor(3687090.), 'area': tensor(30774.), 'element_length': tensor(8000.)}, 'response_type': 'Displacement'}
2025/09/03 17:38:12 : ====================================================================================================
2025/09/03 17:38:12 : 

** Model Info **
2025/09/03 17:38:12 : ====================================================================================================
2025/09/03 17:38:12 : GCN_LSTM(
  (GCN_Encoder): GCN_Encoder(
    (relu): ReLU()
    (dropout): Dropout(p=0.2, inplace=False)
    (conv1): GCNConv(15, 128)
    (conv2): GCNConv(128, 256)
    (conv3): GCNConv(256, 128)
  )
  (LSTM): LSTM(
    (lstm): LSTM(148, 128, num_layers=2, batch_first=True, dropout=0.2)
    (fc_out): Sequential(
      (0): Linear(in_features=128, out_features=128, bias=True)
      (1): ReLU()
      (2): Linear(in_features=128, out_features=16, bias=True)
    )
  )
)
2025/09/03 17:38:12 : ====================================================================================================
2025/09/03 17:38:12 : 

** Train **
2025/09/03 17:38:12 : ====================================================================================================
2025/09/03 17:38:12 :   Packed Mode = True
2025/09/03 17:38:12 :   Compression Rate of Ground Motion = 20
2025/09/03 17:38:12 :   Compression Rate of Response Sequence  = 2
2025/09/03 17:38:12 :   Compressed Seqence Length  = 1000
2025/09/03 17:38:12 :   Num Epochs = 1000
2025/09/03 17:38:12 :   Num Train Examples = 20
2025/09/03 17:38:12 :   Num Eval Examples = 20
2025/09/03 17:38:12 :   Batch Size = 5
2025/09/03 17:38:12 :   Evaluation Interval = 5
2025/09/03 17:38:12 :   Plot Interval = 1000
2025/09/03 17:38:12 : ====================================================================================================
2025/09/03 17:38:12 : Epoch: 000, Train_Loss: 0.01213744
2025/09/03 17:38:12 : Epoch: 001, Train_Loss: 0.01045383
2025/09/03 17:38:13 : Epoch: 002, Train_Loss: 0.01016035
2025/09/03 17:38:13 : Epoch: 003, Train_Loss: 0.01004613
2025/09/03 17:38:13 : Epoch: 004, Train_Loss: 0.00998505
2025/09/03 17:38:13 : Epoch: 004, Eval_Loss: 0.00648997
2025/09/03 17:38:13 : Epoch: 004, Save the best checkpoint
2025/09/03 17:38:13 : Epoch: 005, Train_Loss: 0.00995178
2025/09/03 17:38:14 : Epoch: 006, Train_Loss: 0.01002405
2025/09/03 17:38:14 : Epoch: 007, Train_Loss: 0.00992657
2025/09/03 17:38:14 : Epoch: 008, Train_Loss: 0.00989378
2025/09/03 17:38:14 : Epoch: 009, Train_Loss: 0.00995772
2025/09/03 17:38:14 : Epoch: 009, Eval_Loss: 0.00641462
2025/09/03 17:38:14 : Epoch: 009, Save the best checkpoint
2025/09/03 17:38:14 : Epoch: 010, Train_Loss: 0.00990433
2025/09/03 17:38:15 : Epoch: 011, Train_Loss: 0.00979256
2025/09/03 17:38:15 : Epoch: 012, Train_Loss: 0.00968960
2025/09/03 17:38:15 : Epoch: 013, Train_Loss: 0.00960536
2025/09/03 17:38:15 : Epoch: 014, Train_Loss: 0.00959306
2025/09/03 17:38:15 : Epoch: 014, Eval_Loss: 0.00613792
2025/09/03 17:38:15 : Epoch: 014, Save the best checkpoint
2025/09/03 17:38:16 : Epoch: 015, Train_Loss: 0.00940461
2025/09/03 17:38:16 : Epoch: 016, Train_Loss: 0.00935133
2025/09/03 17:38:16 : Epoch: 017, Train_Loss: 0.00920572
2025/09/03 17:38:16 : Epoch: 018, Train_Loss: 0.00919612
2025/09/03 17:38:16 : Epoch: 019, Train_Loss: 0.00921371
2025/09/03 17:38:16 : Epoch: 019, Eval_Loss: 0.00589580
2025/09/03 17:38:16 : Epoch: 019, Save the best checkpoint
2025/09/03 17:38:17 : Epoch: 020, Train_Loss: 0.00894866
2025/09/03 17:38:17 : Epoch: 021, Train_Loss: 0.00888581
2025/09/03 17:38:17 : Epoch: 022, Train_Loss: 0.00880484
2025/09/03 17:38:17 : Epoch: 023, Train_Loss: 0.00860752
2025/09/03 17:38:17 : Epoch: 024, Train_Loss: 0.00881675
2025/09/03 17:38:18 : Epoch: 024, Eval_Loss: 0.00605717
2025/09/03 17:38:18 : Epoch: 025, Train_Loss: 0.00912907
2025/09/03 17:38:18 : Epoch: 026, Train_Loss: 0.00869946
2025/09/03 17:38:18 : Epoch: 027, Train_Loss: 0.00869504
2025/09/03 17:38:18 : Epoch: 028, Train_Loss: 0.00844148
2025/09/03 17:38:19 : Epoch: 029, Train_Loss: 0.00845636
2025/09/03 17:38:19 : Epoch: 029, Eval_Loss: 0.00551439
2025/09/03 17:38:19 : Epoch: 029, Save the best checkpoint
2025/09/03 17:38:19 : Epoch: 030, Train_Loss: 0.01026989
2025/09/03 17:38:19 : Epoch: 031, Train_Loss: 0.00953156
2025/09/03 17:38:19 : Epoch: 032, Train_Loss: 0.00953962
2025/09/03 17:38:19 : Epoch: 033, Train_Loss: 0.00938974
2025/09/03 17:38:20 : Epoch: 034, Train_Loss: 0.00924271
2025/09/03 17:38:20 : Epoch: 034, Eval_Loss: 0.00604720
2025/09/03 17:38:20 : Epoch: 035, Train_Loss: 0.00906672
2025/09/03 17:38:20 : Epoch: 036, Train_Loss: 0.00890954
2025/09/03 17:38:20 : Epoch: 037, Train_Loss: 0.00860082
2025/09/03 17:38:21 : Epoch: 038, Train_Loss: 0.00845090
2025/09/03 17:38:21 : Epoch: 039, Train_Loss: 0.00863892
2025/09/03 17:38:21 : Epoch: 039, Eval_Loss: 0.00582615
2025/09/03 17:38:21 : Epoch: 040, Train_Loss: 0.00844223
2025/09/03 17:38:21 : Epoch: 041, Train_Loss: 0.00843494
2025/09/03 17:38:21 : Epoch: 042, Train_Loss: 0.00829545
2025/09/03 17:38:22 : Epoch: 043, Train_Loss: 0.00801039
2025/09/03 17:38:22 : Epoch: 044, Train_Loss: 0.00860566
2025/09/03 17:38:22 : Epoch: 044, Eval_Loss: 0.00583272
2025/09/03 17:38:22 : Epoch: 045, Train_Loss: 0.00881449
2025/09/03 17:38:22 : Epoch: 046, Train_Loss: 0.00863579
2025/09/03 17:38:23 : Epoch: 047, Train_Loss: 0.00838916
2025/09/03 17:38:23 : Epoch: 048, Train_Loss: 0.00820257
2025/09/03 17:38:23 : Epoch: 049, Train_Loss: 0.00814498
2025/09/03 17:38:23 : Epoch: 049, Eval_Loss: 0.00573106
2025/09/03 17:38:23 : Epoch: 050, Train_Loss: 0.00783253
2025/09/03 17:38:23 : Epoch: 051, Train_Loss: 0.00776081
2025/09/03 17:38:24 : Epoch: 052, Train_Loss: 0.00773200
2025/09/03 17:38:24 : Epoch: 053, Train_Loss: 0.00847984
2025/09/03 17:38:24 : Epoch: 054, Train_Loss: 0.00939232
2025/09/03 17:38:24 : Epoch: 054, Eval_Loss: 0.00588451
2025/09/03 17:38:24 : Epoch: 055, Train_Loss: 0.00887334
2025/09/03 17:38:25 : Epoch: 056, Train_Loss: 0.00881117
2025/09/03 17:38:25 : Epoch: 057, Train_Loss: 0.00872402
2025/09/03 17:38:25 : Epoch: 058, Train_Loss: 0.00861378
2025/09/03 17:38:25 : Epoch: 059, Train_Loss: 0.00797165
2025/09/03 17:38:25 : Epoch: 059, Eval_Loss: 0.00593389
2025/09/03 17:38:25 : Epoch: 060, Train_Loss: 0.00773403
2025/09/03 17:38:26 : Epoch: 061, Train_Loss: 0.00811253
2025/09/03 17:38:26 : Epoch: 062, Train_Loss: 0.00941661
2025/09/03 17:38:26 : Epoch: 063, Train_Loss: 0.00925250
2025/09/03 17:38:26 : Epoch: 064, Train_Loss: 0.00893298
2025/09/03 17:38:26 : Epoch: 064, Eval_Loss: 0.00592128
2025/09/03 17:38:27 : Epoch: 065, Train_Loss: 0.00873578
2025/09/03 17:38:27 : Epoch: 066, Train_Loss: 0.00851372
2025/09/03 17:38:27 : Epoch: 067, Train_Loss: 0.00843367
2025/09/03 17:38:27 : Epoch: 068, Train_Loss: 0.00856740
2025/09/03 17:38:27 : Epoch: 069, Train_Loss: 0.00832017
2025/09/03 17:38:27 : Epoch: 069, Eval_Loss: 0.00576484
2025/09/03 17:38:28 : Epoch: 070, Train_Loss: 0.00837778
2025/09/03 17:38:28 : Epoch: 071, Train_Loss: 0.00819685
2025/09/03 17:38:28 : Epoch: 072, Train_Loss: 0.00799008
2025/09/03 17:38:28 : Epoch: 073, Train_Loss: 0.00841359
2025/09/03 17:38:28 : Epoch: 074, Train_Loss: 0.00870479
2025/09/03 17:38:29 : Epoch: 074, Eval_Loss: 0.00587350
2025/09/03 17:38:29 : Epoch: 075, Train_Loss: 0.00870935
2025/09/03 17:38:29 : Epoch: 076, Train_Loss: 0.00841614
2025/09/03 17:38:29 : Epoch: 077, Train_Loss: 0.00831983
2025/09/03 17:38:29 : Epoch: 078, Train_Loss: 0.00817942
2025/09/03 17:38:30 : Epoch: 079, Train_Loss: 0.00811816
2025/09/03 17:38:30 : Epoch: 079, Eval_Loss: 0.00565396
2025/09/03 17:38:30 : Epoch: 080, Train_Loss: 0.00809852
2025/09/03 17:38:30 : Epoch: 081, Train_Loss: 0.00808544
2025/09/03 17:38:30 : Epoch: 082, Train_Loss: 0.00803654
2025/09/03 17:38:30 : Epoch: 083, Train_Loss: 0.00784561
2025/09/03 17:38:31 : Epoch: 084, Train_Loss: 0.00775123
2025/09/03 17:38:31 : Epoch: 084, Eval_Loss: 0.00540209
2025/09/03 17:38:31 : Epoch: 084, Save the best checkpoint
2025/09/03 17:38:31 : Epoch: 085, Train_Loss: 0.00747923
2025/09/03 17:38:31 : Epoch: 086, Train_Loss: 0.00733867
2025/09/03 17:38:31 : Epoch: 087, Train_Loss: 0.00739735
2025/09/03 17:38:32 : Epoch: 088, Train_Loss: 0.00762742
2025/09/03 17:38:32 : Epoch: 089, Train_Loss: 0.00777728
2025/09/03 17:38:32 : Epoch: 089, Eval_Loss: 0.00534250
2025/09/03 17:38:32 : Epoch: 089, Save the best checkpoint
2025/09/03 17:38:32 : Epoch: 090, Train_Loss: 0.00734209
2025/09/03 17:38:32 : Epoch: 091, Train_Loss: 0.00821952
2025/09/03 17:38:32 : Epoch: 092, Train_Loss: 0.00793856
2025/09/03 17:38:33 : Epoch: 093, Train_Loss: 0.00873759
2025/09/03 17:38:33 : Epoch: 094, Train_Loss: 0.00775569
2025/09/03 17:38:33 : Epoch: 094, Eval_Loss: 0.00586993
2025/09/03 17:38:33 : Epoch: 095, Train_Loss: 0.00769514
2025/09/03 17:38:33 : Epoch: 096, Train_Loss: 0.00744636
2025/09/03 17:38:34 : Epoch: 097, Train_Loss: 0.00698419
2025/09/03 17:38:34 : Epoch: 098, Train_Loss: 0.00674690
2025/09/03 17:38:34 : Epoch: 099, Train_Loss: 0.00638210
2025/09/03 17:38:34 : Epoch: 099, Eval_Loss: 0.00573149
2025/09/03 17:38:34 : Epoch: 100, Train_Loss: 0.00651304
2025/09/03 17:38:34 : Epoch: 101, Train_Loss: 0.00651172
2025/09/03 17:38:35 : Epoch: 102, Train_Loss: 0.00724373
2025/09/03 17:38:35 : Epoch: 103, Train_Loss: 0.00825424
2025/09/03 17:38:35 : Epoch: 104, Train_Loss: 0.00826427
2025/09/03 17:38:35 : Epoch: 104, Eval_Loss: 0.00595643
2025/09/03 17:38:35 : Epoch: 105, Train_Loss: 0.00752443
2025/09/03 17:38:36 : Epoch: 106, Train_Loss: 0.00806188
2025/09/03 17:38:36 : Epoch: 107, Train_Loss: 0.00813831
2025/09/03 17:38:36 : Epoch: 108, Train_Loss: 0.00810949
2025/09/03 17:38:36 : Epoch: 109, Train_Loss: 0.00793650
2025/09/03 17:38:36 : Epoch: 109, Eval_Loss: 0.00563455
2025/09/03 17:38:36 : Epoch: 110, Train_Loss: 0.00745585
2025/09/03 17:38:37 : Epoch: 111, Train_Loss: 0.00790816
2025/09/03 17:38:37 : Epoch: 112, Train_Loss: 0.00757176
2025/09/03 17:38:37 : Epoch: 113, Train_Loss: 0.00759112
2025/09/03 17:38:37 : Epoch: 114, Train_Loss: 0.00785611
2025/09/03 17:38:37 : Epoch: 114, Eval_Loss: 0.00521106
2025/09/03 17:38:37 : Epoch: 114, Save the best checkpoint
2025/09/03 17:38:38 : Epoch: 115, Train_Loss: 0.00759717
2025/09/03 17:38:38 : Epoch: 116, Train_Loss: 0.00717343
2025/09/03 17:38:38 : Epoch: 117, Train_Loss: 0.00680122
2025/09/03 17:38:38 : Epoch: 118, Train_Loss: 0.00718547
2025/09/03 17:38:38 : Epoch: 119, Train_Loss: 0.00783159
2025/09/03 17:38:38 : Epoch: 119, Eval_Loss: 0.00524128
2025/09/03 17:38:39 : Epoch: 120, Train_Loss: 0.00775791
2025/09/03 17:38:39 : Epoch: 121, Train_Loss: 0.00788641
2025/09/03 17:38:39 : Epoch: 122, Train_Loss: 0.00729688
2025/09/03 17:38:39 : Epoch: 123, Train_Loss: 0.00724380
2025/09/03 17:38:39 : Epoch: 124, Train_Loss: 0.00687712
2025/09/03 17:38:40 : Epoch: 124, Eval_Loss: 0.00521945
2025/09/03 17:38:40 : Epoch: 125, Train_Loss: 0.00643833
2025/09/03 17:38:40 : Epoch: 126, Train_Loss: 0.00661576
2025/09/03 17:38:40 : Epoch: 127, Train_Loss: 0.00707589
2025/09/03 17:38:40 : Epoch: 128, Train_Loss: 0.00706745
2025/09/03 17:38:41 : Epoch: 129, Train_Loss: 0.00674745
2025/09/03 17:38:41 : Epoch: 129, Eval_Loss: 0.00513148
2025/09/03 17:38:41 : Epoch: 129, Save the best checkpoint
2025/09/03 17:38:41 : Epoch: 130, Train_Loss: 0.00643973
2025/09/03 17:38:41 : Epoch: 131, Train_Loss: 0.00628938
2025/09/03 17:38:41 : Epoch: 132, Train_Loss: 0.00643610
2025/09/03 17:38:41 : Epoch: 133, Train_Loss: 0.00601976
2025/09/03 17:38:42 : Epoch: 134, Train_Loss: 0.00616713
2025/09/03 17:38:42 : Epoch: 134, Eval_Loss: 0.00680230
2025/09/03 17:38:42 : Epoch: 135, Train_Loss: 0.00705831
2025/09/03 17:38:42 : Epoch: 136, Train_Loss: 0.00816520
2025/09/03 17:38:42 : Epoch: 137, Train_Loss: 0.00755001
2025/09/03 17:38:43 : Epoch: 138, Train_Loss: 0.00796631
2025/09/03 17:38:43 : Epoch: 139, Train_Loss: 0.00717470
2025/09/03 17:38:43 : Epoch: 139, Eval_Loss: 0.00510248
2025/09/03 17:38:43 : Epoch: 139, Save the best checkpoint
2025/09/03 17:38:43 : Epoch: 140, Train_Loss: 0.00704516
2025/09/03 17:38:43 : Epoch: 141, Train_Loss: 0.00664838
2025/09/03 17:38:43 : Epoch: 142, Train_Loss: 0.00612445
2025/09/03 17:38:44 : Epoch: 143, Train_Loss: 0.00590004
2025/09/03 17:38:44 : Epoch: 144, Train_Loss: 0.00545233
2025/09/03 17:38:44 : Epoch: 144, Eval_Loss: 0.00631651
2025/09/03 17:38:44 : Epoch: 145, Train_Loss: 0.00641328
2025/09/03 17:38:44 : Epoch: 146, Train_Loss: 0.00682621
2025/09/03 17:38:45 : Epoch: 147, Train_Loss: 0.00680204
2025/09/03 17:38:45 : Epoch: 148, Train_Loss: 0.00598514
2025/09/03 17:38:45 : Epoch: 149, Train_Loss: 0.00587227
2025/09/03 17:38:45 : Epoch: 149, Eval_Loss: 0.00566928
2025/09/03 17:38:45 : Epoch: 150, Train_Loss: 0.00603502
2025/09/03 17:38:45 : Epoch: 151, Train_Loss: 0.00616753
2025/09/03 17:38:46 : Epoch: 152, Train_Loss: 0.00508359
2025/09/03 17:38:46 : Epoch: 153, Train_Loss: 0.00539240
2025/09/03 17:38:46 : Epoch: 154, Train_Loss: 0.00589912
2025/09/03 17:38:46 : Epoch: 154, Eval_Loss: 0.00534936
2025/09/03 17:38:46 : Epoch: 155, Train_Loss: 0.00748857
2025/09/03 17:38:47 : Epoch: 156, Train_Loss: 0.00708168
2025/09/03 17:38:47 : Epoch: 157, Train_Loss: 0.00652726
2025/09/03 17:38:47 : Epoch: 158, Train_Loss: 0.00677793
2025/09/03 17:38:47 : Epoch: 159, Train_Loss: 0.00643671
2025/09/03 17:38:47 : Epoch: 159, Eval_Loss: 0.00504427
2025/09/03 17:38:47 : Epoch: 159, Save the best checkpoint
2025/09/03 17:38:47 : Epoch: 160, Train_Loss: 0.00632688
2025/09/03 17:38:48 : Epoch: 161, Train_Loss: 0.00589052
2025/09/03 17:38:48 : Epoch: 162, Train_Loss: 0.00580834
2025/09/03 17:38:48 : Epoch: 163, Train_Loss: 0.00512836
2025/09/03 17:38:48 : Epoch: 164, Train_Loss: 0.00505780
2025/09/03 17:38:48 : Epoch: 164, Eval_Loss: 0.00559658
2025/09/03 17:38:49 : Epoch: 165, Train_Loss: 0.00481816
2025/09/03 17:38:49 : Epoch: 166, Train_Loss: 0.00429194
2025/09/03 17:38:49 : Epoch: 167, Train_Loss: 0.00453422
2025/09/03 17:38:49 : Epoch: 168, Train_Loss: 0.00480435
2025/09/03 17:38:49 : Epoch: 169, Train_Loss: 0.00443939
2025/09/03 17:38:49 : Epoch: 169, Eval_Loss: 0.00602674
2025/09/03 17:38:50 : Epoch: 170, Train_Loss: 0.00555905
2025/09/03 17:38:50 : Epoch: 171, Train_Loss: 0.00796188
2025/09/03 17:38:50 : Epoch: 172, Train_Loss: 0.00827523
2025/09/03 17:38:50 : Epoch: 173, Train_Loss: 0.00789413
2025/09/03 17:38:50 : Epoch: 174, Train_Loss: 0.00769822
2025/09/03 17:38:51 : Epoch: 174, Eval_Loss: 0.00601125
2025/09/03 17:38:51 : Epoch: 175, Train_Loss: 0.00716047
2025/09/03 17:38:51 : Epoch: 176, Train_Loss: 0.00672416
2025/09/03 17:38:51 : Epoch: 177, Train_Loss: 0.00631052
2025/09/03 17:38:51 : Epoch: 178, Train_Loss: 0.00643936
2025/09/03 17:38:52 : Epoch: 179, Train_Loss: 0.00661873
2025/09/03 17:38:52 : Epoch: 179, Eval_Loss: 0.00589541
2025/09/03 17:38:52 : Epoch: 180, Train_Loss: 0.00679684
2025/09/03 17:38:52 : Epoch: 181, Train_Loss: 0.00648247
2025/09/03 17:38:52 : Epoch: 182, Train_Loss: 0.00609316
2025/09/03 17:38:52 : Epoch: 183, Train_Loss: 0.00589574
2025/09/03 17:38:53 : Epoch: 184, Train_Loss: 0.00583907
2025/09/03 17:38:53 : Epoch: 184, Eval_Loss: 0.00628793
2025/09/03 17:38:53 : Epoch: 185, Train_Loss: 0.00566048
2025/09/03 17:38:53 : Epoch: 186, Train_Loss: 0.00519269
2025/09/03 17:38:53 : Epoch: 187, Train_Loss: 0.00830570
2025/09/03 17:38:54 : Epoch: 188, Train_Loss: 0.00773812
2025/09/03 17:38:54 : Epoch: 189, Train_Loss: 0.00790113
2025/09/03 17:38:54 : Epoch: 189, Eval_Loss: 0.00617986
2025/09/03 17:38:54 : Epoch: 190, Train_Loss: 0.00754486
2025/09/03 17:38:54 : Epoch: 191, Train_Loss: 0.00718077
2025/09/03 17:38:54 : Epoch: 192, Train_Loss: 0.00677722
2025/09/03 17:38:55 : Epoch: 193, Train_Loss: 0.00644550
2025/09/03 17:38:55 : Epoch: 194, Train_Loss: 0.00608805
2025/09/03 17:38:55 : Epoch: 194, Eval_Loss: 0.00616676
2025/09/03 17:38:55 : Epoch: 195, Train_Loss: 0.00581595
2025/09/03 17:38:55 : Epoch: 196, Train_Loss: 0.00554961
2025/09/03 17:38:56 : Epoch: 197, Train_Loss: 0.00553164
2025/09/03 17:38:56 : Epoch: 198, Train_Loss: 0.00548368
2025/09/03 17:38:56 : Epoch: 199, Train_Loss: 0.00497594
2025/09/03 17:38:56 : Epoch: 199, Eval_Loss: 0.00528067
2025/09/03 17:38:56 : Epoch: 200, Train_Loss: 0.00473598
2025/09/03 17:38:56 : Epoch: 201, Train_Loss: 0.00564427
2025/09/03 17:38:57 : Epoch: 202, Train_Loss: 0.00532247
2025/09/03 17:38:57 : Epoch: 203, Train_Loss: 0.00501998
2025/09/03 17:38:57 : Epoch: 204, Train_Loss: 0.00613581
2025/09/03 17:38:57 : Epoch: 204, Eval_Loss: 0.00609144
2025/09/03 17:38:57 : Epoch: 205, Train_Loss: 0.00610285
2025/09/03 17:38:58 : Epoch: 206, Train_Loss: 0.00590421
2025/09/03 17:38:58 : Epoch: 207, Train_Loss: 0.00540811
2025/09/03 17:38:58 : Epoch: 208, Train_Loss: 0.00505074
2025/09/03 17:38:58 : Epoch: 209, Train_Loss: 0.00459690
2025/09/03 17:38:58 : Epoch: 209, Eval_Loss: 0.00551246
2025/09/03 17:38:58 : Epoch: 210, Train_Loss: 0.00468719
2025/09/03 17:38:59 : Epoch: 211, Train_Loss: 0.00618248
2025/09/03 17:38:59 : Epoch: 212, Train_Loss: 0.00668674
2025/09/03 17:38:59 : Epoch: 213, Train_Loss: 0.00656863
2025/09/03 17:38:59 : Epoch: 214, Train_Loss: 0.00564875
2025/09/03 17:38:59 : Epoch: 214, Eval_Loss: 0.00648436
2025/09/03 17:39:00 : Epoch: 215, Train_Loss: 0.00548555
2025/09/03 17:39:00 : Epoch: 216, Train_Loss: 0.00543964
2025/09/03 17:39:00 : Epoch: 217, Train_Loss: 0.00481719
2025/09/03 17:39:00 : Epoch: 218, Train_Loss: 0.00507003
2025/09/03 17:39:00 : Epoch: 219, Train_Loss: 0.00437307
2025/09/03 17:39:00 : Epoch: 219, Eval_Loss: 0.00508368
2025/09/03 17:39:01 : Epoch: 220, Train_Loss: 0.00418339
2025/09/03 17:39:01 : Epoch: 221, Train_Loss: 0.00499830
2025/09/03 17:39:01 : Epoch: 222, Train_Loss: 0.00657753
2025/09/03 17:39:01 : Epoch: 223, Train_Loss: 0.00581915
2025/09/03 17:39:01 : Epoch: 224, Train_Loss: 0.00554892
2025/09/03 17:39:02 : Epoch: 224, Eval_Loss: 0.00606988
2025/09/03 17:39:02 : Epoch: 225, Train_Loss: 0.00522006
2025/09/03 17:39:02 : Epoch: 226, Train_Loss: 0.00469690
2025/09/03 17:39:02 : Epoch: 227, Train_Loss: 0.00469304
2025/09/03 17:39:02 : Epoch: 228, Train_Loss: 0.00433708
2025/09/03 17:39:03 : Epoch: 229, Train_Loss: 0.00434387
2025/09/03 17:39:03 : Epoch: 229, Eval_Loss: 0.00549127
2025/09/03 17:39:03 : Epoch: 230, Train_Loss: 0.00452940
2025/09/03 17:39:03 : Epoch: 231, Train_Loss: 0.00466874
2025/09/03 17:39:03 : Epoch: 232, Train_Loss: 0.00451173
2025/09/03 17:39:03 : Epoch: 233, Train_Loss: 0.00380751
2025/09/03 17:39:04 : Epoch: 234, Train_Loss: 0.00381039
2025/09/03 17:39:04 : Epoch: 234, Eval_Loss: 0.00598431
2025/09/03 17:39:04 : Epoch: 235, Train_Loss: 0.00382672
2025/09/03 17:39:04 : Epoch: 236, Train_Loss: 0.00404064
2025/09/03 17:39:04 : Epoch: 237, Train_Loss: 0.00391870
2025/09/03 17:39:05 : Epoch: 238, Train_Loss: 0.00411768
2025/09/03 17:39:05 : Epoch: 239, Train_Loss: 0.00467483
2025/09/03 17:39:05 : Epoch: 239, Eval_Loss: 0.00558502
2025/09/03 17:39:05 : Epoch: 240, Train_Loss: 0.00489668
2025/09/03 17:39:05 : Epoch: 241, Train_Loss: 0.00541273
2025/09/03 17:39:05 : Epoch: 242, Train_Loss: 0.00533602
2025/09/03 17:39:06 : Epoch: 243, Train_Loss: 0.00508972
2025/09/03 17:39:06 : Epoch: 244, Train_Loss: 0.00505241
2025/09/03 17:39:06 : Epoch: 244, Eval_Loss: 0.00557155
2025/09/03 17:39:06 : Epoch: 245, Train_Loss: 0.00447490
2025/09/03 17:39:06 : Epoch: 246, Train_Loss: 0.00394144
2025/09/03 17:39:07 : Epoch: 247, Train_Loss: 0.00392870
2025/09/03 17:39:07 : Epoch: 248, Train_Loss: 0.00397390
2025/09/03 17:39:07 : Epoch: 249, Train_Loss: 0.00413323
2025/09/03 17:39:07 : Epoch: 249, Eval_Loss: 0.00546655
2025/09/03 17:39:07 : Epoch: 250, Train_Loss: 0.00364871
2025/09/03 17:39:07 : Epoch: 251, Train_Loss: 0.00296921
2025/09/03 17:39:08 : Epoch: 252, Train_Loss: 0.00303569
2025/09/03 17:39:08 : Epoch: 253, Train_Loss: 0.00351051
2025/09/03 17:39:08 : Epoch: 254, Train_Loss: 0.00362801
2025/09/03 17:39:08 : Epoch: 254, Eval_Loss: 0.00659169
2025/09/03 17:39:08 : Epoch: 255, Train_Loss: 0.00373599
2025/09/03 17:39:08 : Epoch: 256, Train_Loss: 0.00430219
2025/09/03 17:39:09 : Epoch: 257, Train_Loss: 0.00626375
2025/09/03 17:39:09 : Epoch: 258, Train_Loss: 0.00571344
2025/09/03 17:39:09 : Epoch: 259, Train_Loss: 0.00509053
2025/09/03 17:39:09 : Epoch: 259, Eval_Loss: 0.00562201
2025/09/03 17:39:09 : Epoch: 260, Train_Loss: 0.00556507
2025/09/03 17:39:10 : Epoch: 261, Train_Loss: 0.00627381
2025/09/03 17:39:10 : Epoch: 262, Train_Loss: 0.00684900
2025/09/03 17:39:10 : Epoch: 263, Train_Loss: 0.00605840
2025/09/03 17:39:10 : Epoch: 264, Train_Loss: 0.00569012
2025/09/03 17:39:10 : Epoch: 264, Eval_Loss: 0.00598177
2025/09/03 17:39:10 : Epoch: 265, Train_Loss: 0.00562798
2025/09/03 17:39:11 : Epoch: 266, Train_Loss: 0.00555930
2025/09/03 17:39:11 : Epoch: 267, Train_Loss: 0.00493780
2025/09/03 17:39:11 : Epoch: 268, Train_Loss: 0.00436283
2025/09/03 17:39:11 : Epoch: 269, Train_Loss: 0.00419369
2025/09/03 17:39:11 : Epoch: 269, Eval_Loss: 0.00597051
2025/09/03 17:39:12 : Epoch: 270, Train_Loss: 0.00459617
2025/09/03 17:39:12 : Epoch: 271, Train_Loss: 0.00449628
2025/09/03 17:39:12 : Epoch: 272, Train_Loss: 0.00446008
2025/09/03 17:39:12 : Epoch: 273, Train_Loss: 0.00467241
2025/09/03 17:39:12 : Epoch: 274, Train_Loss: 0.00491248
2025/09/03 17:39:12 : Epoch: 274, Eval_Loss: 0.00587688
2025/09/03 17:39:13 : Epoch: 275, Train_Loss: 0.00428465
2025/09/03 17:39:13 : Epoch: 276, Train_Loss: 0.00417378
2025/09/03 17:39:13 : Epoch: 277, Train_Loss: 0.00396711
2025/09/03 17:39:13 : Epoch: 278, Train_Loss: 0.00382146
2025/09/03 17:39:13 : Epoch: 279, Train_Loss: 0.00348244
2025/09/03 17:39:14 : Epoch: 279, Eval_Loss: 0.00578076
2025/09/03 17:39:14 : Epoch: 280, Train_Loss: 0.00339689
2025/09/03 17:39:14 : Epoch: 281, Train_Loss: 0.00347159
2025/09/03 17:39:14 : Epoch: 282, Train_Loss: 0.00394176
2025/09/03 17:39:14 : Epoch: 283, Train_Loss: 0.00403280
2025/09/03 17:39:15 : Epoch: 284, Train_Loss: 0.00381914
2025/09/03 17:39:15 : Epoch: 284, Eval_Loss: 0.00593835
2025/09/03 17:39:15 : Epoch: 285, Train_Loss: 0.00334346
2025/09/03 17:39:15 : Epoch: 286, Train_Loss: 0.00317152
2025/09/03 17:39:15 : Epoch: 287, Train_Loss: 0.00352169
2025/09/03 17:39:15 : Epoch: 288, Train_Loss: 0.00355344
2025/09/03 17:39:16 : Epoch: 289, Train_Loss: 0.00313608
2025/09/03 17:39:16 : Epoch: 289, Eval_Loss: 0.00562368
2025/09/03 17:39:16 : Epoch: 290, Train_Loss: 0.00307786
2025/09/03 17:39:16 : Epoch: 291, Train_Loss: 0.00307120
2025/09/03 17:39:16 : Epoch: 292, Train_Loss: 0.00352350
2025/09/03 17:39:17 : Epoch: 293, Train_Loss: 0.00330460
2025/09/03 17:39:17 : Epoch: 294, Train_Loss: 0.00343971
2025/09/03 17:39:17 : Epoch: 294, Eval_Loss: 0.00544278
2025/09/03 17:39:17 : Epoch: 295, Train_Loss: 0.00309014
2025/09/03 17:39:17 : Epoch: 296, Train_Loss: 0.00299826
2025/09/03 17:39:17 : Epoch: 297, Train_Loss: 0.00300644
2025/09/03 17:39:18 : Epoch: 298, Train_Loss: 0.00344302
2025/09/03 17:39:18 : Epoch: 299, Train_Loss: 0.00410377
2025/09/03 17:39:18 : Epoch: 299, Eval_Loss: 0.00505190
2025/09/03 17:39:18 : Epoch: 300, Train_Loss: 0.00371349
2025/09/03 17:39:18 : Epoch: 301, Train_Loss: 0.00361042
2025/09/03 17:39:19 : Epoch: 302, Train_Loss: 0.00344383
2025/09/03 17:39:19 : Epoch: 303, Train_Loss: 0.00353931
2025/09/03 17:39:19 : Epoch: 304, Train_Loss: 0.00364954
2025/09/03 17:39:19 : Epoch: 304, Eval_Loss: 0.00589443
2025/09/03 17:39:19 : Epoch: 305, Train_Loss: 0.00369950
2025/09/03 17:39:19 : Epoch: 306, Train_Loss: 0.00347311
2025/09/03 17:39:20 : Epoch: 307, Train_Loss: 0.00317183
2025/09/03 17:39:20 : Epoch: 308, Train_Loss: 0.00289923
2025/09/03 17:39:20 : Epoch: 309, Train_Loss: 0.00306691
2025/09/03 17:39:20 : Epoch: 309, Eval_Loss: 0.00594840
2025/09/03 17:39:20 : Epoch: 310, Train_Loss: 0.00304054
2025/09/03 17:39:21 : Epoch: 311, Train_Loss: 0.00372140
2025/09/03 17:39:21 : Epoch: 312, Train_Loss: 0.00320636
2025/09/03 17:39:21 : Epoch: 313, Train_Loss: 0.00292636
2025/09/03 17:39:21 : Epoch: 314, Train_Loss: 0.00333725
2025/09/03 17:39:21 : Epoch: 314, Eval_Loss: 0.00585650
2025/09/03 17:39:21 : Epoch: 315, Train_Loss: 0.00478245
2025/09/03 17:39:22 : Epoch: 316, Train_Loss: 0.00461523
2025/09/03 17:39:22 : Epoch: 317, Train_Loss: 0.00409903
2025/09/03 17:39:22 : Epoch: 318, Train_Loss: 0.00343535
2025/09/03 17:39:22 : Epoch: 319, Train_Loss: 0.00320448
2025/09/03 17:39:22 : Epoch: 319, Eval_Loss: 0.00579565
2025/09/03 17:39:23 : Epoch: 320, Train_Loss: 0.00351711
2025/09/03 17:39:23 : Epoch: 321, Train_Loss: 0.00397665
2025/09/03 17:39:23 : Epoch: 322, Train_Loss: 0.00403857
2025/09/03 17:39:23 : Epoch: 323, Train_Loss: 0.00380645
2025/09/03 17:39:23 : Epoch: 324, Train_Loss: 0.00336451
2025/09/03 17:39:23 : Epoch: 324, Eval_Loss: 0.00471402
2025/09/03 17:39:23 : Epoch: 324, Save the best checkpoint
2025/09/03 17:39:24 : Epoch: 325, Train_Loss: 0.00470086
2025/09/03 17:39:24 : Epoch: 326, Train_Loss: 0.00574497
2025/09/03 17:39:24 : Epoch: 327, Train_Loss: 0.00349727
2025/09/03 17:39:24 : Epoch: 328, Train_Loss: 0.00448823
2025/09/03 17:39:24 : Epoch: 329, Train_Loss: 0.00394860
2025/09/03 17:39:25 : Epoch: 329, Eval_Loss: 0.00486070
2025/09/03 17:39:25 : Epoch: 330, Train_Loss: 0.00347386
2025/09/03 17:39:25 : Epoch: 331, Train_Loss: 0.00289776
2025/09/03 17:39:25 : Epoch: 332, Train_Loss: 0.00266356
2025/09/03 17:39:25 : Epoch: 333, Train_Loss: 0.00250276
2025/09/03 17:39:26 : Epoch: 334, Train_Loss: 0.00243995
2025/09/03 17:39:26 : Epoch: 334, Eval_Loss: 0.00529644
2025/09/03 17:39:26 : Epoch: 335, Train_Loss: 0.00242293
2025/09/03 17:39:26 : Epoch: 336, Train_Loss: 0.00333416
2025/09/03 17:39:26 : Epoch: 337, Train_Loss: 0.00376569
2025/09/03 17:39:26 : Epoch: 338, Train_Loss: 0.00378043
2025/09/03 17:39:27 : Epoch: 339, Train_Loss: 0.00321509
2025/09/03 17:39:27 : Epoch: 339, Eval_Loss: 0.00588719
2025/09/03 17:39:27 : Epoch: 340, Train_Loss: 0.00304172
2025/09/03 17:39:27 : Epoch: 341, Train_Loss: 0.00308722
2025/09/03 17:39:27 : Epoch: 342, Train_Loss: 0.00285453
2025/09/03 17:39:28 : Epoch: 343, Train_Loss: 0.00276767
2025/09/03 17:39:28 : Epoch: 344, Train_Loss: 0.00294436
2025/09/03 17:39:28 : Epoch: 344, Eval_Loss: 0.00643091
2025/09/03 17:39:28 : Epoch: 345, Train_Loss: 0.00366795
2025/09/03 17:39:28 : Epoch: 346, Train_Loss: 0.00373668
2025/09/03 17:39:28 : Epoch: 347, Train_Loss: 0.00389125
2025/09/03 17:39:29 : Epoch: 348, Train_Loss: 0.00349744
2025/09/03 17:39:29 : Epoch: 349, Train_Loss: 0.00307970
2025/09/03 17:39:29 : Epoch: 349, Eval_Loss: 0.00563046
2025/09/03 17:39:29 : Epoch: 350, Train_Loss: 0.00277144
2025/09/03 17:39:29 : Epoch: 351, Train_Loss: 0.00251713
2025/09/03 17:39:30 : Epoch: 352, Train_Loss: 0.00233114
2025/09/03 17:39:30 : Epoch: 353, Train_Loss: 0.00229767
2025/09/03 17:39:30 : Epoch: 354, Train_Loss: 0.00212893
2025/09/03 17:39:30 : Epoch: 354, Eval_Loss: 0.00542169
2025/09/03 17:39:30 : Epoch: 355, Train_Loss: 0.00205838
2025/09/03 17:39:30 : Epoch: 356, Train_Loss: 0.00202328
2025/09/03 17:39:31 : Epoch: 357, Train_Loss: 0.00207109
2025/09/03 17:39:31 : Epoch: 358, Train_Loss: 0.00210130
2025/09/03 17:39:31 : Epoch: 359, Train_Loss: 0.00314074
2025/09/03 17:39:31 : Epoch: 359, Eval_Loss: 0.00564763
2025/09/03 17:39:31 : Epoch: 360, Train_Loss: 0.00359456
2025/09/03 17:39:32 : Epoch: 361, Train_Loss: 0.00349166
2025/09/03 17:39:32 : Epoch: 362, Train_Loss: 0.00298482
2025/09/03 17:39:32 : Epoch: 363, Train_Loss: 0.00282266
2025/09/03 17:39:32 : Epoch: 364, Train_Loss: 0.00270875
2025/09/03 17:39:32 : Epoch: 364, Eval_Loss: 0.00565265
2025/09/03 17:39:32 : Epoch: 365, Train_Loss: 0.00262732
2025/09/03 17:39:33 : Epoch: 366, Train_Loss: 0.00227301
2025/09/03 17:39:33 : Epoch: 367, Train_Loss: 0.00261232
2025/09/03 17:39:33 : Epoch: 368, Train_Loss: 0.00366709
2025/09/03 17:39:33 : Epoch: 369, Train_Loss: 0.00402887
2025/09/03 17:39:33 : Epoch: 369, Eval_Loss: 0.00569459
2025/09/03 17:39:34 : Epoch: 370, Train_Loss: 0.00321515
2025/09/03 17:39:34 : Epoch: 371, Train_Loss: 0.00325143
2025/09/03 17:39:34 : Epoch: 372, Train_Loss: 0.00340393
2025/09/03 17:39:34 : Epoch: 373, Train_Loss: 0.00356964
2025/09/03 17:39:34 : Epoch: 374, Train_Loss: 0.00321836
2025/09/03 17:39:34 : Epoch: 374, Eval_Loss: 0.00611391
2025/09/03 17:39:35 : Epoch: 375, Train_Loss: 0.00313564
2025/09/03 17:39:35 : Epoch: 376, Train_Loss: 0.00300493
2025/09/03 17:39:35 : Epoch: 377, Train_Loss: 0.00267483
2025/09/03 17:39:35 : Epoch: 378, Train_Loss: 0.00252642
2025/09/03 17:39:35 : Epoch: 379, Train_Loss: 0.00271727
2025/09/03 17:39:36 : Epoch: 379, Eval_Loss: 0.00550310
2025/09/03 17:39:36 : Epoch: 380, Train_Loss: 0.00338502
2025/09/03 17:39:36 : Epoch: 381, Train_Loss: 0.00339100
2025/09/03 17:39:36 : Epoch: 382, Train_Loss: 0.00311053
2025/09/03 17:39:36 : Epoch: 383, Train_Loss: 0.00305514
2025/09/03 17:39:37 : Epoch: 384, Train_Loss: 0.00345893
2025/09/03 17:39:37 : Epoch: 384, Eval_Loss: 0.00553835
2025/09/03 17:39:37 : Epoch: 385, Train_Loss: 0.00377752
2025/09/03 17:39:37 : Epoch: 386, Train_Loss: 0.00331400
2025/09/03 17:39:37 : Epoch: 387, Train_Loss: 0.00711607
2025/09/03 17:39:37 : Epoch: 388, Train_Loss: 0.00815615
2025/09/03 17:39:38 : Epoch: 389, Train_Loss: 0.00720764
2025/09/03 17:39:38 : Epoch: 389, Eval_Loss: 0.00546972
2025/09/03 17:39:38 : Epoch: 390, Train_Loss: 0.00647784
2025/09/03 17:39:38 : Epoch: 391, Train_Loss: 0.00495803
2025/09/03 17:39:38 : Epoch: 392, Train_Loss: 0.00492374
2025/09/03 17:39:39 : Epoch: 393, Train_Loss: 0.00394728
2025/09/03 17:39:39 : Epoch: 394, Train_Loss: 0.00375693
2025/09/03 17:39:39 : Epoch: 394, Eval_Loss: 0.00722704
2025/09/03 17:39:39 : Epoch: 395, Train_Loss: 0.00333766
2025/09/03 17:39:39 : Epoch: 396, Train_Loss: 0.00319585
2025/09/03 17:39:39 : Epoch: 397, Train_Loss: 0.00285013
2025/09/03 17:39:40 : Epoch: 398, Train_Loss: 0.00274380
2025/09/03 17:39:40 : Epoch: 399, Train_Loss: 0.00276431
2025/09/03 17:39:40 : Epoch: 399, Eval_Loss: 0.00513556
2025/09/03 17:39:40 : Epoch: 400, Train_Loss: 0.00367389
2025/09/03 17:39:40 : Epoch: 401, Train_Loss: 0.00620522
2025/09/03 17:39:41 : Epoch: 402, Train_Loss: 0.00524464
2025/09/03 17:39:41 : Epoch: 403, Train_Loss: 0.00432127
2025/09/03 17:39:41 : Epoch: 404, Train_Loss: 0.00438647
2025/09/03 17:39:41 : Epoch: 404, Eval_Loss: 0.00571962
2025/09/03 17:39:41 : Epoch: 405, Train_Loss: 0.00447529
2025/09/03 17:39:41 : Epoch: 406, Train_Loss: 0.00458249
2025/09/03 17:39:42 : Epoch: 407, Train_Loss: 0.00785310
2025/09/03 17:39:42 : Epoch: 408, Train_Loss: 0.00780349
2025/09/03 17:39:42 : Epoch: 409, Train_Loss: 0.00696238
2025/09/03 17:39:42 : Epoch: 409, Eval_Loss: 0.00515553
2025/09/03 17:39:42 : Epoch: 410, Train_Loss: 0.00582351
2025/09/03 17:39:43 : Epoch: 411, Train_Loss: 0.00550943
2025/09/03 17:39:43 : Epoch: 412, Train_Loss: 0.00540868
2025/09/03 17:39:43 : Epoch: 413, Train_Loss: 0.00485518
2025/09/03 17:39:43 : Epoch: 414, Train_Loss: 0.00464580
2025/09/03 17:39:43 : Epoch: 414, Eval_Loss: 0.00484241
2025/09/03 17:39:43 : Epoch: 415, Train_Loss: 0.00440612
2025/09/03 17:39:44 : Epoch: 416, Train_Loss: 0.00437727
2025/09/03 17:39:44 : Epoch: 417, Train_Loss: 0.00416667
2025/09/03 17:39:44 : Epoch: 418, Train_Loss: 0.00396997
2025/09/03 17:39:44 : Epoch: 419, Train_Loss: 0.00415050
2025/09/03 17:39:44 : Epoch: 419, Eval_Loss: 0.00557228
2025/09/03 17:39:45 : Epoch: 420, Train_Loss: 0.00434260
2025/09/03 17:39:45 : Epoch: 421, Train_Loss: 0.00471204
2025/09/03 17:39:45 : Epoch: 422, Train_Loss: 0.00428439
2025/09/03 17:39:45 : Epoch: 423, Train_Loss: 0.00437370
2025/09/03 17:39:45 : Epoch: 424, Train_Loss: 0.00465411
2025/09/03 17:39:45 : Epoch: 424, Eval_Loss: 0.00541252
2025/09/03 17:39:46 : Epoch: 425, Train_Loss: 0.00434458
2025/09/03 17:39:46 : Epoch: 426, Train_Loss: 0.00455536
2025/09/03 17:39:46 : Epoch: 427, Train_Loss: 0.00423757
2025/09/03 17:39:46 : Epoch: 428, Train_Loss: 0.00420425
2025/09/03 17:39:46 : Epoch: 429, Train_Loss: 0.00363891
2025/09/03 17:39:46 : Epoch: 429, Eval_Loss: 0.00489691
2025/09/03 17:39:47 : Epoch: 430, Train_Loss: 0.00374430
2025/09/03 17:39:47 : Epoch: 431, Train_Loss: 0.00359452
2025/09/03 17:39:47 : Epoch: 432, Train_Loss: 0.00345176
2025/09/03 17:39:47 : Epoch: 433, Train_Loss: 0.00354804
2025/09/03 17:39:48 : Epoch: 434, Train_Loss: 0.00351106
2025/09/03 17:39:48 : Epoch: 434, Eval_Loss: 0.00581782
2025/09/03 17:39:48 : Epoch: 435, Train_Loss: 0.00336847
2025/09/03 17:39:48 : Epoch: 436, Train_Loss: 0.00376645
2025/09/03 17:39:48 : Epoch: 437, Train_Loss: 0.00397725
2025/09/03 17:39:48 : Epoch: 438, Train_Loss: 0.00426648
2025/09/03 17:39:49 : Epoch: 439, Train_Loss: 0.00434329
2025/09/03 17:39:49 : Epoch: 439, Eval_Loss: 0.00477389
2025/09/03 17:39:49 : Epoch: 440, Train_Loss: 0.00550241
2025/09/03 17:39:49 : Epoch: 441, Train_Loss: 0.00509913
2025/09/03 17:39:49 : Epoch: 442, Train_Loss: 0.00483475
2025/09/03 17:39:50 : Epoch: 443, Train_Loss: 0.00473615
2025/09/03 17:39:50 : Epoch: 444, Train_Loss: 0.00490103
2025/09/03 17:39:50 : Epoch: 444, Eval_Loss: 0.00468088
2025/09/03 17:39:50 : Epoch: 444, Save the best checkpoint
2025/09/03 17:39:50 : Epoch: 445, Train_Loss: 0.00446426
2025/09/03 17:39:50 : Epoch: 446, Train_Loss: 0.00408018
2025/09/03 17:39:50 : Epoch: 447, Train_Loss: 0.00389346
2025/09/03 17:39:51 : Epoch: 448, Train_Loss: 0.00306035
2025/09/03 17:39:51 : Epoch: 449, Train_Loss: 0.00328733
2025/09/03 17:39:51 : Epoch: 449, Eval_Loss: 0.00529969
2025/09/03 17:39:51 : Epoch: 450, Train_Loss: 0.00278422
2025/09/03 17:39:51 : Epoch: 451, Train_Loss: 0.00266370
2025/09/03 17:39:52 : Epoch: 452, Train_Loss: 0.00243793
2025/09/03 17:39:52 : Epoch: 453, Train_Loss: 0.00240296
2025/09/03 17:39:52 : Epoch: 454, Train_Loss: 0.00259527
2025/09/03 17:39:52 : Epoch: 454, Eval_Loss: 0.00542306
2025/09/03 17:39:52 : Epoch: 455, Train_Loss: 0.00272750
2025/09/03 17:39:52 : Epoch: 456, Train_Loss: 0.00258177
2025/09/03 17:39:53 : Epoch: 457, Train_Loss: 0.00284567
2025/09/03 17:39:53 : Epoch: 458, Train_Loss: 0.00326087
2025/09/03 17:39:53 : Epoch: 459, Train_Loss: 0.00373200
2025/09/03 17:39:53 : Epoch: 459, Eval_Loss: 0.00545798
2025/09/03 17:39:53 : Epoch: 460, Train_Loss: 0.00335068
2025/09/03 17:39:53 : Epoch: 461, Train_Loss: 0.00317300
2025/09/03 17:39:54 : Epoch: 462, Train_Loss: 0.00275223
2025/09/03 17:39:54 : Epoch: 463, Train_Loss: 0.00272552
2025/09/03 17:39:54 : Epoch: 464, Train_Loss: 0.00263308
2025/09/03 17:39:54 : Epoch: 464, Eval_Loss: 0.00557325
2025/09/03 17:39:54 : Epoch: 465, Train_Loss: 0.00260112
2025/09/03 17:39:55 : Epoch: 466, Train_Loss: 0.00270608
2025/09/03 17:39:55 : Epoch: 467, Train_Loss: 0.00252085
2025/09/03 17:39:55 : Epoch: 468, Train_Loss: 0.00265655
2025/09/03 17:39:55 : Epoch: 469, Train_Loss: 0.00272376
2025/09/03 17:39:55 : Epoch: 469, Eval_Loss: 0.00534356
2025/09/03 17:39:55 : Epoch: 470, Train_Loss: 0.00290716
2025/09/03 17:39:56 : Epoch: 471, Train_Loss: 0.00325472
2025/09/03 17:39:56 : Epoch: 472, Train_Loss: 0.00263035
2025/09/03 17:39:56 : Epoch: 473, Train_Loss: 0.00265410
2025/09/03 17:39:56 : Epoch: 474, Train_Loss: 0.00248853
2025/09/03 17:39:56 : Epoch: 474, Eval_Loss: 0.00510414
2025/09/03 17:39:57 : Epoch: 475, Train_Loss: 0.00238045
2025/09/03 17:39:57 : Epoch: 476, Train_Loss: 0.00240141
2025/09/03 17:39:57 : Epoch: 477, Train_Loss: 0.00230504
2025/09/03 17:39:57 : Epoch: 478, Train_Loss: 0.00243425
2025/09/03 17:39:57 : Epoch: 479, Train_Loss: 0.00261963
2025/09/03 17:39:57 : Epoch: 479, Eval_Loss: 0.00517016
2025/09/03 17:39:58 : Epoch: 480, Train_Loss: 0.00280622
2025/09/03 17:39:58 : Epoch: 481, Train_Loss: 0.00364249
2025/09/03 17:39:58 : Epoch: 482, Train_Loss: 0.00284712
2025/09/03 17:39:58 : Epoch: 483, Train_Loss: 0.00331508
2025/09/03 17:39:59 : Epoch: 484, Train_Loss: 0.00291016
2025/09/03 17:39:59 : Epoch: 484, Eval_Loss: 0.00560255
2025/09/03 17:39:59 : Epoch: 485, Train_Loss: 0.00249682
2025/09/03 17:39:59 : Epoch: 486, Train_Loss: 0.00288069
2025/09/03 17:39:59 : Epoch: 487, Train_Loss: 0.00212006
2025/09/03 17:39:59 : Epoch: 488, Train_Loss: 0.00249456
2025/09/03 17:40:00 : Epoch: 489, Train_Loss: 0.00270664
2025/09/03 17:40:00 : Epoch: 489, Eval_Loss: 0.00520423
2025/09/03 17:40:00 : Epoch: 490, Train_Loss: 0.00223427
2025/09/03 17:40:00 : Epoch: 491, Train_Loss: 0.00193457
2025/09/03 17:40:00 : Epoch: 492, Train_Loss: 0.00183440
2025/09/03 17:40:00 : Epoch: 493, Train_Loss: 0.00170484
2025/09/03 17:40:01 : Epoch: 494, Train_Loss: 0.00251696
2025/09/03 17:40:01 : Epoch: 494, Eval_Loss: 0.00600894
2025/09/03 17:40:01 : Epoch: 495, Train_Loss: 0.00168545
2025/09/03 17:40:01 : Epoch: 496, Train_Loss: 0.00159527
2025/09/03 17:40:01 : Epoch: 497, Train_Loss: 0.00176562
2025/09/03 17:40:02 : Epoch: 498, Train_Loss: 0.00163762
2025/09/03 17:40:02 : Epoch: 499, Train_Loss: 0.00148464
2025/09/03 17:40:02 : Epoch: 499, Eval_Loss: 0.00733345
2025/09/03 17:40:02 : Epoch: 500, Train_Loss: 0.00161457
2025/09/03 17:40:02 : Epoch: 501, Train_Loss: 0.00151675
2025/09/03 17:40:02 : Epoch: 502, Train_Loss: 0.00138210
2025/09/03 17:40:03 : Epoch: 503, Train_Loss: 0.00174455
2025/09/03 17:40:03 : Epoch: 504, Train_Loss: 0.00265910
2025/09/03 17:40:03 : Epoch: 504, Eval_Loss: 0.00503061
2025/09/03 17:40:03 : Epoch: 505, Train_Loss: 0.00198267
2025/09/03 17:40:03 : Epoch: 506, Train_Loss: 0.00263566
2025/09/03 17:40:04 : Epoch: 507, Train_Loss: 0.00224642
2025/09/03 17:40:04 : Epoch: 508, Train_Loss: 0.00226781
2025/09/03 17:40:04 : Epoch: 509, Train_Loss: 0.00187602
2025/09/03 17:40:04 : Epoch: 509, Eval_Loss: 0.00538424
2025/09/03 17:40:04 : Epoch: 510, Train_Loss: 0.00195940
2025/09/03 17:40:04 : Epoch: 511, Train_Loss: 0.00191587
2025/09/03 17:40:05 : Epoch: 512, Train_Loss: 0.00270389
2025/09/03 17:40:05 : Epoch: 513, Train_Loss: 0.00259995
2025/09/03 17:40:05 : Epoch: 514, Train_Loss: 0.00217087
2025/09/03 17:40:05 : Epoch: 514, Eval_Loss: 0.00500801
2025/09/03 17:40:05 : Epoch: 515, Train_Loss: 0.00351832
2025/09/03 17:40:06 : Epoch: 516, Train_Loss: 0.00209710
2025/09/03 17:40:06 : Epoch: 517, Train_Loss: 0.00220543
2025/09/03 17:40:06 : Epoch: 518, Train_Loss: 0.00243375
2025/09/03 17:40:06 : Epoch: 519, Train_Loss: 0.00296436
2025/09/03 17:40:06 : Epoch: 519, Eval_Loss: 0.00534860
2025/09/03 17:40:06 : Epoch: 520, Train_Loss: 0.00246664
2025/09/03 17:40:07 : Epoch: 521, Train_Loss: 0.00167032
2025/09/03 17:40:07 : Epoch: 522, Train_Loss: 0.00155947
2025/09/03 17:40:07 : Epoch: 523, Train_Loss: 0.00160586
2025/09/03 17:40:07 : Epoch: 524, Train_Loss: 0.00211642
2025/09/03 17:40:07 : Epoch: 524, Eval_Loss: 0.00555422
2025/09/03 17:40:08 : Epoch: 525, Train_Loss: 0.00228244
2025/09/03 17:40:08 : Epoch: 526, Train_Loss: 0.00215623
2025/09/03 17:40:08 : Epoch: 527, Train_Loss: 0.00206006
2025/09/03 17:40:08 : Epoch: 528, Train_Loss: 0.00175107
2025/09/03 17:40:08 : Epoch: 529, Train_Loss: 0.00167975
2025/09/03 17:40:08 : Epoch: 529, Eval_Loss: 0.00617426
2025/09/03 17:40:09 : Epoch: 530, Train_Loss: 0.00163030
2025/09/03 17:40:09 : Epoch: 531, Train_Loss: 0.00161173
2025/09/03 17:40:09 : Epoch: 532, Train_Loss: 0.00151078
2025/09/03 17:40:09 : Epoch: 533, Train_Loss: 0.00142763
2025/09/03 17:40:09 : Epoch: 534, Train_Loss: 0.00153817
2025/09/03 17:40:10 : Epoch: 534, Eval_Loss: 0.00578532
2025/09/03 17:40:10 : Epoch: 535, Train_Loss: 0.00153183
2025/09/03 17:40:10 : Epoch: 536, Train_Loss: 0.00199594
2025/09/03 17:40:10 : Epoch: 537, Train_Loss: 0.00353517
2025/09/03 17:40:10 : Epoch: 538, Train_Loss: 0.00763646
2025/09/03 17:40:11 : Epoch: 539, Train_Loss: 0.00747468
2025/09/03 17:40:11 : Epoch: 539, Eval_Loss: 0.00559623
2025/09/03 17:40:11 : Epoch: 540, Train_Loss: 0.00529720
2025/09/03 17:40:11 : Epoch: 541, Train_Loss: 0.00556907
2025/09/03 17:40:11 : Epoch: 542, Train_Loss: 0.00597434
2025/09/03 17:40:11 : Epoch: 543, Train_Loss: 0.00696840
2025/09/03 17:40:12 : Epoch: 544, Train_Loss: 0.00489569
2025/09/03 17:40:12 : Epoch: 544, Eval_Loss: 0.00598550
2025/09/03 17:40:12 : Epoch: 545, Train_Loss: 0.00566881
2025/09/03 17:40:12 : Epoch: 546, Train_Loss: 0.00412580
2025/09/03 17:40:12 : Epoch: 547, Train_Loss: 0.00396842
2025/09/03 17:40:13 : Epoch: 548, Train_Loss: 0.00351190
2025/09/03 17:40:13 : Epoch: 549, Train_Loss: 0.00321850
2025/09/03 17:40:13 : Epoch: 549, Eval_Loss: 0.00605818
2025/09/03 17:40:13 : Epoch: 550, Train_Loss: 0.00262709
2025/09/03 17:40:13 : Epoch: 551, Train_Loss: 0.00269498
2025/09/03 17:40:13 : Epoch: 552, Train_Loss: 0.00267267
2025/09/03 17:40:14 : Epoch: 553, Train_Loss: 0.00238749
2025/09/03 17:40:14 : Epoch: 554, Train_Loss: 0.00222837
2025/09/03 17:40:14 : Epoch: 554, Eval_Loss: 0.00684990
2025/09/03 17:40:14 : Epoch: 555, Train_Loss: 0.00250732
2025/09/03 17:40:14 : Epoch: 556, Train_Loss: 0.00514724
2025/09/03 17:40:15 : Epoch: 557, Train_Loss: 0.00604238
2025/09/03 17:40:15 : Epoch: 558, Train_Loss: 0.00509721
2025/09/03 17:40:15 : Epoch: 559, Train_Loss: 0.00463590
2025/09/03 17:40:15 : Epoch: 559, Eval_Loss: 0.00647639
2025/09/03 17:40:15 : Epoch: 560, Train_Loss: 0.00402246
2025/09/03 17:40:15 : Epoch: 561, Train_Loss: 0.00377940
2025/09/03 17:40:16 : Epoch: 562, Train_Loss: 0.00357940
2025/09/03 17:40:16 : Epoch: 563, Train_Loss: 0.00327636
2025/09/03 17:40:16 : Epoch: 564, Train_Loss: 0.00308437
2025/09/03 17:40:16 : Epoch: 564, Eval_Loss: 0.00584004
2025/09/03 17:40:16 : Epoch: 565, Train_Loss: 0.00837911
2025/09/03 17:40:17 : Epoch: 566, Train_Loss: 0.00862408
2025/09/03 17:40:17 : Epoch: 567, Train_Loss: 0.00891649
2025/09/03 17:40:17 : Epoch: 568, Train_Loss: 0.00843512
2025/09/03 17:40:17 : Epoch: 569, Train_Loss: 0.00808531
2025/09/03 17:40:17 : Epoch: 569, Eval_Loss: 0.00544411
2025/09/03 17:40:17 : Epoch: 570, Train_Loss: 0.00814203
2025/09/03 17:40:18 : Epoch: 571, Train_Loss: 0.00740400
2025/09/03 17:40:18 : Epoch: 572, Train_Loss: 0.00704244
2025/09/03 17:40:18 : Epoch: 573, Train_Loss: 0.00643988
2025/09/03 17:40:18 : Epoch: 574, Train_Loss: 0.00645292
2025/09/03 17:40:18 : Epoch: 574, Eval_Loss: 0.00451607
2025/09/03 17:40:18 : Epoch: 574, Save the best checkpoint
2025/09/03 17:40:19 : Epoch: 575, Train_Loss: 0.00728197
2025/09/03 17:40:19 : Epoch: 576, Train_Loss: 0.00673919
2025/09/03 17:40:19 : Epoch: 577, Train_Loss: 0.00683438
2025/09/03 17:40:19 : Epoch: 578, Train_Loss: 0.00676977
2025/09/03 17:40:19 : Epoch: 579, Train_Loss: 0.00698605
2025/09/03 17:40:19 : Epoch: 579, Eval_Loss: 0.00564266
2025/09/03 17:40:20 : Epoch: 580, Train_Loss: 0.00632759
2025/09/03 17:40:20 : Epoch: 581, Train_Loss: 0.00693443
2025/09/03 17:40:20 : Epoch: 582, Train_Loss: 0.00721147
2025/09/03 17:40:20 : Epoch: 583, Train_Loss: 0.00642643
2025/09/03 17:40:20 : Epoch: 584, Train_Loss: 0.00573294
2025/09/03 17:40:21 : Epoch: 584, Eval_Loss: 0.00556056
2025/09/03 17:40:21 : Epoch: 585, Train_Loss: 0.00615406
2025/09/03 17:40:21 : Epoch: 586, Train_Loss: 0.00605996
2025/09/03 17:40:21 : Epoch: 587, Train_Loss: 0.00544775
2025/09/03 17:40:21 : Epoch: 588, Train_Loss: 0.00500381
2025/09/03 17:40:22 : Epoch: 589, Train_Loss: 0.00539765
2025/09/03 17:40:22 : Epoch: 589, Eval_Loss: 0.00629072
2025/09/03 17:40:22 : Epoch: 590, Train_Loss: 0.00526080
2025/09/03 17:40:22 : Epoch: 591, Train_Loss: 0.00499466
2025/09/03 17:40:22 : Epoch: 592, Train_Loss: 0.00730337
2025/09/03 17:40:22 : Epoch: 593, Train_Loss: 0.00665358
2025/09/03 17:40:23 : Epoch: 594, Train_Loss: 0.00661492
2025/09/03 17:40:23 : Epoch: 594, Eval_Loss: 0.00493277
2025/09/03 17:40:23 : Epoch: 595, Train_Loss: 0.00606434
2025/09/03 17:40:23 : Epoch: 596, Train_Loss: 0.00563601
2025/09/03 17:40:23 : Epoch: 597, Train_Loss: 0.00619489
2025/09/03 17:40:24 : Epoch: 598, Train_Loss: 0.00505402
2025/09/03 17:40:24 : Epoch: 599, Train_Loss: 0.00445923
2025/09/03 17:40:24 : Epoch: 599, Eval_Loss: 0.00566369
2025/09/03 17:40:24 : Epoch: 600, Train_Loss: 0.00465083
2025/09/03 17:40:24 : Epoch: 601, Train_Loss: 0.00445005
2025/09/03 17:40:24 : Epoch: 602, Train_Loss: 0.00433213
2025/09/03 17:40:25 : Epoch: 603, Train_Loss: 0.00409082
2025/09/03 17:40:25 : Epoch: 604, Train_Loss: 0.00417751
2025/09/03 17:40:25 : Epoch: 604, Eval_Loss: 0.00527181
2025/09/03 17:40:25 : Epoch: 605, Train_Loss: 0.00392911
2025/09/03 17:40:25 : Epoch: 606, Train_Loss: 0.00363273
2025/09/03 17:40:26 : Epoch: 607, Train_Loss: 0.00322756
2025/09/03 17:40:26 : Epoch: 608, Train_Loss: 0.00325935
2025/09/03 17:40:26 : Epoch: 609, Train_Loss: 0.00312240
2025/09/03 17:40:26 : Epoch: 609, Eval_Loss: 0.00468536
2025/09/03 17:40:26 : Epoch: 610, Train_Loss: 0.00303718
2025/09/03 17:40:26 : Epoch: 611, Train_Loss: 0.00335542
2025/09/03 17:40:27 : Epoch: 612, Train_Loss: 0.00390923
2025/09/03 17:40:27 : Epoch: 613, Train_Loss: 0.00318569
2025/09/03 17:40:27 : Epoch: 614, Train_Loss: 0.00313424
2025/09/03 17:40:27 : Epoch: 614, Eval_Loss: 0.00548696
2025/09/03 17:40:27 : Epoch: 615, Train_Loss: 0.00274243
2025/09/03 17:40:28 : Epoch: 616, Train_Loss: 0.00265310
2025/09/03 17:40:28 : Epoch: 617, Train_Loss: 0.00279417
2025/09/03 17:40:28 : Epoch: 618, Train_Loss: 0.00279171
2025/09/03 17:40:28 : Epoch: 619, Train_Loss: 0.00329312
2025/09/03 17:40:28 : Epoch: 619, Eval_Loss: 0.00534134
2025/09/03 17:40:28 : Epoch: 620, Train_Loss: 0.00407759
2025/09/03 17:40:29 : Epoch: 621, Train_Loss: 0.00414400
2025/09/03 17:40:29 : Epoch: 622, Train_Loss: 0.00344631
2025/09/03 17:40:29 : Epoch: 623, Train_Loss: 0.00376426
2025/09/03 17:40:29 : Epoch: 624, Train_Loss: 0.00393972
2025/09/03 17:40:29 : Epoch: 624, Eval_Loss: 0.00592316
2025/09/03 17:40:30 : Epoch: 625, Train_Loss: 0.00317057
2025/09/03 17:40:30 : Epoch: 626, Train_Loss: 0.00327502
2025/09/03 17:40:30 : Epoch: 627, Train_Loss: 0.00316553
2025/09/03 17:40:30 : Epoch: 628, Train_Loss: 0.00267333
2025/09/03 17:40:30 : Epoch: 629, Train_Loss: 0.00263943
2025/09/03 17:40:30 : Epoch: 629, Eval_Loss: 0.00571181
2025/09/03 17:40:31 : Epoch: 630, Train_Loss: 0.00258126
2025/09/03 17:40:31 : Epoch: 631, Train_Loss: 0.00240287
2025/09/03 17:40:31 : Epoch: 632, Train_Loss: 0.00251928
2025/09/03 17:40:31 : Epoch: 633, Train_Loss: 0.00245256
2025/09/03 17:40:31 : Epoch: 634, Train_Loss: 0.00228733
2025/09/03 17:40:32 : Epoch: 634, Eval_Loss: 0.00574329
2025/09/03 17:40:32 : Epoch: 635, Train_Loss: 0.00210600
2025/09/03 17:40:32 : Epoch: 636, Train_Loss: 0.00231684
2025/09/03 17:40:32 : Epoch: 637, Train_Loss: 0.00232671
2025/09/03 17:40:32 : Epoch: 638, Train_Loss: 0.00211690
2025/09/03 17:40:33 : Epoch: 639, Train_Loss: 0.00228038
2025/09/03 17:40:33 : Epoch: 639, Eval_Loss: 0.00490855
2025/09/03 17:40:33 : Epoch: 640, Train_Loss: 0.00254922
2025/09/03 17:40:33 : Epoch: 641, Train_Loss: 0.00255538
2025/09/03 17:40:33 : Epoch: 642, Train_Loss: 0.00287357
2025/09/03 17:40:33 : Epoch: 643, Train_Loss: 0.00235628
2025/09/03 17:40:34 : Epoch: 644, Train_Loss: 0.00221896
2025/09/03 17:40:34 : Epoch: 644, Eval_Loss: 0.00532283
2025/09/03 17:40:34 : Epoch: 645, Train_Loss: 0.00218674
2025/09/03 17:40:34 : Epoch: 646, Train_Loss: 0.00203124
2025/09/03 17:40:34 : Epoch: 647, Train_Loss: 0.00203728
2025/09/03 17:40:35 : Epoch: 648, Train_Loss: 0.00272835
2025/09/03 17:40:35 : Epoch: 649, Train_Loss: 0.00372673
2025/09/03 17:40:35 : Epoch: 649, Eval_Loss: 0.00479278
2025/09/03 17:40:35 : Epoch: 650, Train_Loss: 0.00328502
2025/09/03 17:40:35 : Epoch: 651, Train_Loss: 0.00325810
2025/09/03 17:40:35 : Epoch: 652, Train_Loss: 0.00320191
2025/09/03 17:40:36 : Epoch: 653, Train_Loss: 0.00472153
2025/09/03 17:40:36 : Epoch: 654, Train_Loss: 0.00265246
2025/09/03 17:40:36 : Epoch: 654, Eval_Loss: 0.00609651
2025/09/03 17:40:36 : Epoch: 655, Train_Loss: 0.00429205
2025/09/03 17:40:36 : Epoch: 656, Train_Loss: 0.00364811
2025/09/03 17:40:37 : Epoch: 657, Train_Loss: 0.00280350
2025/09/03 17:40:37 : Epoch: 658, Train_Loss: 0.00281615
2025/09/03 17:40:37 : Epoch: 659, Train_Loss: 0.00239515
2025/09/03 17:40:37 : Epoch: 659, Eval_Loss: 0.00528126
2025/09/03 17:40:37 : Epoch: 660, Train_Loss: 0.00276341
2025/09/03 17:40:37 : Epoch: 661, Train_Loss: 0.00268819
2025/09/03 17:40:38 : Epoch: 662, Train_Loss: 0.00258964
2025/09/03 17:40:38 : Epoch: 663, Train_Loss: 0.00243855
2025/09/03 17:40:38 : Epoch: 664, Train_Loss: 0.00245956
2025/09/03 17:40:38 : Epoch: 664, Eval_Loss: 0.00541936
2025/09/03 17:40:38 : Epoch: 665, Train_Loss: 0.00241943
2025/09/03 17:40:39 : Epoch: 666, Train_Loss: 0.00276284
2025/09/03 17:40:39 : Epoch: 667, Train_Loss: 0.00253423
2025/09/03 17:40:39 : Epoch: 668, Train_Loss: 0.00218870
2025/09/03 17:40:39 : Epoch: 669, Train_Loss: 0.00211686
2025/09/03 17:40:39 : Epoch: 669, Eval_Loss: 0.00520529
2025/09/03 17:40:39 : Epoch: 670, Train_Loss: 0.00201634
2025/09/03 17:40:40 : Epoch: 671, Train_Loss: 0.00209395
2025/09/03 17:40:40 : Epoch: 672, Train_Loss: 0.00190791
2025/09/03 17:40:40 : Epoch: 673, Train_Loss: 0.00174922
2025/09/03 17:40:40 : Epoch: 674, Train_Loss: 0.00246733
2025/09/03 17:40:40 : Epoch: 674, Eval_Loss: 0.00558729
2025/09/03 17:40:41 : Epoch: 675, Train_Loss: 0.00215003
2025/09/03 17:40:41 : Epoch: 676, Train_Loss: 0.00234604
2025/09/03 17:40:41 : Epoch: 677, Train_Loss: 0.00231942
2025/09/03 17:40:41 : Epoch: 678, Train_Loss: 0.00303249
2025/09/03 17:40:41 : Epoch: 679, Train_Loss: 0.00293255
2025/09/03 17:40:41 : Epoch: 679, Eval_Loss: 0.00587849
2025/09/03 17:40:42 : Epoch: 680, Train_Loss: 0.00220776
2025/09/03 17:40:42 : Epoch: 681, Train_Loss: 0.00206987
2025/09/03 17:40:42 : Epoch: 682, Train_Loss: 0.00242569
2025/09/03 17:40:42 : Epoch: 683, Train_Loss: 0.00223703
2025/09/03 17:40:42 : Epoch: 684, Train_Loss: 0.00220401
2025/09/03 17:40:43 : Epoch: 684, Eval_Loss: 0.00608501
2025/09/03 17:40:43 : Epoch: 685, Train_Loss: 0.00202699
2025/09/03 17:40:43 : Epoch: 686, Train_Loss: 0.00215439
2025/09/03 17:40:43 : Epoch: 687, Train_Loss: 0.00215606
2025/09/03 17:40:43 : Epoch: 688, Train_Loss: 0.00212529
2025/09/03 17:40:44 : Epoch: 689, Train_Loss: 0.00176559
2025/09/03 17:40:44 : Epoch: 689, Eval_Loss: 0.00557299
2025/09/03 17:40:44 : Epoch: 690, Train_Loss: 0.00197000
2025/09/03 17:40:44 : Epoch: 691, Train_Loss: 0.00202462
2025/09/03 17:40:44 : Epoch: 692, Train_Loss: 0.00185415
2025/09/03 17:40:44 : Epoch: 693, Train_Loss: 0.00176900
2025/09/03 17:40:45 : Epoch: 694, Train_Loss: 0.00162826
2025/09/03 17:40:45 : Epoch: 694, Eval_Loss: 0.00589018
2025/09/03 17:40:45 : Epoch: 695, Train_Loss: 0.00157648
2025/09/03 17:40:45 : Epoch: 696, Train_Loss: 0.00152966
2025/09/03 17:40:45 : Epoch: 697, Train_Loss: 0.00162812
2025/09/03 17:40:46 : Epoch: 698, Train_Loss: 0.00143660
2025/09/03 17:40:46 : Epoch: 699, Train_Loss: 0.00146103
2025/09/03 17:40:46 : Epoch: 699, Eval_Loss: 0.00557172
2025/09/03 17:40:46 : Epoch: 700, Train_Loss: 0.00172162
2025/09/03 17:40:46 : Epoch: 701, Train_Loss: 0.00268317
2025/09/03 17:40:46 : Epoch: 702, Train_Loss: 0.00230432
2025/09/03 17:40:47 : Epoch: 703, Train_Loss: 0.00235792
2025/09/03 17:40:47 : Epoch: 704, Train_Loss: 0.00344886
2025/09/03 17:40:47 : Epoch: 704, Eval_Loss: 0.00560496
2025/09/03 17:40:47 : Epoch: 705, Train_Loss: 0.00331206
2025/09/03 17:40:47 : Epoch: 706, Train_Loss: 0.00271196
2025/09/03 17:40:48 : Epoch: 707, Train_Loss: 0.00256180
2025/09/03 17:40:48 : Epoch: 708, Train_Loss: 0.00252380
2025/09/03 17:40:48 : Epoch: 709, Train_Loss: 0.00256124
2025/09/03 17:40:48 : Epoch: 709, Eval_Loss: 0.00577947
2025/09/03 17:40:48 : Epoch: 710, Train_Loss: 0.00234200
2025/09/03 17:40:48 : Epoch: 711, Train_Loss: 0.00214192
2025/09/03 17:40:49 : Epoch: 712, Train_Loss: 0.00221363
2025/09/03 17:40:49 : Epoch: 713, Train_Loss: 0.00203720
2025/09/03 17:40:49 : Epoch: 714, Train_Loss: 0.00229917
2025/09/03 17:40:49 : Epoch: 714, Eval_Loss: 0.00692179
2025/09/03 17:40:49 : Epoch: 715, Train_Loss: 0.00274360
2025/09/03 17:40:50 : Epoch: 716, Train_Loss: 0.00266789
2025/09/03 17:40:50 : Epoch: 717, Train_Loss: 0.00239396
2025/09/03 17:40:50 : Epoch: 718, Train_Loss: 0.00224424
2025/09/03 17:40:50 : Epoch: 719, Train_Loss: 0.00236935
2025/09/03 17:40:50 : Epoch: 719, Eval_Loss: 0.00604946
2025/09/03 17:40:50 : Epoch: 720, Train_Loss: 0.00235404
2025/09/03 17:40:51 : Epoch: 721, Train_Loss: 0.00199008
2025/09/03 17:40:51 : Epoch: 722, Train_Loss: 0.00209010
2025/09/03 17:40:51 : Epoch: 723, Train_Loss: 0.00181935
2025/09/03 17:40:51 : Epoch: 724, Train_Loss: 0.00202679
2025/09/03 17:40:51 : Epoch: 724, Eval_Loss: 0.00566800
2025/09/03 17:40:51 : Epoch: 725, Train_Loss: 0.00190983
2025/09/03 17:40:52 : Epoch: 726, Train_Loss: 0.00223900
2025/09/03 17:40:52 : Epoch: 727, Train_Loss: 0.00189290
2025/09/03 17:40:52 : Epoch: 728, Train_Loss: 0.00206000
2025/09/03 17:40:52 : Epoch: 729, Train_Loss: 0.00176356
2025/09/03 17:40:52 : Epoch: 729, Eval_Loss: 0.00545256
2025/09/03 17:40:53 : Epoch: 730, Train_Loss: 0.00179174
2025/09/03 17:40:53 : Epoch: 731, Train_Loss: 0.00170237
2025/09/03 17:40:53 : Epoch: 732, Train_Loss: 0.00164361
2025/09/03 17:40:53 : Epoch: 733, Train_Loss: 0.00160737
2025/09/03 17:40:53 : Epoch: 734, Train_Loss: 0.00167083
2025/09/03 17:40:53 : Epoch: 734, Eval_Loss: 0.00570367
2025/09/03 17:40:54 : Epoch: 735, Train_Loss: 0.00161462
2025/09/03 17:40:54 : Epoch: 736, Train_Loss: 0.00159600
2025/09/03 17:40:54 : Epoch: 737, Train_Loss: 0.00158892
2025/09/03 17:40:54 : Epoch: 738, Train_Loss: 0.00158945
2025/09/03 17:40:55 : Epoch: 739, Train_Loss: 0.00164009
2025/09/03 17:40:55 : Epoch: 739, Eval_Loss: 0.00545352
2025/09/03 17:40:55 : Epoch: 740, Train_Loss: 0.00157732
2025/09/03 17:40:55 : Epoch: 741, Train_Loss: 0.00164119
2025/09/03 17:40:55 : Epoch: 742, Train_Loss: 0.00155251
2025/09/03 17:40:55 : Epoch: 743, Train_Loss: 0.00160550
2025/09/03 17:40:56 : Epoch: 744, Train_Loss: 0.00172766
2025/09/03 17:40:56 : Epoch: 744, Eval_Loss: 0.00598769
2025/09/03 17:40:56 : Epoch: 745, Train_Loss: 0.00185207
2025/09/03 17:40:56 : Epoch: 746, Train_Loss: 0.00170469
2025/09/03 17:40:56 : Epoch: 747, Train_Loss: 0.00167653
2025/09/03 17:40:57 : Epoch: 748, Train_Loss: 0.00172276
2025/09/03 17:40:57 : Epoch: 749, Train_Loss: 0.00209212
2025/09/03 17:40:57 : Epoch: 749, Eval_Loss: 0.00547064
2025/09/03 17:40:57 : Epoch: 750, Train_Loss: 0.00193723
2025/09/03 17:40:57 : Epoch: 751, Train_Loss: 0.00172884
2025/09/03 17:40:57 : Epoch: 752, Train_Loss: 0.00154934
2025/09/03 17:40:58 : Epoch: 753, Train_Loss: 0.00148215
2025/09/03 17:40:58 : Epoch: 754, Train_Loss: 0.00126357
2025/09/03 17:40:58 : Epoch: 754, Eval_Loss: 0.00556661
2025/09/03 17:40:58 : Epoch: 755, Train_Loss: 0.00117669
2025/09/03 17:40:58 : Epoch: 756, Train_Loss: 0.00111564
2025/09/03 17:40:58 : Epoch: 757, Train_Loss: 0.00111999
2025/09/03 17:40:59 : Epoch: 758, Train_Loss: 0.00136035
2025/09/03 17:40:59 : Epoch: 759, Train_Loss: 0.00136760
2025/09/03 17:40:59 : Epoch: 759, Eval_Loss: 0.00599827
2025/09/03 17:40:59 : Epoch: 760, Train_Loss: 0.00123732
2025/09/03 17:40:59 : Epoch: 761, Train_Loss: 0.00195395
2025/09/03 17:41:00 : Epoch: 762, Train_Loss: 0.00175692
2025/09/03 17:41:00 : Epoch: 763, Train_Loss: 0.00383124
2025/09/03 17:41:00 : Epoch: 764, Train_Loss: 0.01409112
2025/09/03 17:41:00 : Epoch: 764, Eval_Loss: 0.00601078
2025/09/03 17:41:00 : Epoch: 765, Train_Loss: 0.00929765
2025/09/03 17:41:00 : Epoch: 766, Train_Loss: 0.00897974
2025/09/03 17:41:01 : Epoch: 767, Train_Loss: 0.00865934
2025/09/03 17:41:01 : Epoch: 768, Train_Loss: 0.00868654
2025/09/03 17:41:01 : Epoch: 769, Train_Loss: 0.00848131
2025/09/03 17:41:01 : Epoch: 769, Eval_Loss: 0.00560266
2025/09/03 17:41:01 : Epoch: 770, Train_Loss: 0.00816695
2025/09/03 17:41:02 : Epoch: 771, Train_Loss: 0.00806936
2025/09/03 17:41:02 : Epoch: 772, Train_Loss: 0.00747608
2025/09/03 17:41:02 : Epoch: 773, Train_Loss: 0.00734874
2025/09/03 17:41:02 : Epoch: 774, Train_Loss: 0.00682557
2025/09/03 17:41:02 : Epoch: 774, Eval_Loss: 0.00556801
2025/09/03 17:41:02 : Epoch: 775, Train_Loss: 0.00652157
2025/09/03 17:41:03 : Epoch: 776, Train_Loss: 0.00682310
2025/09/03 17:41:03 : Epoch: 777, Train_Loss: 0.00760897
2025/09/03 17:41:03 : Epoch: 778, Train_Loss: 0.00676567
2025/09/03 17:41:03 : Epoch: 779, Train_Loss: 0.00627989
2025/09/03 17:41:03 : Epoch: 779, Eval_Loss: 0.00526691
2025/09/03 17:41:04 : Epoch: 780, Train_Loss: 0.00532049
2025/09/03 17:41:04 : Epoch: 781, Train_Loss: 0.00523309
2025/09/03 17:41:04 : Epoch: 782, Train_Loss: 0.00456769
2025/09/03 17:41:04 : Epoch: 783, Train_Loss: 0.00428594
2025/09/03 17:41:04 : Epoch: 784, Train_Loss: 0.00456241
2025/09/03 17:41:04 : Epoch: 784, Eval_Loss: 0.00514072
2025/09/03 17:41:05 : Epoch: 785, Train_Loss: 0.00471789
2025/09/03 17:41:05 : Epoch: 786, Train_Loss: 0.00425956
2025/09/03 17:41:05 : Epoch: 787, Train_Loss: 0.00404250
2025/09/03 17:41:05 : Epoch: 788, Train_Loss: 0.00371394
2025/09/03 17:41:05 : Epoch: 789, Train_Loss: 0.00357017
2025/09/03 17:41:06 : Epoch: 789, Eval_Loss: 0.00547984
2025/09/03 17:41:06 : Epoch: 790, Train_Loss: 0.00347848
2025/09/03 17:41:06 : Epoch: 791, Train_Loss: 0.00344116
2025/09/03 17:41:06 : Epoch: 792, Train_Loss: 0.00385998
2025/09/03 17:41:06 : Epoch: 793, Train_Loss: 0.00429739
2025/09/03 17:41:07 : Epoch: 794, Train_Loss: 0.00449040
2025/09/03 17:41:07 : Epoch: 794, Eval_Loss: 0.00521157
2025/09/03 17:41:07 : Epoch: 795, Train_Loss: 0.00378190
2025/09/03 17:41:07 : Epoch: 796, Train_Loss: 0.00503817
2025/09/03 17:41:07 : Epoch: 797, Train_Loss: 0.00417466
2025/09/03 17:41:07 : Epoch: 798, Train_Loss: 0.00339526
2025/09/03 17:41:08 : Epoch: 799, Train_Loss: 0.00302697
2025/09/03 17:41:08 : Epoch: 799, Eval_Loss: 0.00627844
2025/09/03 17:41:08 : Epoch: 800, Train_Loss: 0.00272811
2025/09/03 17:41:08 : Epoch: 801, Train_Loss: 0.00261839
2025/09/03 17:41:08 : Epoch: 802, Train_Loss: 0.00240252
2025/09/03 17:41:09 : Epoch: 803, Train_Loss: 0.00234347
2025/09/03 17:41:09 : Epoch: 804, Train_Loss: 0.00230553
2025/09/03 17:41:09 : Epoch: 804, Eval_Loss: 0.00586926
2025/09/03 17:41:09 : Epoch: 805, Train_Loss: 0.00222306
2025/09/03 17:41:09 : Epoch: 806, Train_Loss: 0.00217066
2025/09/03 17:41:09 : Epoch: 807, Train_Loss: 0.00229668
2025/09/03 17:41:10 : Epoch: 808, Train_Loss: 0.00226713
2025/09/03 17:41:10 : Epoch: 809, Train_Loss: 0.00258359
2025/09/03 17:41:10 : Epoch: 809, Eval_Loss: 0.00520383
2025/09/03 17:41:10 : Epoch: 810, Train_Loss: 0.00305833
2025/09/03 17:41:10 : Epoch: 811, Train_Loss: 0.00293270
2025/09/03 17:41:11 : Epoch: 812, Train_Loss: 0.00267240
2025/09/03 17:41:11 : Epoch: 813, Train_Loss: 0.00237993
2025/09/03 17:41:11 : Epoch: 814, Train_Loss: 0.00259737
2025/09/03 17:41:11 : Epoch: 814, Eval_Loss: 0.00624828
2025/09/03 17:41:11 : Epoch: 815, Train_Loss: 0.00322825
2025/09/03 17:41:11 : Epoch: 816, Train_Loss: 0.00309416
2025/09/03 17:41:12 : Epoch: 817, Train_Loss: 0.00265304
2025/09/03 17:41:12 : Epoch: 818, Train_Loss: 0.00303844
2025/09/03 17:41:12 : Epoch: 819, Train_Loss: 0.00262590
2025/09/03 17:41:12 : Epoch: 819, Eval_Loss: 0.00603165
2025/09/03 17:41:12 : Epoch: 820, Train_Loss: 0.00244583
2025/09/03 17:41:13 : Epoch: 821, Train_Loss: 0.00246568
2025/09/03 17:41:13 : Epoch: 822, Train_Loss: 0.00225598
2025/09/03 17:41:13 : Epoch: 823, Train_Loss: 0.00217756
2025/09/03 17:41:13 : Epoch: 824, Train_Loss: 0.00201871
2025/09/03 17:41:13 : Epoch: 824, Eval_Loss: 0.00581224
2025/09/03 17:41:13 : Epoch: 825, Train_Loss: 0.00200886
2025/09/03 17:41:14 : Epoch: 826, Train_Loss: 0.00218240
2025/09/03 17:41:14 : Epoch: 827, Train_Loss: 0.00198907
2025/09/03 17:41:14 : Epoch: 828, Train_Loss: 0.00228011
2025/09/03 17:41:14 : Epoch: 829, Train_Loss: 0.00198456
2025/09/03 17:41:14 : Epoch: 829, Eval_Loss: 0.00599004
2025/09/03 17:41:15 : Epoch: 830, Train_Loss: 0.00210122
2025/09/03 17:41:15 : Epoch: 831, Train_Loss: 0.00195012
2025/09/03 17:41:15 : Epoch: 832, Train_Loss: 0.00176215
2025/09/03 17:41:15 : Epoch: 833, Train_Loss: 0.00171327
2025/09/03 17:41:15 : Epoch: 834, Train_Loss: 0.00176772
2025/09/03 17:41:15 : Epoch: 834, Eval_Loss: 0.00711980
2025/09/03 17:41:16 : Epoch: 835, Train_Loss: 0.00233417
2025/09/03 17:41:16 : Epoch: 836, Train_Loss: 0.00200339
2025/09/03 17:41:16 : Epoch: 837, Train_Loss: 0.00228519
2025/09/03 17:41:16 : Epoch: 838, Train_Loss: 0.00208277
2025/09/03 17:41:16 : Epoch: 839, Train_Loss: 0.00187866
2025/09/03 17:41:17 : Epoch: 839, Eval_Loss: 0.00630029
2025/09/03 17:41:17 : Epoch: 840, Train_Loss: 0.00179104
2025/09/03 17:41:17 : Epoch: 841, Train_Loss: 0.00172742
2025/09/03 17:41:17 : Epoch: 842, Train_Loss: 0.00176376
2025/09/03 17:41:17 : Epoch: 843, Train_Loss: 0.00172569
2025/09/03 17:41:18 : Epoch: 844, Train_Loss: 0.00177185
2025/09/03 17:41:18 : Epoch: 844, Eval_Loss: 0.00580078
2025/09/03 17:41:18 : Epoch: 845, Train_Loss: 0.00168800
2025/09/03 17:41:18 : Epoch: 846, Train_Loss: 0.00168298
2025/09/03 17:41:18 : Epoch: 847, Train_Loss: 0.00170056
2025/09/03 17:41:18 : Epoch: 848, Train_Loss: 0.00149517
2025/09/03 17:41:19 : Epoch: 849, Train_Loss: 0.00168201
2025/09/03 17:41:19 : Epoch: 849, Eval_Loss: 0.00564727
2025/09/03 17:41:19 : Epoch: 850, Train_Loss: 0.00119471
2025/09/03 17:41:19 : Epoch: 851, Train_Loss: 0.00166375
2025/09/03 17:41:19 : Epoch: 852, Train_Loss: 0.00516701
2025/09/03 17:41:20 : Epoch: 853, Train_Loss: 0.00603511
2025/09/03 17:41:20 : Epoch: 854, Train_Loss: 0.00591553
2025/09/03 17:41:20 : Epoch: 854, Eval_Loss: 0.00518518
2025/09/03 17:41:20 : Epoch: 855, Train_Loss: 0.00624118
2025/09/03 17:41:20 : Epoch: 856, Train_Loss: 0.00630475
2025/09/03 17:41:20 : Epoch: 857, Train_Loss: 0.00601509
2025/09/03 17:41:21 : Epoch: 858, Train_Loss: 0.00630156
2025/09/03 17:41:21 : Epoch: 859, Train_Loss: 0.00605566
2025/09/03 17:41:21 : Epoch: 859, Eval_Loss: 0.00511685
2025/09/03 17:41:21 : Epoch: 860, Train_Loss: 0.00533369
2025/09/03 17:41:21 : Epoch: 861, Train_Loss: 0.00687862
2025/09/03 17:41:22 : Epoch: 862, Train_Loss: 0.00540356
2025/09/03 17:41:22 : Epoch: 863, Train_Loss: 0.00513306
2025/09/03 17:41:22 : Epoch: 864, Train_Loss: 0.00574073
2025/09/03 17:41:22 : Epoch: 864, Eval_Loss: 0.00411934
2025/09/03 17:41:22 : Epoch: 864, Save the best checkpoint
2025/09/03 17:41:22 : Epoch: 865, Train_Loss: 0.00497899
2025/09/03 17:41:22 : Epoch: 866, Train_Loss: 0.00405118
2025/09/03 17:41:23 : Epoch: 867, Train_Loss: 0.00420865
2025/09/03 17:41:23 : Epoch: 868, Train_Loss: 0.00426942
2025/09/03 17:41:23 : Epoch: 869, Train_Loss: 0.00362919
2025/09/03 17:41:23 : Epoch: 869, Eval_Loss: 0.00450142
2025/09/03 17:41:23 : Epoch: 870, Train_Loss: 0.00412988
2025/09/03 17:41:24 : Epoch: 871, Train_Loss: 0.00331132
2025/09/03 17:41:24 : Epoch: 872, Train_Loss: 0.00388659
2025/09/03 17:41:24 : Epoch: 873, Train_Loss: 0.00338370
2025/09/03 17:41:24 : Epoch: 874, Train_Loss: 0.00391118
2025/09/03 17:41:24 : Epoch: 874, Eval_Loss: 0.00397106
2025/09/03 17:41:24 : Epoch: 874, Save the best checkpoint
2025/09/03 17:41:24 : Epoch: 875, Train_Loss: 0.00354657
2025/09/03 17:41:25 : Epoch: 876, Train_Loss: 0.00388059
2025/09/03 17:41:25 : Epoch: 877, Train_Loss: 0.00334470
2025/09/03 17:41:25 : Epoch: 878, Train_Loss: 0.00376895
2025/09/03 17:41:25 : Epoch: 879, Train_Loss: 0.00312089
2025/09/03 17:41:25 : Epoch: 879, Eval_Loss: 0.00446667
2025/09/03 17:41:26 : Epoch: 880, Train_Loss: 0.00267980
2025/09/03 17:41:26 : Epoch: 881, Train_Loss: 0.00251388
2025/09/03 17:41:26 : Epoch: 882, Train_Loss: 0.00253558
2025/09/03 17:41:26 : Epoch: 883, Train_Loss: 0.00286027
2025/09/03 17:41:26 : Epoch: 884, Train_Loss: 0.00197618
2025/09/03 17:41:26 : Epoch: 884, Eval_Loss: 0.00563938
2025/09/03 17:41:27 : Epoch: 885, Train_Loss: 0.00230378
2025/09/03 17:41:27 : Epoch: 886, Train_Loss: 0.00212757
2025/09/03 17:41:27 : Epoch: 887, Train_Loss: 0.00255958
2025/09/03 17:41:27 : Epoch: 888, Train_Loss: 0.00261570
2025/09/03 17:41:27 : Epoch: 889, Train_Loss: 0.00205350
2025/09/03 17:41:28 : Epoch: 889, Eval_Loss: 0.00527251
2025/09/03 17:41:28 : Epoch: 890, Train_Loss: 0.00254618
2025/09/03 17:41:28 : Epoch: 891, Train_Loss: 0.00219136
2025/09/03 17:41:28 : Epoch: 892, Train_Loss: 0.00229336
2025/09/03 17:41:28 : Epoch: 893, Train_Loss: 0.00204239
2025/09/03 17:41:29 : Epoch: 894, Train_Loss: 0.00212847
2025/09/03 17:41:29 : Epoch: 894, Eval_Loss: 0.00477383
2025/09/03 17:41:29 : Epoch: 895, Train_Loss: 0.00206254
2025/09/03 17:41:29 : Epoch: 896, Train_Loss: 0.00193410
2025/09/03 17:41:29 : Epoch: 897, Train_Loss: 0.00171361
2025/09/03 17:41:29 : Epoch: 898, Train_Loss: 0.00186168
2025/09/03 17:41:30 : Epoch: 899, Train_Loss: 0.00176163
2025/09/03 17:41:30 : Epoch: 899, Eval_Loss: 0.00550000
2025/09/03 17:41:30 : Epoch: 900, Train_Loss: 0.00166355
2025/09/03 17:41:30 : Epoch: 901, Train_Loss: 0.00183251
2025/09/03 17:41:30 : Epoch: 902, Train_Loss: 0.00173594
2025/09/03 17:41:31 : Epoch: 903, Train_Loss: 0.00168089
2025/09/03 17:41:31 : Epoch: 904, Train_Loss: 0.00176688
2025/09/03 17:41:31 : Epoch: 904, Eval_Loss: 0.00528380
2025/09/03 17:41:31 : Epoch: 905, Train_Loss: 0.00168417
2025/09/03 17:41:31 : Epoch: 906, Train_Loss: 0.00194507
2025/09/03 17:41:31 : Epoch: 907, Train_Loss: 0.00202746
2025/09/03 17:41:32 : Epoch: 908, Train_Loss: 0.00194507
2025/09/03 17:41:32 : Epoch: 909, Train_Loss: 0.00181965
2025/09/03 17:41:32 : Epoch: 909, Eval_Loss: 0.00509618
2025/09/03 17:41:32 : Epoch: 910, Train_Loss: 0.00170292
2025/09/03 17:41:32 : Epoch: 911, Train_Loss: 0.00154289
2025/09/03 17:41:33 : Epoch: 912, Train_Loss: 0.00160711
2025/09/03 17:41:33 : Epoch: 913, Train_Loss: 0.00155976
2025/09/03 17:41:33 : Epoch: 914, Train_Loss: 0.00172547
2025/09/03 17:41:33 : Epoch: 914, Eval_Loss: 0.00443493
2025/09/03 17:41:33 : Epoch: 915, Train_Loss: 0.00244953
2025/09/03 17:41:33 : Epoch: 916, Train_Loss: 0.00269164
2025/09/03 17:41:34 : Epoch: 917, Train_Loss: 0.00308039
2025/09/03 17:41:34 : Epoch: 918, Train_Loss: 0.00289587
2025/09/03 17:41:34 : Epoch: 919, Train_Loss: 0.00294432
2025/09/03 17:41:34 : Epoch: 919, Eval_Loss: 0.00533014
2025/09/03 17:41:34 : Epoch: 920, Train_Loss: 0.00303038
2025/09/03 17:41:35 : Epoch: 921, Train_Loss: 0.00309998
2025/09/03 17:41:35 : Epoch: 922, Train_Loss: 0.00263002
2025/09/03 17:41:35 : Epoch: 923, Train_Loss: 0.00231352
2025/09/03 17:41:35 : Epoch: 924, Train_Loss: 0.00238016
2025/09/03 17:41:35 : Epoch: 924, Eval_Loss: 0.00674468
2025/09/03 17:41:35 : Epoch: 925, Train_Loss: 0.00248101
2025/09/03 17:41:36 : Epoch: 926, Train_Loss: 0.00272528
2025/09/03 17:41:36 : Epoch: 927, Train_Loss: 0.00233469
2025/09/03 17:41:36 : Epoch: 928, Train_Loss: 0.00217373
2025/09/03 17:41:36 : Epoch: 929, Train_Loss: 0.00248303
2025/09/03 17:41:36 : Epoch: 929, Eval_Loss: 0.00616941
2025/09/03 17:41:37 : Epoch: 930, Train_Loss: 0.00254962
2025/09/03 17:41:37 : Epoch: 931, Train_Loss: 0.00239698
2025/09/03 17:41:37 : Epoch: 932, Train_Loss: 0.00226941
2025/09/03 17:41:37 : Epoch: 933, Train_Loss: 0.00205578
2025/09/03 17:41:37 : Epoch: 934, Train_Loss: 0.00218092
2025/09/03 17:41:37 : Epoch: 934, Eval_Loss: 0.00594745
2025/09/03 17:41:38 : Epoch: 935, Train_Loss: 0.00208498
2025/09/03 17:41:38 : Epoch: 936, Train_Loss: 0.00195075
2025/09/03 17:41:38 : Epoch: 937, Train_Loss: 0.00190465
2025/09/03 17:41:38 : Epoch: 938, Train_Loss: 0.00181047
2025/09/03 17:41:38 : Epoch: 939, Train_Loss: 0.00177879
2025/09/03 17:41:39 : Epoch: 939, Eval_Loss: 0.00532153
2025/09/03 17:41:39 : Epoch: 940, Train_Loss: 0.00167199
2025/09/03 17:41:39 : Epoch: 941, Train_Loss: 0.00168706
2025/09/03 17:41:39 : Epoch: 942, Train_Loss: 0.00157275
2025/09/03 17:41:39 : Epoch: 943, Train_Loss: 0.00156670
2025/09/03 17:41:40 : Epoch: 944, Train_Loss: 0.00156227
2025/09/03 17:41:40 : Epoch: 944, Eval_Loss: 0.00552337
2025/09/03 17:41:40 : Epoch: 945, Train_Loss: 0.00144090
2025/09/03 17:41:40 : Epoch: 946, Train_Loss: 0.00142428
2025/09/03 17:41:40 : Epoch: 947, Train_Loss: 0.00306057
2025/09/03 17:41:40 : Epoch: 948, Train_Loss: 0.00629108
2025/09/03 17:41:41 : Epoch: 949, Train_Loss: 0.00546501
2025/09/03 17:41:41 : Epoch: 949, Eval_Loss: 0.00418196
2025/09/03 17:41:41 : Epoch: 950, Train_Loss: 0.00507677
2025/09/03 17:41:41 : Epoch: 951, Train_Loss: 0.00454275
2025/09/03 17:41:41 : Epoch: 952, Train_Loss: 0.00495829
2025/09/03 17:41:42 : Epoch: 953, Train_Loss: 0.00486075
2025/09/03 17:41:42 : Epoch: 954, Train_Loss: 0.00510176
2025/09/03 17:41:42 : Epoch: 954, Eval_Loss: 0.00504269
2025/09/03 17:41:42 : Epoch: 955, Train_Loss: 0.00477259
2025/09/03 17:41:42 : Epoch: 956, Train_Loss: 0.00434173
2025/09/03 17:41:42 : Epoch: 957, Train_Loss: 0.00384579
2025/09/03 17:41:43 : Epoch: 958, Train_Loss: 0.00350033
2025/09/03 17:41:43 : Epoch: 959, Train_Loss: 0.00310056
2025/09/03 17:41:43 : Epoch: 959, Eval_Loss: 0.00632835
2025/09/03 17:41:43 : Epoch: 960, Train_Loss: 0.00306133
2025/09/03 17:41:43 : Epoch: 961, Train_Loss: 0.00279240
2025/09/03 17:41:43 : Epoch: 962, Train_Loss: 0.00310900
2025/09/03 17:41:44 : Epoch: 963, Train_Loss: 0.00307613
2025/09/03 17:41:44 : Epoch: 964, Train_Loss: 0.00353677
2025/09/03 17:41:44 : Epoch: 964, Eval_Loss: 0.00512821
2025/09/03 17:41:44 : Epoch: 965, Train_Loss: 0.00292604
2025/09/03 17:41:44 : Epoch: 966, Train_Loss: 0.00260918
2025/09/03 17:41:45 : Epoch: 967, Train_Loss: 0.00232576
2025/09/03 17:41:45 : Epoch: 968, Train_Loss: 0.00209227
2025/09/03 17:41:45 : Epoch: 969, Train_Loss: 0.00184429
2025/09/03 17:41:45 : Epoch: 969, Eval_Loss: 0.00607487
2025/09/03 17:41:45 : Epoch: 970, Train_Loss: 0.00175845
2025/09/03 17:41:45 : Epoch: 971, Train_Loss: 0.00175557
2025/09/03 17:41:46 : Epoch: 972, Train_Loss: 0.00171423
2025/09/03 17:41:46 : Epoch: 973, Train_Loss: 0.00180440
2025/09/03 17:41:46 : Epoch: 974, Train_Loss: 0.00166789
2025/09/03 17:41:46 : Epoch: 974, Eval_Loss: 0.00523703
2025/09/03 17:41:46 : Epoch: 975, Train_Loss: 0.00165830
2025/09/03 17:41:47 : Epoch: 976, Train_Loss: 0.00159972
2025/09/03 17:41:47 : Epoch: 977, Train_Loss: 0.00156495
2025/09/03 17:41:47 : Epoch: 978, Train_Loss: 0.00175516
2025/09/03 17:41:47 : Epoch: 979, Train_Loss: 0.00164188
2025/09/03 17:41:47 : Epoch: 979, Eval_Loss: 0.00609159
2025/09/03 17:41:47 : Epoch: 980, Train_Loss: 0.00182254
2025/09/03 17:41:48 : Epoch: 981, Train_Loss: 0.00209708
2025/09/03 17:41:48 : Epoch: 982, Train_Loss: 0.00220112
2025/09/03 17:41:48 : Epoch: 983, Train_Loss: 0.00260520
2025/09/03 17:41:48 : Epoch: 984, Train_Loss: 0.00536073
2025/09/03 17:41:48 : Epoch: 984, Eval_Loss: 0.00476320
2025/09/03 17:41:49 : Epoch: 985, Train_Loss: 0.00699034
2025/09/03 17:41:49 : Epoch: 986, Train_Loss: 0.00611765
2025/09/03 17:41:49 : Epoch: 987, Train_Loss: 0.00530972
2025/09/03 17:41:49 : Epoch: 988, Train_Loss: 0.00472714
2025/09/03 17:41:49 : Epoch: 989, Train_Loss: 0.00401140
2025/09/03 17:41:49 : Epoch: 989, Eval_Loss: 0.00627095
2025/09/03 17:41:50 : Epoch: 990, Train_Loss: 0.00430884
2025/09/03 17:41:50 : Epoch: 991, Train_Loss: 0.00437645
2025/09/03 17:41:50 : Epoch: 992, Train_Loss: 0.00367829
2025/09/03 17:41:50 : Epoch: 993, Train_Loss: 0.00348886
2025/09/03 17:41:50 : Epoch: 994, Train_Loss: 0.00297269
2025/09/03 17:41:51 : Epoch: 994, Eval_Loss: 0.00557862
2025/09/03 17:41:51 : Epoch: 995, Train_Loss: 0.00262451
2025/09/03 17:41:51 : Epoch: 996, Train_Loss: 0.00246047
2025/09/03 17:41:51 : Epoch: 997, Train_Loss: 0.00223724
2025/09/03 17:41:51 : Epoch: 998, Train_Loss: 0.00226168
2025/09/03 17:41:52 : Epoch: 999, Train_Loss: 0.00223060
2025/09/03 17:41:52 : Epoch: 999, Eval_Loss: 0.00545097
