2025/09/02 20:16:15 : 

** GPU Info **
2025/09/02 20:16:15 : ====================================================================================================
2025/09/02 20:16:15 : My GPU is NVIDIA L40
2025/09/02 20:16:15 : ====================================================================================================
2025/09/02 20:16:35 : 

** Load Data **
2025/09/02 20:16:35 : ====================================================================================================
2025/09/02 20:16:35 : Response Type: Displacement
2025/09/02 20:16:35 : Train dataset: ['./Data/Nonlinear_Analysis/train/ChiChi_DBE', './Data/Nonlinear_Analysis/train/NGAWest2_DBE', './Data/Nonlinear_Analysis/train/ChiChi_MCE', './Data/Nonlinear_Analysis/train/NGAWest2_MCE']
2025/09/02 20:16:35 : Eval dataset: ['./Data/Nonlinear_Analysis/eval/ChiChi_DBE', './Data/Nonlinear_Analysis/eval/NGAWest2_DBE', './Data/Nonlinear_Analysis/eval/ChiChi_MCE', './Data/Nonlinear_Analysis/eval/NGAWest2_MCE']
2025/09/02 20:16:35 : # of effective train data: 20
2025/09/02 20:16:35 : # of effective eval data: 20
2025/09/02 20:16:35 : ====================================================================================================
2025/09/02 20:16:35 : 

** Get Normalization Dictionary **
2025/09/02 20:16:35 : ====================================================================================================
2025/09/02 20:16:35 : 
normalization dictionary: 
{'x': {'XYZ_gridline_num': tensor(8.), 'XYZ_grid_index': tensor(7.), 'period': tensor(1.3262), 'DOF': tensor(1.), 'mass': tensor(0.0255), 'XYZ_inertia': tensor(255288.), 'XYZ_mode_shape': tensor(1.8960)}, 'ground_motion': tensor(10479.9434), 'y': tensor(241.7000), 'edge_attr': {'S_y': tensor(3687090.), 'S_z': tensor(3687090.), 'area': tensor(30774.), 'element_length': tensor(8000.)}, 'response_type': 'Displacement'}
2025/09/02 20:16:35 : ====================================================================================================
2025/09/02 20:16:35 : 

** Model Info **
2025/09/02 20:16:35 : ====================================================================================================
2025/09/02 20:16:35 : GCN_LSTM(
  (GCN_Encoder): GCN_Encoder(
    (relu): ReLU()
    (dropout): Dropout(p=0.2, inplace=False)
    (conv1): GCNConv(15, 128)
    (conv2): GCNConv(128, 256)
    (conv3): GCNConv(256, 128)
  )
  (LSTM): LSTM(
    (lstm): LSTM(168, 128, num_layers=2, batch_first=True, dropout=0.2)
    (fc_out): Sequential(
      (0): Linear(in_features=128, out_features=128, bias=True)
      (1): ReLU()
      (2): Linear(in_features=128, out_features=32, bias=True)
    )
  )
)
2025/09/02 20:16:35 : ====================================================================================================
2025/09/02 20:16:35 : 

** Train **
2025/09/02 20:16:35 : ====================================================================================================
2025/09/02 20:16:35 :   Packed Mode = True
2025/09/02 20:16:35 :   Compression Rate of Ground Motion = 40
2025/09/02 20:16:35 :   Compression Rate of Response Sequence  = 4
2025/09/02 20:16:35 :   Compressed Seqence Length  = 500
2025/09/02 20:16:35 :   Num Epochs = 1000
2025/09/02 20:16:35 :   Num Train Examples = 20
2025/09/02 20:16:35 :   Num Eval Examples = 20
2025/09/02 20:16:35 :   Batch Size = 5
2025/09/02 20:16:35 :   Evaluation Interval = 5
2025/09/02 20:16:35 :   Plot Interval = 1000
2025/09/02 20:16:35 : ====================================================================================================
2025/09/02 20:16:35 : Epoch: 000, Train_Loss: 0.01138385
2025/09/02 20:16:36 : Epoch: 001, Train_Loss: 0.01027325
2025/09/02 20:16:36 : Epoch: 002, Train_Loss: 0.01011609
2025/09/02 20:16:36 : Epoch: 003, Train_Loss: 0.00997793
2025/09/02 20:16:36 : Epoch: 004, Train_Loss: 0.00997815
2025/09/02 20:16:36 : Epoch: 004, Eval_Loss: 0.00650896
2025/09/02 20:16:36 : Epoch: 004, Save the best checkpoint
2025/09/02 20:16:36 : Epoch: 005, Train_Loss: 0.01000251
2025/09/02 20:16:36 : Epoch: 006, Train_Loss: 0.00994978
2025/09/02 20:16:36 : Epoch: 007, Train_Loss: 0.00996635
2025/09/02 20:16:36 : Epoch: 008, Train_Loss: 0.00992038
2025/09/02 20:16:37 : Epoch: 009, Train_Loss: 0.00989776
2025/09/02 20:16:37 : Epoch: 009, Eval_Loss: 0.00645122
2025/09/02 20:16:37 : Epoch: 009, Save the best checkpoint
2025/09/02 20:16:37 : Epoch: 010, Train_Loss: 0.00988292
2025/09/02 20:16:37 : Epoch: 011, Train_Loss: 0.00985874
2025/09/02 20:16:37 : Epoch: 012, Train_Loss: 0.00984271
2025/09/02 20:16:37 : Epoch: 013, Train_Loss: 0.01000094
2025/09/02 20:16:37 : Epoch: 014, Train_Loss: 0.00983864
2025/09/02 20:16:37 : Epoch: 014, Eval_Loss: 0.00634405
2025/09/02 20:16:37 : Epoch: 014, Save the best checkpoint
2025/09/02 20:16:37 : Epoch: 015, Train_Loss: 0.00978353
2025/09/02 20:16:37 : Epoch: 016, Train_Loss: 0.00960957
2025/09/02 20:16:38 : Epoch: 017, Train_Loss: 0.00949976
2025/09/02 20:16:38 : Epoch: 018, Train_Loss: 0.00944043
2025/09/02 20:16:38 : Epoch: 019, Train_Loss: 0.00925019
2025/09/02 20:16:38 : Epoch: 019, Eval_Loss: 0.00601286
2025/09/02 20:16:38 : Epoch: 019, Save the best checkpoint
2025/09/02 20:16:38 : Epoch: 020, Train_Loss: 0.00930959
2025/09/02 20:16:38 : Epoch: 021, Train_Loss: 0.00928060
2025/09/02 20:16:38 : Epoch: 022, Train_Loss: 0.00902897
2025/09/02 20:16:38 : Epoch: 023, Train_Loss: 0.00903170
2025/09/02 20:16:38 : Epoch: 024, Train_Loss: 0.00900680
2025/09/02 20:16:38 : Epoch: 024, Eval_Loss: 0.00583699
2025/09/02 20:16:38 : Epoch: 024, Save the best checkpoint
2025/09/02 20:16:39 : Epoch: 025, Train_Loss: 0.00891883
2025/09/02 20:16:39 : Epoch: 026, Train_Loss: 0.00872861
2025/09/02 20:16:39 : Epoch: 027, Train_Loss: 0.00847762
2025/09/02 20:16:39 : Epoch: 028, Train_Loss: 0.00881502
2025/09/02 20:16:39 : Epoch: 029, Train_Loss: 0.00952866
2025/09/02 20:16:39 : Epoch: 029, Eval_Loss: 0.00613049
2025/09/02 20:16:39 : Epoch: 030, Train_Loss: 0.00921166
2025/09/02 20:16:39 : Epoch: 031, Train_Loss: 0.00885656
2025/09/02 20:16:39 : Epoch: 032, Train_Loss: 0.00898042
2025/09/02 20:16:40 : Epoch: 033, Train_Loss: 0.00897278
2025/09/02 20:16:40 : Epoch: 034, Train_Loss: 0.00874489
2025/09/02 20:16:40 : Epoch: 034, Eval_Loss: 0.00574953
2025/09/02 20:16:40 : Epoch: 034, Save the best checkpoint
2025/09/02 20:16:40 : Epoch: 035, Train_Loss: 0.00842442
2025/09/02 20:16:40 : Epoch: 036, Train_Loss: 0.00879307
2025/09/02 20:16:40 : Epoch: 037, Train_Loss: 0.00826639
2025/09/02 20:16:40 : Epoch: 038, Train_Loss: 0.00835174
2025/09/02 20:16:40 : Epoch: 039, Train_Loss: 0.00790655
2025/09/02 20:16:40 : Epoch: 039, Eval_Loss: 0.00546370
2025/09/02 20:16:40 : Epoch: 039, Save the best checkpoint
2025/09/02 20:16:40 : Epoch: 040, Train_Loss: 0.00756683
2025/09/02 20:16:41 : Epoch: 041, Train_Loss: 0.00740302
2025/09/02 20:16:41 : Epoch: 042, Train_Loss: 0.00705336
2025/09/02 20:16:41 : Epoch: 043, Train_Loss: 0.00845946
2025/09/02 20:16:41 : Epoch: 044, Train_Loss: 0.00866145
2025/09/02 20:16:41 : Epoch: 044, Eval_Loss: 0.00588630
2025/09/02 20:16:41 : Epoch: 045, Train_Loss: 0.00821636
2025/09/02 20:16:41 : Epoch: 046, Train_Loss: 0.00806921
2025/09/02 20:16:41 : Epoch: 047, Train_Loss: 0.00807611
2025/09/02 20:16:41 : Epoch: 048, Train_Loss: 0.00784156
2025/09/02 20:16:42 : Epoch: 049, Train_Loss: 0.00769419
2025/09/02 20:16:42 : Epoch: 049, Eval_Loss: 0.00544197
2025/09/02 20:16:42 : Epoch: 049, Save the best checkpoint
2025/09/02 20:16:42 : Epoch: 050, Train_Loss: 0.00738446
2025/09/02 20:16:42 : Epoch: 051, Train_Loss: 0.00708361
2025/09/02 20:16:42 : Epoch: 052, Train_Loss: 0.00682912
2025/09/02 20:16:42 : Epoch: 053, Train_Loss: 0.00640285
2025/09/02 20:16:42 : Epoch: 054, Train_Loss: 0.00678982
2025/09/02 20:16:42 : Epoch: 054, Eval_Loss: 0.00616197
2025/09/02 20:16:42 : Epoch: 055, Train_Loss: 0.00758853
2025/09/02 20:16:42 : Epoch: 056, Train_Loss: 0.00731219
2025/09/02 20:16:43 : Epoch: 057, Train_Loss: 0.00655903
2025/09/02 20:16:43 : Epoch: 058, Train_Loss: 0.00648948
2025/09/02 20:16:43 : Epoch: 059, Train_Loss: 0.00611916
2025/09/02 20:16:43 : Epoch: 059, Eval_Loss: 0.00477403
2025/09/02 20:16:43 : Epoch: 059, Save the best checkpoint
2025/09/02 20:16:43 : Epoch: 060, Train_Loss: 0.00618037
2025/09/02 20:16:43 : Epoch: 061, Train_Loss: 0.00604347
2025/09/02 20:16:43 : Epoch: 062, Train_Loss: 0.00491468
2025/09/02 20:16:43 : Epoch: 063, Train_Loss: 0.00622207
2025/09/02 20:16:43 : Epoch: 064, Train_Loss: 0.00651950
2025/09/02 20:16:43 : Epoch: 064, Eval_Loss: 0.00560112
2025/09/02 20:16:44 : Epoch: 065, Train_Loss: 0.00615674
2025/09/02 20:16:44 : Epoch: 066, Train_Loss: 0.00563224
2025/09/02 20:16:44 : Epoch: 067, Train_Loss: 0.00600529
2025/09/02 20:16:44 : Epoch: 068, Train_Loss: 0.00666949
2025/09/02 20:16:44 : Epoch: 069, Train_Loss: 0.00658743
2025/09/02 20:16:44 : Epoch: 069, Eval_Loss: 0.00579213
2025/09/02 20:16:44 : Epoch: 070, Train_Loss: 0.00655384
2025/09/02 20:16:44 : Epoch: 071, Train_Loss: 0.00670632
2025/09/02 20:16:44 : Epoch: 072, Train_Loss: 0.00609322
2025/09/02 20:16:44 : Epoch: 073, Train_Loss: 0.00585864
2025/09/02 20:16:45 : Epoch: 074, Train_Loss: 0.00506794
2025/09/02 20:16:45 : Epoch: 074, Eval_Loss: 0.00498468
2025/09/02 20:16:45 : Epoch: 075, Train_Loss: 0.00602841
2025/09/02 20:16:45 : Epoch: 076, Train_Loss: 0.00599419
2025/09/02 20:16:45 : Epoch: 077, Train_Loss: 0.00619849
2025/09/02 20:16:45 : Epoch: 078, Train_Loss: 0.00550575
2025/09/02 20:16:45 : Epoch: 079, Train_Loss: 0.00545403
2025/09/02 20:16:45 : Epoch: 079, Eval_Loss: 0.00566151
2025/09/02 20:16:45 : Epoch: 080, Train_Loss: 0.00507065
2025/09/02 20:16:45 : Epoch: 081, Train_Loss: 0.00496060
2025/09/02 20:16:46 : Epoch: 082, Train_Loss: 0.00587616
2025/09/02 20:16:46 : Epoch: 083, Train_Loss: 0.00640096
2025/09/02 20:16:46 : Epoch: 084, Train_Loss: 0.00647455
2025/09/02 20:16:46 : Epoch: 084, Eval_Loss: 0.00831900
2025/09/02 20:16:46 : Epoch: 085, Train_Loss: 0.00691483
2025/09/02 20:16:46 : Epoch: 086, Train_Loss: 0.00583310
2025/09/02 20:16:46 : Epoch: 087, Train_Loss: 0.00581141
2025/09/02 20:16:46 : Epoch: 088, Train_Loss: 0.00518684
2025/09/02 20:16:46 : Epoch: 089, Train_Loss: 0.00469676
2025/09/02 20:16:46 : Epoch: 089, Eval_Loss: 0.00833322
2025/09/02 20:16:47 : Epoch: 090, Train_Loss: 0.00527460
2025/09/02 20:16:47 : Epoch: 091, Train_Loss: 0.00589337
2025/09/02 20:16:47 : Epoch: 092, Train_Loss: 0.00573000
2025/09/02 20:16:47 : Epoch: 093, Train_Loss: 0.00474374
2025/09/02 20:16:47 : Epoch: 094, Train_Loss: 0.00557102
2025/09/02 20:16:47 : Epoch: 094, Eval_Loss: 0.00534967
2025/09/02 20:16:47 : Epoch: 095, Train_Loss: 0.00633291
2025/09/02 20:16:47 : Epoch: 096, Train_Loss: 0.00613983
2025/09/02 20:16:47 : Epoch: 097, Train_Loss: 0.00612099
2025/09/02 20:16:48 : Epoch: 098, Train_Loss: 0.00633656
2025/09/02 20:16:48 : Epoch: 099, Train_Loss: 0.00556847
2025/09/02 20:16:48 : Epoch: 099, Eval_Loss: 0.00513083
2025/09/02 20:16:48 : Epoch: 100, Train_Loss: 0.00576761
2025/09/02 20:16:48 : Epoch: 101, Train_Loss: 0.00546266
2025/09/02 20:16:48 : Epoch: 102, Train_Loss: 0.00654794
2025/09/02 20:16:48 : Epoch: 103, Train_Loss: 0.00690982
2025/09/02 20:16:48 : Epoch: 104, Train_Loss: 0.00825347
2025/09/02 20:16:48 : Epoch: 104, Eval_Loss: 0.00613403
2025/09/02 20:16:48 : Epoch: 105, Train_Loss: 0.00673990
2025/09/02 20:16:49 : Epoch: 106, Train_Loss: 0.00664197
2025/09/02 20:16:49 : Epoch: 107, Train_Loss: 0.00606531
2025/09/02 20:16:49 : Epoch: 108, Train_Loss: 0.00587161
2025/09/02 20:16:49 : Epoch: 109, Train_Loss: 0.00425403
2025/09/02 20:16:49 : Epoch: 109, Eval_Loss: 0.00636284
2025/09/02 20:16:49 : Epoch: 110, Train_Loss: 0.00382872
2025/09/02 20:16:49 : Epoch: 111, Train_Loss: 0.00439834
2025/09/02 20:16:49 : Epoch: 112, Train_Loss: 0.00387984
2025/09/02 20:16:49 : Epoch: 113, Train_Loss: 0.00565335
2025/09/02 20:16:49 : Epoch: 114, Train_Loss: 0.00911428
2025/09/02 20:16:50 : Epoch: 114, Eval_Loss: 0.01066231
2025/09/02 20:16:50 : Epoch: 115, Train_Loss: 0.01009889
2025/09/02 20:16:50 : Epoch: 116, Train_Loss: 0.00919810
2025/09/02 20:16:50 : Epoch: 117, Train_Loss: 0.01000272
2025/09/02 20:16:50 : Epoch: 118, Train_Loss: 0.01034503
2025/09/02 20:16:50 : Epoch: 119, Train_Loss: 0.01025153
2025/09/02 20:16:50 : Epoch: 119, Eval_Loss: 0.00663113
2025/09/02 20:16:50 : Epoch: 120, Train_Loss: 0.01003470
2025/09/02 20:16:50 : Epoch: 121, Train_Loss: 0.01002669
2025/09/02 20:16:51 : Epoch: 122, Train_Loss: 0.01000991
2025/09/02 20:16:51 : Epoch: 123, Train_Loss: 0.01001168
2025/09/02 20:16:51 : Epoch: 124, Train_Loss: 0.00997197
2025/09/02 20:16:51 : Epoch: 124, Eval_Loss: 0.00651263
2025/09/02 20:16:51 : Epoch: 125, Train_Loss: 0.00998076
2025/09/02 20:16:51 : Epoch: 126, Train_Loss: 0.00996354
2025/09/02 20:16:51 : Epoch: 127, Train_Loss: 0.00995399
2025/09/02 20:16:51 : Epoch: 128, Train_Loss: 0.00995284
2025/09/02 20:16:51 : Epoch: 129, Train_Loss: 0.00996342
2025/09/02 20:16:51 : Epoch: 129, Eval_Loss: 0.00650902
2025/09/02 20:16:52 : Epoch: 130, Train_Loss: 0.00998472
2025/09/02 20:16:52 : Epoch: 131, Train_Loss: 0.00994805
2025/09/02 20:16:52 : Epoch: 132, Train_Loss: 0.00995314
2025/09/02 20:16:52 : Epoch: 133, Train_Loss: 0.00995439
2025/09/02 20:16:52 : Epoch: 134, Train_Loss: 0.00994818
2025/09/02 20:16:52 : Epoch: 134, Eval_Loss: 0.00650406
2025/09/02 20:16:52 : Epoch: 135, Train_Loss: 0.00994903
2025/09/02 20:16:52 : Epoch: 136, Train_Loss: 0.00994303
2025/09/02 20:16:52 : Epoch: 137, Train_Loss: 0.00993161
2025/09/02 20:16:52 : Epoch: 138, Train_Loss: 0.00988755
2025/09/02 20:16:53 : Epoch: 139, Train_Loss: 0.00987133
2025/09/02 20:16:53 : Epoch: 139, Eval_Loss: 0.00652767
2025/09/02 20:16:53 : Epoch: 140, Train_Loss: 0.00986280
2025/09/02 20:16:53 : Epoch: 141, Train_Loss: 0.00978564
2025/09/02 20:16:53 : Epoch: 142, Train_Loss: 0.00970043
2025/09/02 20:16:53 : Epoch: 143, Train_Loss: 0.00968167
2025/09/02 20:16:53 : Epoch: 144, Train_Loss: 0.01045848
2025/09/02 20:16:53 : Epoch: 144, Eval_Loss: 0.00653451
2025/09/02 20:16:53 : Epoch: 145, Train_Loss: 0.01007874
2025/09/02 20:16:53 : Epoch: 146, Train_Loss: 0.00998477
2025/09/02 20:16:54 : Epoch: 147, Train_Loss: 0.00996453
2025/09/02 20:16:54 : Epoch: 148, Train_Loss: 0.00997041
2025/09/02 20:16:54 : Epoch: 149, Train_Loss: 0.00996620
2025/09/02 20:16:54 : Epoch: 149, Eval_Loss: 0.00650713
2025/09/02 20:16:54 : Epoch: 150, Train_Loss: 0.00998680
2025/09/02 20:16:54 : Epoch: 151, Train_Loss: 0.00995734
2025/09/02 20:16:54 : Epoch: 152, Train_Loss: 0.00996276
2025/09/02 20:16:54 : Epoch: 153, Train_Loss: 0.00997444
2025/09/02 20:16:54 : Epoch: 154, Train_Loss: 0.00995330
2025/09/02 20:16:54 : Epoch: 154, Eval_Loss: 0.00649910
2025/09/02 20:16:55 : Epoch: 155, Train_Loss: 0.00995345
2025/09/02 20:16:55 : Epoch: 156, Train_Loss: 0.00996014
2025/09/02 20:16:55 : Epoch: 157, Train_Loss: 0.00995681
2025/09/02 20:16:55 : Epoch: 158, Train_Loss: 0.00995963
2025/09/02 20:16:55 : Epoch: 159, Train_Loss: 0.00995412
2025/09/02 20:16:55 : Epoch: 159, Eval_Loss: 0.00649972
2025/09/02 20:16:55 : Epoch: 160, Train_Loss: 0.00998126
2025/09/02 20:16:55 : Epoch: 161, Train_Loss: 0.00996455
2025/09/02 20:16:55 : Epoch: 162, Train_Loss: 0.00995204
2025/09/02 20:16:56 : Epoch: 163, Train_Loss: 0.00995692
2025/09/02 20:16:56 : Epoch: 164, Train_Loss: 0.00994755
2025/09/02 20:16:56 : Epoch: 164, Eval_Loss: 0.00649896
2025/09/02 20:16:56 : Epoch: 165, Train_Loss: 0.00996030
2025/09/02 20:16:56 : Epoch: 166, Train_Loss: 0.00995016
2025/09/02 20:16:56 : Epoch: 167, Train_Loss: 0.00996125
2025/09/02 20:16:56 : Epoch: 168, Train_Loss: 0.00995875
2025/09/02 20:16:56 : Epoch: 169, Train_Loss: 0.00994828
2025/09/02 20:16:56 : Epoch: 169, Eval_Loss: 0.00649381
2025/09/02 20:16:56 : Epoch: 170, Train_Loss: 0.00995251
2025/09/02 20:16:57 : Epoch: 171, Train_Loss: 0.00994762
2025/09/02 20:16:57 : Epoch: 172, Train_Loss: 0.00995982
2025/09/02 20:16:57 : Epoch: 173, Train_Loss: 0.00994761
2025/09/02 20:16:57 : Epoch: 174, Train_Loss: 0.00996201
2025/09/02 20:16:57 : Epoch: 174, Eval_Loss: 0.00649672
2025/09/02 20:16:57 : Epoch: 175, Train_Loss: 0.00996626
2025/09/02 20:16:57 : Epoch: 176, Train_Loss: 0.00995100
2025/09/02 20:16:57 : Epoch: 177, Train_Loss: 0.00995918
2025/09/02 20:16:57 : Epoch: 178, Train_Loss: 0.00995271
2025/09/02 20:16:57 : Epoch: 179, Train_Loss: 0.00995160
2025/09/02 20:16:58 : Epoch: 179, Eval_Loss: 0.00649187
2025/09/02 20:16:58 : Epoch: 180, Train_Loss: 0.00995685
2025/09/02 20:16:58 : Epoch: 181, Train_Loss: 0.00994242
2025/09/02 20:16:58 : Epoch: 182, Train_Loss: 0.00993638
2025/09/02 20:16:58 : Epoch: 183, Train_Loss: 0.00995992
2025/09/02 20:16:58 : Epoch: 184, Train_Loss: 0.00994747
2025/09/02 20:16:58 : Epoch: 184, Eval_Loss: 0.00648722
2025/09/02 20:16:58 : Epoch: 185, Train_Loss: 0.00994151
2025/09/02 20:16:58 : Epoch: 186, Train_Loss: 0.00994128
2025/09/02 20:16:58 : Epoch: 187, Train_Loss: 0.00992947
2025/09/02 20:16:59 : Epoch: 188, Train_Loss: 0.00992837
2025/09/02 20:16:59 : Epoch: 189, Train_Loss: 0.00993598
2025/09/02 20:16:59 : Epoch: 189, Eval_Loss: 0.00647217
2025/09/02 20:16:59 : Epoch: 190, Train_Loss: 0.00992836
2025/09/02 20:16:59 : Epoch: 191, Train_Loss: 0.00999174
2025/09/02 20:16:59 : Epoch: 192, Train_Loss: 0.00989885
2025/09/02 20:16:59 : Epoch: 193, Train_Loss: 0.00993500
2025/09/02 20:16:59 : Epoch: 194, Train_Loss: 0.00991955
2025/09/02 20:16:59 : Epoch: 194, Eval_Loss: 0.00644721
2025/09/02 20:16:59 : Epoch: 195, Train_Loss: 0.00990250
2025/09/02 20:17:00 : Epoch: 196, Train_Loss: 0.00993522
2025/09/02 20:17:00 : Epoch: 197, Train_Loss: 0.00988125
2025/09/02 20:17:00 : Epoch: 198, Train_Loss: 0.00991184
2025/09/02 20:17:00 : Epoch: 199, Train_Loss: 0.00991666
2025/09/02 20:17:00 : Epoch: 199, Eval_Loss: 0.00651284
2025/09/02 20:17:00 : Epoch: 200, Train_Loss: 0.00993678
2025/09/02 20:17:00 : Epoch: 201, Train_Loss: 0.00986671
2025/09/02 20:17:00 : Epoch: 202, Train_Loss: 0.00985065
2025/09/02 20:17:00 : Epoch: 203, Train_Loss: 0.00995762
2025/09/02 20:17:01 : Epoch: 204, Train_Loss: 0.00995643
2025/09/02 20:17:01 : Epoch: 204, Eval_Loss: 0.00637392
2025/09/02 20:17:01 : Epoch: 205, Train_Loss: 0.00973004
2025/09/02 20:17:01 : Epoch: 206, Train_Loss: 0.00982485
2025/09/02 20:17:01 : Epoch: 207, Train_Loss: 0.00972877
2025/09/02 20:17:01 : Epoch: 208, Train_Loss: 0.00979914
2025/09/02 20:17:01 : Epoch: 209, Train_Loss: 0.00956227
2025/09/02 20:17:01 : Epoch: 209, Eval_Loss: 0.00624592
2025/09/02 20:17:01 : Epoch: 210, Train_Loss: 0.00952698
2025/09/02 20:17:01 : Epoch: 211, Train_Loss: 0.00986568
2025/09/02 20:17:02 : Epoch: 212, Train_Loss: 0.00993125
2025/09/02 20:17:02 : Epoch: 213, Train_Loss: 0.00986788
2025/09/02 20:17:02 : Epoch: 214, Train_Loss: 0.00982915
2025/09/02 20:17:02 : Epoch: 214, Eval_Loss: 0.00628876
2025/09/02 20:17:02 : Epoch: 215, Train_Loss: 0.00961580
2025/09/02 20:17:02 : Epoch: 216, Train_Loss: 0.00955770
2025/09/02 20:17:02 : Epoch: 217, Train_Loss: 0.00942683
2025/09/02 20:17:02 : Epoch: 218, Train_Loss: 0.00888348
2025/09/02 20:17:02 : Epoch: 219, Train_Loss: 0.00824726
2025/09/02 20:17:02 : Epoch: 219, Eval_Loss: 0.00766654
2025/09/02 20:17:03 : Epoch: 220, Train_Loss: 0.00894046
2025/09/02 20:17:03 : Epoch: 221, Train_Loss: 0.00823514
2025/09/02 20:17:03 : Epoch: 222, Train_Loss: 0.00784969
2025/09/02 20:17:03 : Epoch: 223, Train_Loss: 0.00849363
2025/09/02 20:17:03 : Epoch: 224, Train_Loss: 0.00804357
2025/09/02 20:17:03 : Epoch: 224, Eval_Loss: 0.00546102
2025/09/02 20:17:03 : Epoch: 225, Train_Loss: 0.00773238
2025/09/02 20:17:03 : Epoch: 226, Train_Loss: 0.00739127
2025/09/02 20:17:03 : Epoch: 227, Train_Loss: 0.00702940
2025/09/02 20:17:03 : Epoch: 228, Train_Loss: 0.00639527
2025/09/02 20:17:04 : Epoch: 229, Train_Loss: 0.00651943
2025/09/02 20:17:04 : Epoch: 229, Eval_Loss: 0.00465719
2025/09/02 20:17:04 : Epoch: 229, Save the best checkpoint
2025/09/02 20:17:04 : Epoch: 230, Train_Loss: 0.00604983
2025/09/02 20:17:04 : Epoch: 231, Train_Loss: 0.00574069
2025/09/02 20:17:04 : Epoch: 232, Train_Loss: 0.00590775
2025/09/02 20:17:04 : Epoch: 233, Train_Loss: 0.00635426
2025/09/02 20:17:04 : Epoch: 234, Train_Loss: 0.00471287
2025/09/02 20:17:04 : Epoch: 234, Eval_Loss: 0.00726205
2025/09/02 20:17:04 : Epoch: 235, Train_Loss: 0.00477013
2025/09/02 20:17:05 : Epoch: 236, Train_Loss: 0.00443772
2025/09/02 20:17:05 : Epoch: 237, Train_Loss: 0.00448148
2025/09/02 20:17:05 : Epoch: 238, Train_Loss: 0.00470070
2025/09/02 20:17:05 : Epoch: 239, Train_Loss: 0.00473444
2025/09/02 20:17:05 : Epoch: 239, Eval_Loss: 0.00655052
2025/09/02 20:17:05 : Epoch: 240, Train_Loss: 0.00408464
2025/09/02 20:17:05 : Epoch: 241, Train_Loss: 0.00441008
2025/09/02 20:17:05 : Epoch: 242, Train_Loss: 0.00459734
2025/09/02 20:17:05 : Epoch: 243, Train_Loss: 0.00562474
2025/09/02 20:17:05 : Epoch: 244, Train_Loss: 0.00457704
2025/09/02 20:17:06 : Epoch: 244, Eval_Loss: 0.00795422
2025/09/02 20:17:06 : Epoch: 245, Train_Loss: 0.00521688
2025/09/02 20:17:06 : Epoch: 246, Train_Loss: 0.00447273
2025/09/02 20:17:06 : Epoch: 247, Train_Loss: 0.00422917
2025/09/02 20:17:06 : Epoch: 248, Train_Loss: 0.00422191
2025/09/02 20:17:06 : Epoch: 249, Train_Loss: 0.00373951
2025/09/02 20:17:06 : Epoch: 249, Eval_Loss: 0.00790618
2025/09/02 20:17:06 : Epoch: 250, Train_Loss: 0.00353041
2025/09/02 20:17:06 : Epoch: 251, Train_Loss: 0.00368864
2025/09/02 20:17:06 : Epoch: 252, Train_Loss: 0.00439903
2025/09/02 20:17:07 : Epoch: 253, Train_Loss: 0.00546381
2025/09/02 20:17:07 : Epoch: 254, Train_Loss: 0.00437794
2025/09/02 20:17:07 : Epoch: 254, Eval_Loss: 0.00839485
2025/09/02 20:17:07 : Epoch: 255, Train_Loss: 0.00390113
2025/09/02 20:17:07 : Epoch: 256, Train_Loss: 0.00376779
2025/09/02 20:17:07 : Epoch: 257, Train_Loss: 0.00367263
2025/09/02 20:17:07 : Epoch: 258, Train_Loss: 0.00341155
2025/09/02 20:17:07 : Epoch: 259, Train_Loss: 0.00296585
2025/09/02 20:17:07 : Epoch: 259, Eval_Loss: 0.00805365
2025/09/02 20:17:07 : Epoch: 260, Train_Loss: 0.00351782
2025/09/02 20:17:08 : Epoch: 261, Train_Loss: 0.00353614
2025/09/02 20:17:08 : Epoch: 262, Train_Loss: 0.00346459
2025/09/02 20:17:08 : Epoch: 263, Train_Loss: 0.00316390
2025/09/02 20:17:08 : Epoch: 264, Train_Loss: 0.00386937
2025/09/02 20:17:08 : Epoch: 264, Eval_Loss: 0.00863929
2025/09/02 20:17:08 : Epoch: 265, Train_Loss: 0.00563562
2025/09/02 20:17:08 : Epoch: 266, Train_Loss: 0.00438087
2025/09/02 20:17:08 : Epoch: 267, Train_Loss: 0.00584936
2025/09/02 20:17:08 : Epoch: 268, Train_Loss: 0.00480336
2025/09/02 20:17:09 : Epoch: 269, Train_Loss: 0.00473746
2025/09/02 20:17:09 : Epoch: 269, Eval_Loss: 0.00907378
2025/09/02 20:17:09 : Epoch: 270, Train_Loss: 0.00410224
2025/09/02 20:17:09 : Epoch: 271, Train_Loss: 0.00402026
2025/09/02 20:17:09 : Epoch: 272, Train_Loss: 0.00359670
2025/09/02 20:17:09 : Epoch: 273, Train_Loss: 0.00364822
2025/09/02 20:17:09 : Epoch: 274, Train_Loss: 0.00368523
2025/09/02 20:17:09 : Epoch: 274, Eval_Loss: 0.00965897
2025/09/02 20:17:09 : Epoch: 275, Train_Loss: 0.00481618
2025/09/02 20:17:09 : Epoch: 276, Train_Loss: 0.00421819
2025/09/02 20:17:10 : Epoch: 277, Train_Loss: 0.00471314
2025/09/02 20:17:10 : Epoch: 278, Train_Loss: 0.00370756
2025/09/02 20:17:10 : Epoch: 279, Train_Loss: 0.00456134
2025/09/02 20:17:10 : Epoch: 279, Eval_Loss: 0.00699173
2025/09/02 20:17:10 : Epoch: 280, Train_Loss: 0.00378060
2025/09/02 20:17:10 : Epoch: 281, Train_Loss: 0.00374306
2025/09/02 20:17:10 : Epoch: 282, Train_Loss: 0.00364358
2025/09/02 20:17:10 : Epoch: 283, Train_Loss: 0.00336747
2025/09/02 20:17:10 : Epoch: 284, Train_Loss: 0.00295067
2025/09/02 20:17:10 : Epoch: 284, Eval_Loss: 0.00813832
2025/09/02 20:17:11 : Epoch: 285, Train_Loss: 0.00274646
2025/09/02 20:17:11 : Epoch: 286, Train_Loss: 0.00269779
2025/09/02 20:17:11 : Epoch: 287, Train_Loss: 0.00289673
2025/09/02 20:17:11 : Epoch: 288, Train_Loss: 0.00275964
2025/09/02 20:17:11 : Epoch: 289, Train_Loss: 0.00268297
2025/09/02 20:17:11 : Epoch: 289, Eval_Loss: 0.00820025
2025/09/02 20:17:11 : Epoch: 290, Train_Loss: 0.00299814
2025/09/02 20:17:11 : Epoch: 291, Train_Loss: 0.00377927
2025/09/02 20:17:11 : Epoch: 292, Train_Loss: 0.00357999
2025/09/02 20:17:12 : Epoch: 293, Train_Loss: 0.00338252
2025/09/02 20:17:12 : Epoch: 294, Train_Loss: 0.00292827
2025/09/02 20:17:12 : Epoch: 294, Eval_Loss: 0.00939724
2025/09/02 20:17:12 : Epoch: 295, Train_Loss: 0.00296803
2025/09/02 20:17:12 : Epoch: 296, Train_Loss: 0.00281645
2025/09/02 20:17:12 : Epoch: 297, Train_Loss: 0.00240519
2025/09/02 20:17:12 : Epoch: 298, Train_Loss: 0.00226120
2025/09/02 20:17:12 : Epoch: 299, Train_Loss: 0.00246645
2025/09/02 20:17:12 : Epoch: 299, Eval_Loss: 0.00837188
2025/09/02 20:17:12 : Epoch: 300, Train_Loss: 0.00272759
2025/09/02 20:17:13 : Epoch: 301, Train_Loss: 0.00277477
2025/09/02 20:17:13 : Epoch: 302, Train_Loss: 0.00251402
2025/09/02 20:17:13 : Epoch: 303, Train_Loss: 0.00223243
2025/09/02 20:17:13 : Epoch: 304, Train_Loss: 0.00223793
2025/09/02 20:17:13 : Epoch: 304, Eval_Loss: 0.00791800
2025/09/02 20:17:13 : Epoch: 305, Train_Loss: 0.00239269
2025/09/02 20:17:13 : Epoch: 306, Train_Loss: 0.00276174
2025/09/02 20:17:13 : Epoch: 307, Train_Loss: 0.00446055
2025/09/02 20:17:13 : Epoch: 308, Train_Loss: 0.00418196
2025/09/02 20:17:13 : Epoch: 309, Train_Loss: 0.00442751
2025/09/02 20:17:14 : Epoch: 309, Eval_Loss: 0.00982828
2025/09/02 20:17:14 : Epoch: 310, Train_Loss: 0.00410332
2025/09/02 20:17:14 : Epoch: 311, Train_Loss: 0.00341763
2025/09/02 20:17:14 : Epoch: 312, Train_Loss: 0.00347495
2025/09/02 20:17:14 : Epoch: 313, Train_Loss: 0.00369508
2025/09/02 20:17:14 : Epoch: 314, Train_Loss: 0.00315229
2025/09/02 20:17:14 : Epoch: 314, Eval_Loss: 0.00912714
2025/09/02 20:17:14 : Epoch: 315, Train_Loss: 0.00283679
2025/09/02 20:17:14 : Epoch: 316, Train_Loss: 0.00306966
2025/09/02 20:17:14 : Epoch: 317, Train_Loss: 0.00309942
2025/09/02 20:17:15 : Epoch: 318, Train_Loss: 0.00329942
2025/09/02 20:17:15 : Epoch: 319, Train_Loss: 0.00289816
2025/09/02 20:17:15 : Epoch: 319, Eval_Loss: 0.00885760
2025/09/02 20:17:15 : Epoch: 320, Train_Loss: 0.00235344
2025/09/02 20:17:15 : Epoch: 321, Train_Loss: 0.00244933
2025/09/02 20:17:15 : Epoch: 322, Train_Loss: 0.00270356
2025/09/02 20:17:15 : Epoch: 323, Train_Loss: 0.00281350
2025/09/02 20:17:15 : Epoch: 324, Train_Loss: 0.00262627
2025/09/02 20:17:15 : Epoch: 324, Eval_Loss: 0.00877454
2025/09/02 20:17:15 : Epoch: 325, Train_Loss: 0.00282130
2025/09/02 20:17:16 : Epoch: 326, Train_Loss: 0.00247746
2025/09/02 20:17:16 : Epoch: 327, Train_Loss: 0.00279616
2025/09/02 20:17:16 : Epoch: 328, Train_Loss: 0.00319990
2025/09/02 20:17:16 : Epoch: 329, Train_Loss: 0.00548932
2025/09/02 20:17:16 : Epoch: 329, Eval_Loss: 0.00909641
2025/09/02 20:17:16 : Epoch: 330, Train_Loss: 0.00460029
2025/09/02 20:17:16 : Epoch: 331, Train_Loss: 0.00430502
2025/09/02 20:17:16 : Epoch: 332, Train_Loss: 0.00367588
2025/09/02 20:17:16 : Epoch: 333, Train_Loss: 0.00300351
2025/09/02 20:17:17 : Epoch: 334, Train_Loss: 0.00270137
2025/09/02 20:17:17 : Epoch: 334, Eval_Loss: 0.00921432
2025/09/02 20:17:17 : Epoch: 335, Train_Loss: 0.00268648
2025/09/02 20:17:17 : Epoch: 336, Train_Loss: 0.00236508
2025/09/02 20:17:17 : Epoch: 337, Train_Loss: 0.00235530
2025/09/02 20:17:17 : Epoch: 338, Train_Loss: 0.00224345
2025/09/02 20:17:17 : Epoch: 339, Train_Loss: 0.00230827
2025/09/02 20:17:17 : Epoch: 339, Eval_Loss: 0.00967307
2025/09/02 20:17:17 : Epoch: 340, Train_Loss: 0.00215872
2025/09/02 20:17:17 : Epoch: 341, Train_Loss: 0.00255476
2025/09/02 20:17:18 : Epoch: 342, Train_Loss: 0.00366210
2025/09/02 20:17:18 : Epoch: 343, Train_Loss: 0.00316069
2025/09/02 20:17:18 : Epoch: 344, Train_Loss: 0.00226793
2025/09/02 20:17:18 : Epoch: 344, Eval_Loss: 0.00589448
2025/09/02 20:17:18 : Epoch: 345, Train_Loss: 0.00250069
2025/09/02 20:17:18 : Epoch: 346, Train_Loss: 0.00228592
2025/09/02 20:17:18 : Epoch: 347, Train_Loss: 0.00390999
2025/09/02 20:17:18 : Epoch: 348, Train_Loss: 0.00330568
2025/09/02 20:17:18 : Epoch: 349, Train_Loss: 0.00245817
2025/09/02 20:17:18 : Epoch: 349, Eval_Loss: 0.00703939
2025/09/02 20:17:19 : Epoch: 350, Train_Loss: 0.00249094
2025/09/02 20:17:19 : Epoch: 351, Train_Loss: 0.00223212
2025/09/02 20:17:19 : Epoch: 352, Train_Loss: 0.00209690
2025/09/02 20:17:19 : Epoch: 353, Train_Loss: 0.00216992
2025/09/02 20:17:19 : Epoch: 354, Train_Loss: 0.00201283
2025/09/02 20:17:19 : Epoch: 354, Eval_Loss: 0.00871416
2025/09/02 20:17:19 : Epoch: 355, Train_Loss: 0.00239556
2025/09/02 20:17:19 : Epoch: 356, Train_Loss: 0.00227632
2025/09/02 20:17:19 : Epoch: 357, Train_Loss: 0.00200742
2025/09/02 20:17:20 : Epoch: 358, Train_Loss: 0.00208190
2025/09/02 20:17:20 : Epoch: 359, Train_Loss: 0.00216117
2025/09/02 20:17:20 : Epoch: 359, Eval_Loss: 0.00981020
2025/09/02 20:17:20 : Epoch: 360, Train_Loss: 0.00214201
2025/09/02 20:17:20 : Epoch: 361, Train_Loss: 0.00224630
2025/09/02 20:17:20 : Epoch: 362, Train_Loss: 0.00326530
2025/09/02 20:17:20 : Epoch: 363, Train_Loss: 0.00376353
2025/09/02 20:17:20 : Epoch: 364, Train_Loss: 0.00247523
2025/09/02 20:17:20 : Epoch: 364, Eval_Loss: 0.00902487
2025/09/02 20:17:20 : Epoch: 365, Train_Loss: 0.00269340
2025/09/02 20:17:21 : Epoch: 366, Train_Loss: 0.00263614
2025/09/02 20:17:21 : Epoch: 367, Train_Loss: 0.00271008
2025/09/02 20:17:21 : Epoch: 368, Train_Loss: 0.00216833
2025/09/02 20:17:21 : Epoch: 369, Train_Loss: 0.00251760
2025/09/02 20:17:21 : Epoch: 369, Eval_Loss: 0.00982378
2025/09/02 20:17:21 : Epoch: 370, Train_Loss: 0.00231611
2025/09/02 20:17:21 : Epoch: 371, Train_Loss: 0.00191602
2025/09/02 20:17:21 : Epoch: 372, Train_Loss: 0.00184841
2025/09/02 20:17:21 : Epoch: 373, Train_Loss: 0.00228977
2025/09/02 20:17:21 : Epoch: 374, Train_Loss: 0.00211854
2025/09/02 20:17:22 : Epoch: 374, Eval_Loss: 0.00908943
2025/09/02 20:17:22 : Epoch: 375, Train_Loss: 0.00204351
2025/09/02 20:17:22 : Epoch: 376, Train_Loss: 0.00189163
2025/09/02 20:17:22 : Epoch: 377, Train_Loss: 0.00169627
2025/09/02 20:17:22 : Epoch: 378, Train_Loss: 0.00156992
2025/09/02 20:17:22 : Epoch: 379, Train_Loss: 0.00157635
2025/09/02 20:17:22 : Epoch: 379, Eval_Loss: 0.01026032
2025/09/02 20:17:22 : Epoch: 380, Train_Loss: 0.00152715
2025/09/02 20:17:22 : Epoch: 381, Train_Loss: 0.00158280
2025/09/02 20:17:22 : Epoch: 382, Train_Loss: 0.00181791
2025/09/02 20:17:23 : Epoch: 383, Train_Loss: 0.00211436
2025/09/02 20:17:23 : Epoch: 384, Train_Loss: 0.00278884
2025/09/02 20:17:23 : Epoch: 384, Eval_Loss: 0.00842712
2025/09/02 20:17:23 : Epoch: 385, Train_Loss: 0.00265713
2025/09/02 20:17:23 : Epoch: 386, Train_Loss: 0.00214375
2025/09/02 20:17:23 : Epoch: 387, Train_Loss: 0.00199521
2025/09/02 20:17:23 : Epoch: 388, Train_Loss: 0.00186536
2025/09/02 20:17:23 : Epoch: 389, Train_Loss: 0.00188331
2025/09/02 20:17:23 : Epoch: 389, Eval_Loss: 0.01162822
2025/09/02 20:17:23 : Epoch: 390, Train_Loss: 0.00226864
2025/09/02 20:17:24 : Epoch: 391, Train_Loss: 0.00234898
2025/09/02 20:17:24 : Epoch: 392, Train_Loss: 0.00209864
2025/09/02 20:17:24 : Epoch: 393, Train_Loss: 0.00203173
2025/09/02 20:17:24 : Epoch: 394, Train_Loss: 0.00208049
2025/09/02 20:17:24 : Epoch: 394, Eval_Loss: 0.00926794
2025/09/02 20:17:24 : Epoch: 395, Train_Loss: 0.00214419
2025/09/02 20:17:24 : Epoch: 396, Train_Loss: 0.00176170
2025/09/02 20:17:24 : Epoch: 397, Train_Loss: 0.00172383
2025/09/02 20:17:24 : Epoch: 398, Train_Loss: 0.00154377
2025/09/02 20:17:25 : Epoch: 399, Train_Loss: 0.00166479
2025/09/02 20:17:25 : Epoch: 399, Eval_Loss: 0.01103044
2025/09/02 20:17:25 : Epoch: 400, Train_Loss: 0.00211224
2025/09/02 20:17:25 : Epoch: 401, Train_Loss: 0.00246310
2025/09/02 20:17:25 : Epoch: 402, Train_Loss: 0.00413991
2025/09/02 20:17:25 : Epoch: 403, Train_Loss: 0.00335189
2025/09/02 20:17:25 : Epoch: 404, Train_Loss: 0.00316535
2025/09/02 20:17:25 : Epoch: 404, Eval_Loss: 0.00800237
2025/09/02 20:17:25 : Epoch: 405, Train_Loss: 0.00261634
2025/09/02 20:17:25 : Epoch: 406, Train_Loss: 0.00205210
2025/09/02 20:17:26 : Epoch: 407, Train_Loss: 0.00187197
2025/09/02 20:17:26 : Epoch: 408, Train_Loss: 0.00202745
2025/09/02 20:17:26 : Epoch: 409, Train_Loss: 0.00168932
2025/09/02 20:17:26 : Epoch: 409, Eval_Loss: 0.01091951
2025/09/02 20:17:26 : Epoch: 410, Train_Loss: 0.00167905
2025/09/02 20:17:26 : Epoch: 411, Train_Loss: 0.00162615
2025/09/02 20:17:26 : Epoch: 412, Train_Loss: 0.00178365
2025/09/02 20:17:26 : Epoch: 413, Train_Loss: 0.00186687
2025/09/02 20:17:26 : Epoch: 414, Train_Loss: 0.00229759
2025/09/02 20:17:26 : Epoch: 414, Eval_Loss: 0.01006642
2025/09/02 20:17:27 : Epoch: 415, Train_Loss: 0.00206124
2025/09/02 20:17:27 : Epoch: 416, Train_Loss: 0.00194720
2025/09/02 20:17:27 : Epoch: 417, Train_Loss: 0.00182627
2025/09/02 20:17:27 : Epoch: 418, Train_Loss: 0.00185306
2025/09/02 20:17:27 : Epoch: 419, Train_Loss: 0.00171005
2025/09/02 20:17:27 : Epoch: 419, Eval_Loss: 0.00935413
2025/09/02 20:17:27 : Epoch: 420, Train_Loss: 0.00152420
2025/09/02 20:17:27 : Epoch: 421, Train_Loss: 0.00155399
2025/09/02 20:17:27 : Epoch: 422, Train_Loss: 0.00145097
2025/09/02 20:17:28 : Epoch: 423, Train_Loss: 0.00156495
2025/09/02 20:17:28 : Epoch: 424, Train_Loss: 0.00144039
2025/09/02 20:17:28 : Epoch: 424, Eval_Loss: 0.01002968
2025/09/02 20:17:28 : Epoch: 425, Train_Loss: 0.00145239
2025/09/02 20:17:28 : Epoch: 426, Train_Loss: 0.00173834
2025/09/02 20:17:28 : Epoch: 427, Train_Loss: 0.00186418
2025/09/02 20:17:28 : Epoch: 428, Train_Loss: 0.00208355
2025/09/02 20:17:28 : Epoch: 429, Train_Loss: 0.00193616
2025/09/02 20:17:28 : Epoch: 429, Eval_Loss: 0.00955837
2025/09/02 20:17:28 : Epoch: 430, Train_Loss: 0.00146203
2025/09/02 20:17:29 : Epoch: 431, Train_Loss: 0.00144786
2025/09/02 20:17:29 : Epoch: 432, Train_Loss: 0.00126351
2025/09/02 20:17:29 : Epoch: 433, Train_Loss: 0.00121340
2025/09/02 20:17:29 : Epoch: 434, Train_Loss: 0.00140734
2025/09/02 20:17:29 : Epoch: 434, Eval_Loss: 0.00993336
2025/09/02 20:17:29 : Epoch: 435, Train_Loss: 0.00164102
2025/09/02 20:17:29 : Epoch: 436, Train_Loss: 0.00153128
2025/09/02 20:17:29 : Epoch: 437, Train_Loss: 0.00126874
2025/09/02 20:17:29 : Epoch: 438, Train_Loss: 0.00122335
2025/09/02 20:17:29 : Epoch: 439, Train_Loss: 0.00110432
2025/09/02 20:17:30 : Epoch: 439, Eval_Loss: 0.00998127
2025/09/02 20:17:30 : Epoch: 440, Train_Loss: 0.00099156
2025/09/02 20:17:30 : Epoch: 441, Train_Loss: 0.00098597
2025/09/02 20:17:30 : Epoch: 442, Train_Loss: 0.00095130
2025/09/02 20:17:30 : Epoch: 443, Train_Loss: 0.00092508
2025/09/02 20:17:30 : Epoch: 444, Train_Loss: 0.00090007
2025/09/02 20:17:30 : Epoch: 444, Eval_Loss: 0.01018386
2025/09/02 20:17:30 : Epoch: 445, Train_Loss: 0.00091325
2025/09/02 20:17:30 : Epoch: 446, Train_Loss: 0.00090602
2025/09/02 20:17:30 : Epoch: 447, Train_Loss: 0.00087682
2025/09/02 20:17:31 : Epoch: 448, Train_Loss: 0.00082834
2025/09/02 20:17:31 : Epoch: 449, Train_Loss: 0.00088592
2025/09/02 20:17:31 : Epoch: 449, Eval_Loss: 0.00987468
2025/09/02 20:17:31 : Epoch: 450, Train_Loss: 0.00087649
2025/09/02 20:17:31 : Epoch: 451, Train_Loss: 0.00089415
2025/09/02 20:17:31 : Epoch: 452, Train_Loss: 0.00086065
2025/09/02 20:17:31 : Epoch: 453, Train_Loss: 0.00088947
2025/09/02 20:17:31 : Epoch: 454, Train_Loss: 0.00089714
2025/09/02 20:17:31 : Epoch: 454, Eval_Loss: 0.01012744
2025/09/02 20:17:31 : Epoch: 455, Train_Loss: 0.00101696
2025/09/02 20:17:32 : Epoch: 456, Train_Loss: 0.00100981
2025/09/02 20:17:32 : Epoch: 457, Train_Loss: 0.00094649
2025/09/02 20:17:32 : Epoch: 458, Train_Loss: 0.00101612
2025/09/02 20:17:32 : Epoch: 459, Train_Loss: 0.00095613
2025/09/02 20:17:32 : Epoch: 459, Eval_Loss: 0.00983395
2025/09/02 20:17:32 : Epoch: 460, Train_Loss: 0.00090259
2025/09/02 20:17:32 : Epoch: 461, Train_Loss: 0.00098793
2025/09/02 20:17:32 : Epoch: 462, Train_Loss: 0.00084844
2025/09/02 20:17:32 : Epoch: 463, Train_Loss: 0.00111302
2025/09/02 20:17:33 : Epoch: 464, Train_Loss: 0.00112100
2025/09/02 20:17:33 : Epoch: 464, Eval_Loss: 0.00955422
2025/09/02 20:17:33 : Epoch: 465, Train_Loss: 0.00097534
2025/09/02 20:17:33 : Epoch: 466, Train_Loss: 0.00097300
2025/09/02 20:17:33 : Epoch: 467, Train_Loss: 0.00098744
2025/09/02 20:17:33 : Epoch: 468, Train_Loss: 0.00098793
2025/09/02 20:17:33 : Epoch: 469, Train_Loss: 0.00094598
2025/09/02 20:17:33 : Epoch: 469, Eval_Loss: 0.01067721
2025/09/02 20:17:33 : Epoch: 470, Train_Loss: 0.00091418
2025/09/02 20:17:33 : Epoch: 471, Train_Loss: 0.00087932
2025/09/02 20:17:34 : Epoch: 472, Train_Loss: 0.00083343
2025/09/02 20:17:34 : Epoch: 473, Train_Loss: 0.00086042
2025/09/02 20:17:34 : Epoch: 474, Train_Loss: 0.00090404
2025/09/02 20:17:34 : Epoch: 474, Eval_Loss: 0.01057692
2025/09/02 20:17:34 : Epoch: 475, Train_Loss: 0.00084827
2025/09/02 20:17:34 : Epoch: 476, Train_Loss: 0.00085428
2025/09/02 20:17:34 : Epoch: 477, Train_Loss: 0.00092226
2025/09/02 20:17:34 : Epoch: 478, Train_Loss: 0.00120944
2025/09/02 20:17:34 : Epoch: 479, Train_Loss: 0.00143993
2025/09/02 20:17:34 : Epoch: 479, Eval_Loss: 0.00918902
2025/09/02 20:17:35 : Epoch: 480, Train_Loss: 0.00139107
2025/09/02 20:17:35 : Epoch: 481, Train_Loss: 0.00121269
2025/09/02 20:17:35 : Epoch: 482, Train_Loss: 0.00123462
2025/09/02 20:17:35 : Epoch: 483, Train_Loss: 0.00151261
2025/09/02 20:17:35 : Epoch: 484, Train_Loss: 0.00187797
2025/09/02 20:17:35 : Epoch: 484, Eval_Loss: 0.00988640
2025/09/02 20:17:35 : Epoch: 485, Train_Loss: 0.00158440
2025/09/02 20:17:35 : Epoch: 486, Train_Loss: 0.00136995
2025/09/02 20:17:35 : Epoch: 487, Train_Loss: 0.00140570
2025/09/02 20:17:35 : Epoch: 488, Train_Loss: 0.00361367
2025/09/02 20:17:36 : Epoch: 489, Train_Loss: 0.00398420
2025/09/02 20:17:36 : Epoch: 489, Eval_Loss: 0.00534723
2025/09/02 20:17:36 : Epoch: 490, Train_Loss: 0.00374756
2025/09/02 20:17:36 : Epoch: 491, Train_Loss: 0.00361457
2025/09/02 20:17:36 : Epoch: 492, Train_Loss: 0.00363458
2025/09/02 20:17:36 : Epoch: 493, Train_Loss: 0.00354332
2025/09/02 20:17:36 : Epoch: 494, Train_Loss: 0.00338943
2025/09/02 20:17:36 : Epoch: 494, Eval_Loss: 0.00549339
2025/09/02 20:17:36 : Epoch: 495, Train_Loss: 0.00331637
2025/09/02 20:17:37 : Epoch: 496, Train_Loss: 0.00340942
2025/09/02 20:17:37 : Epoch: 497, Train_Loss: 0.00365738
2025/09/02 20:17:37 : Epoch: 498, Train_Loss: 0.00425832
2025/09/02 20:17:37 : Epoch: 499, Train_Loss: 0.00452399
2025/09/02 20:17:37 : Epoch: 499, Eval_Loss: 0.00586366
2025/09/02 20:17:37 : Epoch: 500, Train_Loss: 0.00428240
2025/09/02 20:17:37 : Epoch: 501, Train_Loss: 0.00462117
2025/09/02 20:17:37 : Epoch: 502, Train_Loss: 0.00428123
2025/09/02 20:17:37 : Epoch: 503, Train_Loss: 0.00411151
2025/09/02 20:17:37 : Epoch: 504, Train_Loss: 0.00379161
2025/09/02 20:17:38 : Epoch: 504, Eval_Loss: 0.00571665
2025/09/02 20:17:38 : Epoch: 505, Train_Loss: 0.00369608
2025/09/02 20:17:38 : Epoch: 506, Train_Loss: 0.00351097
2025/09/02 20:17:38 : Epoch: 507, Train_Loss: 0.00363361
2025/09/02 20:17:38 : Epoch: 508, Train_Loss: 0.00342890
2025/09/02 20:17:38 : Epoch: 509, Train_Loss: 0.00312439
2025/09/02 20:17:38 : Epoch: 509, Eval_Loss: 0.00540448
2025/09/02 20:17:38 : Epoch: 510, Train_Loss: 0.00296177
2025/09/02 20:17:38 : Epoch: 511, Train_Loss: 0.00276767
2025/09/02 20:17:38 : Epoch: 512, Train_Loss: 0.00256016
2025/09/02 20:17:39 : Epoch: 513, Train_Loss: 0.00247473
2025/09/02 20:17:39 : Epoch: 514, Train_Loss: 0.00271864
2025/09/02 20:17:39 : Epoch: 514, Eval_Loss: 0.00531855
2025/09/02 20:17:39 : Epoch: 515, Train_Loss: 0.00212242
2025/09/02 20:17:39 : Epoch: 516, Train_Loss: 0.00218235
2025/09/02 20:17:39 : Epoch: 517, Train_Loss: 0.00258086
2025/09/02 20:17:39 : Epoch: 518, Train_Loss: 0.00283751
2025/09/02 20:17:39 : Epoch: 519, Train_Loss: 0.00271486
2025/09/02 20:17:39 : Epoch: 519, Eval_Loss: 0.00633630
2025/09/02 20:17:39 : Epoch: 520, Train_Loss: 0.00261766
2025/09/02 20:17:40 : Epoch: 521, Train_Loss: 0.00227519
2025/09/02 20:17:40 : Epoch: 522, Train_Loss: 0.00261188
2025/09/02 20:17:40 : Epoch: 523, Train_Loss: 0.00219947
2025/09/02 20:17:40 : Epoch: 524, Train_Loss: 0.00239914
2025/09/02 20:17:40 : Epoch: 524, Eval_Loss: 0.00583538
2025/09/02 20:17:40 : Epoch: 525, Train_Loss: 0.00201570
2025/09/02 20:17:40 : Epoch: 526, Train_Loss: 0.00209879
2025/09/02 20:17:40 : Epoch: 527, Train_Loss: 0.00195171
2025/09/02 20:17:40 : Epoch: 528, Train_Loss: 0.00208641
2025/09/02 20:17:41 : Epoch: 529, Train_Loss: 0.00187259
2025/09/02 20:17:41 : Epoch: 529, Eval_Loss: 0.00490312
2025/09/02 20:17:41 : Epoch: 530, Train_Loss: 0.00194288
2025/09/02 20:17:41 : Epoch: 531, Train_Loss: 0.00178410
2025/09/02 20:17:41 : Epoch: 532, Train_Loss: 0.00175554
2025/09/02 20:17:41 : Epoch: 533, Train_Loss: 0.00173602
2025/09/02 20:17:41 : Epoch: 534, Train_Loss: 0.00167323
2025/09/02 20:17:41 : Epoch: 534, Eval_Loss: 0.00553715
2025/09/02 20:17:41 : Epoch: 535, Train_Loss: 0.00169095
2025/09/02 20:17:41 : Epoch: 536, Train_Loss: 0.00165410
2025/09/02 20:17:42 : Epoch: 537, Train_Loss: 0.00163149
2025/09/02 20:17:42 : Epoch: 538, Train_Loss: 0.00156705
2025/09/02 20:17:42 : Epoch: 539, Train_Loss: 0.00154806
2025/09/02 20:17:42 : Epoch: 539, Eval_Loss: 0.00507309
2025/09/02 20:17:42 : Epoch: 540, Train_Loss: 0.00167320
2025/09/02 20:17:42 : Epoch: 541, Train_Loss: 0.00161583
2025/09/02 20:17:42 : Epoch: 542, Train_Loss: 0.00206111
2025/09/02 20:17:42 : Epoch: 543, Train_Loss: 0.00167557
2025/09/02 20:17:42 : Epoch: 544, Train_Loss: 0.00223676
2025/09/02 20:17:42 : Epoch: 544, Eval_Loss: 0.00556777
2025/09/02 20:17:43 : Epoch: 545, Train_Loss: 0.00317007
2025/09/02 20:17:43 : Epoch: 546, Train_Loss: 0.00195693
2025/09/02 20:17:43 : Epoch: 547, Train_Loss: 0.00204101
2025/09/02 20:17:43 : Epoch: 548, Train_Loss: 0.00211527
2025/09/02 20:17:43 : Epoch: 549, Train_Loss: 0.00172953
2025/09/02 20:17:43 : Epoch: 549, Eval_Loss: 0.00577000
2025/09/02 20:17:43 : Epoch: 550, Train_Loss: 0.00168710
2025/09/02 20:17:43 : Epoch: 551, Train_Loss: 0.00178596
2025/09/02 20:17:43 : Epoch: 552, Train_Loss: 0.00163341
2025/09/02 20:17:44 : Epoch: 553, Train_Loss: 0.00183673
2025/09/02 20:17:44 : Epoch: 554, Train_Loss: 0.00171916
2025/09/02 20:17:44 : Epoch: 554, Eval_Loss: 0.00580944
2025/09/02 20:17:44 : Epoch: 555, Train_Loss: 0.00183295
2025/09/02 20:17:44 : Epoch: 556, Train_Loss: 0.00193652
2025/09/02 20:17:44 : Epoch: 557, Train_Loss: 0.00209911
2025/09/02 20:17:44 : Epoch: 558, Train_Loss: 0.00263393
2025/09/02 20:17:44 : Epoch: 559, Train_Loss: 0.00219282
2025/09/02 20:17:44 : Epoch: 559, Eval_Loss: 0.00538265
2025/09/02 20:17:44 : Epoch: 560, Train_Loss: 0.00189287
2025/09/02 20:17:45 : Epoch: 561, Train_Loss: 0.00189165
2025/09/02 20:17:45 : Epoch: 562, Train_Loss: 0.00173271
2025/09/02 20:17:45 : Epoch: 563, Train_Loss: 0.00188630
2025/09/02 20:17:45 : Epoch: 564, Train_Loss: 0.00164938
2025/09/02 20:17:45 : Epoch: 564, Eval_Loss: 0.00566881
2025/09/02 20:17:45 : Epoch: 565, Train_Loss: 0.00156161
2025/09/02 20:17:45 : Epoch: 566, Train_Loss: 0.00168463
2025/09/02 20:17:45 : Epoch: 567, Train_Loss: 0.00154371
2025/09/02 20:17:45 : Epoch: 568, Train_Loss: 0.00119053
2025/09/02 20:17:45 : Epoch: 569, Train_Loss: 0.00165078
2025/09/02 20:17:46 : Epoch: 569, Eval_Loss: 0.00554381
2025/09/02 20:17:46 : Epoch: 570, Train_Loss: 0.00122584
2025/09/02 20:17:46 : Epoch: 571, Train_Loss: 0.00175964
2025/09/02 20:17:46 : Epoch: 572, Train_Loss: 0.00155393
2025/09/02 20:17:46 : Epoch: 573, Train_Loss: 0.00152391
2025/09/02 20:17:46 : Epoch: 574, Train_Loss: 0.00153869
2025/09/02 20:17:46 : Epoch: 574, Eval_Loss: 0.00587645
2025/09/02 20:17:46 : Epoch: 575, Train_Loss: 0.00152180
2025/09/02 20:17:46 : Epoch: 576, Train_Loss: 0.00147031
2025/09/02 20:17:46 : Epoch: 577, Train_Loss: 0.00142534
2025/09/02 20:17:47 : Epoch: 578, Train_Loss: 0.00140575
2025/09/02 20:17:47 : Epoch: 579, Train_Loss: 0.00141185
2025/09/02 20:17:47 : Epoch: 579, Eval_Loss: 0.00607648
2025/09/02 20:17:47 : Epoch: 580, Train_Loss: 0.00139257
2025/09/02 20:17:47 : Epoch: 581, Train_Loss: 0.00133071
2025/09/02 20:17:47 : Epoch: 582, Train_Loss: 0.00102680
2025/09/02 20:17:47 : Epoch: 583, Train_Loss: 0.00101036
2025/09/02 20:17:47 : Epoch: 584, Train_Loss: 0.00113452
2025/09/02 20:17:47 : Epoch: 584, Eval_Loss: 0.00590773
2025/09/02 20:17:47 : Epoch: 585, Train_Loss: 0.00111836
2025/09/02 20:17:48 : Epoch: 586, Train_Loss: 0.00124083
2025/09/02 20:17:48 : Epoch: 587, Train_Loss: 0.00153208
2025/09/02 20:17:48 : Epoch: 588, Train_Loss: 0.00155945
2025/09/02 20:17:48 : Epoch: 589, Train_Loss: 0.00134193
2025/09/02 20:17:48 : Epoch: 589, Eval_Loss: 0.00607593
2025/09/02 20:17:48 : Epoch: 590, Train_Loss: 0.00121582
2025/09/02 20:17:48 : Epoch: 591, Train_Loss: 0.00106780
2025/09/02 20:17:48 : Epoch: 592, Train_Loss: 0.00108706
2025/09/02 20:17:48 : Epoch: 593, Train_Loss: 0.00132936
2025/09/02 20:17:49 : Epoch: 594, Train_Loss: 0.00138793
2025/09/02 20:17:49 : Epoch: 594, Eval_Loss: 0.00609264
2025/09/02 20:17:49 : Epoch: 595, Train_Loss: 0.00129714
2025/09/02 20:17:49 : Epoch: 596, Train_Loss: 0.00104865
2025/09/02 20:17:49 : Epoch: 597, Train_Loss: 0.00097566
2025/09/02 20:17:49 : Epoch: 598, Train_Loss: 0.00110667
2025/09/02 20:17:49 : Epoch: 599, Train_Loss: 0.00098348
2025/09/02 20:17:49 : Epoch: 599, Eval_Loss: 0.00658636
2025/09/02 20:17:49 : Epoch: 600, Train_Loss: 0.00097143
2025/09/02 20:17:49 : Epoch: 601, Train_Loss: 0.00093552
2025/09/02 20:17:50 : Epoch: 602, Train_Loss: 0.00089388
2025/09/02 20:17:50 : Epoch: 603, Train_Loss: 0.00085214
2025/09/02 20:17:50 : Epoch: 604, Train_Loss: 0.00084133
2025/09/02 20:17:50 : Epoch: 604, Eval_Loss: 0.00593818
2025/09/02 20:17:50 : Epoch: 605, Train_Loss: 0.00082760
2025/09/02 20:17:50 : Epoch: 606, Train_Loss: 0.00080743
2025/09/02 20:17:50 : Epoch: 607, Train_Loss: 0.00079430
2025/09/02 20:17:50 : Epoch: 608, Train_Loss: 0.00080872
2025/09/02 20:17:50 : Epoch: 609, Train_Loss: 0.00080173
2025/09/02 20:17:50 : Epoch: 609, Eval_Loss: 0.00623141
2025/09/02 20:17:51 : Epoch: 610, Train_Loss: 0.00079355
2025/09/02 20:17:51 : Epoch: 611, Train_Loss: 0.00079727
2025/09/02 20:17:51 : Epoch: 612, Train_Loss: 0.00077658
2025/09/02 20:17:51 : Epoch: 613, Train_Loss: 0.00077027
2025/09/02 20:17:51 : Epoch: 614, Train_Loss: 0.00076667
2025/09/02 20:17:51 : Epoch: 614, Eval_Loss: 0.00623577
2025/09/02 20:17:51 : Epoch: 615, Train_Loss: 0.00074949
2025/09/02 20:17:51 : Epoch: 616, Train_Loss: 0.00074159
2025/09/02 20:17:51 : Epoch: 617, Train_Loss: 0.00072934
2025/09/02 20:17:52 : Epoch: 618, Train_Loss: 0.00073419
2025/09/02 20:17:52 : Epoch: 619, Train_Loss: 0.00072721
2025/09/02 20:17:52 : Epoch: 619, Eval_Loss: 0.00626608
2025/09/02 20:17:52 : Epoch: 620, Train_Loss: 0.00072368
2025/09/02 20:17:52 : Epoch: 621, Train_Loss: 0.00076650
2025/09/02 20:17:52 : Epoch: 622, Train_Loss: 0.00077600
2025/09/02 20:17:52 : Epoch: 623, Train_Loss: 0.00078309
2025/09/02 20:17:52 : Epoch: 624, Train_Loss: 0.00076223
2025/09/02 20:17:52 : Epoch: 624, Eval_Loss: 0.00663989
2025/09/02 20:17:52 : Epoch: 625, Train_Loss: 0.00075451
2025/09/02 20:17:53 : Epoch: 626, Train_Loss: 0.00077849
2025/09/02 20:17:53 : Epoch: 627, Train_Loss: 0.00074339
2025/09/02 20:17:53 : Epoch: 628, Train_Loss: 0.00078233
2025/09/02 20:17:53 : Epoch: 629, Train_Loss: 0.00077730
2025/09/02 20:17:53 : Epoch: 629, Eval_Loss: 0.00609027
2025/09/02 20:17:53 : Epoch: 630, Train_Loss: 0.00075737
2025/09/02 20:17:53 : Epoch: 631, Train_Loss: 0.00068739
2025/09/02 20:17:53 : Epoch: 632, Train_Loss: 0.00070490
2025/09/02 20:17:53 : Epoch: 633, Train_Loss: 0.00067989
2025/09/02 20:17:53 : Epoch: 634, Train_Loss: 0.00069175
2025/09/02 20:17:54 : Epoch: 634, Eval_Loss: 0.00635983
2025/09/02 20:17:54 : Epoch: 635, Train_Loss: 0.00075276
2025/09/02 20:17:54 : Epoch: 636, Train_Loss: 0.00072229
2025/09/02 20:17:54 : Epoch: 637, Train_Loss: 0.00081926
2025/09/02 20:17:54 : Epoch: 638, Train_Loss: 0.00085532
2025/09/02 20:17:54 : Epoch: 639, Train_Loss: 0.00096153
2025/09/02 20:17:54 : Epoch: 639, Eval_Loss: 0.00566053
2025/09/02 20:17:54 : Epoch: 640, Train_Loss: 0.00080954
2025/09/02 20:17:54 : Epoch: 641, Train_Loss: 0.00077675
2025/09/02 20:17:54 : Epoch: 642, Train_Loss: 0.00083709
2025/09/02 20:17:55 : Epoch: 643, Train_Loss: 0.00086694
2025/09/02 20:17:55 : Epoch: 644, Train_Loss: 0.00080732
2025/09/02 20:17:55 : Epoch: 644, Eval_Loss: 0.00549982
2025/09/02 20:17:55 : Epoch: 645, Train_Loss: 0.00077041
2025/09/02 20:17:55 : Epoch: 646, Train_Loss: 0.00074180
2025/09/02 20:17:55 : Epoch: 647, Train_Loss: 0.00069734
2025/09/02 20:17:55 : Epoch: 648, Train_Loss: 0.00069830
2025/09/02 20:17:55 : Epoch: 649, Train_Loss: 0.00070507
2025/09/02 20:17:55 : Epoch: 649, Eval_Loss: 0.00612666
2025/09/02 20:17:55 : Epoch: 650, Train_Loss: 0.00068066
2025/09/02 20:17:56 : Epoch: 651, Train_Loss: 0.00068058
2025/09/02 20:17:56 : Epoch: 652, Train_Loss: 0.00068627
2025/09/02 20:17:56 : Epoch: 653, Train_Loss: 0.00065867
2025/09/02 20:17:56 : Epoch: 654, Train_Loss: 0.00063962
2025/09/02 20:17:56 : Epoch: 654, Eval_Loss: 0.00621448
2025/09/02 20:17:56 : Epoch: 655, Train_Loss: 0.00062777
2025/09/02 20:17:56 : Epoch: 656, Train_Loss: 0.00063597
2025/09/02 20:17:56 : Epoch: 657, Train_Loss: 0.00064846
2025/09/02 20:17:56 : Epoch: 658, Train_Loss: 0.00061553
2025/09/02 20:17:57 : Epoch: 659, Train_Loss: 0.00062099
2025/09/02 20:17:57 : Epoch: 659, Eval_Loss: 0.00600141
2025/09/02 20:17:57 : Epoch: 660, Train_Loss: 0.00063119
2025/09/02 20:17:57 : Epoch: 661, Train_Loss: 0.00061857
2025/09/02 20:17:57 : Epoch: 662, Train_Loss: 0.00063474
2025/09/02 20:17:57 : Epoch: 663, Train_Loss: 0.00061048
2025/09/02 20:17:57 : Epoch: 664, Train_Loss: 0.00061535
2025/09/02 20:17:57 : Epoch: 664, Eval_Loss: 0.00603484
2025/09/02 20:17:57 : Epoch: 665, Train_Loss: 0.00061842
2025/09/02 20:17:57 : Epoch: 666, Train_Loss: 0.00064106
2025/09/02 20:17:58 : Epoch: 667, Train_Loss: 0.00066489
2025/09/02 20:17:58 : Epoch: 668, Train_Loss: 0.00066413
2025/09/02 20:17:58 : Epoch: 669, Train_Loss: 0.00066281
2025/09/02 20:17:58 : Epoch: 669, Eval_Loss: 0.00577803
2025/09/02 20:17:58 : Epoch: 670, Train_Loss: 0.00067951
2025/09/02 20:17:58 : Epoch: 671, Train_Loss: 0.00063475
2025/09/02 20:17:58 : Epoch: 672, Train_Loss: 0.00062295
2025/09/02 20:17:58 : Epoch: 673, Train_Loss: 0.00062077
2025/09/02 20:17:58 : Epoch: 674, Train_Loss: 0.00064686
2025/09/02 20:17:58 : Epoch: 674, Eval_Loss: 0.00611265
2025/09/02 20:17:59 : Epoch: 675, Train_Loss: 0.00066667
2025/09/02 20:17:59 : Epoch: 676, Train_Loss: 0.00065301
2025/09/02 20:17:59 : Epoch: 677, Train_Loss: 0.00065129
2025/09/02 20:17:59 : Epoch: 678, Train_Loss: 0.00063509
2025/09/02 20:17:59 : Epoch: 679, Train_Loss: 0.00064303
2025/09/02 20:17:59 : Epoch: 679, Eval_Loss: 0.00623204
2025/09/02 20:17:59 : Epoch: 680, Train_Loss: 0.00065688
2025/09/02 20:17:59 : Epoch: 681, Train_Loss: 0.00068834
2025/09/02 20:17:59 : Epoch: 682, Train_Loss: 0.00066950
2025/09/02 20:18:00 : Epoch: 683, Train_Loss: 0.00067206
2025/09/02 20:18:00 : Epoch: 684, Train_Loss: 0.00070026
2025/09/02 20:18:00 : Epoch: 684, Eval_Loss: 0.00606080
2025/09/02 20:18:00 : Epoch: 685, Train_Loss: 0.00066295
2025/09/02 20:18:00 : Epoch: 686, Train_Loss: 0.00068351
2025/09/02 20:18:00 : Epoch: 687, Train_Loss: 0.00063927
2025/09/02 20:18:00 : Epoch: 688, Train_Loss: 0.00071186
2025/09/02 20:18:00 : Epoch: 689, Train_Loss: 0.00071369
2025/09/02 20:18:00 : Epoch: 689, Eval_Loss: 0.00573800
2025/09/02 20:18:00 : Epoch: 690, Train_Loss: 0.00075371
2025/09/02 20:18:00 : Epoch: 691, Train_Loss: 0.00085189
2025/09/02 20:18:01 : Epoch: 692, Train_Loss: 0.00069125
2025/09/02 20:18:01 : Epoch: 693, Train_Loss: 0.00064928
2025/09/02 20:18:01 : Epoch: 694, Train_Loss: 0.00073740
2025/09/02 20:18:01 : Epoch: 694, Eval_Loss: 0.00561425
2025/09/02 20:18:01 : Epoch: 695, Train_Loss: 0.00084063
2025/09/02 20:18:01 : Epoch: 696, Train_Loss: 0.00072725
2025/09/02 20:18:01 : Epoch: 697, Train_Loss: 0.00071598
2025/09/02 20:18:01 : Epoch: 698, Train_Loss: 0.00066840
2025/09/02 20:18:01 : Epoch: 699, Train_Loss: 0.00061980
2025/09/02 20:18:01 : Epoch: 699, Eval_Loss: 0.00588906
2025/09/02 20:18:02 : Epoch: 700, Train_Loss: 0.00059637
2025/09/02 20:18:02 : Epoch: 701, Train_Loss: 0.00060337
2025/09/02 20:18:02 : Epoch: 702, Train_Loss: 0.00057736
2025/09/02 20:18:02 : Epoch: 703, Train_Loss: 0.00059269
2025/09/02 20:18:02 : Epoch: 704, Train_Loss: 0.00059040
2025/09/02 20:18:02 : Epoch: 704, Eval_Loss: 0.00618389
2025/09/02 20:18:02 : Epoch: 705, Train_Loss: 0.00057045
2025/09/02 20:18:02 : Epoch: 706, Train_Loss: 0.00058253
2025/09/02 20:18:02 : Epoch: 707, Train_Loss: 0.00054841
2025/09/02 20:18:03 : Epoch: 708, Train_Loss: 0.00055949
2025/09/02 20:18:03 : Epoch: 709, Train_Loss: 0.00056196
2025/09/02 20:18:03 : Epoch: 709, Eval_Loss: 0.00614581
2025/09/02 20:18:03 : Epoch: 710, Train_Loss: 0.00055321
2025/09/02 20:18:03 : Epoch: 711, Train_Loss: 0.00055819
2025/09/02 20:18:03 : Epoch: 712, Train_Loss: 0.00054890
2025/09/02 20:18:03 : Epoch: 713, Train_Loss: 0.00055055
2025/09/02 20:18:03 : Epoch: 714, Train_Loss: 0.00054070
2025/09/02 20:18:03 : Epoch: 714, Eval_Loss: 0.00610838
2025/09/02 20:18:03 : Epoch: 715, Train_Loss: 0.00055183
2025/09/02 20:18:04 : Epoch: 716, Train_Loss: 0.00055556
2025/09/02 20:18:04 : Epoch: 717, Train_Loss: 0.00056927
2025/09/02 20:18:04 : Epoch: 718, Train_Loss: 0.00056419
2025/09/02 20:18:04 : Epoch: 719, Train_Loss: 0.00056122
2025/09/02 20:18:04 : Epoch: 719, Eval_Loss: 0.00616930
2025/09/02 20:18:04 : Epoch: 720, Train_Loss: 0.00055034
2025/09/02 20:18:04 : Epoch: 721, Train_Loss: 0.00056030
2025/09/02 20:18:04 : Epoch: 722, Train_Loss: 0.00055216
2025/09/02 20:18:04 : Epoch: 723, Train_Loss: 0.00056151
2025/09/02 20:18:05 : Epoch: 724, Train_Loss: 0.00054836
2025/09/02 20:18:05 : Epoch: 724, Eval_Loss: 0.00614314
2025/09/02 20:18:05 : Epoch: 725, Train_Loss: 0.00056546
2025/09/02 20:18:05 : Epoch: 726, Train_Loss: 0.00055684
2025/09/02 20:18:05 : Epoch: 727, Train_Loss: 0.00055005
2025/09/02 20:18:05 : Epoch: 728, Train_Loss: 0.00054576
2025/09/02 20:18:05 : Epoch: 729, Train_Loss: 0.00054358
2025/09/02 20:18:05 : Epoch: 729, Eval_Loss: 0.00590923
2025/09/02 20:18:05 : Epoch: 730, Train_Loss: 0.00055316
2025/09/02 20:18:05 : Epoch: 731, Train_Loss: 0.00056407
2025/09/02 20:18:06 : Epoch: 732, Train_Loss: 0.00055689
2025/09/02 20:18:06 : Epoch: 733, Train_Loss: 0.00057638
2025/09/02 20:18:06 : Epoch: 734, Train_Loss: 0.00056536
2025/09/02 20:18:06 : Epoch: 734, Eval_Loss: 0.00576989
2025/09/02 20:18:06 : Epoch: 735, Train_Loss: 0.00055819
2025/09/02 20:18:06 : Epoch: 736, Train_Loss: 0.00057330
2025/09/02 20:18:06 : Epoch: 737, Train_Loss: 0.00061793
2025/09/02 20:18:06 : Epoch: 738, Train_Loss: 0.00060432
2025/09/02 20:18:06 : Epoch: 739, Train_Loss: 0.00057715
2025/09/02 20:18:06 : Epoch: 739, Eval_Loss: 0.00592537
2025/09/02 20:18:07 : Epoch: 740, Train_Loss: 0.00055462
2025/09/02 20:18:07 : Epoch: 741, Train_Loss: 0.00053431
2025/09/02 20:18:07 : Epoch: 742, Train_Loss: 0.00055234
2025/09/02 20:18:07 : Epoch: 743, Train_Loss: 0.00056959
2025/09/02 20:18:07 : Epoch: 744, Train_Loss: 0.00057695
2025/09/02 20:18:07 : Epoch: 744, Eval_Loss: 0.00650115
2025/09/02 20:18:07 : Epoch: 745, Train_Loss: 0.00057359
2025/09/02 20:18:07 : Epoch: 746, Train_Loss: 0.00057360
2025/09/02 20:18:07 : Epoch: 747, Train_Loss: 0.00057485
2025/09/02 20:18:07 : Epoch: 748, Train_Loss: 0.00058781
2025/09/02 20:18:08 : Epoch: 749, Train_Loss: 0.00059006
2025/09/02 20:18:08 : Epoch: 749, Eval_Loss: 0.00602612
2025/09/02 20:18:08 : Epoch: 750, Train_Loss: 0.00057419
2025/09/02 20:18:08 : Epoch: 751, Train_Loss: 0.00058537
2025/09/02 20:18:08 : Epoch: 752, Train_Loss: 0.00056966
2025/09/02 20:18:08 : Epoch: 753, Train_Loss: 0.00056436
2025/09/02 20:18:08 : Epoch: 754, Train_Loss: 0.00054995
2025/09/02 20:18:08 : Epoch: 754, Eval_Loss: 0.00603572
2025/09/02 20:18:08 : Epoch: 755, Train_Loss: 0.00053889
2025/09/02 20:18:08 : Epoch: 756, Train_Loss: 0.00059086
2025/09/02 20:18:09 : Epoch: 757, Train_Loss: 0.00062153
2025/09/02 20:18:09 : Epoch: 758, Train_Loss: 0.00064065
2025/09/02 20:18:09 : Epoch: 759, Train_Loss: 0.00064490
2025/09/02 20:18:09 : Epoch: 759, Eval_Loss: 0.00628596
2025/09/02 20:18:09 : Epoch: 760, Train_Loss: 0.00065558
2025/09/02 20:18:09 : Epoch: 761, Train_Loss: 0.00064082
2025/09/02 20:18:09 : Epoch: 762, Train_Loss: 0.00061792
2025/09/02 20:18:09 : Epoch: 763, Train_Loss: 0.00066982
2025/09/02 20:18:09 : Epoch: 764, Train_Loss: 0.00062896
2025/09/02 20:18:09 : Epoch: 764, Eval_Loss: 0.00630275
2025/09/02 20:18:10 : Epoch: 765, Train_Loss: 0.00060919
2025/09/02 20:18:10 : Epoch: 766, Train_Loss: 0.00060922
2025/09/02 20:18:10 : Epoch: 767, Train_Loss: 0.00055868
2025/09/02 20:18:10 : Epoch: 768, Train_Loss: 0.00056205
2025/09/02 20:18:10 : Epoch: 769, Train_Loss: 0.00055192
2025/09/02 20:18:10 : Epoch: 769, Eval_Loss: 0.00603216
2025/09/02 20:18:10 : Epoch: 770, Train_Loss: 0.00056932
2025/09/02 20:18:10 : Epoch: 771, Train_Loss: 0.00055254
2025/09/02 20:18:10 : Epoch: 772, Train_Loss: 0.00054607
2025/09/02 20:18:11 : Epoch: 773, Train_Loss: 0.00055481
2025/09/02 20:18:11 : Epoch: 774, Train_Loss: 0.00054854
2025/09/02 20:18:11 : Epoch: 774, Eval_Loss: 0.00593275
2025/09/02 20:18:11 : Epoch: 775, Train_Loss: 0.00055298
2025/09/02 20:18:11 : Epoch: 776, Train_Loss: 0.00055199
2025/09/02 20:18:11 : Epoch: 777, Train_Loss: 0.00053472
2025/09/02 20:18:11 : Epoch: 778, Train_Loss: 0.00053187
2025/09/02 20:18:11 : Epoch: 779, Train_Loss: 0.00051626
2025/09/02 20:18:11 : Epoch: 779, Eval_Loss: 0.00604326
2025/09/02 20:18:11 : Epoch: 780, Train_Loss: 0.00052316
2025/09/02 20:18:12 : Epoch: 781, Train_Loss: 0.00051949
2025/09/02 20:18:12 : Epoch: 782, Train_Loss: 0.00052835
2025/09/02 20:18:12 : Epoch: 783, Train_Loss: 0.00058211
2025/09/02 20:18:12 : Epoch: 784, Train_Loss: 0.00056633
2025/09/02 20:18:12 : Epoch: 784, Eval_Loss: 0.00634233
2025/09/02 20:18:12 : Epoch: 785, Train_Loss: 0.00054758
2025/09/02 20:18:12 : Epoch: 786, Train_Loss: 0.00054084
2025/09/02 20:18:12 : Epoch: 787, Train_Loss: 0.00053954
2025/09/02 20:18:12 : Epoch: 788, Train_Loss: 0.00052886
2025/09/02 20:18:12 : Epoch: 789, Train_Loss: 0.00054041
2025/09/02 20:18:13 : Epoch: 789, Eval_Loss: 0.00608228
2025/09/02 20:18:13 : Epoch: 790, Train_Loss: 0.00054463
2025/09/02 20:18:13 : Epoch: 791, Train_Loss: 0.00054743
2025/09/02 20:18:13 : Epoch: 792, Train_Loss: 0.00054155
2025/09/02 20:18:13 : Epoch: 793, Train_Loss: 0.00054845
2025/09/02 20:18:13 : Epoch: 794, Train_Loss: 0.00053432
2025/09/02 20:18:13 : Epoch: 794, Eval_Loss: 0.00586073
2025/09/02 20:18:13 : Epoch: 795, Train_Loss: 0.00054802
2025/09/02 20:18:13 : Epoch: 796, Train_Loss: 0.00051991
2025/09/02 20:18:13 : Epoch: 797, Train_Loss: 0.00050903
2025/09/02 20:18:14 : Epoch: 798, Train_Loss: 0.00051457
2025/09/02 20:18:14 : Epoch: 799, Train_Loss: 0.00053165
2025/09/02 20:18:14 : Epoch: 799, Eval_Loss: 0.00619626
2025/09/02 20:18:14 : Epoch: 800, Train_Loss: 0.00055086
2025/09/02 20:18:14 : Epoch: 801, Train_Loss: 0.00053000
2025/09/02 20:18:14 : Epoch: 802, Train_Loss: 0.00057205
2025/09/02 20:18:14 : Epoch: 803, Train_Loss: 0.00055045
2025/09/02 20:18:14 : Epoch: 804, Train_Loss: 0.00053876
2025/09/02 20:18:14 : Epoch: 804, Eval_Loss: 0.00598242
2025/09/02 20:18:14 : Epoch: 805, Train_Loss: 0.00055434
2025/09/02 20:18:15 : Epoch: 806, Train_Loss: 0.00053786
2025/09/02 20:18:15 : Epoch: 807, Train_Loss: 0.00054575
2025/09/02 20:18:15 : Epoch: 808, Train_Loss: 0.00054825
2025/09/02 20:18:15 : Epoch: 809, Train_Loss: 0.00058818
2025/09/02 20:18:15 : Epoch: 809, Eval_Loss: 0.00630381
2025/09/02 20:18:15 : Epoch: 810, Train_Loss: 0.00057308
2025/09/02 20:18:15 : Epoch: 811, Train_Loss: 0.00063479
2025/09/02 20:18:15 : Epoch: 812, Train_Loss: 0.00064427
2025/09/02 20:18:15 : Epoch: 813, Train_Loss: 0.00059526
2025/09/02 20:18:16 : Epoch: 814, Train_Loss: 0.00063741
2025/09/02 20:18:16 : Epoch: 814, Eval_Loss: 0.00595709
2025/09/02 20:18:16 : Epoch: 815, Train_Loss: 0.00062685
2025/09/02 20:18:16 : Epoch: 816, Train_Loss: 0.00060633
2025/09/02 20:18:16 : Epoch: 817, Train_Loss: 0.00064105
2025/09/02 20:18:16 : Epoch: 818, Train_Loss: 0.00073408
2025/09/02 20:18:16 : Epoch: 819, Train_Loss: 0.00075009
2025/09/02 20:18:16 : Epoch: 819, Eval_Loss: 0.00609174
2025/09/02 20:18:16 : Epoch: 820, Train_Loss: 0.00066281
2025/09/02 20:18:16 : Epoch: 821, Train_Loss: 0.00069602
2025/09/02 20:18:17 : Epoch: 822, Train_Loss: 0.00066038
2025/09/02 20:18:17 : Epoch: 823, Train_Loss: 0.00061049
2025/09/02 20:18:17 : Epoch: 824, Train_Loss: 0.00060117
2025/09/02 20:18:17 : Epoch: 824, Eval_Loss: 0.00619153
2025/09/02 20:18:17 : Epoch: 825, Train_Loss: 0.00055226
2025/09/02 20:18:17 : Epoch: 826, Train_Loss: 0.00055872
2025/09/02 20:18:17 : Epoch: 827, Train_Loss: 0.00054025
2025/09/02 20:18:17 : Epoch: 828, Train_Loss: 0.00056065
2025/09/02 20:18:17 : Epoch: 829, Train_Loss: 0.00060700
2025/09/02 20:18:17 : Epoch: 829, Eval_Loss: 0.00603228
2025/09/02 20:18:18 : Epoch: 830, Train_Loss: 0.00061955
2025/09/02 20:18:18 : Epoch: 831, Train_Loss: 0.00063148
2025/09/02 20:18:18 : Epoch: 832, Train_Loss: 0.00058007
2025/09/02 20:18:18 : Epoch: 833, Train_Loss: 0.00060807
2025/09/02 20:18:18 : Epoch: 834, Train_Loss: 0.00061501
2025/09/02 20:18:18 : Epoch: 834, Eval_Loss: 0.00580751
2025/09/02 20:18:18 : Epoch: 835, Train_Loss: 0.00056739
2025/09/02 20:18:18 : Epoch: 836, Train_Loss: 0.00059834
2025/09/02 20:18:18 : Epoch: 837, Train_Loss: 0.00055563
2025/09/02 20:18:19 : Epoch: 838, Train_Loss: 0.00054530
2025/09/02 20:18:19 : Epoch: 839, Train_Loss: 0.00056290
2025/09/02 20:18:19 : Epoch: 839, Eval_Loss: 0.00636987
2025/09/02 20:18:19 : Epoch: 840, Train_Loss: 0.00054854
2025/09/02 20:18:19 : Epoch: 841, Train_Loss: 0.00054972
2025/09/02 20:18:19 : Epoch: 842, Train_Loss: 0.00054467
2025/09/02 20:18:19 : Epoch: 843, Train_Loss: 0.00054764
2025/09/02 20:18:19 : Epoch: 844, Train_Loss: 0.00055216
2025/09/02 20:18:19 : Epoch: 844, Eval_Loss: 0.00601425
2025/09/02 20:18:19 : Epoch: 845, Train_Loss: 0.00052225
2025/09/02 20:18:20 : Epoch: 846, Train_Loss: 0.00050316
2025/09/02 20:18:20 : Epoch: 847, Train_Loss: 0.00048947
2025/09/02 20:18:20 : Epoch: 848, Train_Loss: 0.00049023
2025/09/02 20:18:20 : Epoch: 849, Train_Loss: 0.00049536
2025/09/02 20:18:20 : Epoch: 849, Eval_Loss: 0.00615432
2025/09/02 20:18:20 : Epoch: 850, Train_Loss: 0.00049223
2025/09/02 20:18:20 : Epoch: 851, Train_Loss: 0.00048180
2025/09/02 20:18:20 : Epoch: 852, Train_Loss: 0.00048588
2025/09/02 20:18:20 : Epoch: 853, Train_Loss: 0.00049335
2025/09/02 20:18:20 : Epoch: 854, Train_Loss: 0.00048896
2025/09/02 20:18:21 : Epoch: 854, Eval_Loss: 0.00618094
2025/09/02 20:18:21 : Epoch: 855, Train_Loss: 0.00048362
2025/09/02 20:18:21 : Epoch: 856, Train_Loss: 0.00047508
2025/09/02 20:18:21 : Epoch: 857, Train_Loss: 0.00047941
2025/09/02 20:18:21 : Epoch: 858, Train_Loss: 0.00047959
2025/09/02 20:18:21 : Epoch: 859, Train_Loss: 0.00048424
2025/09/02 20:18:21 : Epoch: 859, Eval_Loss: 0.00609998
2025/09/02 20:18:21 : Epoch: 860, Train_Loss: 0.00047893
2025/09/02 20:18:21 : Epoch: 861, Train_Loss: 0.00047646
2025/09/02 20:18:21 : Epoch: 862, Train_Loss: 0.00047692
2025/09/02 20:18:22 : Epoch: 863, Train_Loss: 0.00047859
2025/09/02 20:18:22 : Epoch: 864, Train_Loss: 0.00048394
2025/09/02 20:18:22 : Epoch: 864, Eval_Loss: 0.00609629
2025/09/02 20:18:22 : Epoch: 865, Train_Loss: 0.00047348
2025/09/02 20:18:22 : Epoch: 866, Train_Loss: 0.00048632
2025/09/02 20:18:22 : Epoch: 867, Train_Loss: 0.00047336
2025/09/02 20:18:22 : Epoch: 868, Train_Loss: 0.00047167
2025/09/02 20:18:22 : Epoch: 869, Train_Loss: 0.00047013
2025/09/02 20:18:22 : Epoch: 869, Eval_Loss: 0.00621332
2025/09/02 20:18:22 : Epoch: 870, Train_Loss: 0.00047184
2025/09/02 20:18:23 : Epoch: 871, Train_Loss: 0.00047845
2025/09/02 20:18:23 : Epoch: 872, Train_Loss: 0.00047673
2025/09/02 20:18:23 : Epoch: 873, Train_Loss: 0.00047597
2025/09/02 20:18:23 : Epoch: 874, Train_Loss: 0.00046971
2025/09/02 20:18:23 : Epoch: 874, Eval_Loss: 0.00615915
2025/09/02 20:18:23 : Epoch: 875, Train_Loss: 0.00047140
2025/09/02 20:18:23 : Epoch: 876, Train_Loss: 0.00047281
2025/09/02 20:18:23 : Epoch: 877, Train_Loss: 0.00049296
2025/09/02 20:18:23 : Epoch: 878, Train_Loss: 0.00048621
2025/09/02 20:18:24 : Epoch: 879, Train_Loss: 0.00049378
2025/09/02 20:18:24 : Epoch: 879, Eval_Loss: 0.00603684
2025/09/02 20:18:24 : Epoch: 880, Train_Loss: 0.00048409
2025/09/02 20:18:24 : Epoch: 881, Train_Loss: 0.00048163
2025/09/02 20:18:24 : Epoch: 882, Train_Loss: 0.00048112
2025/09/02 20:18:24 : Epoch: 883, Train_Loss: 0.00047860
2025/09/02 20:18:24 : Epoch: 884, Train_Loss: 0.00047663
2025/09/02 20:18:24 : Epoch: 884, Eval_Loss: 0.00626608
2025/09/02 20:18:24 : Epoch: 885, Train_Loss: 0.00048154
2025/09/02 20:18:24 : Epoch: 886, Train_Loss: 0.00048447
2025/09/02 20:18:25 : Epoch: 887, Train_Loss: 0.00048270
2025/09/02 20:18:25 : Epoch: 888, Train_Loss: 0.00049248
2025/09/02 20:18:25 : Epoch: 889, Train_Loss: 0.00048618
2025/09/02 20:18:25 : Epoch: 889, Eval_Loss: 0.00608867
2025/09/02 20:18:25 : Epoch: 890, Train_Loss: 0.00048531
2025/09/02 20:18:25 : Epoch: 891, Train_Loss: 0.00047571
2025/09/02 20:18:25 : Epoch: 892, Train_Loss: 0.00047680
2025/09/02 20:18:25 : Epoch: 893, Train_Loss: 0.00047445
2025/09/02 20:18:25 : Epoch: 894, Train_Loss: 0.00048322
2025/09/02 20:18:25 : Epoch: 894, Eval_Loss: 0.00592898
2025/09/02 20:18:26 : Epoch: 895, Train_Loss: 0.00048937
2025/09/02 20:18:26 : Epoch: 896, Train_Loss: 0.00049874
2025/09/02 20:18:26 : Epoch: 897, Train_Loss: 0.00051979
2025/09/02 20:18:26 : Epoch: 898, Train_Loss: 0.00054548
2025/09/02 20:18:26 : Epoch: 899, Train_Loss: 0.00051931
2025/09/02 20:18:26 : Epoch: 899, Eval_Loss: 0.00586381
2025/09/02 20:18:26 : Epoch: 900, Train_Loss: 0.00048624
2025/09/02 20:18:26 : Epoch: 901, Train_Loss: 0.00049286
2025/09/02 20:18:26 : Epoch: 902, Train_Loss: 0.00049575
2025/09/02 20:18:27 : Epoch: 903, Train_Loss: 0.00051803
2025/09/02 20:18:27 : Epoch: 904, Train_Loss: 0.00055490
2025/09/02 20:18:27 : Epoch: 904, Eval_Loss: 0.00630984
2025/09/02 20:18:27 : Epoch: 905, Train_Loss: 0.00059363
2025/09/02 20:18:27 : Epoch: 906, Train_Loss: 0.00055561
2025/09/02 20:18:27 : Epoch: 907, Train_Loss: 0.00054491
2025/09/02 20:18:27 : Epoch: 908, Train_Loss: 0.00056242
2025/09/02 20:18:27 : Epoch: 909, Train_Loss: 0.00056921
2025/09/02 20:18:27 : Epoch: 909, Eval_Loss: 0.00675448
2025/09/02 20:18:27 : Epoch: 910, Train_Loss: 0.00057909
2025/09/02 20:18:28 : Epoch: 911, Train_Loss: 0.00059860
2025/09/02 20:18:28 : Epoch: 912, Train_Loss: 0.00062834
2025/09/02 20:18:28 : Epoch: 913, Train_Loss: 0.00062330
2025/09/02 20:18:28 : Epoch: 914, Train_Loss: 0.00064333
2025/09/02 20:18:28 : Epoch: 914, Eval_Loss: 0.00664809
2025/09/02 20:18:28 : Epoch: 915, Train_Loss: 0.00058566
2025/09/02 20:18:28 : Epoch: 916, Train_Loss: 0.00072397
2025/09/02 20:18:28 : Epoch: 917, Train_Loss: 0.00071270
2025/09/02 20:18:28 : Epoch: 918, Train_Loss: 0.00104463
2025/09/02 20:18:28 : Epoch: 919, Train_Loss: 0.00099645
2025/09/02 20:18:29 : Epoch: 919, Eval_Loss: 0.00677206
2025/09/02 20:18:29 : Epoch: 920, Train_Loss: 0.00293579
2025/09/02 20:18:29 : Epoch: 921, Train_Loss: 0.00402327
2025/09/02 20:18:29 : Epoch: 922, Train_Loss: 0.00280466
2025/09/02 20:18:29 : Epoch: 923, Train_Loss: 0.00327745
2025/09/02 20:18:29 : Epoch: 924, Train_Loss: 0.00247015
2025/09/02 20:18:29 : Epoch: 924, Eval_Loss: 0.00593812
2025/09/02 20:18:29 : Epoch: 925, Train_Loss: 0.00211265
2025/09/02 20:18:29 : Epoch: 926, Train_Loss: 0.00163968
2025/09/02 20:18:29 : Epoch: 927, Train_Loss: 0.00153770
2025/09/02 20:18:30 : Epoch: 928, Train_Loss: 0.00122482
2025/09/02 20:18:30 : Epoch: 929, Train_Loss: 0.00126236
2025/09/02 20:18:30 : Epoch: 929, Eval_Loss: 0.00660719
2025/09/02 20:18:30 : Epoch: 930, Train_Loss: 0.00115873
2025/09/02 20:18:30 : Epoch: 931, Train_Loss: 0.00103215
2025/09/02 20:18:30 : Epoch: 932, Train_Loss: 0.00113181
2025/09/02 20:18:30 : Epoch: 933, Train_Loss: 0.00098025
2025/09/02 20:18:30 : Epoch: 934, Train_Loss: 0.00092080
2025/09/02 20:18:30 : Epoch: 934, Eval_Loss: 0.00742657
2025/09/02 20:18:30 : Epoch: 935, Train_Loss: 0.00091615
2025/09/02 20:18:31 : Epoch: 936, Train_Loss: 0.00080384
2025/09/02 20:18:31 : Epoch: 937, Train_Loss: 0.00103024
2025/09/02 20:18:31 : Epoch: 938, Train_Loss: 0.00088887
2025/09/02 20:18:31 : Epoch: 939, Train_Loss: 0.00085479
2025/09/02 20:18:31 : Epoch: 939, Eval_Loss: 0.00583900
2025/09/02 20:18:31 : Epoch: 940, Train_Loss: 0.00213622
2025/09/02 20:18:31 : Epoch: 941, Train_Loss: 0.00473521
2025/09/02 20:18:31 : Epoch: 942, Train_Loss: 0.00394539
2025/09/02 20:18:31 : Epoch: 943, Train_Loss: 0.00242598
2025/09/02 20:18:32 : Epoch: 944, Train_Loss: 0.00298834
2025/09/02 20:18:32 : Epoch: 944, Eval_Loss: 0.00562003
2025/09/02 20:18:32 : Epoch: 945, Train_Loss: 0.00247066
2025/09/02 20:18:32 : Epoch: 946, Train_Loss: 0.00213086
2025/09/02 20:18:32 : Epoch: 947, Train_Loss: 0.00179401
2025/09/02 20:18:32 : Epoch: 948, Train_Loss: 0.00147630
2025/09/02 20:18:32 : Epoch: 949, Train_Loss: 0.00116644
2025/09/02 20:18:32 : Epoch: 949, Eval_Loss: 0.00625189
2025/09/02 20:18:32 : Epoch: 950, Train_Loss: 0.00149655
2025/09/02 20:18:32 : Epoch: 951, Train_Loss: 0.00138094
2025/09/02 20:18:33 : Epoch: 952, Train_Loss: 0.00169258
2025/09/02 20:18:33 : Epoch: 953, Train_Loss: 0.00152352
2025/09/02 20:18:33 : Epoch: 954, Train_Loss: 0.00149440
2025/09/02 20:18:33 : Epoch: 954, Eval_Loss: 0.00518188
2025/09/02 20:18:33 : Epoch: 955, Train_Loss: 0.00127737
2025/09/02 20:18:33 : Epoch: 956, Train_Loss: 0.00118984
2025/09/02 20:18:33 : Epoch: 957, Train_Loss: 0.00108910
2025/09/02 20:18:33 : Epoch: 958, Train_Loss: 0.00096462
2025/09/02 20:18:33 : Epoch: 959, Train_Loss: 0.00097120
2025/09/02 20:18:33 : Epoch: 959, Eval_Loss: 0.00545888
2025/09/02 20:18:34 : Epoch: 960, Train_Loss: 0.00088597
2025/09/02 20:18:34 : Epoch: 961, Train_Loss: 0.00080322
2025/09/02 20:18:34 : Epoch: 962, Train_Loss: 0.00077665
2025/09/02 20:18:34 : Epoch: 963, Train_Loss: 0.00075486
2025/09/02 20:18:34 : Epoch: 964, Train_Loss: 0.00073417
2025/09/02 20:18:34 : Epoch: 964, Eval_Loss: 0.00611278
2025/09/02 20:18:34 : Epoch: 965, Train_Loss: 0.00072543
2025/09/02 20:18:34 : Epoch: 966, Train_Loss: 0.00069053
2025/09/02 20:18:34 : Epoch: 967, Train_Loss: 0.00067180
2025/09/02 20:18:35 : Epoch: 968, Train_Loss: 0.00066518
2025/09/02 20:18:35 : Epoch: 969, Train_Loss: 0.00064533
2025/09/02 20:18:35 : Epoch: 969, Eval_Loss: 0.00596406
2025/09/02 20:18:35 : Epoch: 970, Train_Loss: 0.00062686
2025/09/02 20:18:35 : Epoch: 971, Train_Loss: 0.00061357
2025/09/02 20:18:35 : Epoch: 972, Train_Loss: 0.00060363
2025/09/02 20:18:35 : Epoch: 973, Train_Loss: 0.00060369
2025/09/02 20:18:35 : Epoch: 974, Train_Loss: 0.00058821
2025/09/02 20:18:35 : Epoch: 974, Eval_Loss: 0.00627338
2025/09/02 20:18:35 : Epoch: 975, Train_Loss: 0.00057645
2025/09/02 20:18:36 : Epoch: 976, Train_Loss: 0.00057228
2025/09/02 20:18:36 : Epoch: 977, Train_Loss: 0.00057082
2025/09/02 20:18:36 : Epoch: 978, Train_Loss: 0.00056271
2025/09/02 20:18:36 : Epoch: 979, Train_Loss: 0.00055853
2025/09/02 20:18:36 : Epoch: 979, Eval_Loss: 0.00618652
2025/09/02 20:18:36 : Epoch: 980, Train_Loss: 0.00056292
2025/09/02 20:18:36 : Epoch: 981, Train_Loss: 0.00055449
2025/09/02 20:18:36 : Epoch: 982, Train_Loss: 0.00055203
2025/09/02 20:18:36 : Epoch: 983, Train_Loss: 0.00055093
2025/09/02 20:18:36 : Epoch: 984, Train_Loss: 0.00058072
2025/09/02 20:18:37 : Epoch: 984, Eval_Loss: 0.00603232
2025/09/02 20:18:37 : Epoch: 985, Train_Loss: 0.00057087
2025/09/02 20:18:37 : Epoch: 986, Train_Loss: 0.00060483
2025/09/02 20:18:37 : Epoch: 987, Train_Loss: 0.00058810
2025/09/02 20:18:37 : Epoch: 988, Train_Loss: 0.00057945
2025/09/02 20:18:37 : Epoch: 989, Train_Loss: 0.00057497
2025/09/02 20:18:37 : Epoch: 989, Eval_Loss: 0.00591948
2025/09/02 20:18:37 : Epoch: 990, Train_Loss: 0.00056583
2025/09/02 20:18:37 : Epoch: 991, Train_Loss: 0.00056339
2025/09/02 20:18:37 : Epoch: 992, Train_Loss: 0.00055591
2025/09/02 20:18:38 : Epoch: 993, Train_Loss: 0.00056322
2025/09/02 20:18:38 : Epoch: 994, Train_Loss: 0.00054572
2025/09/02 20:18:38 : Epoch: 994, Eval_Loss: 0.00595033
2025/09/02 20:18:38 : Epoch: 995, Train_Loss: 0.00054609
2025/09/02 20:18:38 : Epoch: 996, Train_Loss: 0.00054187
2025/09/02 20:18:38 : Epoch: 997, Train_Loss: 0.00053218
2025/09/02 20:18:38 : Epoch: 998, Train_Loss: 0.00053422
2025/09/02 20:18:38 : Epoch: 999, Train_Loss: 0.00052875
2025/09/02 20:18:38 : Epoch: 999, Eval_Loss: 0.00608444
