2025/09/01 19:49:48 : 

** GPU Info **
2025/09/01 19:49:48 : ====================================================================================================
2025/09/01 19:49:48 : My GPU is NVIDIA L40
2025/09/01 19:49:48 : ====================================================================================================
2025/09/01 19:50:10 : 

** Load Data **
2025/09/01 19:50:10 : ====================================================================================================
2025/09/01 19:50:10 : Response Type: Acceleration
2025/09/01 19:50:10 : Train dataset: ['./Data/Nonlinear_Analysis/train/ChiChi_DBE', './Data/Nonlinear_Analysis/train/NGAWest2_DBE', './Data/Nonlinear_Analysis/train/ChiChi_MCE', './Data/Nonlinear_Analysis/train/NGAWest2_MCE']
2025/09/01 19:50:10 : Eval dataset: ['./Data/Nonlinear_Analysis/eval/ChiChi_DBE', './Data/Nonlinear_Analysis/eval/NGAWest2_DBE', './Data/Nonlinear_Analysis/eval/ChiChi_MCE', './Data/Nonlinear_Analysis/eval/NGAWest2_MCE']
2025/09/01 19:50:10 : # of effective train data: 20
2025/09/01 19:50:10 : # of effective eval data: 20
2025/09/01 19:50:10 : ====================================================================================================
2025/09/01 19:50:10 : 

** Get Normalization Dictionary **
2025/09/01 19:50:10 : ====================================================================================================
2025/09/01 19:50:10 : 
normalization dictionary: 
{'x': {'XYZ_gridline_num': tensor(8.), 'XYZ_grid_index': tensor(7.), 'period': tensor(1.3262), 'DOF': tensor(1.), 'mass': tensor(0.0255), 'XYZ_inertia': tensor(255288.), 'XYZ_mode_shape': tensor(1.8960)}, 'ground_motion': tensor(10479.9434), 'y': tensor(24540.), 'edge_attr': {'S_y': tensor(3687090.), 'S_z': tensor(3687090.), 'area': tensor(30774.), 'element_length': tensor(8000.)}, 'response_type': 'Acceleration'}
2025/09/01 19:50:10 : ====================================================================================================
2025/09/01 19:50:10 : 

** Model Info **
2025/09/01 19:50:10 : ====================================================================================================
2025/09/01 19:50:10 : GCN_LSTM(
  (GCN_Encoder): GCN_Encoder(
    (relu): ReLU()
    (dropout): Dropout(p=0.2, inplace=False)
    (conv1): GCNConv(15, 128)
    (conv2): GCNConv(128, 256)
    (conv3): GCNConv(256, 128)
  )
  (LSTM): LSTM(
    (lstm): LSTM(168, 128, num_layers=2, batch_first=True, dropout=0.2)
    (fc_out): Sequential(
      (0): Linear(in_features=128, out_features=128, bias=True)
      (1): ReLU()
      (2): Linear(in_features=128, out_features=32, bias=True)
    )
  )
)
2025/09/01 19:50:10 : ====================================================================================================
2025/09/01 19:50:10 : 

** Train **
2025/09/01 19:50:10 : ====================================================================================================
2025/09/01 19:50:10 :   Packed Mode = True
2025/09/01 19:50:10 :   Compression Rate of Ground Motion = 40
2025/09/01 19:50:10 :   Compression Rate of Response Sequence  = 4
2025/09/01 19:50:10 :   Compressed Seqence Length  = 500
2025/09/01 19:50:10 :   Num Epochs = 1000
2025/09/01 19:50:10 :   Num Train Examples = 20
2025/09/01 19:50:10 :   Num Eval Examples = 20
2025/09/01 19:50:10 :   Batch Size = 5
2025/09/01 19:50:10 :   Evaluation Interval = 5
2025/09/01 19:50:10 :   Plot Interval = 1000
2025/09/01 19:50:10 : ====================================================================================================
2025/09/01 19:50:10 : Epoch: 000, Train_Loss: 0.00357239
2025/09/01 19:50:10 : Epoch: 001, Train_Loss: 0.00251229
2025/09/01 19:50:11 : Epoch: 002, Train_Loss: 0.00235890
2025/09/01 19:50:11 : Epoch: 003, Train_Loss: 0.00233692
2025/09/01 19:50:11 : Epoch: 004, Train_Loss: 0.00234293
2025/09/01 19:50:11 : Epoch: 004, Eval_Loss: 0.00224722
2025/09/01 19:50:11 : Epoch: 004, Save the best checkpoint
2025/09/01 19:50:11 : Epoch: 005, Train_Loss: 0.00233444
2025/09/01 19:50:11 : Epoch: 006, Train_Loss: 0.00231781
2025/09/01 19:50:11 : Epoch: 007, Train_Loss: 0.00230778
2025/09/01 19:50:11 : Epoch: 008, Train_Loss: 0.00230295
2025/09/01 19:50:11 : Epoch: 009, Train_Loss: 0.00229829
2025/09/01 19:50:11 : Epoch: 009, Eval_Loss: 0.00220531
2025/09/01 19:50:11 : Epoch: 009, Save the best checkpoint
2025/09/01 19:50:12 : Epoch: 010, Train_Loss: 0.00229177
2025/09/01 19:50:12 : Epoch: 011, Train_Loss: 0.00228087
2025/09/01 19:50:12 : Epoch: 012, Train_Loss: 0.00226513
2025/09/01 19:50:12 : Epoch: 013, Train_Loss: 0.00224792
2025/09/01 19:50:12 : Epoch: 014, Train_Loss: 0.00221827
2025/09/01 19:50:12 : Epoch: 014, Eval_Loss: 0.00211996
2025/09/01 19:50:12 : Epoch: 014, Save the best checkpoint
2025/09/01 19:50:12 : Epoch: 015, Train_Loss: 0.00220358
2025/09/01 19:50:12 : Epoch: 016, Train_Loss: 0.00218086
2025/09/01 19:50:12 : Epoch: 017, Train_Loss: 0.00215359
2025/09/01 19:50:12 : Epoch: 018, Train_Loss: 0.00212578
2025/09/01 19:50:13 : Epoch: 019, Train_Loss: 0.00208486
2025/09/01 19:50:13 : Epoch: 019, Eval_Loss: 0.00200514
2025/09/01 19:50:13 : Epoch: 019, Save the best checkpoint
2025/09/01 19:50:13 : Epoch: 020, Train_Loss: 0.00204922
2025/09/01 19:50:13 : Epoch: 021, Train_Loss: 0.00200457
2025/09/01 19:50:13 : Epoch: 022, Train_Loss: 0.00199357
2025/09/01 19:50:13 : Epoch: 023, Train_Loss: 0.00197880
2025/09/01 19:50:13 : Epoch: 024, Train_Loss: 0.00196969
2025/09/01 19:50:13 : Epoch: 024, Eval_Loss: 0.00191301
2025/09/01 19:50:13 : Epoch: 024, Save the best checkpoint
2025/09/01 19:50:13 : Epoch: 025, Train_Loss: 0.00193370
2025/09/01 19:50:14 : Epoch: 026, Train_Loss: 0.00189058
2025/09/01 19:50:14 : Epoch: 027, Train_Loss: 0.00195631
2025/09/01 19:50:14 : Epoch: 028, Train_Loss: 0.00190916
2025/09/01 19:50:14 : Epoch: 029, Train_Loss: 0.00208220
2025/09/01 19:50:14 : Epoch: 029, Eval_Loss: 0.00192994
2025/09/01 19:50:14 : Epoch: 030, Train_Loss: 0.00198780
2025/09/01 19:50:14 : Epoch: 031, Train_Loss: 0.00205429
2025/09/01 19:50:14 : Epoch: 032, Train_Loss: 0.00200616
2025/09/01 19:50:14 : Epoch: 033, Train_Loss: 0.00194968
2025/09/01 19:50:14 : Epoch: 034, Train_Loss: 0.00193180
2025/09/01 19:50:15 : Epoch: 034, Eval_Loss: 0.00192958
2025/09/01 19:50:15 : Epoch: 035, Train_Loss: 0.00190912
2025/09/01 19:50:15 : Epoch: 036, Train_Loss: 0.00188205
2025/09/01 19:50:15 : Epoch: 037, Train_Loss: 0.00187656
2025/09/01 19:50:15 : Epoch: 038, Train_Loss: 0.00182228
2025/09/01 19:50:15 : Epoch: 039, Train_Loss: 0.00179062
2025/09/01 19:50:15 : Epoch: 039, Eval_Loss: 0.00189129
2025/09/01 19:50:15 : Epoch: 039, Save the best checkpoint
2025/09/01 19:50:15 : Epoch: 040, Train_Loss: 0.00179046
2025/09/01 19:50:15 : Epoch: 041, Train_Loss: 0.00175911
2025/09/01 19:50:16 : Epoch: 042, Train_Loss: 0.00182796
2025/09/01 19:50:16 : Epoch: 043, Train_Loss: 0.00174074
2025/09/01 19:50:16 : Epoch: 044, Train_Loss: 0.00173918
2025/09/01 19:50:16 : Epoch: 044, Eval_Loss: 0.00200230
2025/09/01 19:50:16 : Epoch: 045, Train_Loss: 0.00165189
2025/09/01 19:50:16 : Epoch: 046, Train_Loss: 0.00169969
2025/09/01 19:50:16 : Epoch: 047, Train_Loss: 0.00163940
2025/09/01 19:50:16 : Epoch: 048, Train_Loss: 0.00155000
2025/09/01 19:50:16 : Epoch: 049, Train_Loss: 0.00152263
2025/09/01 19:50:16 : Epoch: 049, Eval_Loss: 0.00180798
2025/09/01 19:50:16 : Epoch: 049, Save the best checkpoint
2025/09/01 19:50:17 : Epoch: 050, Train_Loss: 0.00151781
2025/09/01 19:50:17 : Epoch: 051, Train_Loss: 0.00159174
2025/09/01 19:50:17 : Epoch: 052, Train_Loss: 0.00155738
2025/09/01 19:50:17 : Epoch: 053, Train_Loss: 0.00153398
2025/09/01 19:50:17 : Epoch: 054, Train_Loss: 0.00168996
2025/09/01 19:50:17 : Epoch: 054, Eval_Loss: 0.00192027
2025/09/01 19:50:17 : Epoch: 055, Train_Loss: 0.00191142
2025/09/01 19:50:17 : Epoch: 056, Train_Loss: 0.00193142
2025/09/01 19:50:17 : Epoch: 057, Train_Loss: 0.00180444
2025/09/01 19:50:17 : Epoch: 058, Train_Loss: 0.00166836
2025/09/01 19:50:18 : Epoch: 059, Train_Loss: 0.00159540
2025/09/01 19:50:18 : Epoch: 059, Eval_Loss: 0.00191505
2025/09/01 19:50:18 : Epoch: 060, Train_Loss: 0.00152320
2025/09/01 19:50:18 : Epoch: 061, Train_Loss: 0.00143996
2025/09/01 19:50:18 : Epoch: 062, Train_Loss: 0.00125751
2025/09/01 19:50:18 : Epoch: 063, Train_Loss: 0.00125502
2025/09/01 19:50:18 : Epoch: 064, Train_Loss: 0.00129766
2025/09/01 19:50:18 : Epoch: 064, Eval_Loss: 0.00176413
2025/09/01 19:50:18 : Epoch: 064, Save the best checkpoint
2025/09/01 19:50:18 : Epoch: 065, Train_Loss: 0.00141562
2025/09/01 19:50:19 : Epoch: 066, Train_Loss: 0.00118694
2025/09/01 19:50:19 : Epoch: 067, Train_Loss: 0.00122343
2025/09/01 19:50:19 : Epoch: 068, Train_Loss: 0.00115055
2025/09/01 19:50:19 : Epoch: 069, Train_Loss: 0.00114542
2025/09/01 19:50:19 : Epoch: 069, Eval_Loss: 0.00224260
2025/09/01 19:50:19 : Epoch: 070, Train_Loss: 0.00140270
2025/09/01 19:50:19 : Epoch: 071, Train_Loss: 0.00169644
2025/09/01 19:50:19 : Epoch: 072, Train_Loss: 0.00156606
2025/09/01 19:50:19 : Epoch: 073, Train_Loss: 0.00151921
2025/09/01 19:50:19 : Epoch: 074, Train_Loss: 0.00156066
2025/09/01 19:50:20 : Epoch: 074, Eval_Loss: 0.00197001
2025/09/01 19:50:20 : Epoch: 075, Train_Loss: 0.00154911
2025/09/01 19:50:20 : Epoch: 076, Train_Loss: 0.00150144
2025/09/01 19:50:20 : Epoch: 077, Train_Loss: 0.00140795
2025/09/01 19:50:20 : Epoch: 078, Train_Loss: 0.00122565
2025/09/01 19:50:20 : Epoch: 079, Train_Loss: 0.00158296
2025/09/01 19:50:20 : Epoch: 079, Eval_Loss: 0.00232683
2025/09/01 19:50:20 : Epoch: 080, Train_Loss: 0.00154442
2025/09/01 19:50:20 : Epoch: 081, Train_Loss: 0.00169621
2025/09/01 19:50:20 : Epoch: 082, Train_Loss: 0.00165764
2025/09/01 19:50:21 : Epoch: 083, Train_Loss: 0.00164201
2025/09/01 19:50:21 : Epoch: 084, Train_Loss: 0.00160922
2025/09/01 19:50:21 : Epoch: 084, Eval_Loss: 0.00178462
2025/09/01 19:50:21 : Epoch: 085, Train_Loss: 0.00159056
2025/09/01 19:50:21 : Epoch: 086, Train_Loss: 0.00149704
2025/09/01 19:50:21 : Epoch: 087, Train_Loss: 0.00143986
2025/09/01 19:50:21 : Epoch: 088, Train_Loss: 0.00136225
2025/09/01 19:50:21 : Epoch: 089, Train_Loss: 0.00129053
2025/09/01 19:50:21 : Epoch: 089, Eval_Loss: 0.00211163
2025/09/01 19:50:21 : Epoch: 090, Train_Loss: 0.00121409
2025/09/01 19:50:22 : Epoch: 091, Train_Loss: 0.00167733
2025/09/01 19:50:22 : Epoch: 092, Train_Loss: 0.00168098
2025/09/01 19:50:22 : Epoch: 093, Train_Loss: 0.00180811
2025/09/01 19:50:22 : Epoch: 094, Train_Loss: 0.00180844
2025/09/01 19:50:22 : Epoch: 094, Eval_Loss: 0.00197902
2025/09/01 19:50:22 : Epoch: 095, Train_Loss: 0.00178985
2025/09/01 19:50:22 : Epoch: 096, Train_Loss: 0.00174448
2025/09/01 19:50:22 : Epoch: 097, Train_Loss: 0.00171438
2025/09/01 19:50:22 : Epoch: 098, Train_Loss: 0.00167295
2025/09/01 19:50:23 : Epoch: 099, Train_Loss: 0.00160532
2025/09/01 19:50:23 : Epoch: 099, Eval_Loss: 0.00190017
2025/09/01 19:50:23 : Epoch: 100, Train_Loss: 0.00153384
2025/09/01 19:50:23 : Epoch: 101, Train_Loss: 0.00146083
2025/09/01 19:50:23 : Epoch: 102, Train_Loss: 0.00143338
2025/09/01 19:50:23 : Epoch: 103, Train_Loss: 0.00138013
2025/09/01 19:50:23 : Epoch: 104, Train_Loss: 0.00135130
2025/09/01 19:50:23 : Epoch: 104, Eval_Loss: 0.00170157
2025/09/01 19:50:23 : Epoch: 104, Save the best checkpoint
2025/09/01 19:50:23 : Epoch: 105, Train_Loss: 0.00130731
2025/09/01 19:50:23 : Epoch: 106, Train_Loss: 0.00151305
2025/09/01 19:50:24 : Epoch: 107, Train_Loss: 0.00199359
2025/09/01 19:50:24 : Epoch: 108, Train_Loss: 0.00181568
2025/09/01 19:50:24 : Epoch: 109, Train_Loss: 0.00173693
2025/09/01 19:50:24 : Epoch: 109, Eval_Loss: 0.00192185
2025/09/01 19:50:24 : Epoch: 110, Train_Loss: 0.00167257
2025/09/01 19:50:24 : Epoch: 111, Train_Loss: 0.00160627
2025/09/01 19:50:24 : Epoch: 112, Train_Loss: 0.00153676
2025/09/01 19:50:24 : Epoch: 113, Train_Loss: 0.00142210
2025/09/01 19:50:24 : Epoch: 114, Train_Loss: 0.00133454
2025/09/01 19:50:24 : Epoch: 114, Eval_Loss: 0.00200636
2025/09/01 19:50:25 : Epoch: 115, Train_Loss: 0.00126390
2025/09/01 19:50:25 : Epoch: 116, Train_Loss: 0.00118267
2025/09/01 19:50:25 : Epoch: 117, Train_Loss: 0.00114522
2025/09/01 19:50:25 : Epoch: 118, Train_Loss: 0.00138599
2025/09/01 19:50:25 : Epoch: 119, Train_Loss: 0.00146563
2025/09/01 19:50:25 : Epoch: 119, Eval_Loss: 0.00181343
2025/09/01 19:50:25 : Epoch: 120, Train_Loss: 0.00138978
2025/09/01 19:50:25 : Epoch: 121, Train_Loss: 0.00131867
2025/09/01 19:50:25 : Epoch: 122, Train_Loss: 0.00132577
2025/09/01 19:50:26 : Epoch: 123, Train_Loss: 0.00111656
2025/09/01 19:50:26 : Epoch: 124, Train_Loss: 0.00105420
2025/09/01 19:50:26 : Epoch: 124, Eval_Loss: 0.00207723
2025/09/01 19:50:26 : Epoch: 125, Train_Loss: 0.00097127
2025/09/01 19:50:26 : Epoch: 126, Train_Loss: 0.00092840
2025/09/01 19:50:26 : Epoch: 127, Train_Loss: 0.00093690
2025/09/01 19:50:26 : Epoch: 128, Train_Loss: 0.00101616
2025/09/01 19:50:26 : Epoch: 129, Train_Loss: 0.00104491
2025/09/01 19:50:26 : Epoch: 129, Eval_Loss: 0.00231661
2025/09/01 19:50:26 : Epoch: 130, Train_Loss: 0.00144351
2025/09/01 19:50:27 : Epoch: 131, Train_Loss: 0.00121892
2025/09/01 19:50:27 : Epoch: 132, Train_Loss: 0.00113218
2025/09/01 19:50:27 : Epoch: 133, Train_Loss: 0.00110705
2025/09/01 19:50:27 : Epoch: 134, Train_Loss: 0.00095799
2025/09/01 19:50:27 : Epoch: 134, Eval_Loss: 0.00189300
2025/09/01 19:50:27 : Epoch: 135, Train_Loss: 0.00086098
2025/09/01 19:50:27 : Epoch: 136, Train_Loss: 0.00077301
2025/09/01 19:50:27 : Epoch: 137, Train_Loss: 0.00082122
2025/09/01 19:50:27 : Epoch: 138, Train_Loss: 0.00084514
2025/09/01 19:50:28 : Epoch: 139, Train_Loss: 0.00075532
2025/09/01 19:50:28 : Epoch: 139, Eval_Loss: 0.00182731
2025/09/01 19:50:28 : Epoch: 140, Train_Loss: 0.00075328
2025/09/01 19:50:28 : Epoch: 141, Train_Loss: 0.00111979
2025/09/01 19:50:28 : Epoch: 142, Train_Loss: 0.00113354
2025/09/01 19:50:28 : Epoch: 143, Train_Loss: 0.00123432
2025/09/01 19:50:28 : Epoch: 144, Train_Loss: 0.00108647
2025/09/01 19:50:28 : Epoch: 144, Eval_Loss: 0.00190863
2025/09/01 19:50:28 : Epoch: 145, Train_Loss: 0.00098652
2025/09/01 19:50:28 : Epoch: 146, Train_Loss: 0.00088178
2025/09/01 19:50:29 : Epoch: 147, Train_Loss: 0.00076454
2025/09/01 19:50:29 : Epoch: 148, Train_Loss: 0.00071566
2025/09/01 19:50:29 : Epoch: 149, Train_Loss: 0.00066558
2025/09/01 19:50:29 : Epoch: 149, Eval_Loss: 0.00221659
2025/09/01 19:50:29 : Epoch: 150, Train_Loss: 0.00104064
2025/09/01 19:50:29 : Epoch: 151, Train_Loss: 0.00081439
2025/09/01 19:50:29 : Epoch: 152, Train_Loss: 0.00080142
2025/09/01 19:50:29 : Epoch: 153, Train_Loss: 0.00069578
2025/09/01 19:50:29 : Epoch: 154, Train_Loss: 0.00069157
2025/09/01 19:50:29 : Epoch: 154, Eval_Loss: 0.00236743
2025/09/01 19:50:30 : Epoch: 155, Train_Loss: 0.00074548
2025/09/01 19:50:30 : Epoch: 156, Train_Loss: 0.00063201
2025/09/01 19:50:30 : Epoch: 157, Train_Loss: 0.00075971
2025/09/01 19:50:30 : Epoch: 158, Train_Loss: 0.00067793
2025/09/01 19:50:30 : Epoch: 159, Train_Loss: 0.00073628
2025/09/01 19:50:30 : Epoch: 159, Eval_Loss: 0.00191639
2025/09/01 19:50:30 : Epoch: 160, Train_Loss: 0.00067799
2025/09/01 19:50:30 : Epoch: 161, Train_Loss: 0.00065505
2025/09/01 19:50:30 : Epoch: 162, Train_Loss: 0.00070253
2025/09/01 19:50:31 : Epoch: 163, Train_Loss: 0.00067149
2025/09/01 19:50:31 : Epoch: 164, Train_Loss: 0.00066111
2025/09/01 19:50:31 : Epoch: 164, Eval_Loss: 0.00184336
2025/09/01 19:50:31 : Epoch: 165, Train_Loss: 0.00066106
2025/09/01 19:50:31 : Epoch: 166, Train_Loss: 0.00087938
2025/09/01 19:50:31 : Epoch: 167, Train_Loss: 0.00088743
2025/09/01 19:50:31 : Epoch: 168, Train_Loss: 0.00134104
2025/09/01 19:50:31 : Epoch: 169, Train_Loss: 0.00097346
2025/09/01 19:50:31 : Epoch: 169, Eval_Loss: 0.00166965
2025/09/01 19:50:31 : Epoch: 169, Save the best checkpoint
2025/09/01 19:50:31 : Epoch: 170, Train_Loss: 0.00098348
2025/09/01 19:50:32 : Epoch: 171, Train_Loss: 0.00110459
2025/09/01 19:50:32 : Epoch: 172, Train_Loss: 0.00079359
2025/09/01 19:50:32 : Epoch: 173, Train_Loss: 0.00071554
2025/09/01 19:50:32 : Epoch: 174, Train_Loss: 0.00066660
2025/09/01 19:50:32 : Epoch: 174, Eval_Loss: 0.00208224
2025/09/01 19:50:32 : Epoch: 175, Train_Loss: 0.00058156
2025/09/01 19:50:32 : Epoch: 176, Train_Loss: 0.00058394
2025/09/01 19:50:32 : Epoch: 177, Train_Loss: 0.00052698
2025/09/01 19:50:32 : Epoch: 178, Train_Loss: 0.00051997
2025/09/01 19:50:33 : Epoch: 179, Train_Loss: 0.00056960
2025/09/01 19:50:33 : Epoch: 179, Eval_Loss: 0.00186000
2025/09/01 19:50:33 : Epoch: 180, Train_Loss: 0.00065723
2025/09/01 19:50:33 : Epoch: 181, Train_Loss: 0.00057333
2025/09/01 19:50:33 : Epoch: 182, Train_Loss: 0.00056522
2025/09/01 19:50:33 : Epoch: 183, Train_Loss: 0.00074019
2025/09/01 19:50:33 : Epoch: 184, Train_Loss: 0.00057910
2025/09/01 19:50:33 : Epoch: 184, Eval_Loss: 0.00224984
2025/09/01 19:50:33 : Epoch: 185, Train_Loss: 0.00088101
2025/09/01 19:50:33 : Epoch: 186, Train_Loss: 0.00068702
2025/09/01 19:50:34 : Epoch: 187, Train_Loss: 0.00068003
2025/09/01 19:50:34 : Epoch: 188, Train_Loss: 0.00059598
2025/09/01 19:50:34 : Epoch: 189, Train_Loss: 0.00053988
2025/09/01 19:50:34 : Epoch: 189, Eval_Loss: 0.00196106
2025/09/01 19:50:34 : Epoch: 190, Train_Loss: 0.00050376
2025/09/01 19:50:34 : Epoch: 191, Train_Loss: 0.00049888
2025/09/01 19:50:34 : Epoch: 192, Train_Loss: 0.00048911
2025/09/01 19:50:34 : Epoch: 193, Train_Loss: 0.00057113
2025/09/01 19:50:34 : Epoch: 194, Train_Loss: 0.00053377
2025/09/01 19:50:34 : Epoch: 194, Eval_Loss: 0.00210296
2025/09/01 19:50:35 : Epoch: 195, Train_Loss: 0.00073501
2025/09/01 19:50:35 : Epoch: 196, Train_Loss: 0.00088472
2025/09/01 19:50:35 : Epoch: 197, Train_Loss: 0.00095082
2025/09/01 19:50:35 : Epoch: 198, Train_Loss: 0.00063067
2025/09/01 19:50:35 : Epoch: 199, Train_Loss: 0.00074067
2025/09/01 19:50:35 : Epoch: 199, Eval_Loss: 0.00206549
2025/09/01 19:50:35 : Epoch: 200, Train_Loss: 0.00068197
2025/09/01 19:50:35 : Epoch: 201, Train_Loss: 0.00063517
2025/09/01 19:50:35 : Epoch: 202, Train_Loss: 0.00051351
2025/09/01 19:50:35 : Epoch: 203, Train_Loss: 0.00060116
2025/09/01 19:50:36 : Epoch: 204, Train_Loss: 0.00085823
2025/09/01 19:50:36 : Epoch: 204, Eval_Loss: 0.00213231
2025/09/01 19:50:36 : Epoch: 205, Train_Loss: 0.00079382
2025/09/01 19:50:36 : Epoch: 206, Train_Loss: 0.00061832
2025/09/01 19:50:36 : Epoch: 207, Train_Loss: 0.00053112
2025/09/01 19:50:36 : Epoch: 208, Train_Loss: 0.00048921
2025/09/01 19:50:36 : Epoch: 209, Train_Loss: 0.00039932
2025/09/01 19:50:36 : Epoch: 209, Eval_Loss: 0.00198337
2025/09/01 19:50:36 : Epoch: 210, Train_Loss: 0.00040446
2025/09/01 19:50:36 : Epoch: 211, Train_Loss: 0.00037432
2025/09/01 19:50:37 : Epoch: 212, Train_Loss: 0.00043637
2025/09/01 19:50:37 : Epoch: 213, Train_Loss: 0.00057363
2025/09/01 19:50:37 : Epoch: 214, Train_Loss: 0.00054199
2025/09/01 19:50:37 : Epoch: 214, Eval_Loss: 0.00208897
2025/09/01 19:50:37 : Epoch: 215, Train_Loss: 0.00056502
2025/09/01 19:50:37 : Epoch: 216, Train_Loss: 0.00065497
2025/09/01 19:50:37 : Epoch: 217, Train_Loss: 0.00060577
2025/09/01 19:50:37 : Epoch: 218, Train_Loss: 0.00057530
2025/09/01 19:50:37 : Epoch: 219, Train_Loss: 0.00050589
2025/09/01 19:50:38 : Epoch: 219, Eval_Loss: 0.00248996
2025/09/01 19:50:38 : Epoch: 220, Train_Loss: 0.00063208
2025/09/01 19:50:38 : Epoch: 221, Train_Loss: 0.00066189
2025/09/01 19:50:38 : Epoch: 222, Train_Loss: 0.00098279
2025/09/01 19:50:38 : Epoch: 223, Train_Loss: 0.00082871
2025/09/01 19:50:38 : Epoch: 224, Train_Loss: 0.00071472
2025/09/01 19:50:38 : Epoch: 224, Eval_Loss: 0.00206949
2025/09/01 19:50:38 : Epoch: 225, Train_Loss: 0.00059337
2025/09/01 19:50:38 : Epoch: 226, Train_Loss: 0.00048784
2025/09/01 19:50:38 : Epoch: 227, Train_Loss: 0.00051427
2025/09/01 19:50:39 : Epoch: 228, Train_Loss: 0.00040145
2025/09/01 19:50:39 : Epoch: 229, Train_Loss: 0.00036302
2025/09/01 19:50:39 : Epoch: 229, Eval_Loss: 0.00242959
2025/09/01 19:50:39 : Epoch: 230, Train_Loss: 0.00043671
2025/09/01 19:50:39 : Epoch: 231, Train_Loss: 0.00038709
2025/09/01 19:50:39 : Epoch: 232, Train_Loss: 0.00038312
2025/09/01 19:50:39 : Epoch: 233, Train_Loss: 0.00036722
2025/09/01 19:50:39 : Epoch: 234, Train_Loss: 0.00032489
2025/09/01 19:50:39 : Epoch: 234, Eval_Loss: 0.00203842
2025/09/01 19:50:39 : Epoch: 235, Train_Loss: 0.00031884
2025/09/01 19:50:40 : Epoch: 236, Train_Loss: 0.00030695
2025/09/01 19:50:40 : Epoch: 237, Train_Loss: 0.00031234
2025/09/01 19:50:40 : Epoch: 238, Train_Loss: 0.00031916
2025/09/01 19:50:40 : Epoch: 239, Train_Loss: 0.00035883
2025/09/01 19:50:40 : Epoch: 239, Eval_Loss: 0.00232497
2025/09/01 19:50:40 : Epoch: 240, Train_Loss: 0.00036578
2025/09/01 19:50:40 : Epoch: 241, Train_Loss: 0.00033052
2025/09/01 19:50:40 : Epoch: 242, Train_Loss: 0.00039537
2025/09/01 19:50:40 : Epoch: 243, Train_Loss: 0.00036627
2025/09/01 19:50:41 : Epoch: 244, Train_Loss: 0.00034497
2025/09/01 19:50:41 : Epoch: 244, Eval_Loss: 0.00202714
2025/09/01 19:50:41 : Epoch: 245, Train_Loss: 0.00033702
2025/09/01 19:50:41 : Epoch: 246, Train_Loss: 0.00036291
2025/09/01 19:50:41 : Epoch: 247, Train_Loss: 0.00065472
2025/09/01 19:50:41 : Epoch: 248, Train_Loss: 0.00071261
2025/09/01 19:50:41 : Epoch: 249, Train_Loss: 0.00067839
2025/09/01 19:50:41 : Epoch: 249, Eval_Loss: 0.00191375
2025/09/01 19:50:41 : Epoch: 250, Train_Loss: 0.00077882
2025/09/01 19:50:41 : Epoch: 251, Train_Loss: 0.00070612
2025/09/01 19:50:42 : Epoch: 252, Train_Loss: 0.00064012
2025/09/01 19:50:42 : Epoch: 253, Train_Loss: 0.00055935
2025/09/01 19:50:42 : Epoch: 254, Train_Loss: 0.00050352
2025/09/01 19:50:42 : Epoch: 254, Eval_Loss: 0.00174374
2025/09/01 19:50:42 : Epoch: 255, Train_Loss: 0.00046066
2025/09/01 19:50:42 : Epoch: 256, Train_Loss: 0.00045714
2025/09/01 19:50:42 : Epoch: 257, Train_Loss: 0.00042238
2025/09/01 19:50:42 : Epoch: 258, Train_Loss: 0.00038228
2025/09/01 19:50:42 : Epoch: 259, Train_Loss: 0.00035934
2025/09/01 19:50:42 : Epoch: 259, Eval_Loss: 0.00182529
2025/09/01 19:50:43 : Epoch: 260, Train_Loss: 0.00038251
2025/09/01 19:50:43 : Epoch: 261, Train_Loss: 0.00043488
2025/09/01 19:50:43 : Epoch: 262, Train_Loss: 0.00046038
2025/09/01 19:50:43 : Epoch: 263, Train_Loss: 0.00043467
2025/09/01 19:50:43 : Epoch: 264, Train_Loss: 0.00037481
2025/09/01 19:50:43 : Epoch: 264, Eval_Loss: 0.00198922
2025/09/01 19:50:43 : Epoch: 265, Train_Loss: 0.00036114
2025/09/01 19:50:43 : Epoch: 266, Train_Loss: 0.00035074
2025/09/01 19:50:43 : Epoch: 267, Train_Loss: 0.00039936
2025/09/01 19:50:44 : Epoch: 268, Train_Loss: 0.00045890
2025/09/01 19:50:44 : Epoch: 269, Train_Loss: 0.00043054
2025/09/01 19:50:44 : Epoch: 269, Eval_Loss: 0.00187270
2025/09/01 19:50:44 : Epoch: 270, Train_Loss: 0.00044225
2025/09/01 19:50:44 : Epoch: 271, Train_Loss: 0.00044425
2025/09/01 19:50:44 : Epoch: 272, Train_Loss: 0.00040964
2025/09/01 19:50:44 : Epoch: 273, Train_Loss: 0.00031265
2025/09/01 19:50:44 : Epoch: 274, Train_Loss: 0.00038801
2025/09/01 19:50:44 : Epoch: 274, Eval_Loss: 0.00202754
2025/09/01 19:50:44 : Epoch: 275, Train_Loss: 0.00034525
2025/09/01 19:50:45 : Epoch: 276, Train_Loss: 0.00030921
2025/09/01 19:50:45 : Epoch: 277, Train_Loss: 0.00028599
2025/09/01 19:50:45 : Epoch: 278, Train_Loss: 0.00024746
2025/09/01 19:50:45 : Epoch: 279, Train_Loss: 0.00029379
2025/09/01 19:50:45 : Epoch: 279, Eval_Loss: 0.00183803
2025/09/01 19:50:45 : Epoch: 280, Train_Loss: 0.00023204
2025/09/01 19:50:45 : Epoch: 281, Train_Loss: 0.00023092
2025/09/01 19:50:45 : Epoch: 282, Train_Loss: 0.00023853
2025/09/01 19:50:45 : Epoch: 283, Train_Loss: 0.00029164
2025/09/01 19:50:46 : Epoch: 284, Train_Loss: 0.00029467
2025/09/01 19:50:46 : Epoch: 284, Eval_Loss: 0.00217253
2025/09/01 19:50:46 : Epoch: 285, Train_Loss: 0.00030153
2025/09/01 19:50:46 : Epoch: 286, Train_Loss: 0.00039917
2025/09/01 19:50:46 : Epoch: 287, Train_Loss: 0.00038980
2025/09/01 19:50:46 : Epoch: 288, Train_Loss: 0.00032717
2025/09/01 19:50:46 : Epoch: 289, Train_Loss: 0.00031645
2025/09/01 19:50:46 : Epoch: 289, Eval_Loss: 0.00170187
2025/09/01 19:50:46 : Epoch: 290, Train_Loss: 0.00033683
2025/09/01 19:50:46 : Epoch: 291, Train_Loss: 0.00040042
2025/09/01 19:50:47 : Epoch: 292, Train_Loss: 0.00036419
2025/09/01 19:50:47 : Epoch: 293, Train_Loss: 0.00037392
2025/09/01 19:50:47 : Epoch: 294, Train_Loss: 0.00031297
2025/09/01 19:50:47 : Epoch: 294, Eval_Loss: 0.00218450
2025/09/01 19:50:47 : Epoch: 295, Train_Loss: 0.00033199
2025/09/01 19:50:47 : Epoch: 296, Train_Loss: 0.00036201
2025/09/01 19:50:47 : Epoch: 297, Train_Loss: 0.00050988
2025/09/01 19:50:47 : Epoch: 298, Train_Loss: 0.00058147
2025/09/01 19:50:47 : Epoch: 299, Train_Loss: 0.00042597
2025/09/01 19:50:47 : Epoch: 299, Eval_Loss: 0.00189432
2025/09/01 19:50:48 : Epoch: 300, Train_Loss: 0.00044157
2025/09/01 19:50:48 : Epoch: 301, Train_Loss: 0.00037676
2025/09/01 19:50:48 : Epoch: 302, Train_Loss: 0.00032440
2025/09/01 19:50:48 : Epoch: 303, Train_Loss: 0.00044013
2025/09/01 19:50:48 : Epoch: 304, Train_Loss: 0.00044413
2025/09/01 19:50:48 : Epoch: 304, Eval_Loss: 0.00199811
2025/09/01 19:50:48 : Epoch: 305, Train_Loss: 0.00045553
2025/09/01 19:50:48 : Epoch: 306, Train_Loss: 0.00038995
2025/09/01 19:50:48 : Epoch: 307, Train_Loss: 0.00029687
2025/09/01 19:50:49 : Epoch: 308, Train_Loss: 0.00029522
2025/09/01 19:50:49 : Epoch: 309, Train_Loss: 0.00036359
2025/09/01 19:50:49 : Epoch: 309, Eval_Loss: 0.00179028
2025/09/01 19:50:49 : Epoch: 310, Train_Loss: 0.00033289
2025/09/01 19:50:49 : Epoch: 311, Train_Loss: 0.00035283
2025/09/01 19:50:49 : Epoch: 312, Train_Loss: 0.00042147
2025/09/01 19:50:49 : Epoch: 313, Train_Loss: 0.00054203
2025/09/01 19:50:49 : Epoch: 314, Train_Loss: 0.00040969
2025/09/01 19:50:49 : Epoch: 314, Eval_Loss: 0.00176336
2025/09/01 19:50:49 : Epoch: 315, Train_Loss: 0.00037453
2025/09/01 19:50:50 : Epoch: 316, Train_Loss: 0.00030612
2025/09/01 19:50:50 : Epoch: 317, Train_Loss: 0.00026039
2025/09/01 19:50:50 : Epoch: 318, Train_Loss: 0.00027234
2025/09/01 19:50:50 : Epoch: 319, Train_Loss: 0.00029077
2025/09/01 19:50:50 : Epoch: 319, Eval_Loss: 0.00193987
2025/09/01 19:50:50 : Epoch: 320, Train_Loss: 0.00029427
2025/09/01 19:50:50 : Epoch: 321, Train_Loss: 0.00026161
2025/09/01 19:50:50 : Epoch: 322, Train_Loss: 0.00032261
2025/09/01 19:50:50 : Epoch: 323, Train_Loss: 0.00027424
2025/09/01 19:50:51 : Epoch: 324, Train_Loss: 0.00028597
2025/09/01 19:50:51 : Epoch: 324, Eval_Loss: 0.00185691
2025/09/01 19:50:51 : Epoch: 325, Train_Loss: 0.00029888
2025/09/01 19:50:51 : Epoch: 326, Train_Loss: 0.00032943
2025/09/01 19:50:51 : Epoch: 327, Train_Loss: 0.00033245
2025/09/01 19:50:51 : Epoch: 328, Train_Loss: 0.00055241
2025/09/01 19:50:51 : Epoch: 329, Train_Loss: 0.00078400
2025/09/01 19:50:51 : Epoch: 329, Eval_Loss: 0.00179727
2025/09/01 19:50:51 : Epoch: 330, Train_Loss: 0.00061110
2025/09/01 19:50:51 : Epoch: 331, Train_Loss: 0.00063646
2025/09/01 19:50:52 : Epoch: 332, Train_Loss: 0.00049721
2025/09/01 19:50:52 : Epoch: 333, Train_Loss: 0.00048560
2025/09/01 19:50:52 : Epoch: 334, Train_Loss: 0.00054178
2025/09/01 19:50:52 : Epoch: 334, Eval_Loss: 0.00175491
2025/09/01 19:50:52 : Epoch: 335, Train_Loss: 0.00040106
2025/09/01 19:50:52 : Epoch: 336, Train_Loss: 0.00031737
2025/09/01 19:50:52 : Epoch: 337, Train_Loss: 0.00033486
2025/09/01 19:50:52 : Epoch: 338, Train_Loss: 0.00030578
2025/09/01 19:50:52 : Epoch: 339, Train_Loss: 0.00028879
2025/09/01 19:50:52 : Epoch: 339, Eval_Loss: 0.00196927
2025/09/01 19:50:53 : Epoch: 340, Train_Loss: 0.00025543
2025/09/01 19:50:53 : Epoch: 341, Train_Loss: 0.00023727
2025/09/01 19:50:53 : Epoch: 342, Train_Loss: 0.00023489
2025/09/01 19:50:53 : Epoch: 343, Train_Loss: 0.00023031
2025/09/01 19:50:53 : Epoch: 344, Train_Loss: 0.00027344
2025/09/01 19:50:53 : Epoch: 344, Eval_Loss: 0.00179897
2025/09/01 19:50:53 : Epoch: 345, Train_Loss: 0.00025035
2025/09/01 19:50:53 : Epoch: 346, Train_Loss: 0.00039840
2025/09/01 19:50:53 : Epoch: 347, Train_Loss: 0.00033821
2025/09/01 19:50:53 : Epoch: 348, Train_Loss: 0.00031460
2025/09/01 19:50:54 : Epoch: 349, Train_Loss: 0.00028526
2025/09/01 19:50:54 : Epoch: 349, Eval_Loss: 0.00195505
2025/09/01 19:50:54 : Epoch: 350, Train_Loss: 0.00032295
2025/09/01 19:50:54 : Epoch: 351, Train_Loss: 0.00035041
2025/09/01 19:50:54 : Epoch: 352, Train_Loss: 0.00029021
2025/09/01 19:50:54 : Epoch: 353, Train_Loss: 0.00023081
2025/09/01 19:50:54 : Epoch: 354, Train_Loss: 0.00021238
2025/09/01 19:50:54 : Epoch: 354, Eval_Loss: 0.00196706
2025/09/01 19:50:54 : Epoch: 355, Train_Loss: 0.00023131
2025/09/01 19:50:55 : Epoch: 356, Train_Loss: 0.00022701
2025/09/01 19:50:55 : Epoch: 357, Train_Loss: 0.00021392
2025/09/01 19:50:55 : Epoch: 358, Train_Loss: 0.00023245
2025/09/01 19:50:55 : Epoch: 359, Train_Loss: 0.00023994
2025/09/01 19:50:55 : Epoch: 359, Eval_Loss: 0.00210896
2025/09/01 19:50:55 : Epoch: 360, Train_Loss: 0.00035804
2025/09/01 19:50:55 : Epoch: 361, Train_Loss: 0.00028671
2025/09/01 19:50:55 : Epoch: 362, Train_Loss: 0.00025970
2025/09/01 19:50:55 : Epoch: 363, Train_Loss: 0.00026001
2025/09/01 19:50:55 : Epoch: 364, Train_Loss: 0.00023858
2025/09/01 19:50:56 : Epoch: 364, Eval_Loss: 0.00219664
2025/09/01 19:50:56 : Epoch: 365, Train_Loss: 0.00032592
2025/09/01 19:50:56 : Epoch: 366, Train_Loss: 0.00035532
2025/09/01 19:50:56 : Epoch: 367, Train_Loss: 0.00048027
2025/09/01 19:50:56 : Epoch: 368, Train_Loss: 0.00037785
2025/09/01 19:50:56 : Epoch: 369, Train_Loss: 0.00029592
2025/09/01 19:50:56 : Epoch: 369, Eval_Loss: 0.00232227
2025/09/01 19:50:56 : Epoch: 370, Train_Loss: 0.00033095
2025/09/01 19:50:56 : Epoch: 371, Train_Loss: 0.00035438
2025/09/01 19:50:56 : Epoch: 372, Train_Loss: 0.00026039
2025/09/01 19:50:57 : Epoch: 373, Train_Loss: 0.00028186
2025/09/01 19:50:57 : Epoch: 374, Train_Loss: 0.00031682
2025/09/01 19:50:57 : Epoch: 374, Eval_Loss: 0.00192947
2025/09/01 19:50:57 : Epoch: 375, Train_Loss: 0.00028315
2025/09/01 19:50:57 : Epoch: 376, Train_Loss: 0.00024335
2025/09/01 19:50:57 : Epoch: 377, Train_Loss: 0.00022460
2025/09/01 19:50:57 : Epoch: 378, Train_Loss: 0.00021974
2025/09/01 19:50:57 : Epoch: 379, Train_Loss: 0.00016273
2025/09/01 19:50:57 : Epoch: 379, Eval_Loss: 0.00183807
2025/09/01 19:50:57 : Epoch: 380, Train_Loss: 0.00016327
2025/09/01 19:50:58 : Epoch: 381, Train_Loss: 0.00014521
2025/09/01 19:50:58 : Epoch: 382, Train_Loss: 0.00016754
2025/09/01 19:50:58 : Epoch: 383, Train_Loss: 0.00018020
2025/09/01 19:50:58 : Epoch: 384, Train_Loss: 0.00017078
2025/09/01 19:50:58 : Epoch: 384, Eval_Loss: 0.00184603
2025/09/01 19:50:58 : Epoch: 385, Train_Loss: 0.00015510
2025/09/01 19:50:58 : Epoch: 386, Train_Loss: 0.00014343
2025/09/01 19:50:58 : Epoch: 387, Train_Loss: 0.00013932
2025/09/01 19:50:58 : Epoch: 388, Train_Loss: 0.00015523
2025/09/01 19:50:59 : Epoch: 389, Train_Loss: 0.00016590
2025/09/01 19:50:59 : Epoch: 389, Eval_Loss: 0.00196445
2025/09/01 19:50:59 : Epoch: 390, Train_Loss: 0.00013834
2025/09/01 19:50:59 : Epoch: 391, Train_Loss: 0.00012770
2025/09/01 19:50:59 : Epoch: 392, Train_Loss: 0.00012253
2025/09/01 19:50:59 : Epoch: 393, Train_Loss: 0.00011810
2025/09/01 19:50:59 : Epoch: 394, Train_Loss: 0.00011731
2025/09/01 19:50:59 : Epoch: 394, Eval_Loss: 0.00190501
2025/09/01 19:50:59 : Epoch: 395, Train_Loss: 0.00011843
2025/09/01 19:50:59 : Epoch: 396, Train_Loss: 0.00011275
2025/09/01 19:51:00 : Epoch: 397, Train_Loss: 0.00011136
2025/09/01 19:51:00 : Epoch: 398, Train_Loss: 0.00011396
2025/09/01 19:51:00 : Epoch: 399, Train_Loss: 0.00011376
2025/09/01 19:51:00 : Epoch: 399, Eval_Loss: 0.00191411
2025/09/01 19:51:00 : Epoch: 400, Train_Loss: 0.00011102
2025/09/01 19:51:00 : Epoch: 401, Train_Loss: 0.00012113
2025/09/01 19:51:00 : Epoch: 402, Train_Loss: 0.00012643
2025/09/01 19:51:00 : Epoch: 403, Train_Loss: 0.00012097
2025/09/01 19:51:00 : Epoch: 404, Train_Loss: 0.00011412
2025/09/01 19:51:00 : Epoch: 404, Eval_Loss: 0.00194627
2025/09/01 19:51:01 : Epoch: 405, Train_Loss: 0.00010609
2025/09/01 19:51:01 : Epoch: 406, Train_Loss: 0.00012374
2025/09/01 19:51:01 : Epoch: 407, Train_Loss: 0.00014191
2025/09/01 19:51:01 : Epoch: 408, Train_Loss: 0.00015021
2025/09/01 19:51:01 : Epoch: 409, Train_Loss: 0.00014470
2025/09/01 19:51:01 : Epoch: 409, Eval_Loss: 0.00187501
2025/09/01 19:51:01 : Epoch: 410, Train_Loss: 0.00013499
2025/09/01 19:51:01 : Epoch: 411, Train_Loss: 0.00017296
2025/09/01 19:51:01 : Epoch: 412, Train_Loss: 0.00025073
2025/09/01 19:51:02 : Epoch: 413, Train_Loss: 0.00022835
2025/09/01 19:51:02 : Epoch: 414, Train_Loss: 0.00024317
2025/09/01 19:51:02 : Epoch: 414, Eval_Loss: 0.00186643
2025/09/01 19:51:02 : Epoch: 415, Train_Loss: 0.00017564
2025/09/01 19:51:02 : Epoch: 416, Train_Loss: 0.00016824
2025/09/01 19:51:02 : Epoch: 417, Train_Loss: 0.00015010
2025/09/01 19:51:02 : Epoch: 418, Train_Loss: 0.00014198
2025/09/01 19:51:02 : Epoch: 419, Train_Loss: 0.00015823
2025/09/01 19:51:02 : Epoch: 419, Eval_Loss: 0.00202047
2025/09/01 19:51:02 : Epoch: 420, Train_Loss: 0.00013405
2025/09/01 19:51:03 : Epoch: 421, Train_Loss: 0.00012862
2025/09/01 19:51:03 : Epoch: 422, Train_Loss: 0.00012046
2025/09/01 19:51:03 : Epoch: 423, Train_Loss: 0.00011133
2025/09/01 19:51:03 : Epoch: 424, Train_Loss: 0.00010842
2025/09/01 19:51:03 : Epoch: 424, Eval_Loss: 0.00190204
2025/09/01 19:51:03 : Epoch: 425, Train_Loss: 0.00010517
2025/09/01 19:51:03 : Epoch: 426, Train_Loss: 0.00010014
2025/09/01 19:51:03 : Epoch: 427, Train_Loss: 0.00010175
2025/09/01 19:51:03 : Epoch: 428, Train_Loss: 0.00010241
2025/09/01 19:51:04 : Epoch: 429, Train_Loss: 0.00009872
2025/09/01 19:51:04 : Epoch: 429, Eval_Loss: 0.00187780
2025/09/01 19:51:04 : Epoch: 430, Train_Loss: 0.00010023
2025/09/01 19:51:04 : Epoch: 431, Train_Loss: 0.00010522
2025/09/01 19:51:04 : Epoch: 432, Train_Loss: 0.00009840
2025/09/01 19:51:04 : Epoch: 433, Train_Loss: 0.00011092
2025/09/01 19:51:04 : Epoch: 434, Train_Loss: 0.00013087
2025/09/01 19:51:04 : Epoch: 434, Eval_Loss: 0.00206486
2025/09/01 19:51:04 : Epoch: 435, Train_Loss: 0.00014910
2025/09/01 19:51:04 : Epoch: 436, Train_Loss: 0.00015479
2025/09/01 19:51:05 : Epoch: 437, Train_Loss: 0.00015782
2025/09/01 19:51:05 : Epoch: 438, Train_Loss: 0.00016833
2025/09/01 19:51:05 : Epoch: 439, Train_Loss: 0.00014124
2025/09/01 19:51:05 : Epoch: 439, Eval_Loss: 0.00175010
2025/09/01 19:51:05 : Epoch: 440, Train_Loss: 0.00013097
2025/09/01 19:51:05 : Epoch: 441, Train_Loss: 0.00012745
2025/09/01 19:51:05 : Epoch: 442, Train_Loss: 0.00014502
2025/09/01 19:51:05 : Epoch: 443, Train_Loss: 0.00016414
2025/09/01 19:51:05 : Epoch: 444, Train_Loss: 0.00015329
2025/09/01 19:51:05 : Epoch: 444, Eval_Loss: 0.00204552
2025/09/01 19:51:06 : Epoch: 445, Train_Loss: 0.00019674
2025/09/01 19:51:06 : Epoch: 446, Train_Loss: 0.00022986
2025/09/01 19:51:06 : Epoch: 447, Train_Loss: 0.00018692
2025/09/01 19:51:06 : Epoch: 448, Train_Loss: 0.00015472
2025/09/01 19:51:06 : Epoch: 449, Train_Loss: 0.00016032
2025/09/01 19:51:06 : Epoch: 449, Eval_Loss: 0.00206833
2025/09/01 19:51:06 : Epoch: 450, Train_Loss: 0.00015130
2025/09/01 19:51:06 : Epoch: 451, Train_Loss: 0.00019969
2025/09/01 19:51:06 : Epoch: 452, Train_Loss: 0.00024338
2025/09/01 19:51:07 : Epoch: 453, Train_Loss: 0.00016793
2025/09/01 19:51:07 : Epoch: 454, Train_Loss: 0.00016729
2025/09/01 19:51:07 : Epoch: 454, Eval_Loss: 0.00208822
2025/09/01 19:51:07 : Epoch: 455, Train_Loss: 0.00015666
2025/09/01 19:51:07 : Epoch: 456, Train_Loss: 0.00017387
2025/09/01 19:51:07 : Epoch: 457, Train_Loss: 0.00013069
2025/09/01 19:51:07 : Epoch: 458, Train_Loss: 0.00011499
2025/09/01 19:51:07 : Epoch: 459, Train_Loss: 0.00009549
2025/09/01 19:51:07 : Epoch: 459, Eval_Loss: 0.00201294
2025/09/01 19:51:07 : Epoch: 460, Train_Loss: 0.00010048
2025/09/01 19:51:08 : Epoch: 461, Train_Loss: 0.00009575
2025/09/01 19:51:08 : Epoch: 462, Train_Loss: 0.00009500
2025/09/01 19:51:08 : Epoch: 463, Train_Loss: 0.00009290
2025/09/01 19:51:08 : Epoch: 464, Train_Loss: 0.00009377
2025/09/01 19:51:08 : Epoch: 464, Eval_Loss: 0.00192537
2025/09/01 19:51:08 : Epoch: 465, Train_Loss: 0.00009644
2025/09/01 19:51:08 : Epoch: 466, Train_Loss: 0.00009299
2025/09/01 19:51:08 : Epoch: 467, Train_Loss: 0.00009245
2025/09/01 19:51:08 : Epoch: 468, Train_Loss: 0.00009202
2025/09/01 19:51:09 : Epoch: 469, Train_Loss: 0.00009007
2025/09/01 19:51:09 : Epoch: 469, Eval_Loss: 0.00187252
2025/09/01 19:51:09 : Epoch: 470, Train_Loss: 0.00008923
2025/09/01 19:51:09 : Epoch: 471, Train_Loss: 0.00008962
2025/09/01 19:51:09 : Epoch: 472, Train_Loss: 0.00008644
2025/09/01 19:51:09 : Epoch: 473, Train_Loss: 0.00009339
2025/09/01 19:51:09 : Epoch: 474, Train_Loss: 0.00009573
2025/09/01 19:51:09 : Epoch: 474, Eval_Loss: 0.00202016
2025/09/01 19:51:09 : Epoch: 475, Train_Loss: 0.00009719
2025/09/01 19:51:09 : Epoch: 476, Train_Loss: 0.00010734
2025/09/01 19:51:10 : Epoch: 477, Train_Loss: 0.00014397
2025/09/01 19:51:10 : Epoch: 478, Train_Loss: 0.00024317
2025/09/01 19:51:10 : Epoch: 479, Train_Loss: 0.00018226
2025/09/01 19:51:10 : Epoch: 479, Eval_Loss: 0.00194066
2025/09/01 19:51:10 : Epoch: 480, Train_Loss: 0.00018720
2025/09/01 19:51:10 : Epoch: 481, Train_Loss: 0.00013562
2025/09/01 19:51:10 : Epoch: 482, Train_Loss: 0.00014811
2025/09/01 19:51:10 : Epoch: 483, Train_Loss: 0.00015680
2025/09/01 19:51:10 : Epoch: 484, Train_Loss: 0.00013821
2025/09/01 19:51:10 : Epoch: 484, Eval_Loss: 0.00192297
2025/09/01 19:51:11 : Epoch: 485, Train_Loss: 0.00011744
2025/09/01 19:51:11 : Epoch: 486, Train_Loss: 0.00010905
2025/09/01 19:51:11 : Epoch: 487, Train_Loss: 0.00010655
2025/09/01 19:51:11 : Epoch: 488, Train_Loss: 0.00010672
2025/09/01 19:51:11 : Epoch: 489, Train_Loss: 0.00011350
2025/09/01 19:51:11 : Epoch: 489, Eval_Loss: 0.00187916
2025/09/01 19:51:11 : Epoch: 490, Train_Loss: 0.00011318
2025/09/01 19:51:11 : Epoch: 491, Train_Loss: 0.00010529
2025/09/01 19:51:11 : Epoch: 492, Train_Loss: 0.00010684
2025/09/01 19:51:11 : Epoch: 493, Train_Loss: 0.00009694
2025/09/01 19:51:12 : Epoch: 494, Train_Loss: 0.00009090
2025/09/01 19:51:12 : Epoch: 494, Eval_Loss: 0.00192213
2025/09/01 19:51:12 : Epoch: 495, Train_Loss: 0.00008832
2025/09/01 19:51:12 : Epoch: 496, Train_Loss: 0.00008945
2025/09/01 19:51:12 : Epoch: 497, Train_Loss: 0.00008697
2025/09/01 19:51:12 : Epoch: 498, Train_Loss: 0.00009119
2025/09/01 19:51:12 : Epoch: 499, Train_Loss: 0.00009661
2025/09/01 19:51:12 : Epoch: 499, Eval_Loss: 0.00180658
2025/09/01 19:51:12 : Epoch: 500, Train_Loss: 0.00010673
2025/09/01 19:51:13 : Epoch: 501, Train_Loss: 0.00012534
2025/09/01 19:51:13 : Epoch: 502, Train_Loss: 0.00012608
2025/09/01 19:51:13 : Epoch: 503, Train_Loss: 0.00012459
2025/09/01 19:51:13 : Epoch: 504, Train_Loss: 0.00012489
2025/09/01 19:51:13 : Epoch: 504, Eval_Loss: 0.00203924
2025/09/01 19:51:13 : Epoch: 505, Train_Loss: 0.00010543
2025/09/01 19:51:13 : Epoch: 506, Train_Loss: 0.00011366
2025/09/01 19:51:13 : Epoch: 507, Train_Loss: 0.00012219
2025/09/01 19:51:13 : Epoch: 508, Train_Loss: 0.00014201
2025/09/01 19:51:13 : Epoch: 509, Train_Loss: 0.00011656
2025/09/01 19:51:14 : Epoch: 509, Eval_Loss: 0.00176156
2025/09/01 19:51:14 : Epoch: 510, Train_Loss: 0.00016927
2025/09/01 19:51:14 : Epoch: 511, Train_Loss: 0.00017261
2025/09/01 19:51:14 : Epoch: 512, Train_Loss: 0.00017237
2025/09/01 19:51:14 : Epoch: 513, Train_Loss: 0.00018717
2025/09/01 19:51:14 : Epoch: 514, Train_Loss: 0.00014992
2025/09/01 19:51:14 : Epoch: 514, Eval_Loss: 0.00171118
2025/09/01 19:51:14 : Epoch: 515, Train_Loss: 0.00014135
2025/09/01 19:51:14 : Epoch: 516, Train_Loss: 0.00013158
2025/09/01 19:51:14 : Epoch: 517, Train_Loss: 0.00017887
2025/09/01 19:51:15 : Epoch: 518, Train_Loss: 0.00014027
2025/09/01 19:51:15 : Epoch: 519, Train_Loss: 0.00018376
2025/09/01 19:51:15 : Epoch: 519, Eval_Loss: 0.00190225
2025/09/01 19:51:15 : Epoch: 520, Train_Loss: 0.00012305
2025/09/01 19:51:15 : Epoch: 521, Train_Loss: 0.00012296
2025/09/01 19:51:15 : Epoch: 522, Train_Loss: 0.00009737
2025/09/01 19:51:15 : Epoch: 523, Train_Loss: 0.00009871
2025/09/01 19:51:15 : Epoch: 524, Train_Loss: 0.00009410
2025/09/01 19:51:15 : Epoch: 524, Eval_Loss: 0.00199328
2025/09/01 19:51:15 : Epoch: 525, Train_Loss: 0.00009856
2025/09/01 19:51:16 : Epoch: 526, Train_Loss: 0.00008902
2025/09/01 19:51:16 : Epoch: 527, Train_Loss: 0.00009275
2025/09/01 19:51:16 : Epoch: 528, Train_Loss: 0.00008477
2025/09/01 19:51:16 : Epoch: 529, Train_Loss: 0.00009739
2025/09/01 19:51:16 : Epoch: 529, Eval_Loss: 0.00178690
2025/09/01 19:51:16 : Epoch: 530, Train_Loss: 0.00008970
2025/09/01 19:51:16 : Epoch: 531, Train_Loss: 0.00009419
2025/09/01 19:51:16 : Epoch: 532, Train_Loss: 0.00008355
2025/09/01 19:51:16 : Epoch: 533, Train_Loss: 0.00008668
2025/09/01 19:51:17 : Epoch: 534, Train_Loss: 0.00009320
2025/09/01 19:51:17 : Epoch: 534, Eval_Loss: 0.00192465
2025/09/01 19:51:17 : Epoch: 535, Train_Loss: 0.00009101
2025/09/01 19:51:17 : Epoch: 536, Train_Loss: 0.00008729
2025/09/01 19:51:17 : Epoch: 537, Train_Loss: 0.00009090
2025/09/01 19:51:17 : Epoch: 538, Train_Loss: 0.00008976
2025/09/01 19:51:17 : Epoch: 539, Train_Loss: 0.00008278
2025/09/01 19:51:17 : Epoch: 539, Eval_Loss: 0.00182542
2025/09/01 19:51:17 : Epoch: 540, Train_Loss: 0.00009132
2025/09/01 19:51:17 : Epoch: 541, Train_Loss: 0.00008961
2025/09/01 19:51:18 : Epoch: 542, Train_Loss: 0.00015372
2025/09/01 19:51:18 : Epoch: 543, Train_Loss: 0.00015850
2025/09/01 19:51:18 : Epoch: 544, Train_Loss: 0.00016353
2025/09/01 19:51:18 : Epoch: 544, Eval_Loss: 0.00195627
2025/09/01 19:51:18 : Epoch: 545, Train_Loss: 0.00013520
2025/09/01 19:51:18 : Epoch: 546, Train_Loss: 0.00012382
2025/09/01 19:51:18 : Epoch: 547, Train_Loss: 0.00010051
2025/09/01 19:51:18 : Epoch: 548, Train_Loss: 0.00010823
2025/09/01 19:51:18 : Epoch: 549, Train_Loss: 0.00010142
2025/09/01 19:51:18 : Epoch: 549, Eval_Loss: 0.00192869
2025/09/01 19:51:19 : Epoch: 550, Train_Loss: 0.00008217
2025/09/01 19:51:19 : Epoch: 551, Train_Loss: 0.00008761
2025/09/01 19:51:19 : Epoch: 552, Train_Loss: 0.00008382
2025/09/01 19:51:19 : Epoch: 553, Train_Loss: 0.00009064
2025/09/01 19:51:19 : Epoch: 554, Train_Loss: 0.00009020
2025/09/01 19:51:19 : Epoch: 554, Eval_Loss: 0.00185365
2025/09/01 19:51:19 : Epoch: 555, Train_Loss: 0.00009293
2025/09/01 19:51:19 : Epoch: 556, Train_Loss: 0.00008362
2025/09/01 19:51:19 : Epoch: 557, Train_Loss: 0.00007476
2025/09/01 19:51:20 : Epoch: 558, Train_Loss: 0.00007717
2025/09/01 19:51:20 : Epoch: 559, Train_Loss: 0.00007222
2025/09/01 19:51:20 : Epoch: 559, Eval_Loss: 0.00203184
2025/09/01 19:51:20 : Epoch: 560, Train_Loss: 0.00007583
2025/09/01 19:51:20 : Epoch: 561, Train_Loss: 0.00008127
2025/09/01 19:51:20 : Epoch: 562, Train_Loss: 0.00007277
2025/09/01 19:51:20 : Epoch: 563, Train_Loss: 0.00008502
2025/09/01 19:51:20 : Epoch: 564, Train_Loss: 0.00008610
2025/09/01 19:51:20 : Epoch: 564, Eval_Loss: 0.00188272
2025/09/01 19:51:20 : Epoch: 565, Train_Loss: 0.00007366
2025/09/01 19:51:21 : Epoch: 566, Train_Loss: 0.00007284
2025/09/01 19:51:21 : Epoch: 567, Train_Loss: 0.00007611
2025/09/01 19:51:21 : Epoch: 568, Train_Loss: 0.00007788
2025/09/01 19:51:21 : Epoch: 569, Train_Loss: 0.00007798
2025/09/01 19:51:21 : Epoch: 569, Eval_Loss: 0.00194639
2025/09/01 19:51:21 : Epoch: 570, Train_Loss: 0.00008369
2025/09/01 19:51:21 : Epoch: 571, Train_Loss: 0.00007810
2025/09/01 19:51:21 : Epoch: 572, Train_Loss: 0.00007395
2025/09/01 19:51:21 : Epoch: 573, Train_Loss: 0.00007992
2025/09/01 19:51:22 : Epoch: 574, Train_Loss: 0.00006795
2025/09/01 19:51:22 : Epoch: 574, Eval_Loss: 0.00191444
2025/09/01 19:51:22 : Epoch: 575, Train_Loss: 0.00006734
2025/09/01 19:51:22 : Epoch: 576, Train_Loss: 0.00007015
2025/09/01 19:51:22 : Epoch: 577, Train_Loss: 0.00006781
2025/09/01 19:51:22 : Epoch: 578, Train_Loss: 0.00006801
2025/09/01 19:51:22 : Epoch: 579, Train_Loss: 0.00006547
2025/09/01 19:51:22 : Epoch: 579, Eval_Loss: 0.00186976
2025/09/01 19:51:22 : Epoch: 580, Train_Loss: 0.00006477
2025/09/01 19:51:22 : Epoch: 581, Train_Loss: 0.00006390
2025/09/01 19:51:23 : Epoch: 582, Train_Loss: 0.00006130
2025/09/01 19:51:23 : Epoch: 583, Train_Loss: 0.00006472
2025/09/01 19:51:23 : Epoch: 584, Train_Loss: 0.00006799
2025/09/01 19:51:23 : Epoch: 584, Eval_Loss: 0.00182810
2025/09/01 19:51:23 : Epoch: 585, Train_Loss: 0.00007742
2025/09/01 19:51:23 : Epoch: 586, Train_Loss: 0.00007500
2025/09/01 19:51:23 : Epoch: 587, Train_Loss: 0.00009666
2025/09/01 19:51:23 : Epoch: 588, Train_Loss: 0.00010011
2025/09/01 19:51:23 : Epoch: 589, Train_Loss: 0.00009433
2025/09/01 19:51:23 : Epoch: 589, Eval_Loss: 0.00189299
2025/09/01 19:51:24 : Epoch: 590, Train_Loss: 0.00008087
2025/09/01 19:51:24 : Epoch: 591, Train_Loss: 0.00008143
2025/09/01 19:51:24 : Epoch: 592, Train_Loss: 0.00007837
2025/09/01 19:51:24 : Epoch: 593, Train_Loss: 0.00009752
2025/09/01 19:51:24 : Epoch: 594, Train_Loss: 0.00008625
2025/09/01 19:51:24 : Epoch: 594, Eval_Loss: 0.00193307
2025/09/01 19:51:24 : Epoch: 595, Train_Loss: 0.00008503
2025/09/01 19:51:24 : Epoch: 596, Train_Loss: 0.00007211
2025/09/01 19:51:24 : Epoch: 597, Train_Loss: 0.00006838
2025/09/01 19:51:25 : Epoch: 598, Train_Loss: 0.00006556
2025/09/01 19:51:25 : Epoch: 599, Train_Loss: 0.00006757
2025/09/01 19:51:25 : Epoch: 599, Eval_Loss: 0.00192952
2025/09/01 19:51:25 : Epoch: 600, Train_Loss: 0.00007000
2025/09/01 19:51:25 : Epoch: 601, Train_Loss: 0.00006374
2025/09/01 19:51:25 : Epoch: 602, Train_Loss: 0.00006878
2025/09/01 19:51:25 : Epoch: 603, Train_Loss: 0.00007187
2025/09/01 19:51:25 : Epoch: 604, Train_Loss: 0.00006553
2025/09/01 19:51:25 : Epoch: 604, Eval_Loss: 0.00195626
2025/09/01 19:51:25 : Epoch: 605, Train_Loss: 0.00006887
2025/09/01 19:51:26 : Epoch: 606, Train_Loss: 0.00007405
2025/09/01 19:51:26 : Epoch: 607, Train_Loss: 0.00007082
2025/09/01 19:51:26 : Epoch: 608, Train_Loss: 0.00007193
2025/09/01 19:51:26 : Epoch: 609, Train_Loss: 0.00006788
2025/09/01 19:51:26 : Epoch: 609, Eval_Loss: 0.00185944
2025/09/01 19:51:26 : Epoch: 610, Train_Loss: 0.00006703
2025/09/01 19:51:26 : Epoch: 611, Train_Loss: 0.00006648
2025/09/01 19:51:26 : Epoch: 612, Train_Loss: 0.00006238
2025/09/01 19:51:26 : Epoch: 613, Train_Loss: 0.00006224
2025/09/01 19:51:27 : Epoch: 614, Train_Loss: 0.00005978
2025/09/01 19:51:27 : Epoch: 614, Eval_Loss: 0.00194722
2025/09/01 19:51:27 : Epoch: 615, Train_Loss: 0.00006424
2025/09/01 19:51:27 : Epoch: 616, Train_Loss: 0.00006241
2025/09/01 19:51:27 : Epoch: 617, Train_Loss: 0.00006059
2025/09/01 19:51:27 : Epoch: 618, Train_Loss: 0.00005984
2025/09/01 19:51:27 : Epoch: 619, Train_Loss: 0.00006450
2025/09/01 19:51:27 : Epoch: 619, Eval_Loss: 0.00184390
2025/09/01 19:51:27 : Epoch: 620, Train_Loss: 0.00006098
2025/09/01 19:51:27 : Epoch: 621, Train_Loss: 0.00006122
2025/09/01 19:51:28 : Epoch: 622, Train_Loss: 0.00006707
2025/09/01 19:51:28 : Epoch: 623, Train_Loss: 0.00006687
2025/09/01 19:51:28 : Epoch: 624, Train_Loss: 0.00006356
2025/09/01 19:51:28 : Epoch: 624, Eval_Loss: 0.00194880
2025/09/01 19:51:28 : Epoch: 625, Train_Loss: 0.00007903
2025/09/01 19:51:28 : Epoch: 626, Train_Loss: 0.00009105
2025/09/01 19:51:28 : Epoch: 627, Train_Loss: 0.00007844
2025/09/01 19:51:28 : Epoch: 628, Train_Loss: 0.00008994
2025/09/01 19:51:28 : Epoch: 629, Train_Loss: 0.00010228
2025/09/01 19:51:28 : Epoch: 629, Eval_Loss: 0.00187294
2025/09/01 19:51:29 : Epoch: 630, Train_Loss: 0.00013325
2025/09/01 19:51:29 : Epoch: 631, Train_Loss: 0.00013069
2025/09/01 19:51:29 : Epoch: 632, Train_Loss: 0.00010053
2025/09/01 19:51:29 : Epoch: 633, Train_Loss: 0.00011141
2025/09/01 19:51:29 : Epoch: 634, Train_Loss: 0.00011101
2025/09/01 19:51:29 : Epoch: 634, Eval_Loss: 0.00191329
2025/09/01 19:51:29 : Epoch: 635, Train_Loss: 0.00016355
2025/09/01 19:51:29 : Epoch: 636, Train_Loss: 0.00021288
2025/09/01 19:51:29 : Epoch: 637, Train_Loss: 0.00019075
2025/09/01 19:51:30 : Epoch: 638, Train_Loss: 0.00014090
2025/09/01 19:51:30 : Epoch: 639, Train_Loss: 0.00017583
2025/09/01 19:51:30 : Epoch: 639, Eval_Loss: 0.00197599
2025/09/01 19:51:30 : Epoch: 640, Train_Loss: 0.00011395
2025/09/01 19:51:30 : Epoch: 641, Train_Loss: 0.00010041
2025/09/01 19:51:30 : Epoch: 642, Train_Loss: 0.00010011
2025/09/01 19:51:30 : Epoch: 643, Train_Loss: 0.00010360
2025/09/01 19:51:30 : Epoch: 644, Train_Loss: 0.00010803
2025/09/01 19:51:30 : Epoch: 644, Eval_Loss: 0.00195024
2025/09/01 19:51:30 : Epoch: 645, Train_Loss: 0.00010054
2025/09/01 19:51:31 : Epoch: 646, Train_Loss: 0.00009215
2025/09/01 19:51:31 : Epoch: 647, Train_Loss: 0.00007425
2025/09/01 19:51:31 : Epoch: 648, Train_Loss: 0.00007265
2025/09/01 19:51:31 : Epoch: 649, Train_Loss: 0.00007681
2025/09/01 19:51:31 : Epoch: 649, Eval_Loss: 0.00199874
2025/09/01 19:51:31 : Epoch: 650, Train_Loss: 0.00008110
2025/09/01 19:51:31 : Epoch: 651, Train_Loss: 0.00008772
2025/09/01 19:51:31 : Epoch: 652, Train_Loss: 0.00010183
2025/09/01 19:51:31 : Epoch: 653, Train_Loss: 0.00008835
2025/09/01 19:51:31 : Epoch: 654, Train_Loss: 0.00007312
2025/09/01 19:51:32 : Epoch: 654, Eval_Loss: 0.00194917
2025/09/01 19:51:32 : Epoch: 655, Train_Loss: 0.00006544
2025/09/01 19:51:32 : Epoch: 656, Train_Loss: 0.00006415
2025/09/01 19:51:32 : Epoch: 657, Train_Loss: 0.00006585
2025/09/01 19:51:32 : Epoch: 658, Train_Loss: 0.00006218
2025/09/01 19:51:32 : Epoch: 659, Train_Loss: 0.00006166
2025/09/01 19:51:32 : Epoch: 659, Eval_Loss: 0.00195290
2025/09/01 19:51:32 : Epoch: 660, Train_Loss: 0.00005742
2025/09/01 19:51:32 : Epoch: 661, Train_Loss: 0.00005871
2025/09/01 19:51:33 : Epoch: 662, Train_Loss: 0.00005675
2025/09/01 19:51:33 : Epoch: 663, Train_Loss: 0.00005763
2025/09/01 19:51:33 : Epoch: 664, Train_Loss: 0.00005842
2025/09/01 19:51:33 : Epoch: 664, Eval_Loss: 0.00197067
2025/09/01 19:51:33 : Epoch: 665, Train_Loss: 0.00005690
2025/09/01 19:51:33 : Epoch: 666, Train_Loss: 0.00005744
2025/09/01 19:51:33 : Epoch: 667, Train_Loss: 0.00005744
2025/09/01 19:51:33 : Epoch: 668, Train_Loss: 0.00005771
2025/09/01 19:51:33 : Epoch: 669, Train_Loss: 0.00006491
2025/09/01 19:51:33 : Epoch: 669, Eval_Loss: 0.00191021
2025/09/01 19:51:34 : Epoch: 670, Train_Loss: 0.00006280
2025/09/01 19:51:34 : Epoch: 671, Train_Loss: 0.00006395
2025/09/01 19:51:34 : Epoch: 672, Train_Loss: 0.00005981
2025/09/01 19:51:34 : Epoch: 673, Train_Loss: 0.00005851
2025/09/01 19:51:34 : Epoch: 674, Train_Loss: 0.00006373
2025/09/01 19:51:34 : Epoch: 674, Eval_Loss: 0.00195495
2025/09/01 19:51:34 : Epoch: 675, Train_Loss: 0.00007052
2025/09/01 19:51:34 : Epoch: 676, Train_Loss: 0.00007177
2025/09/01 19:51:34 : Epoch: 677, Train_Loss: 0.00006508
2025/09/01 19:51:34 : Epoch: 678, Train_Loss: 0.00006627
2025/09/01 19:51:35 : Epoch: 679, Train_Loss: 0.00006565
2025/09/01 19:51:35 : Epoch: 679, Eval_Loss: 0.00191197
2025/09/01 19:51:35 : Epoch: 680, Train_Loss: 0.00006635
2025/09/01 19:51:35 : Epoch: 681, Train_Loss: 0.00006557
2025/09/01 19:51:35 : Epoch: 682, Train_Loss: 0.00006421
2025/09/01 19:51:35 : Epoch: 683, Train_Loss: 0.00007520
2025/09/01 19:51:35 : Epoch: 684, Train_Loss: 0.00008484
2025/09/01 19:51:35 : Epoch: 684, Eval_Loss: 0.00198203
2025/09/01 19:51:35 : Epoch: 685, Train_Loss: 0.00007992
2025/09/01 19:51:35 : Epoch: 686, Train_Loss: 0.00006878
2025/09/01 19:51:36 : Epoch: 687, Train_Loss: 0.00006580
2025/09/01 19:51:36 : Epoch: 688, Train_Loss: 0.00007433
2025/09/01 19:51:36 : Epoch: 689, Train_Loss: 0.00006700
2025/09/01 19:51:36 : Epoch: 689, Eval_Loss: 0.00185433
2025/09/01 19:51:36 : Epoch: 690, Train_Loss: 0.00006812
2025/09/01 19:51:36 : Epoch: 691, Train_Loss: 0.00006654
2025/09/01 19:51:36 : Epoch: 692, Train_Loss: 0.00006853
2025/09/01 19:51:36 : Epoch: 693, Train_Loss: 0.00007582
2025/09/01 19:51:36 : Epoch: 694, Train_Loss: 0.00009306
2025/09/01 19:51:36 : Epoch: 694, Eval_Loss: 0.00188378
2025/09/01 19:51:37 : Epoch: 695, Train_Loss: 0.00010161
2025/09/01 19:51:37 : Epoch: 696, Train_Loss: 0.00009516
2025/09/01 19:51:37 : Epoch: 697, Train_Loss: 0.00007588
2025/09/01 19:51:37 : Epoch: 698, Train_Loss: 0.00007367
2025/09/01 19:51:37 : Epoch: 699, Train_Loss: 0.00007128
2025/09/01 19:51:37 : Epoch: 699, Eval_Loss: 0.00185964
2025/09/01 19:51:37 : Epoch: 700, Train_Loss: 0.00006468
2025/09/01 19:51:37 : Epoch: 701, Train_Loss: 0.00006653
2025/09/01 19:51:37 : Epoch: 702, Train_Loss: 0.00006998
2025/09/01 19:51:38 : Epoch: 703, Train_Loss: 0.00006923
2025/09/01 19:51:38 : Epoch: 704, Train_Loss: 0.00007121
2025/09/01 19:51:38 : Epoch: 704, Eval_Loss: 0.00198796
2025/09/01 19:51:38 : Epoch: 705, Train_Loss: 0.00007568
2025/09/01 19:51:38 : Epoch: 706, Train_Loss: 0.00008231
2025/09/01 19:51:38 : Epoch: 707, Train_Loss: 0.00010603
2025/09/01 19:51:38 : Epoch: 708, Train_Loss: 0.00010193
2025/09/01 19:51:38 : Epoch: 709, Train_Loss: 0.00006750
2025/09/01 19:51:38 : Epoch: 709, Eval_Loss: 0.00190388
2025/09/01 19:51:38 : Epoch: 710, Train_Loss: 0.00008954
2025/09/01 19:51:39 : Epoch: 711, Train_Loss: 0.00007366
2025/09/01 19:51:39 : Epoch: 712, Train_Loss: 0.00007362
2025/09/01 19:51:39 : Epoch: 713, Train_Loss: 0.00007249
2025/09/01 19:51:39 : Epoch: 714, Train_Loss: 0.00006352
2025/09/01 19:51:39 : Epoch: 714, Eval_Loss: 0.00190803
2025/09/01 19:51:39 : Epoch: 715, Train_Loss: 0.00006331
2025/09/01 19:51:39 : Epoch: 716, Train_Loss: 0.00005851
2025/09/01 19:51:39 : Epoch: 717, Train_Loss: 0.00006326
2025/09/01 19:51:39 : Epoch: 718, Train_Loss: 0.00006165
2025/09/01 19:51:40 : Epoch: 719, Train_Loss: 0.00005858
2025/09/01 19:51:40 : Epoch: 719, Eval_Loss: 0.00201163
2025/09/01 19:51:40 : Epoch: 720, Train_Loss: 0.00006702
2025/09/01 19:51:40 : Epoch: 721, Train_Loss: 0.00006933
2025/09/01 19:51:40 : Epoch: 722, Train_Loss: 0.00006319
2025/09/01 19:51:40 : Epoch: 723, Train_Loss: 0.00006991
2025/09/01 19:51:40 : Epoch: 724, Train_Loss: 0.00007291
2025/09/01 19:51:40 : Epoch: 724, Eval_Loss: 0.00190959
2025/09/01 19:51:40 : Epoch: 725, Train_Loss: 0.00007070
2025/09/01 19:51:40 : Epoch: 726, Train_Loss: 0.00006450
2025/09/01 19:51:41 : Epoch: 727, Train_Loss: 0.00006001
2025/09/01 19:51:41 : Epoch: 728, Train_Loss: 0.00005787
2025/09/01 19:51:41 : Epoch: 729, Train_Loss: 0.00006018
2025/09/01 19:51:41 : Epoch: 729, Eval_Loss: 0.00195676
2025/09/01 19:51:41 : Epoch: 730, Train_Loss: 0.00005686
2025/09/01 19:51:41 : Epoch: 731, Train_Loss: 0.00005374
2025/09/01 19:51:41 : Epoch: 732, Train_Loss: 0.00005774
2025/09/01 19:51:41 : Epoch: 733, Train_Loss: 0.00006218
2025/09/01 19:51:41 : Epoch: 734, Train_Loss: 0.00005999
2025/09/01 19:51:41 : Epoch: 734, Eval_Loss: 0.00194645
2025/09/01 19:51:42 : Epoch: 735, Train_Loss: 0.00006216
2025/09/01 19:51:42 : Epoch: 736, Train_Loss: 0.00006739
2025/09/01 19:51:42 : Epoch: 737, Train_Loss: 0.00006553
2025/09/01 19:51:42 : Epoch: 738, Train_Loss: 0.00006173
2025/09/01 19:51:42 : Epoch: 739, Train_Loss: 0.00005879
2025/09/01 19:51:42 : Epoch: 739, Eval_Loss: 0.00186581
2025/09/01 19:51:42 : Epoch: 740, Train_Loss: 0.00005592
2025/09/01 19:51:42 : Epoch: 741, Train_Loss: 0.00005626
2025/09/01 19:51:42 : Epoch: 742, Train_Loss: 0.00006147
2025/09/01 19:51:43 : Epoch: 743, Train_Loss: 0.00006570
2025/09/01 19:51:43 : Epoch: 744, Train_Loss: 0.00006125
2025/09/01 19:51:43 : Epoch: 744, Eval_Loss: 0.00195429
2025/09/01 19:51:43 : Epoch: 745, Train_Loss: 0.00005852
2025/09/01 19:51:43 : Epoch: 746, Train_Loss: 0.00005534
2025/09/01 19:51:43 : Epoch: 747, Train_Loss: 0.00005706
2025/09/01 19:51:43 : Epoch: 748, Train_Loss: 0.00006187
2025/09/01 19:51:43 : Epoch: 749, Train_Loss: 0.00006133
2025/09/01 19:51:43 : Epoch: 749, Eval_Loss: 0.00201654
2025/09/01 19:51:43 : Epoch: 750, Train_Loss: 0.00006303
2025/09/01 19:51:44 : Epoch: 751, Train_Loss: 0.00007405
2025/09/01 19:51:44 : Epoch: 752, Train_Loss: 0.00006993
2025/09/01 19:51:44 : Epoch: 753, Train_Loss: 0.00008120
2025/09/01 19:51:44 : Epoch: 754, Train_Loss: 0.00007085
2025/09/01 19:51:44 : Epoch: 754, Eval_Loss: 0.00184722
2025/09/01 19:51:44 : Epoch: 755, Train_Loss: 0.00007500
2025/09/01 19:51:44 : Epoch: 756, Train_Loss: 0.00006964
2025/09/01 19:51:44 : Epoch: 757, Train_Loss: 0.00008148
2025/09/01 19:51:44 : Epoch: 758, Train_Loss: 0.00007796
2025/09/01 19:51:44 : Epoch: 759, Train_Loss: 0.00007784
2025/09/01 19:51:45 : Epoch: 759, Eval_Loss: 0.00186776
2025/09/01 19:51:45 : Epoch: 760, Train_Loss: 0.00006181
2025/09/01 19:51:45 : Epoch: 761, Train_Loss: 0.00006220
2025/09/01 19:51:45 : Epoch: 762, Train_Loss: 0.00006561
2025/09/01 19:51:45 : Epoch: 763, Train_Loss: 0.00005624
2025/09/01 19:51:45 : Epoch: 764, Train_Loss: 0.00005685
2025/09/01 19:51:45 : Epoch: 764, Eval_Loss: 0.00195418
2025/09/01 19:51:45 : Epoch: 765, Train_Loss: 0.00005861
2025/09/01 19:51:45 : Epoch: 766, Train_Loss: 0.00005735
2025/09/01 19:51:46 : Epoch: 767, Train_Loss: 0.00005589
2025/09/01 19:51:46 : Epoch: 768, Train_Loss: 0.00005368
2025/09/01 19:51:46 : Epoch: 769, Train_Loss: 0.00005866
2025/09/01 19:51:46 : Epoch: 769, Eval_Loss: 0.00189368
2025/09/01 19:51:46 : Epoch: 770, Train_Loss: 0.00006345
2025/09/01 19:51:46 : Epoch: 771, Train_Loss: 0.00006206
2025/09/01 19:51:46 : Epoch: 772, Train_Loss: 0.00006011
2025/09/01 19:51:46 : Epoch: 773, Train_Loss: 0.00005932
2025/09/01 19:51:46 : Epoch: 774, Train_Loss: 0.00006111
2025/09/01 19:51:46 : Epoch: 774, Eval_Loss: 0.00193542
2025/09/01 19:51:47 : Epoch: 775, Train_Loss: 0.00006826
2025/09/01 19:51:47 : Epoch: 776, Train_Loss: 0.00006971
2025/09/01 19:51:47 : Epoch: 777, Train_Loss: 0.00007245
2025/09/01 19:51:47 : Epoch: 778, Train_Loss: 0.00005821
2025/09/01 19:51:47 : Epoch: 779, Train_Loss: 0.00007625
2025/09/01 19:51:47 : Epoch: 779, Eval_Loss: 0.00201306
2025/09/01 19:51:47 : Epoch: 780, Train_Loss: 0.00007406
2025/09/01 19:51:47 : Epoch: 781, Train_Loss: 0.00006012
2025/09/01 19:51:47 : Epoch: 782, Train_Loss: 0.00006769
2025/09/01 19:51:47 : Epoch: 783, Train_Loss: 0.00007049
2025/09/01 19:51:48 : Epoch: 784, Train_Loss: 0.00009347
2025/09/01 19:51:48 : Epoch: 784, Eval_Loss: 0.00185671
2025/09/01 19:51:48 : Epoch: 785, Train_Loss: 0.00008386
2025/09/01 19:51:48 : Epoch: 786, Train_Loss: 0.00006262
2025/09/01 19:51:48 : Epoch: 787, Train_Loss: 0.00006961
2025/09/01 19:51:48 : Epoch: 788, Train_Loss: 0.00006538
2025/09/01 19:51:48 : Epoch: 789, Train_Loss: 0.00008016
2025/09/01 19:51:48 : Epoch: 789, Eval_Loss: 0.00190439
2025/09/01 19:51:48 : Epoch: 790, Train_Loss: 0.00006355
2025/09/01 19:51:48 : Epoch: 791, Train_Loss: 0.00005249
2025/09/01 19:51:49 : Epoch: 792, Train_Loss: 0.00006311
2025/09/01 19:51:49 : Epoch: 793, Train_Loss: 0.00007261
2025/09/01 19:51:49 : Epoch: 794, Train_Loss: 0.00005767
2025/09/01 19:51:49 : Epoch: 794, Eval_Loss: 0.00191531
2025/09/01 19:51:49 : Epoch: 795, Train_Loss: 0.00005708
2025/09/01 19:51:49 : Epoch: 796, Train_Loss: 0.00005133
2025/09/01 19:51:49 : Epoch: 797, Train_Loss: 0.00005213
2025/09/01 19:51:49 : Epoch: 798, Train_Loss: 0.00005056
2025/09/01 19:51:49 : Epoch: 799, Train_Loss: 0.00004899
2025/09/01 19:51:49 : Epoch: 799, Eval_Loss: 0.00190405
2025/09/01 19:51:50 : Epoch: 800, Train_Loss: 0.00004904
2025/09/01 19:51:50 : Epoch: 801, Train_Loss: 0.00005002
2025/09/01 19:51:50 : Epoch: 802, Train_Loss: 0.00004763
2025/09/01 19:51:50 : Epoch: 803, Train_Loss: 0.00004758
2025/09/01 19:51:50 : Epoch: 804, Train_Loss: 0.00004807
2025/09/01 19:51:50 : Epoch: 804, Eval_Loss: 0.00189205
2025/09/01 19:51:50 : Epoch: 805, Train_Loss: 0.00004591
2025/09/01 19:51:50 : Epoch: 806, Train_Loss: 0.00004903
2025/09/01 19:51:50 : Epoch: 807, Train_Loss: 0.00004606
2025/09/01 19:51:51 : Epoch: 808, Train_Loss: 0.00004874
2025/09/01 19:51:51 : Epoch: 809, Train_Loss: 0.00004656
2025/09/01 19:51:51 : Epoch: 809, Eval_Loss: 0.00190644
2025/09/01 19:51:51 : Epoch: 810, Train_Loss: 0.00004639
2025/09/01 19:51:51 : Epoch: 811, Train_Loss: 0.00004598
2025/09/01 19:51:51 : Epoch: 812, Train_Loss: 0.00004479
2025/09/01 19:51:51 : Epoch: 813, Train_Loss: 0.00004571
2025/09/01 19:51:51 : Epoch: 814, Train_Loss: 0.00004644
2025/09/01 19:51:51 : Epoch: 814, Eval_Loss: 0.00188570
2025/09/01 19:51:51 : Epoch: 815, Train_Loss: 0.00004599
2025/09/01 19:51:52 : Epoch: 816, Train_Loss: 0.00004608
2025/09/01 19:51:52 : Epoch: 817, Train_Loss: 0.00004603
2025/09/01 19:51:52 : Epoch: 818, Train_Loss: 0.00004682
2025/09/01 19:51:52 : Epoch: 819, Train_Loss: 0.00004621
2025/09/01 19:51:52 : Epoch: 819, Eval_Loss: 0.00190475
2025/09/01 19:51:52 : Epoch: 820, Train_Loss: 0.00004636
2025/09/01 19:51:52 : Epoch: 821, Train_Loss: 0.00004504
2025/09/01 19:51:52 : Epoch: 822, Train_Loss: 0.00004509
2025/09/01 19:51:52 : Epoch: 823, Train_Loss: 0.00004291
2025/09/01 19:51:53 : Epoch: 824, Train_Loss: 0.00004811
2025/09/01 19:51:53 : Epoch: 824, Eval_Loss: 0.00190590
2025/09/01 19:51:53 : Epoch: 825, Train_Loss: 0.00004555
2025/09/01 19:51:53 : Epoch: 826, Train_Loss: 0.00004541
2025/09/01 19:51:53 : Epoch: 827, Train_Loss: 0.00004517
2025/09/01 19:51:53 : Epoch: 828, Train_Loss: 0.00005010
2025/09/01 19:51:53 : Epoch: 829, Train_Loss: 0.00005582
2025/09/01 19:51:53 : Epoch: 829, Eval_Loss: 0.00187550
2025/09/01 19:51:53 : Epoch: 830, Train_Loss: 0.00005832
2025/09/01 19:51:53 : Epoch: 831, Train_Loss: 0.00005245
2025/09/01 19:51:54 : Epoch: 832, Train_Loss: 0.00004917
2025/09/01 19:51:54 : Epoch: 833, Train_Loss: 0.00005263
2025/09/01 19:51:54 : Epoch: 834, Train_Loss: 0.00004590
2025/09/01 19:51:54 : Epoch: 834, Eval_Loss: 0.00188389
2025/09/01 19:51:54 : Epoch: 835, Train_Loss: 0.00004866
2025/09/01 19:51:54 : Epoch: 836, Train_Loss: 0.00004409
2025/09/01 19:51:54 : Epoch: 837, Train_Loss: 0.00004663
2025/09/01 19:51:54 : Epoch: 838, Train_Loss: 0.00004466
2025/09/01 19:51:54 : Epoch: 839, Train_Loss: 0.00004431
2025/09/01 19:51:54 : Epoch: 839, Eval_Loss: 0.00189152
2025/09/01 19:51:55 : Epoch: 840, Train_Loss: 0.00004303
2025/09/01 19:51:55 : Epoch: 841, Train_Loss: 0.00004370
2025/09/01 19:51:55 : Epoch: 842, Train_Loss: 0.00004253
2025/09/01 19:51:55 : Epoch: 843, Train_Loss: 0.00004222
2025/09/01 19:51:55 : Epoch: 844, Train_Loss: 0.00004374
2025/09/01 19:51:55 : Epoch: 844, Eval_Loss: 0.00192489
2025/09/01 19:51:55 : Epoch: 845, Train_Loss: 0.00004286
2025/09/01 19:51:55 : Epoch: 846, Train_Loss: 0.00004428
2025/09/01 19:51:55 : Epoch: 847, Train_Loss: 0.00004354
2025/09/01 19:51:56 : Epoch: 848, Train_Loss: 0.00004300
2025/09/01 19:51:56 : Epoch: 849, Train_Loss: 0.00004306
2025/09/01 19:51:56 : Epoch: 849, Eval_Loss: 0.00190880
2025/09/01 19:51:56 : Epoch: 850, Train_Loss: 0.00004418
2025/09/01 19:51:56 : Epoch: 851, Train_Loss: 0.00004353
2025/09/01 19:51:56 : Epoch: 852, Train_Loss: 0.00004691
2025/09/01 19:51:56 : Epoch: 853, Train_Loss: 0.00004422
2025/09/01 19:51:56 : Epoch: 854, Train_Loss: 0.00004711
2025/09/01 19:51:56 : Epoch: 854, Eval_Loss: 0.00187595
2025/09/01 19:51:56 : Epoch: 855, Train_Loss: 0.00004803
2025/09/01 19:51:57 : Epoch: 856, Train_Loss: 0.00005071
2025/09/01 19:51:57 : Epoch: 857, Train_Loss: 0.00005423
2025/09/01 19:51:57 : Epoch: 858, Train_Loss: 0.00005473
2025/09/01 19:51:57 : Epoch: 859, Train_Loss: 0.00006326
2025/09/01 19:51:57 : Epoch: 859, Eval_Loss: 0.00193762
2025/09/01 19:51:57 : Epoch: 860, Train_Loss: 0.00006451
2025/09/01 19:51:57 : Epoch: 861, Train_Loss: 0.00006856
2025/09/01 19:51:57 : Epoch: 862, Train_Loss: 0.00006429
2025/09/01 19:51:57 : Epoch: 863, Train_Loss: 0.00006026
2025/09/01 19:51:58 : Epoch: 864, Train_Loss: 0.00005360
2025/09/01 19:51:58 : Epoch: 864, Eval_Loss: 0.00193244
2025/09/01 19:51:58 : Epoch: 865, Train_Loss: 0.00004799
2025/09/01 19:51:58 : Epoch: 866, Train_Loss: 0.00004650
2025/09/01 19:51:58 : Epoch: 867, Train_Loss: 0.00004600
2025/09/01 19:51:58 : Epoch: 868, Train_Loss: 0.00004428
2025/09/01 19:51:58 : Epoch: 869, Train_Loss: 0.00004622
2025/09/01 19:51:58 : Epoch: 869, Eval_Loss: 0.00187847
2025/09/01 19:51:58 : Epoch: 870, Train_Loss: 0.00004548
2025/09/01 19:51:58 : Epoch: 871, Train_Loss: 0.00004381
2025/09/01 19:51:59 : Epoch: 872, Train_Loss: 0.00004591
2025/09/01 19:51:59 : Epoch: 873, Train_Loss: 0.00004547
2025/09/01 19:51:59 : Epoch: 874, Train_Loss: 0.00004608
2025/09/01 19:51:59 : Epoch: 874, Eval_Loss: 0.00191528
2025/09/01 19:51:59 : Epoch: 875, Train_Loss: 0.00004737
2025/09/01 19:51:59 : Epoch: 876, Train_Loss: 0.00005250
2025/09/01 19:51:59 : Epoch: 877, Train_Loss: 0.00005101
2025/09/01 19:51:59 : Epoch: 878, Train_Loss: 0.00006207
2025/09/01 19:51:59 : Epoch: 879, Train_Loss: 0.00006144
2025/09/01 19:51:59 : Epoch: 879, Eval_Loss: 0.00194330
2025/09/01 19:52:00 : Epoch: 880, Train_Loss: 0.00006093
2025/09/01 19:52:00 : Epoch: 881, Train_Loss: 0.00005636
2025/09/01 19:52:00 : Epoch: 882, Train_Loss: 0.00005305
2025/09/01 19:52:00 : Epoch: 883, Train_Loss: 0.00005170
2025/09/01 19:52:00 : Epoch: 884, Train_Loss: 0.00004734
2025/09/01 19:52:00 : Epoch: 884, Eval_Loss: 0.00196217
2025/09/01 19:52:00 : Epoch: 885, Train_Loss: 0.00004754
2025/09/01 19:52:00 : Epoch: 886, Train_Loss: 0.00004722
2025/09/01 19:52:00 : Epoch: 887, Train_Loss: 0.00005236
2025/09/01 19:52:01 : Epoch: 888, Train_Loss: 0.00004570
2025/09/01 19:52:01 : Epoch: 889, Train_Loss: 0.00005020
2025/09/01 19:52:01 : Epoch: 889, Eval_Loss: 0.00188970
2025/09/01 19:52:01 : Epoch: 890, Train_Loss: 0.00004598
2025/09/01 19:52:01 : Epoch: 891, Train_Loss: 0.00005086
2025/09/01 19:52:01 : Epoch: 892, Train_Loss: 0.00004992
2025/09/01 19:52:01 : Epoch: 893, Train_Loss: 0.00005680
2025/09/01 19:52:01 : Epoch: 894, Train_Loss: 0.00006075
2025/09/01 19:52:01 : Epoch: 894, Eval_Loss: 0.00194945
2025/09/01 19:52:01 : Epoch: 895, Train_Loss: 0.00006455
2025/09/01 19:52:02 : Epoch: 896, Train_Loss: 0.00007602
2025/09/01 19:52:02 : Epoch: 897, Train_Loss: 0.00010629
2025/09/01 19:52:02 : Epoch: 898, Train_Loss: 0.00014045
2025/09/01 19:52:02 : Epoch: 899, Train_Loss: 0.00009875
2025/09/01 19:52:02 : Epoch: 899, Eval_Loss: 0.00203019
2025/09/01 19:52:02 : Epoch: 900, Train_Loss: 0.00008021
2025/09/01 19:52:02 : Epoch: 901, Train_Loss: 0.00009127
2025/09/01 19:52:02 : Epoch: 902, Train_Loss: 0.00008501
2025/09/01 19:52:02 : Epoch: 903, Train_Loss: 0.00011775
2025/09/01 19:52:02 : Epoch: 904, Train_Loss: 0.00013798
2025/09/01 19:52:03 : Epoch: 904, Eval_Loss: 0.00188602
2025/09/01 19:52:03 : Epoch: 905, Train_Loss: 0.00014712
2025/09/01 19:52:03 : Epoch: 906, Train_Loss: 0.00013162
2025/09/01 19:52:03 : Epoch: 907, Train_Loss: 0.00010206
2025/09/01 19:52:03 : Epoch: 908, Train_Loss: 0.00018783
2025/09/01 19:52:03 : Epoch: 909, Train_Loss: 0.00019307
2025/09/01 19:52:03 : Epoch: 909, Eval_Loss: 0.00194953
2025/09/01 19:52:03 : Epoch: 910, Train_Loss: 0.00012470
2025/09/01 19:52:03 : Epoch: 911, Train_Loss: 0.00008854
2025/09/01 19:52:03 : Epoch: 912, Train_Loss: 0.00012271
2025/09/01 19:52:04 : Epoch: 913, Train_Loss: 0.00011517
2025/09/01 19:52:04 : Epoch: 914, Train_Loss: 0.00008632
2025/09/01 19:52:04 : Epoch: 914, Eval_Loss: 0.00215335
2025/09/01 19:52:04 : Epoch: 915, Train_Loss: 0.00010413
2025/09/01 19:52:04 : Epoch: 916, Train_Loss: 0.00016247
2025/09/01 19:52:04 : Epoch: 917, Train_Loss: 0.00014869
2025/09/01 19:52:04 : Epoch: 918, Train_Loss: 0.00012001
2025/09/01 19:52:04 : Epoch: 919, Train_Loss: 0.00012303
2025/09/01 19:52:04 : Epoch: 919, Eval_Loss: 0.00200887
2025/09/01 19:52:05 : Epoch: 920, Train_Loss: 0.00016302
2025/09/01 19:52:05 : Epoch: 921, Train_Loss: 0.00012865
2025/09/01 19:52:05 : Epoch: 922, Train_Loss: 0.00008150
2025/09/01 19:52:05 : Epoch: 923, Train_Loss: 0.00010653
2025/09/01 19:52:05 : Epoch: 924, Train_Loss: 0.00009202
2025/09/01 19:52:05 : Epoch: 924, Eval_Loss: 0.00192700
2025/09/01 19:52:05 : Epoch: 925, Train_Loss: 0.00006590
2025/09/01 19:52:05 : Epoch: 926, Train_Loss: 0.00006818
2025/09/01 19:52:05 : Epoch: 927, Train_Loss: 0.00005642
2025/09/01 19:52:05 : Epoch: 928, Train_Loss: 0.00005229
2025/09/01 19:52:06 : Epoch: 929, Train_Loss: 0.00005608
2025/09/01 19:52:06 : Epoch: 929, Eval_Loss: 0.00195107
2025/09/01 19:52:06 : Epoch: 930, Train_Loss: 0.00005303
2025/09/01 19:52:06 : Epoch: 931, Train_Loss: 0.00005620
2025/09/01 19:52:06 : Epoch: 932, Train_Loss: 0.00005738
2025/09/01 19:52:06 : Epoch: 933, Train_Loss: 0.00005661
2025/09/01 19:52:06 : Epoch: 934, Train_Loss: 0.00005167
2025/09/01 19:52:06 : Epoch: 934, Eval_Loss: 0.00194507
2025/09/01 19:52:06 : Epoch: 935, Train_Loss: 0.00004971
2025/09/01 19:52:06 : Epoch: 936, Train_Loss: 0.00005004
2025/09/01 19:52:07 : Epoch: 937, Train_Loss: 0.00005302
2025/09/01 19:52:07 : Epoch: 938, Train_Loss: 0.00004858
2025/09/01 19:52:07 : Epoch: 939, Train_Loss: 0.00004825
2025/09/01 19:52:07 : Epoch: 939, Eval_Loss: 0.00192430
2025/09/01 19:52:07 : Epoch: 940, Train_Loss: 0.00004964
2025/09/01 19:52:07 : Epoch: 941, Train_Loss: 0.00004875
2025/09/01 19:52:07 : Epoch: 942, Train_Loss: 0.00004607
2025/09/01 19:52:07 : Epoch: 943, Train_Loss: 0.00004789
2025/09/01 19:52:07 : Epoch: 944, Train_Loss: 0.00004527
2025/09/01 19:52:08 : Epoch: 944, Eval_Loss: 0.00188289
2025/09/01 19:52:08 : Epoch: 945, Train_Loss: 0.00005040
2025/09/01 19:52:08 : Epoch: 946, Train_Loss: 0.00004598
2025/09/01 19:52:08 : Epoch: 947, Train_Loss: 0.00004930
2025/09/01 19:52:08 : Epoch: 948, Train_Loss: 0.00004341
2025/09/01 19:52:08 : Epoch: 949, Train_Loss: 0.00004371
2025/09/01 19:52:08 : Epoch: 949, Eval_Loss: 0.00196003
2025/09/01 19:52:08 : Epoch: 950, Train_Loss: 0.00004272
2025/09/01 19:52:08 : Epoch: 951, Train_Loss: 0.00004627
2025/09/01 19:52:08 : Epoch: 952, Train_Loss: 0.00004257
2025/09/01 19:52:09 : Epoch: 953, Train_Loss: 0.00004289
2025/09/01 19:52:09 : Epoch: 954, Train_Loss: 0.00004417
2025/09/01 19:52:09 : Epoch: 954, Eval_Loss: 0.00196371
2025/09/01 19:52:09 : Epoch: 955, Train_Loss: 0.00004253
2025/09/01 19:52:09 : Epoch: 956, Train_Loss: 0.00004430
2025/09/01 19:52:09 : Epoch: 957, Train_Loss: 0.00004548
2025/09/01 19:52:09 : Epoch: 958, Train_Loss: 0.00005142
2025/09/01 19:52:09 : Epoch: 959, Train_Loss: 0.00004617
2025/09/01 19:52:09 : Epoch: 959, Eval_Loss: 0.00191444
2025/09/01 19:52:09 : Epoch: 960, Train_Loss: 0.00004757
2025/09/01 19:52:10 : Epoch: 961, Train_Loss: 0.00004209
2025/09/01 19:52:10 : Epoch: 962, Train_Loss: 0.00004302
2025/09/01 19:52:10 : Epoch: 963, Train_Loss: 0.00004472
2025/09/01 19:52:10 : Epoch: 964, Train_Loss: 0.00005141
2025/09/01 19:52:10 : Epoch: 964, Eval_Loss: 0.00190521
2025/09/01 19:52:10 : Epoch: 965, Train_Loss: 0.00005035
2025/09/01 19:52:10 : Epoch: 966, Train_Loss: 0.00004819
2025/09/01 19:52:10 : Epoch: 967, Train_Loss: 0.00004844
2025/09/01 19:52:10 : Epoch: 968, Train_Loss: 0.00004841
2025/09/01 19:52:11 : Epoch: 969, Train_Loss: 0.00006101
2025/09/01 19:52:11 : Epoch: 969, Eval_Loss: 0.00196207
2025/09/01 19:52:11 : Epoch: 970, Train_Loss: 0.00006952
2025/09/01 19:52:11 : Epoch: 971, Train_Loss: 0.00005346
2025/09/01 19:52:11 : Epoch: 972, Train_Loss: 0.00005879
2025/09/01 19:52:11 : Epoch: 973, Train_Loss: 0.00004909
2025/09/01 19:52:11 : Epoch: 974, Train_Loss: 0.00005254
2025/09/01 19:52:11 : Epoch: 974, Eval_Loss: 0.00194049
2025/09/01 19:52:11 : Epoch: 975, Train_Loss: 0.00004490
2025/09/01 19:52:11 : Epoch: 976, Train_Loss: 0.00005122
2025/09/01 19:52:12 : Epoch: 977, Train_Loss: 0.00004509
2025/09/01 19:52:12 : Epoch: 978, Train_Loss: 0.00004541
2025/09/01 19:52:12 : Epoch: 979, Train_Loss: 0.00004551
2025/09/01 19:52:12 : Epoch: 979, Eval_Loss: 0.00192473
2025/09/01 19:52:12 : Epoch: 980, Train_Loss: 0.00004725
2025/09/01 19:52:12 : Epoch: 981, Train_Loss: 0.00004420
2025/09/01 19:52:12 : Epoch: 982, Train_Loss: 0.00004258
2025/09/01 19:52:12 : Epoch: 983, Train_Loss: 0.00004080
2025/09/01 19:52:12 : Epoch: 984, Train_Loss: 0.00004095
2025/09/01 19:52:12 : Epoch: 984, Eval_Loss: 0.00192751
2025/09/01 19:52:13 : Epoch: 985, Train_Loss: 0.00003902
2025/09/01 19:52:13 : Epoch: 986, Train_Loss: 0.00003998
2025/09/01 19:52:13 : Epoch: 987, Train_Loss: 0.00004270
2025/09/01 19:52:13 : Epoch: 988, Train_Loss: 0.00004169
2025/09/01 19:52:13 : Epoch: 989, Train_Loss: 0.00004147
2025/09/01 19:52:13 : Epoch: 989, Eval_Loss: 0.00190347
2025/09/01 19:52:13 : Epoch: 990, Train_Loss: 0.00004041
2025/09/01 19:52:13 : Epoch: 991, Train_Loss: 0.00003973
2025/09/01 19:52:13 : Epoch: 992, Train_Loss: 0.00004255
2025/09/01 19:52:14 : Epoch: 993, Train_Loss: 0.00003891
2025/09/01 19:52:14 : Epoch: 994, Train_Loss: 0.00004026
2025/09/01 19:52:14 : Epoch: 994, Eval_Loss: 0.00190492
2025/09/01 19:52:14 : Epoch: 995, Train_Loss: 0.00003952
2025/09/01 19:52:14 : Epoch: 996, Train_Loss: 0.00003781
2025/09/01 19:52:14 : Epoch: 997, Train_Loss: 0.00004095
2025/09/01 19:52:14 : Epoch: 998, Train_Loss: 0.00003861
2025/09/01 19:52:14 : Epoch: 999, Train_Loss: 0.00003755
2025/09/01 19:52:14 : Epoch: 999, Eval_Loss: 0.00192831
